<?xml version="1.0" encoding="utf-8"?>
<!DOCTYPE population SYSTEM "http://www.matsim.org/files/dtd/population_v6.dtd">

<population>



<!-- ====================================================================== -->

	<person id="10114246">
		<attributes>
			<attribute name="ESR" class="java.lang.String">0</attribute>
			<attribute name="age" class="java.lang.String">13</attribute>
			<attribute name="eduatt" class="java.lang.String">1</attribute>
			<attribute name="gender" class="java.lang.String">male</attribute>
			<attribute name="hhinc" class="java.lang.String">62631</attribute>
			<attribute name="hhnumautos" class="java.lang.String">2</attribute>
			<attribute name="hhsize" class="java.lang.String">9</attribute>
			<attribute name="householdId" class="java.lang.String">3281104</attribute>
			<attribute name="htype" class="java.lang.String">SFA</attribute>
			<attribute name="race" class="java.lang.String">HP</attribute>
			<attribute name="schg" class="java.lang.String">10</attribute>
			<attribute name="subpopulation" class="java.lang.String">person</attribute>
			<attribute name="ten" class="java.lang.String">3</attribute>
			<attribute name="wkind20" class="java.lang.String">0</attribute>
			<attribute name="wkocc24" class="java.lang.String">0</attribute>
			<attribute name="worker" class="java.lang.String">unemployed</attribute>
		</attributes>
		<plan selected="yes">
			<activity type="home_60600" x="165730.27963484058" y="-439647.8458436059" end_time="04:45:00" >
				<attributes>
					<attribute name="initialEndTime" class="java.lang.Double">17100.0</attribute>
					<attribute name="zoneId" class="java.lang.String">21642100</attribute>
				</attributes>
			</activity>
			<leg mode="ride" trav_time="00:03:22">
			</leg>
			<activity type="school_25800" x="167431.72327697263" y="-440513.2911152642" end_time="11:57:06" >
				<attributes>
					<attribute name="initialEndTime" class="java.lang.Double">43026.71483516693</attribute>
					<attribute name="initialStartTime" class="java.lang.Double">17302.82428264618</attribute>
					<attribute name="zoneId" class="java.lang.String">21680200</attribute>
				</attributes>
			</activity>
			<leg mode="ride" trav_time="00:03:12">
			</leg>
			<activity type="home_60600" x="165730.27963484058" y="-439647.8458436059" >
				<attributes>
					<attribute name="initialStartTime" class="java.lang.Double">43219.509472846985</attribute>
					<attribute name="zoneId" class="java.lang.String">21642100</attribute>
				</attributes>
			</activity>
		</plan>

	</person>

<!-- ====================================================================== -->

	<person id="10266252">
		<attributes>
			<attribute name="ESR" class="java.lang.String">1</attribute>
			<attribute name="age" class="java.lang.String">20</attribute>
			<attribute name="eduatt" class="java.lang.String">2</attribute>
			<attribute name="gender" class="java.lang.String">male</attribute>
			<attribute name="hhinc" class="java.lang.String">54380</attribute>
			<attribute name="hhnumautos" class="java.lang.String">2</attribute>
			<attribute name="hhsize" class="java.lang.String">4</attribute>
			<attribute name="householdId" class="java.lang.String">3328078</attribute>
			<attribute name="htype" class="java.lang.String">SFD</attribute>
			<attribute name="race" class="java.lang.String">HP</attribute>
			<attribute name="schg" class="java.lang.String">0</attribute>
			<attribute name="subpopulation" class="java.lang.String">person</attribute>
			<attribute name="ten" class="java.lang.String">3</attribute>
			<attribute name="wkind20" class="java.lang.String">81</attribute>
			<attribute name="wkocc24" class="java.lang.String">24</attribute>
			<attribute name="worker" class="java.lang.String">employed</attribute>
		</attributes>
		<plan selected="yes">
			<activity type="home_56400" x="197273.28020850083" y="-473683.31903165247" end_time="05:30:00" >
				<attributes>
					<attribute name="initialEndTime" class="java.lang.Double">19800.0</attribute>
					<attribute name="zoneId" class="java.lang.String">32950200</attribute>
				</attributes>
			</activity>
			<leg mode="car_teleported">
			</leg>
			<activity type="business_28200" x="195105.92243793776" y="-466771.19487793575" end_time="13:35:23" >
				<attributes>
					<attribute name="initialEndTime" class="java.lang.Double">48923.93760681152</attribute>
					<attribute name="initialStartTime" class="java.lang.Double">20566.00461959839</attribute>
					<attribute name="zoneId" class="java.lang.String">32930100</attribute>
				</attributes>
			</activity>
			<leg mode="car_teleported">
			</leg>
			<activity type="home_56400" x="197273.28020850083" y="-473683.31903165247" >
				<attributes>
					<attribute name="initialStartTime" class="java.lang.Double">49648.08895111084</attribute>
					<attribute name="zoneId" class="java.lang.String">32950200</attribute>
				</attributes>
			</activity>
		</plan>

	</person>

<!-- ====================================================================== -->

	<person id="10336705">
		<attributes>
			<attribute name="ESR" class="java.lang.String">1</attribute>
			<attribute name="age" class="java.lang.String">18</attribute>
			<attribute name="eduatt" class="java.lang.String">2</attribute>
			<attribute name="gender" class="java.lang.String">female</attribute>
			<attribute name="hhinc" class="java.lang.String">17969</attribute>
			<attribute name="hhnumautos" class="java.lang.String">2</attribute>
			<attribute name="hhsize" class="java.lang.String">3</attribute>
			<attribute name="householdId" class="java.lang.String">3351113</attribute>
			<attribute name="htype" class="java.lang.String">Multiple</attribute>
			<attribute name="race" class="java.lang.String">HP</attribute>
			<attribute name="schg" class="java.lang.String">14</attribute>
			<attribute name="subpopulation" class="java.lang.String">person</attribute>
			<attribute name="ten" class="java.lang.String">3</attribute>
			<attribute name="wkind20" class="java.lang.String">44</attribute>
			<attribute name="wkocc24" class="java.lang.String">17</attribute>
			<attribute name="worker" class="java.lang.String">employed</attribute>
		</attributes>
		<plan selected="yes">
			<activity type="home_40200" x="181737.66833304" y="-429315.78757780785" end_time="03:30:00" >
				<attributes>
					<attribute name="initialEndTime" class="java.lang.Double">12600.0</attribute>
					<attribute name="zoneId" class="java.lang.String">22229300</attribute>
				</attributes>
			</activity>
			<leg mode="ride" trav_time="00:04:43">
			</leg>
			<activity type="maintenance_600" x="180522.0647716124" y="-429307.849767259" max_dur="00:05:56" >
				<attributes>
					<attribute name="initialEndTime" class="java.lang.Double">13240.088710784912</attribute>
					<attribute name="initialStartTime" class="java.lang.Double">12883.154754638672</attribute>
					<attribute name="zoneId" class="java.lang.String">22218200</attribute>
				</attributes>
			</activity>
			<leg mode="ride" trav_time="00:04:31">
			</leg>
			<activity type="home_2400" x="181737.66833304" y="-429315.78757780785" max_dur="00:44:48" >
				<attributes>
					<attribute name="initialEndTime" class="java.lang.Double">16200.0</attribute>
					<attribute name="initialStartTime" class="java.lang.Double">13511.524715423584</attribute>
					<attribute name="zoneId" class="java.lang.String">22229300</attribute>
				</attributes>
			</activity>
			<leg mode="ride" trav_time="00:25:21">
			</leg>
			<activity type="school_25800" x="180622.69990224362" y="-430005.036983658" end_time="12:08:02" >
				<attributes>
					<attribute name="initialEndTime" class="java.lang.Double">43682.04264521599</attribute>
					<attribute name="initialStartTime" class="java.lang.Double">17721.985387802124</attribute>
					<attribute name="zoneId" class="java.lang.String">22218100</attribute>
				</attributes>
			</activity>
			<leg mode="ride" trav_time="00:36:16">
			</leg>
			<activity type="non-schoolescort_600" x="182650.09499065866" y="-429606.78906033037" max_dur="00:05:00" >
				<attributes>
					<attribute name="initialEndTime" class="java.lang.Double">44022.14805364609</attribute>
					<attribute name="initialStartTime" class="java.lang.Double">45858.404062986374</attribute>
					<attribute name="zoneId" class="java.lang.String">22240300</attribute>
				</attributes>
			</activity>
			<leg mode="ride" trav_time="00:12:36">
			</leg>
			<activity type="non-schoolescort_600" x="181781.92867271425" y="-428405.6274899286" max_dur="00:03:57" >
				<attributes>
					<attribute name="initialEndTime" class="java.lang.Double">45016.75868153572</attribute>
					<attribute name="initialStartTime" class="java.lang.Double">44779.13710355759</attribute>
					<attribute name="zoneId" class="java.lang.String">22229100</attribute>
				</attributes>
			</activity>
			<leg mode="ride" trav_time="00:08:54">
			</leg>
			<activity type="eatoutbreakfast_600" x="189018.769976308" y="-428475.6348361261" max_dur="00:11:02" >
				<attributes>
					<attribute name="initialEndTime" class="java.lang.Double">46213.36372375488</attribute>
					<attribute name="initialStartTime" class="java.lang.Double">45551.233760118484</attribute>
					<attribute name="zoneId" class="java.lang.String">22255100</attribute>
				</attributes>
			</activity>
			<leg mode="ride" trav_time="00:10:36">
			</leg>
			<activity type="home_1800" x="181737.66833304" y="-429315.78757780785" max_dur="00:29:10" >
				<attributes>
					<attribute name="initialEndTime" class="java.lang.Double">48600.0</attribute>
					<attribute name="initialStartTime" class="java.lang.Double">46849.76526260376</attribute>
					<attribute name="zoneId" class="java.lang.String">22229300</attribute>
				</attributes>
			</activity>
			<leg mode="ride" trav_time="00:24:04">
			</leg>
			<activity type="shop_7200" x="183175.5290063072" y="-428161.05965489015" end_time="15:57:35" >
				<attributes>
					<attribute name="initialEndTime" class="java.lang.Double">57455.520844459534</attribute>
					<attribute name="initialStartTime" class="java.lang.Double">50044.79155540466</attribute>
					<attribute name="zoneId" class="java.lang.String">22240200</attribute>
				</attributes>
			</activity>
			<leg mode="ride" trav_time="00:24:04">
			</leg>
			<activity type="home_40200" x="181737.66833304" y="-429315.78757780785" >
				<attributes>
					<attribute name="initialStartTime" class="java.lang.Double">58900.3123998642</attribute>
					<attribute name="zoneId" class="java.lang.String">22229300</attribute>
				</attributes>
			</activity>
		</plan>

	</person>

<!-- ====================================================================== -->

	<person id="10368359">
		<attributes>
			<attribute name="ESR" class="java.lang.String">6</attribute>
			<attribute name="age" class="java.lang.String">16</attribute>
			<attribute name="eduatt" class="java.lang.String">1</attribute>
			<attribute name="gender" class="java.lang.String">male</attribute>
			<attribute name="hhinc" class="java.lang.String">12076</attribute>
			<attribute name="hhnumautos" class="java.lang.String">2</attribute>
			<attribute name="hhsize" class="java.lang.String">3</attribute>
			<attribute name="householdId" class="java.lang.String">3361386</attribute>
			<attribute name="htype" class="java.lang.String">Others</attribute>
			<attribute name="race" class="java.lang.String">NHAS</attribute>
			<attribute name="schg" class="java.lang.String">13</attribute>
			<attribute name="subpopulation" class="java.lang.String">person</attribute>
			<attribute name="ten" class="java.lang.String">4</attribute>
			<attribute name="wkind20" class="java.lang.String">0</attribute>
			<attribute name="wkocc24" class="java.lang.String">0</attribute>
			<attribute name="worker" class="java.lang.String">unemployed</attribute>
		</attributes>
		<plan selected="yes">
			<activity type="home_59400" x="194071.18119559856" y="-471092.8475818493" end_time="05:00:00" >
				<attributes>
					<attribute name="initialEndTime" class="java.lang.Double">18000.0</attribute>
					<attribute name="zoneId" class="java.lang.String">32920100</attribute>
				</attributes>
			</activity>
			<leg mode="car_teleported" trav_time="00:01:27">
			</leg>
			<activity type="school_13200" x="193331.25446884218" y="-469875.8395053223" end_time="08:36:55" >
				<attributes>
					<attribute name="initialEndTime" class="java.lang.Double">31015.608344078064</attribute>
					<attribute name="initialStartTime" class="java.lang.Double">18087.45931148529</attribute>
					<attribute name="zoneId" class="java.lang.String">32620100</attribute>
				</attributes>
			</activity>
			<leg mode="car_teleported" trav_time="00:05:54">
			</leg>
			<activity type="HHmaintenance_13200" x="197657.721599589" y="-471191.91694748256" end_time="12:23:52" >
				<attributes>
					<attribute name="initialEndTime" class="java.lang.Double">44632.09453582764</attribute>
					<attribute name="initialStartTime" class="java.lang.Double">31370.400223731995</attribute>
					<attribute name="zoneId" class="java.lang.String">32957100</attribute>
				</attributes>
			</activity>
			<leg mode="car_teleported" trav_time="00:06:02">
			</leg>
			<activity type="home_59400" x="194071.18119559856" y="-471092.8475818493" >
				<attributes>
					<attribute name="initialStartTime" class="java.lang.Double">44994.51524734497</attribute>
					<attribute name="zoneId" class="java.lang.String">32920100</attribute>
				</attributes>
			</activity>
		</plan>

	</person>

<!-- ====================================================================== -->

	<person id="10508338">
		<attributes>
			<attribute name="ESR" class="java.lang.String">1</attribute>
			<attribute name="age" class="java.lang.String">49</attribute>
			<attribute name="eduatt" class="java.lang.String">1</attribute>
			<attribute name="gender" class="java.lang.String">male</attribute>
			<attribute name="hhinc" class="java.lang.String">202427</attribute>
			<attribute name="hhnumautos" class="java.lang.String">3</attribute>
			<attribute name="hhsize" class="java.lang.String">8</attribute>
			<attribute name="householdId" class="java.lang.String">3408042</attribute>
			<attribute name="htype" class="java.lang.String">SFD</attribute>
			<attribute name="race" class="java.lang.String">HP</attribute>
			<attribute name="schg" class="java.lang.String">0</attribute>
			<attribute name="subpopulation" class="java.lang.String">person</attribute>
			<attribute name="ten" class="java.lang.String">3</attribute>
			<attribute name="wkind20" class="java.lang.String">56</attribute>
			<attribute name="wkocc24" class="java.lang.String">15</attribute>
			<attribute name="worker" class="java.lang.String">employed</attribute>
		</attributes>
		<plan selected="yes">
			<activity type="home_46200" x="196376.72131954075" y="-469268.4858100143" end_time="03:15:00" >
				<attributes>
					<attribute name="initialEndTime" class="java.lang.Double">11700.0</attribute>
					<attribute name="zoneId" class="java.lang.String">32943100</attribute>
				</attributes>
			</activity>
			<leg mode="car_teleported" trav_time="00:06:58">
			</leg>
			<activity type="personalmaintenance_1800" x="194167.73753316037" y="-466415.58456653816" max_dur="00:31:43" >
				<attributes>
					<attribute name="initialEndTime" class="java.lang.Double">14021.302785873413</attribute>
					<attribute name="initialStartTime" class="java.lang.Double">12118.298177719116</attribute>
					<attribute name="zoneId" class="java.lang.String">32623100</attribute>
				</attributes>
			</activity>
			<leg mode="car_teleported" trav_time="00:06:36">
			</leg>
			<activity type="home_600" x="196376.72131954075" y="-469268.4858100143" max_dur="00:14:42" >
				<attributes>
					<attribute name="initialEndTime" class="java.lang.Double">15300.0</attribute>
					<attribute name="initialStartTime" class="java.lang.Double">14417.7494430542</attribute>
					<attribute name="zoneId" class="java.lang.String">32943100</attribute>
				</attributes>
			</activity>
			<leg mode="car_teleported" trav_time="00:13:59">
			</leg>
			<activity type="work_16800" x="197463.23091088227" y="-459944.37482117524" end_time="09:04:31" >
				<attributes>
					<attribute name="initialEndTime" class="java.lang.Double">32671.832971572876</attribute>
					<attribute name="initialStartTime" class="java.lang.Double">16139.68734741211</attribute>
					<attribute name="zoneId" class="java.lang.String">32860100</attribute>
				</attributes>
			</activity>
			<leg mode="car_teleported" trav_time="00:04:28">
			</leg>
			<activity type="discretionary_18600" x="195695.12034178386" y="-461831.9743441963" end_time="14:20:15" >
				<attributes>
					<attribute name="initialEndTime" class="java.lang.Double">51615.53981781006</attribute>
					<attribute name="initialStartTime" class="java.lang.Double">32940.24015426636</attribute>
					<attribute name="zoneId" class="java.lang.String">32633100</attribute>
				</attributes>
			</activity>
			<leg mode="car_teleported" trav_time="00:09:40">
			</leg>
			<activity type="home_46200" x="196376.72131954075" y="-469268.4858100143" >
				<attributes>
					<attribute name="initialStartTime" class="java.lang.Double">52195.64826965332</attribute>
					<attribute name="zoneId" class="java.lang.String">32943100</attribute>
				</attributes>
			</activity>
		</plan>

	</person>

<!-- ====================================================================== -->

	<person id="10534195">
		<attributes>
			<attribute name="ESR" class="java.lang.String">6</attribute>
			<attribute name="age" class="java.lang.String">93</attribute>
			<attribute name="eduatt" class="java.lang.String">1</attribute>
			<attribute name="gender" class="java.lang.String">female</attribute>
			<attribute name="hhinc" class="java.lang.String">50411</attribute>
			<attribute name="hhnumautos" class="java.lang.String">3</attribute>
			<attribute name="hhsize" class="java.lang.String">2</attribute>
			<attribute name="householdId" class="java.lang.String">3415778</attribute>
			<attribute name="htype" class="java.lang.String">SFD</attribute>
			<attribute name="race" class="java.lang.String">NHAS</attribute>
			<attribute name="schg" class="java.lang.String">0</attribute>
			<attribute name="subpopulation" class="java.lang.String">person</attribute>
			<attribute name="ten" class="java.lang.String">2</attribute>
			<attribute name="wkind20" class="java.lang.String">0</attribute>
			<attribute name="wkocc24" class="java.lang.String">0</attribute>
			<attribute name="worker" class="java.lang.String">unemployed</attribute>
		</attributes>
		<plan selected="yes">
			<activity type="home_55200" x="148531.41242979385" y="-448398.6066385348" end_time="10:30:00" >
				<attributes>
					<attribute name="initialEndTime" class="java.lang.Double">37800.0</attribute>
					<attribute name="zoneId" class="java.lang.String">21142300</attribute>
				</attributes>
			</activity>
			<leg mode="ride" trav_time="00:29:31">
			</leg>
			<activity type="HHmaintenance_4200" x="145075.94318958736" y="-415457.0378149308" max_dur="01:11:44" >
				<attributes>
					<attribute name="initialEndTime" class="java.lang.Double">43876.0457611084</attribute>
					<attribute name="initialStartTime" class="java.lang.Double">39571.06212615967</attribute>
					<attribute name="zoneId" class="java.lang.String">20692200</attribute>
				</attributes>
			</activity>
			<leg mode="ride" trav_time="00:45:19">
			</leg>
			<activity type="home_1800" x="148531.41242979385" y="-448398.6066385348" max_dur="00:33:24" >
				<attributes>
					<attribute name="initialEndTime" class="java.lang.Double">48600.0</attribute>
					<attribute name="initialStartTime" class="java.lang.Double">46595.894622802734</attribute>
					<attribute name="zoneId" class="java.lang.String">21142300</attribute>
				</attributes>
			</activity>
			<leg mode="ride" trav_time="00:16:55">
			</leg>
			<activity type="shop_600" x="157841.9021811138" y="-455246.1551592755" max_dur="00:05:00" >
				<attributes>
					<attribute name="initialEndTime" class="java.lang.Double">49113.37878227234</attribute>
					<attribute name="initialStartTime" class="java.lang.Double">49615.54355621338</attribute>
					<attribute name="zoneId" class="java.lang.String">21237100</attribute>
				</attributes>
			</activity>
			<leg mode="ride" trav_time="00:14:53">
			</leg>
			<activity type="shop_600" x="165493.81487889268" y="-452210.5062901041" max_dur="00:11:19" >
				<attributes>
					<attribute name="initialEndTime" class="java.lang.Double">50686.20918273926</attribute>
					<attribute name="initialStartTime" class="java.lang.Double">50006.42844200134</attribute>
					<attribute name="zoneId" class="java.lang.String">21637100</attribute>
				</attributes>
			</activity>
			<leg mode="ride" trav_time="00:27:36">
			</leg>
			<activity type="home_1800" x="148531.41242979385" y="-448398.6066385348" max_dur="00:27:37" >
				<attributes>
					<attribute name="initialEndTime" class="java.lang.Double">54000.0</attribute>
					<attribute name="initialStartTime" class="java.lang.Double">52342.997817993164</attribute>
					<attribute name="zoneId" class="java.lang.String">21142300</attribute>
				</attributes>
			</activity>
			<leg mode="ride" trav_time="00:19:09">
			</leg>
			<activity type="visiting_1800" x="142837.07856374467" y="-439780.57659924444" max_dur="00:25:15" >
				<attributes>
					<attribute name="initialEndTime" class="java.lang.Double">56664.678411483765</attribute>
					<attribute name="initialStartTime" class="java.lang.Double">55149.5348739624</attribute>
					<attribute name="zoneId" class="java.lang.String">20786200</attribute>
				</attributes>
			</activity>
			<leg mode="ride" trav_time="00:13:40">
			</leg>
			<activity type="eatoutdinner_2400" x="148158.32017593086" y="-446426.08506631776" max_dur="00:43:29" >
				<attributes>
					<attribute name="initialEndTime" class="java.lang.Double">60094.408264160156</attribute>
					<attribute name="initialStartTime" class="java.lang.Double">57485.39746284485</attribute>
					<attribute name="zoneId" class="java.lang.String">20879200</attribute>
				</attributes>
			</activity>
			<leg mode="ride" trav_time="00:04:09">
			</leg>
			<activity type="home_1800" x="148531.41242979385" y="-448398.6066385348" max_dur="00:29:16" >
				<attributes>
					<attribute name="initialEndTime" class="java.lang.Double">62100.0</attribute>
					<attribute name="initialStartTime" class="java.lang.Double">60343.68510246277</attribute>
					<attribute name="zoneId" class="java.lang.String">21142300</attribute>
				</attributes>
			</activity>
			<leg mode="ride" trav_time="00:18:27">
			</leg>
			<activity type="shop_1200" x="160453.95273848792" y="-449612.6624134737" max_dur="00:24:06" >
				<attributes>
					<attribute name="initialEndTime" class="java.lang.Double">64654.02849197388</attribute>
					<attribute name="initialStartTime" class="java.lang.Double">63207.20283508301</attribute>
					<attribute name="zoneId" class="java.lang.String">21509200</attribute>
				</attributes>
			</activity>
			<leg mode="ride" trav_time="00:34:46">
			</leg>
			<activity type="discretionary_600" x="152930.16076712435" y="-434056.3352739719" max_dur="00:05:32" >
				<attributes>
					<attribute name="initialEndTime" class="java.lang.Double">67073.27144622803</attribute>
					<attribute name="initialStartTime" class="java.lang.Double">66740.95224380493</attribute>
					<attribute name="zoneId" class="java.lang.String">20945400</attribute>
				</attributes>
			</activity>
			<leg mode="ride" trav_time="00:27:36">
			</leg>
			<activity type="home_55200" x="148531.41242979385" y="-448398.6066385348" >
				<attributes>
					<attribute name="initialStartTime" class="java.lang.Double">68729.39872741699</attribute>
					<attribute name="zoneId" class="java.lang.String">21142300</attribute>
				</attributes>
			</activity>
		</plan>

	</person>

<!-- ====================================================================== -->

	<person id="10587789">
		<attributes>
			<attribute name="ESR" class="java.lang.String">1</attribute>
			<attribute name="age" class="java.lang.String">50</attribute>
			<attribute name="eduatt" class="java.lang.String">4</attribute>
			<attribute name="gender" class="java.lang.String">male</attribute>
			<attribute name="hhinc" class="java.lang.String">200936</attribute>
			<attribute name="hhnumautos" class="java.lang.String">2</attribute>
			<attribute name="hhsize" class="java.lang.String">3</attribute>
			<attribute name="householdId" class="java.lang.String">3432674</attribute>
			<attribute name="htype" class="java.lang.String">SFA</attribute>
			<attribute name="race" class="java.lang.String">NHW</attribute>
			<attribute name="schg" class="java.lang.String">0</attribute>
			<attribute name="subpopulation" class="java.lang.String">person</attribute>
			<attribute name="ten" class="java.lang.String">1</attribute>
			<attribute name="wkind20" class="java.lang.String">92</attribute>
			<attribute name="wkocc24" class="java.lang.String">4</attribute>
			<attribute name="worker" class="java.lang.String">employed</attribute>
		</attributes>
		<plan selected="yes">
			<activity type="home_43800" x="205846.10058056636" y="-480450.0325294783" end_time="02:45:00" >
				<attributes>
					<attribute name="initialEndTime" class="java.lang.Double">9900.0</attribute>
					<attribute name="zoneId" class="java.lang.String">33097300</attribute>
				</attributes>
			</activity>
			<leg mode="ride" trav_time="00:36:32">
			</leg>
			<activity type="work_16800" x="165497.78334511325" y="-470939.32349530456" end_time="07:59:07" >
				<attributes>
					<attribute name="initialEndTime" class="java.lang.Double">28747.92363166809</attribute>
					<attribute name="initialStartTime" class="java.lang.Double">12092.057647705078</attribute>
					<attribute name="zoneId" class="java.lang.String">21365100</attribute>
				</attributes>
			</activity>
			<leg mode="ride" trav_time="00:12:27">
			</leg>
			<activity type="discretionary_21600" x="173363.17881665472" y="-472010.15232459625" end_time="14:12:44" >
				<attributes>
					<attribute name="initialEndTime" class="java.lang.Double">51164.25796508789</attribute>
					<attribute name="initialStartTime" class="java.lang.Double">29495.890760421753</attribute>
					<attribute name="zoneId" class="java.lang.String">21465100</attribute>
				</attributes>
			</activity>
			<leg mode="ride" trav_time="00:30:25">
			</leg>
			<activity type="home_43800" x="205846.10058056636" y="-480450.0325294783" >
				<attributes>
					<attribute name="initialStartTime" class="java.lang.Double">52989.791564941406</attribute>
					<attribute name="zoneId" class="java.lang.String">33097300</attribute>
				</attributes>
			</activity>
		</plan>

	</person>

<!-- ====================================================================== -->

	<person id="10593301">
		<attributes>
			<attribute name="ESR" class="java.lang.String">0</attribute>
			<attribute name="age" class="java.lang.String">0</attribute>
			<attribute name="eduatt" class="java.lang.String">0</attribute>
			<attribute name="gender" class="java.lang.String">male</attribute>
			<attribute name="hhinc" class="java.lang.String">476947</attribute>
			<attribute name="hhnumautos" class="java.lang.String">1</attribute>
			<attribute name="hhsize" class="java.lang.String">3</attribute>
			<attribute name="householdId" class="java.lang.String">3435183</attribute>
			<attribute name="htype" class="java.lang.String">Multiple</attribute>
			<attribute name="race" class="java.lang.String">NHAS</attribute>
			<attribute name="schg" class="java.lang.String">0</attribute>
			<attribute name="subpopulation" class="java.lang.String">person</attribute>
			<attribute name="ten" class="java.lang.String">1</attribute>
			<attribute name="wkind20" class="java.lang.String">0</attribute>
			<attribute name="wkocc24" class="java.lang.String">0</attribute>
			<attribute name="worker" class="java.lang.String">unemployed</attribute>
		</attributes>
		<plan selected="yes">
			<activity type="home_86400" x="143912.42328681514" y="-439953.8564689562" >
				<attributes>
					<attribute name="zoneId" class="java.lang.String">20843100</attribute>
				</attributes>
			</activity>
		</plan>

	</person>

<!-- ====================================================================== -->

	<person id="10859203">
		<attributes>
			<attribute name="ESR" class="java.lang.String">1</attribute>
			<attribute name="age" class="java.lang.String">55</attribute>
			<attribute name="eduatt" class="java.lang.String">2</attribute>
			<attribute name="gender" class="java.lang.String">female</attribute>
			<attribute name="hhinc" class="java.lang.String">37739</attribute>
			<attribute name="hhnumautos" class="java.lang.String">1</attribute>
			<attribute name="hhsize" class="java.lang.String">1</attribute>
			<attribute name="householdId" class="java.lang.String">3523766</attribute>
			<attribute name="htype" class="java.lang.String">SFD</attribute>
			<attribute name="race" class="java.lang.String">NHW</attribute>
			<attribute name="schg" class="java.lang.String">0</attribute>
			<attribute name="subpopulation" class="java.lang.String">person</attribute>
			<attribute name="ten" class="java.lang.String">3</attribute>
			<attribute name="wkind20" class="java.lang.String">92</attribute>
			<attribute name="wkocc24" class="java.lang.String">13</attribute>
			<attribute name="worker" class="java.lang.String">employed</attribute>
		</attributes>
		<plan selected="yes">
			<activity type="home_51000" x="202921.26594773942" y="-485832.81983353564" end_time="05:00:00" >
				<attributes>
					<attribute name="initialEndTime" class="java.lang.Double">18000.0</attribute>
					<attribute name="zoneId" class="java.lang.String">32785100</attribute>
				</attributes>
			</activity>
			<leg mode="car_teleported" trav_time="01:15:35">
			</leg>
			<activity type="eatoutlunch_8400" x="149083.4311326217" y="-462773.17367106624" end_time="08:40:01" >
				<attributes>
					<attribute name="initialEndTime" class="java.lang.Double">31201.614532470703</attribute>
					<attribute name="initialStartTime" class="java.lang.Double">22535.037231445312</attribute>
					<attribute name="zoneId" class="java.lang.String">21132100</attribute>
				</attributes>
			</activity>
			<leg mode="car_teleported" trav_time="01:30:25">
			</leg>
			<activity type="work_6600" x="81178.84629389147" y="-434917.8964564277" max_dur="01:49:38" >
				<attributes>
					<attribute name="initialEndTime" class="java.lang.Double">43205.45928955078</attribute>
					<attribute name="initialStartTime" class="java.lang.Double">36626.7805480957</attribute>
					<attribute name="zoneId" class="java.lang.String">60098100</attribute>
				</attributes>
			</activity>
			<leg mode="car_teleported" trav_time="02:51:28">
			</leg>
			<activity type="home_51000" x="202921.26594773942" y="-485832.81983353564" >
				<attributes>
					<attribute name="initialStartTime" class="java.lang.Double">53493.55773925781</attribute>
					<attribute name="zoneId" class="java.lang.String">32785100</attribute>
				</attributes>
			</activity>
		</plan>

	</person>

<!-- ====================================================================== -->

	<person id="10861876">
		<attributes>
			<attribute name="ESR" class="java.lang.String">6</attribute>
			<attribute name="age" class="java.lang.String">20</attribute>
			<attribute name="eduatt" class="java.lang.String">3</attribute>
			<attribute name="gender" class="java.lang.String">female</attribute>
			<attribute name="hhinc" class="java.lang.String">122687</attribute>
			<attribute name="hhnumautos" class="java.lang.String">3</attribute>
			<attribute name="hhsize" class="java.lang.String">4</attribute>
			<attribute name="householdId" class="java.lang.String">3524717</attribute>
			<attribute name="htype" class="java.lang.String">SFD</attribute>
			<attribute name="race" class="java.lang.String">HP</attribute>
			<attribute name="schg" class="java.lang.String">15</attribute>
			<attribute name="subpopulation" class="java.lang.String">person</attribute>
			<attribute name="ten" class="java.lang.String">1</attribute>
			<attribute name="wkind20" class="java.lang.String">0</attribute>
			<attribute name="wkocc24" class="java.lang.String">0</attribute>
			<attribute name="worker" class="java.lang.String">unemployed</attribute>
		</attributes>
		<plan selected="yes">
			<activity type="home_54600" x="161478.7290088115" y="-430770.2228280887" end_time="04:30:00" >
				<attributes>
					<attribute name="initialEndTime" class="java.lang.Double">16200.0</attribute>
					<attribute name="zoneId" class="java.lang.String">22002300</attribute>
				</attributes>
			</activity>
			<leg mode="car_teleported" trav_time="00:09:25">
			</leg>
			<activity type="personalmaintenance_600" x="166651.7224036212" y="-430324.62215734407" max_dur="00:05:00" >
				<attributes>
					<attribute name="initialEndTime" class="java.lang.Double">16561.976795196533</attribute>
					<attribute name="initialStartTime" class="java.lang.Double">16765.345859527588</attribute>
					<attribute name="zoneId" class="java.lang.String">22057100</attribute>
				</attributes>
			</activity>
			<leg mode="car_teleported" trav_time="00:10:37">
			</leg>
			<activity type="home_7200" x="161478.7290088115" y="-430770.2228280887" max_dur="01:58:20" >
				<attributes>
					<attribute name="initialEndTime" class="java.lang.Double">24300.0</attribute>
					<attribute name="initialStartTime" class="java.lang.Double">17199.05771255493</attribute>
					<attribute name="zoneId" class="java.lang.String">22002300</attribute>
				</attributes>
			</activity>
			<leg mode="car_teleported" trav_time="00:11:34">
			</leg>
			<activity type="university_3000" x="167031.22865587883" y="-431150.6364597895" max_dur="00:47:15" >
				<attributes>
					<attribute name="initialEndTime" class="java.lang.Double">27830.124464035034</attribute>
					<attribute name="initialStartTime" class="java.lang.Double">24994.142932891846</attribute>
					<attribute name="zoneId" class="java.lang.String">22059300</attribute>
				</attributes>
			</activity>
			<leg mode="car_teleported" trav_time="00:05:23">
			</leg>
			<activity type="discretionary_4200" x="169485.8992734109" y="-432990.81327849824" max_dur="01:12:50" >
				<attributes>
					<attribute name="initialEndTime" class="java.lang.Double">32524.28014755249</attribute>
					<attribute name="initialStartTime" class="java.lang.Double">28153.55272293091</attribute>
					<attribute name="zoneId" class="java.lang.String">22085100</attribute>
				</attributes>
			</activity>
			<leg mode="car_teleported" trav_time="00:15:44">
			</leg>
			<activity type="home_600" x="161478.7290088115" y="-430770.2228280887" max_dur="00:05:00" >
				<attributes>
					<attribute name="initialEndTime" class="java.lang.Double">32400.0</attribute>
					<attribute name="initialStartTime" class="java.lang.Double">33468.79583358765</attribute>
					<attribute name="zoneId" class="java.lang.String">22002300</attribute>
				</attributes>
			</activity>
			<leg mode="car_teleported" trav_time="00:17:54">
			</leg>
			<activity type="eatoutlunch_13200" x="149514.71884907538" y="-426265.60405485873" end_time="12:56:11" >
				<attributes>
					<attribute name="initialEndTime" class="java.lang.Double">46571.35437011719</attribute>
					<attribute name="initialStartTime" class="java.lang.Double">33474.00260925293</attribute>
					<attribute name="zoneId" class="java.lang.String">20613100</attribute>
				</attributes>
			</activity>
			<leg mode="car_teleported" trav_time="00:20:11">
			</leg>
			<activity type="home_54600" x="161478.7290088115" y="-430770.2228280887" >
				<attributes>
					<attribute name="initialStartTime" class="java.lang.Double">47783.296966552734</attribute>
					<attribute name="zoneId" class="java.lang.String">22002300</attribute>
				</attributes>
			</activity>
		</plan>

	</person>

<!-- ====================================================================== -->

	<person id="10891583">
		<attributes>
			<attribute name="ESR" class="java.lang.String">1</attribute>
			<attribute name="age" class="java.lang.String">54</attribute>
			<attribute name="eduatt" class="java.lang.String">3</attribute>
			<attribute name="gender" class="java.lang.String">male</attribute>
			<attribute name="hhinc" class="java.lang.String">68495</attribute>
			<attribute name="hhnumautos" class="java.lang.String">0</attribute>
			<attribute name="hhsize" class="java.lang.String">3</attribute>
			<attribute name="householdId" class="java.lang.String">3534680</attribute>
			<attribute name="htype" class="java.lang.String">Multiple</attribute>
			<attribute name="race" class="java.lang.String">NHW</attribute>
			<attribute name="schg" class="java.lang.String">0</attribute>
			<attribute name="subpopulation" class="java.lang.String">person</attribute>
			<attribute name="ten" class="java.lang.String">1</attribute>
			<attribute name="wkind20" class="java.lang.String">31</attribute>
			<attribute name="wkocc24" class="java.lang.String">1</attribute>
			<attribute name="worker" class="java.lang.String">employed</attribute>
		</attributes>
		<plan selected="yes">
			<activity type="home_69600" x="160959.95777913596" y="-439584.07314560557" end_time="04:15:00" >
				<attributes>
					<attribute name="initialEndTime" class="java.lang.Double">15300.0</attribute>
					<attribute name="zoneId" class="java.lang.String">21943100</attribute>
				</attributes>
			</activity>
			<leg mode="walk" trav_time="00:10:08">
			</leg>
			<activity type="work_4200" x="161380.27402149158" y="-440000.50669033814" max_dur="01:14:04" >
				<attributes>
					<attribute name="initialEndTime" class="java.lang.Double">20352.859337329865</attribute>
					<attribute name="initialStartTime" class="java.lang.Double">15908.616042137146</attribute>
					<attribute name="zoneId" class="java.lang.String">21948100</attribute>
				</attributes>
			</activity>
			<leg mode="walk" trav_time="00:11:13">
			</leg>
			<activity type="personalmaintenance_4200" x="160988.48778586581" y="-439306.5153703703" max_dur="01:13:55" >
				<attributes>
					<attribute name="initialEndTime" class="java.lang.Double">25462.441866397854</attribute>
					<attribute name="initialStartTime" class="java.lang.Double">21026.628453731537</attribute>
					<attribute name="zoneId" class="java.lang.String">21946100</attribute>
				</attributes>
			</activity>
			<leg mode="walk" trav_time="00:19:57">
			</leg>
			<activity type="discretionary_4800" x="160011.58398180737" y="-439763.4348393306" max_dur="01:19:08" >
				<attributes>
					<attribute name="initialEndTime" class="java.lang.Double">31408.78589630127</attribute>
					<attribute name="initialStartTime" class="java.lang.Double">26660.24030923843</attribute>
					<attribute name="zoneId" class="java.lang.String">21930100</attribute>
				</attributes>
			</activity>
			<leg mode="walk" trav_time="00:15:04">
			</leg>
			<activity type="home_69600" x="160959.95777913596" y="-439584.07314560557" >
				<attributes>
					<attribute name="initialStartTime" class="java.lang.Double">32312.975721359253</attribute>
					<attribute name="zoneId" class="java.lang.String">21943100</attribute>
				</attributes>
			</activity>
		</plan>

	</person>

<!-- ====================================================================== -->

	<person id="11059481">
		<attributes>
			<attribute name="ESR" class="java.lang.String">0</attribute>
			<attribute name="age" class="java.lang.String">10</attribute>
			<attribute name="eduatt" class="java.lang.String">1</attribute>
			<attribute name="gender" class="java.lang.String">female</attribute>
			<attribute name="hhinc" class="java.lang.String">23185</attribute>
			<attribute name="hhnumautos" class="java.lang.String">1</attribute>
			<attribute name="hhsize" class="java.lang.String">5</attribute>
			<attribute name="householdId" class="java.lang.String">3594538</attribute>
			<attribute name="htype" class="java.lang.String">Others</attribute>
			<attribute name="race" class="java.lang.String">HP</attribute>
			<attribute name="schg" class="java.lang.String">7</attribute>
			<attribute name="subpopulation" class="java.lang.String">person</attribute>
			<attribute name="ten" class="java.lang.String">1</attribute>
			<attribute name="wkind20" class="java.lang.String">0</attribute>
			<attribute name="wkocc24" class="java.lang.String">0</attribute>
			<attribute name="worker" class="java.lang.String">unemployed</attribute>
		</attributes>
		<plan selected="yes">
			<activity type="home_75000" x="248422.23259705375" y="-458688.71347595484" end_time="04:45:00" >
				<attributes>
					<attribute name="initialEndTime" class="java.lang.Double">17100.0</attribute>
					<attribute name="zoneId" class="java.lang.String">43256300</attribute>
				</attributes>
			</activity>
			<leg mode="walk" trav_time="00:21:50">
			</leg>
			<activity type="school_9600" x="249566.4010616425" y="-457936.14194567245" end_time="07:42:48" >
				<attributes>
					<attribute name="initialEndTime" class="java.lang.Double">27768.9262676239</attribute>
					<attribute name="initialStartTime" class="java.lang.Double">18410.737466812134</attribute>
					<attribute name="zoneId" class="java.lang.String">43256400</attribute>
				</attributes>
			</activity>
			<leg mode="walk" trav_time="00:21:50">
			</leg>
			<activity type="home_75000" x="248422.23259705375" y="-458688.71347595484" >
				<attributes>
					<attribute name="initialStartTime" class="java.lang.Double">29079.663591384888</attribute>
					<attribute name="zoneId" class="java.lang.String">43256300</attribute>
				</attributes>
			</activity>
		</plan>

	</person>

<!-- ====================================================================== -->

	<person id="11094032">
		<attributes>
			<attribute name="ESR" class="java.lang.String">6</attribute>
			<attribute name="age" class="java.lang.String">21</attribute>
			<attribute name="eduatt" class="java.lang.String">1</attribute>
			<attribute name="gender" class="java.lang.String">female</attribute>
			<attribute name="hhinc" class="java.lang.String">66021</attribute>
			<attribute name="hhnumautos" class="java.lang.String">2</attribute>
			<attribute name="hhsize" class="java.lang.String">8</attribute>
			<attribute name="householdId" class="java.lang.String">3604716</attribute>
			<attribute name="htype" class="java.lang.String">SFA</attribute>
			<attribute name="race" class="java.lang.String">HP</attribute>
			<attribute name="schg" class="java.lang.String">0</attribute>
			<attribute name="subpopulation" class="java.lang.String">person</attribute>
			<attribute name="ten" class="java.lang.String">3</attribute>
			<attribute name="wkind20" class="java.lang.String">0</attribute>
			<attribute name="wkocc24" class="java.lang.String">0</attribute>
			<attribute name="worker" class="java.lang.String">unemployed</attribute>
		</attributes>
		<plan selected="yes">
			<activity type="home_86400" x="216862.74600216685" y="-498544.9702897003" >
				<attributes>
					<attribute name="zoneId" class="java.lang.String">32840200</attribute>
				</attributes>
			</activity>
		</plan>

	</person>

<!-- ====================================================================== -->

	<person id="1111857">
		<attributes>
			<attribute name="ESR" class="java.lang.String">1</attribute>
			<attribute name="age" class="java.lang.String">36</attribute>
			<attribute name="eduatt" class="java.lang.String">2</attribute>
			<attribute name="gender" class="java.lang.String">female</attribute>
			<attribute name="hhinc" class="java.lang.String">109370</attribute>
			<attribute name="hhnumautos" class="java.lang.String">4</attribute>
			<attribute name="hhsize" class="java.lang.String">6</attribute>
			<attribute name="householdId" class="java.lang.String">356991</attribute>
			<attribute name="htype" class="java.lang.String">SFD</attribute>
			<attribute name="race" class="java.lang.String">HP</attribute>
			<attribute name="schg" class="java.lang.String">0</attribute>
			<attribute name="subpopulation" class="java.lang.String">person</attribute>
			<attribute name="ten" class="java.lang.String">1</attribute>
			<attribute name="wkind20" class="java.lang.String">81</attribute>
			<attribute name="wkocc24" class="java.lang.String">15</attribute>
			<attribute name="worker" class="java.lang.String">employed</attribute>
		</attributes>
		<plan selected="yes">
			<activity type="home_52200" x="146684.47950696875" y="-421188.44543909514" end_time="05:15:00" >
				<attributes>
					<attribute name="initialEndTime" class="java.lang.Double">18900.0</attribute>
					<attribute name="zoneId" class="java.lang.String">20582200</attribute>
				</attributes>
			</activity>
			<leg mode="car_teleported" trav_time="00:08:50">
			</leg>
			<activity type="non-schoolescort_6600" x="142568.88832364284" y="-419260.3364812622" max_dur="01:51:38" >
				<attributes>
					<attribute name="initialEndTime" class="java.lang.Double">26129.006044864655</attribute>
					<attribute name="initialStartTime" class="java.lang.Double">19430.109272003174</attribute>
					<attribute name="zoneId" class="java.lang.String">20545100</attribute>
				</attributes>
			</activity>
			<leg mode="car_teleported" trav_time="00:31:53">
			</leg>
			<activity type="work_3000" x="157155.6459109397" y="-434063.0822429418" max_dur="00:50:35" >
				<attributes>
					<attribute name="initialEndTime" class="java.lang.Double">31077.989448308945</attribute>
					<attribute name="initialStartTime" class="java.lang.Double">28042.473299503326</attribute>
					<attribute name="zoneId" class="java.lang.String">21060200</attribute>
				</attributes>
			</activity>
			<leg mode="car_teleported" trav_time="00:00:26">
			</leg>
			<activity type="shop_4800" x="156856.81609719348" y="-433883.3621770495" max_dur="01:22:02" >
				<attributes>
					<attribute name="initialEndTime" class="java.lang.Double">36026.972851753235</attribute>
					<attribute name="initialStartTime" class="java.lang.Double">31104.14448738098</attribute>
					<attribute name="zoneId" class="java.lang.String">21060200</attribute>
				</attributes>
			</activity>
			<leg mode="car_teleported" trav_time="00:00:26">
			</leg>
			<activity type="HHmaintenance_4800" x="157496.00991838373" y="-433875.8285926075" max_dur="01:24:24" >
				<attributes>
					<attribute name="initialEndTime" class="java.lang.Double">41117.68710851669</attribute>
					<attribute name="initialStartTime" class="java.lang.Double">36053.12789082527</attribute>
					<attribute name="zoneId" class="java.lang.String">21060200</attribute>
				</attributes>
			</activity>
			<leg mode="car_teleported" trav_time="00:08:20">
			</leg>
			<activity type="non-schoolescort_4200" x="153988.04345796435" y="-435375.48570359446" max_dur="01:12:36" >
				<attributes>
					<attribute name="initialEndTime" class="java.lang.Double">45975.0612616539</attribute>
					<attribute name="initialStartTime" class="java.lang.Double">41618.10210943222</attribute>
					<attribute name="zoneId" class="java.lang.String">20968200</attribute>
				</attributes>
			</activity>
			<leg mode="car_teleported" trav_time="00:04:03">
			</leg>
			<activity type="non-schoolescort_5400" x="153175.88399970933" y="-435353.99158384546" max_dur="01:32:46" >
				<attributes>
					<attribute name="initialEndTime" class="java.lang.Double">51785.06904602051</attribute>
					<attribute name="initialStartTime" class="java.lang.Double">46218.95874738693</attribute>
					<attribute name="zoneId" class="java.lang.String">20950300</attribute>
				</attributes>
			</activity>
			<leg mode="car_teleported" trav_time="00:26:57">
			</leg>
			<activity type="home_52200" x="146684.47950696875" y="-421188.44543909514" >
				<attributes>
					<attribute name="initialStartTime" class="java.lang.Double">53402.46494293213</attribute>
					<attribute name="zoneId" class="java.lang.String">20582200</attribute>
				</attributes>
			</activity>
		</plan>

	</person>

<!-- ====================================================================== -->

	<person id="11144052">
		<attributes>
			<attribute name="ESR" class="java.lang.String">6</attribute>
			<attribute name="age" class="java.lang.String">82</attribute>
			<attribute name="eduatt" class="java.lang.String">5</attribute>
			<attribute name="gender" class="java.lang.String">male</attribute>
			<attribute name="hhinc" class="java.lang.String">180939</attribute>
			<attribute name="hhnumautos" class="java.lang.String">1</attribute>
			<attribute name="hhsize" class="java.lang.String">2</attribute>
			<attribute name="householdId" class="java.lang.String">3621149</attribute>
			<attribute name="htype" class="java.lang.String">SFD</attribute>
			<attribute name="race" class="java.lang.String">NHW</attribute>
			<attribute name="schg" class="java.lang.String">0</attribute>
			<attribute name="subpopulation" class="java.lang.String">person</attribute>
			<attribute name="ten" class="java.lang.String">2</attribute>
			<attribute name="wkind20" class="java.lang.String">0</attribute>
			<attribute name="wkocc24" class="java.lang.String">0</attribute>
			<attribute name="worker" class="java.lang.String">unemployed</attribute>
		</attributes>
		<plan selected="yes">
			<activity type="home_57600" x="249620.74250067337" y="-490353.80183218245" end_time="05:15:00" >
				<attributes>
					<attribute name="initialEndTime" class="java.lang.Double">18900.0</attribute>
					<attribute name="zoneId" class="java.lang.String">43400500</attribute>
				</attributes>
			</activity>
			<leg mode="ride" trav_time="00:02:16">
			</leg>
			<activity type="discretionary_2400" x="250487.9420976441" y="-489906.37499265536" max_dur="00:44:13" >
				<attributes>
					<attribute name="initialEndTime" class="java.lang.Double">21690.0</attribute>
					<attribute name="initialStartTime" class="java.lang.Double">19036.685256958008</attribute>
					<attribute name="zoneId" class="java.lang.String">43400500</attribute>
				</attributes>
			</activity>
			<leg mode="ride" trav_time="00:02:16">
			</leg>
			<activity type="personalmaintenance_3000" x="248846.6268533095" y="-490770.84021318733" max_dur="00:54:13" >
				<attributes>
					<attribute name="initialEndTime" class="java.lang.Double">25080.0</attribute>
					<attribute name="initialStartTime" class="java.lang.Double">21826.685256958008</attribute>
					<attribute name="zoneId" class="java.lang.String">43400500</attribute>
				</attributes>
			</activity>
			<leg mode="ride" trav_time="00:02:16">
			</leg>
			<activity type="home_9000" x="249620.74250067337" y="-490353.80183218245" end_time="09:30:00" >
				<attributes>
					<attribute name="initialEndTime" class="java.lang.Double">34200.0</attribute>
					<attribute name="initialStartTime" class="java.lang.Double">25216.685256958008</attribute>
					<attribute name="zoneId" class="java.lang.String">43400500</attribute>
				</attributes>
			</activity>
			<leg mode="ride" trav_time="00:02:16">
			</leg>
			<activity type="discretionary_3600" x="253249.79940352944" y="-488860.5875686506" max_dur="00:55:43" >
				<attributes>
					<attribute name="initialEndTime" class="java.lang.Double">37680.0</attribute>
					<attribute name="initialStartTime" class="java.lang.Double">34336.68525695801</attribute>
					<attribute name="zoneId" class="java.lang.String">43400500</attribute>
				</attributes>
			</activity>
			<leg mode="ride" trav_time="00:02:16">
			</leg>
			<activity type="home_1800" x="249620.74250067337" y="-490353.80183218245" max_dur="00:29:43" >
				<attributes>
					<attribute name="initialEndTime" class="java.lang.Double">39600.0</attribute>
					<attribute name="initialStartTime" class="java.lang.Double">37816.68525695801</attribute>
					<attribute name="zoneId" class="java.lang.String">43400500</attribute>
				</attributes>
			</activity>
			<leg mode="ride" trav_time="00:16:18">
			</leg>
			<activity type="eatout_1200" x="264253.6917564694" y="-494654.9059548876" max_dur="00:16:41" >
				<attributes>
					<attribute name="initialEndTime" class="java.lang.Double">41579.94235038757</attribute>
					<attribute name="initialStartTime" class="java.lang.Double">40578.08246612549</attribute>
					<attribute name="zoneId" class="java.lang.String">43419100</attribute>
				</attributes>
			</activity>
			<leg mode="ride" trav_time="00:05:40">
			</leg>
			<activity type="shop_1200" x="265224.51356020407" y="-490540.9898495283" max_dur="00:24:51" >
				<attributes>
					<attribute name="initialEndTime" class="java.lang.Double">43411.80562019348</attribute>
					<attribute name="initialStartTime" class="java.lang.Double">41920.257596969604</attribute>
					<attribute name="zoneId" class="java.lang.String">43421100</attribute>
				</attributes>
			</activity>
			<leg mode="ride" trav_time="00:04:01">
			</leg>
			<activity type="shop_3600" x="264341.73616333585" y="-492839.8850664933" max_dur="00:56:59" >
				<attributes>
					<attribute name="initialEndTime" class="java.lang.Double">47073.557052612305</attribute>
					<attribute name="initialStartTime" class="java.lang.Double">43653.772315979004</attribute>
					<attribute name="zoneId" class="java.lang.String">43420300</attribute>
				</attributes>
			</activity>
			<leg mode="ride" trav_time="00:17:20">
			</leg>
			<activity type="home_57600" x="249620.74250067337" y="-490353.80183218245" >
				<attributes>
					<attribute name="initialStartTime" class="java.lang.Double">48113.9323425293</attribute>
					<attribute name="zoneId" class="java.lang.String">43400500</attribute>
				</attributes>
			</activity>
		</plan>

	</person>

<!-- ====================================================================== -->

	<person id="11463628">
		<attributes>
			<attribute name="ESR" class="java.lang.String">1</attribute>
			<attribute name="age" class="java.lang.String">58</attribute>
			<attribute name="eduatt" class="java.lang.String">3</attribute>
			<attribute name="gender" class="java.lang.String">female</attribute>
			<attribute name="hhinc" class="java.lang.String">71734</attribute>
			<attribute name="hhnumautos" class="java.lang.String">2</attribute>
			<attribute name="hhsize" class="java.lang.String">2</attribute>
			<attribute name="householdId" class="java.lang.String">3728369</attribute>
			<attribute name="htype" class="java.lang.String">Multiple</attribute>
			<attribute name="race" class="java.lang.String">NHW</attribute>
			<attribute name="schg" class="java.lang.String">0</attribute>
			<attribute name="subpopulation" class="java.lang.String">person</attribute>
			<attribute name="ten" class="java.lang.String">3</attribute>
			<attribute name="wkind20" class="java.lang.String">44</attribute>
			<attribute name="wkocc24" class="java.lang.String">17</attribute>
			<attribute name="worker" class="java.lang.String">employed</attribute>
		</attributes>
		<plan selected="yes">
			<activity type="home_53400" x="192551.06922570436" y="-469687.8928727066" end_time="03:45:00" >
				<attributes>
					<attribute name="initialEndTime" class="java.lang.Double">13500.0</attribute>
					<attribute name="zoneId" class="java.lang.String">32605200</attribute>
				</attributes>
			</activity>
			<leg mode="car_teleported" trav_time="00:13:38">
			</leg>
			<activity type="work_15000" x="185372.97737294852" y="-473191.21512425994" end_time="08:04:59" >
				<attributes>
					<attribute name="initialEndTime" class="java.lang.Double">29099.497361183167</attribute>
					<attribute name="initialStartTime" class="java.lang.Double">14318.459358215332</attribute>
					<attribute name="zoneId" class="java.lang.String">32668200</attribute>
				</attributes>
			</activity>
			<leg mode="car_teleported" trav_time="00:03:07">
			</leg>
			<activity type="shop_16800" x="185222.0881894878" y="-471015.17583717866" end_time="12:49:55" >
				<attributes>
					<attribute name="initialEndTime" class="java.lang.Double">46195.386657714844</attribute>
					<attribute name="initialStartTime" class="java.lang.Double">29287.238116264343</attribute>
					<attribute name="zoneId" class="java.lang.String">32667200</attribute>
				</attributes>
			</activity>
			<leg mode="car_teleported" trav_time="00:10:30">
			</leg>
			<activity type="home_53400" x="192551.06922570436" y="-469687.8928727066" >
				<attributes>
					<attribute name="initialStartTime" class="java.lang.Double">46825.81203460693</attribute>
					<attribute name="zoneId" class="java.lang.String">32605200</attribute>
				</attributes>
			</activity>
		</plan>

	</person>

<!-- ====================================================================== -->

	<person id="1174366">
		<attributes>
			<attribute name="ESR" class="java.lang.String">0</attribute>
			<attribute name="age" class="java.lang.String">2</attribute>
			<attribute name="eduatt" class="java.lang.String">0</attribute>
			<attribute name="gender" class="java.lang.String">female</attribute>
			<attribute name="hhinc" class="java.lang.String">199294</attribute>
			<attribute name="hhnumautos" class="java.lang.String">3</attribute>
			<attribute name="hhsize" class="java.lang.String">9</attribute>
			<attribute name="householdId" class="java.lang.String">377563</attribute>
			<attribute name="htype" class="java.lang.String">SFD</attribute>
			<attribute name="race" class="java.lang.String">NHW</attribute>
			<attribute name="schg" class="java.lang.String">0</attribute>
			<attribute name="subpopulation" class="java.lang.String">person</attribute>
			<attribute name="ten" class="java.lang.String">1</attribute>
			<attribute name="wkind20" class="java.lang.String">0</attribute>
			<attribute name="wkocc24" class="java.lang.String">0</attribute>
			<attribute name="worker" class="java.lang.String">unemployed</attribute>
		</attributes>
		<plan selected="yes">
			<activity type="home_43200" x="195576.72708911184" y="-446289.17347630125" end_time="05:00:00" >
				<attributes>
					<attribute name="initialEndTime" class="java.lang.Double">18000.0</attribute>
					<attribute name="zoneId" class="java.lang.String">22361200</attribute>
				</attributes>
			</activity>
			<leg mode="ride" trav_time="00:51:27">
			</leg>
			<activity type="school_33600" x="191894.85519925106" y="-445124.6966988315" end_time="15:12:46" >
				<attributes>
					<attribute name="initialEndTime" class="java.lang.Double">54766.7310655117</attribute>
					<attribute name="initialStartTime" class="java.lang.Double">21087.442874908447</attribute>
					<attribute name="zoneId" class="java.lang.String">22321100</attribute>
				</attributes>
			</activity>
			<leg mode="ride" trav_time="00:08:29">
			</leg>
			<activity type="eatoutbreakfast_1800" x="192988.31706551762" y="-444992.7601908402" max_dur="00:33:35" >
				<attributes>
					<attribute name="initialEndTime" class="java.lang.Double">57291.255712509155</attribute>
					<attribute name="initialStartTime" class="java.lang.Double">55276.23812556267</attribute>
					<attribute name="zoneId" class="java.lang.String">22321100</attribute>
				</attributes>
			</activity>
			<leg mode="ride" trav_time="00:51:27">
			</leg>
			<activity type="home_600" x="195576.72708911184" y="-446289.17347630125" max_dur="00:05:00" >
				<attributes>
					<attribute name="initialEndTime" class="java.lang.Double">55800.0</attribute>
					<attribute name="initialStartTime" class="java.lang.Double">60378.6985874176</attribute>
					<attribute name="zoneId" class="java.lang.String">22361200</attribute>
				</attributes>
			</activity>
			<leg mode="ride" trav_time="00:13:07">
			</leg>
			<activity type="visiting_1200" x="191565.96389954543" y="-440135.92288624344" max_dur="00:17:24" >
				<attributes>
					<attribute name="initialEndTime" class="java.lang.Double">57632.14188337326</attribute>
					<attribute name="initialStartTime" class="java.lang.Double">56587.293491363525</attribute>
					<attribute name="zoneId" class="java.lang.String">22312300</attribute>
				</attributes>
			</activity>
			<leg mode="ride" trav_time="00:03:24">
			</leg>
			<activity type="discretionary_3000" x="192947.43735544742" y="-442353.7496126234" max_dur="00:45:50" >
				<attributes>
					<attribute name="initialEndTime" class="java.lang.Double">60586.86424255371</attribute>
					<attribute name="initialStartTime" class="java.lang.Double">57836.56858205795</attribute>
					<attribute name="zoneId" class="java.lang.String">22328100</attribute>
				</attributes>
			</activity>
			<leg mode="ride" trav_time="00:11:15">
			</leg>
			<activity type="home_43200" x="195576.72708911184" y="-446289.17347630125" >
				<attributes>
					<attribute name="initialStartTime" class="java.lang.Double">61262.55283355713</attribute>
					<attribute name="zoneId" class="java.lang.String">22361200</attribute>
				</attributes>
			</activity>
		</plan>

	</person>

<!-- ====================================================================== -->

	<person id="11765400">
		<attributes>
			<attribute name="ESR" class="java.lang.String">6</attribute>
			<attribute name="age" class="java.lang.String">66</attribute>
			<attribute name="eduatt" class="java.lang.String">3</attribute>
			<attribute name="gender" class="java.lang.String">female</attribute>
			<attribute name="hhinc" class="java.lang.String">9845</attribute>
			<attribute name="hhnumautos" class="java.lang.String">2</attribute>
			<attribute name="hhsize" class="java.lang.String">3</attribute>
			<attribute name="householdId" class="java.lang.String">3827643</attribute>
			<attribute name="htype" class="java.lang.String">SFD</attribute>
			<attribute name="race" class="java.lang.String">HP</attribute>
			<attribute name="schg" class="java.lang.String">0</attribute>
			<attribute name="subpopulation" class="java.lang.String">person</attribute>
			<attribute name="ten" class="java.lang.String">1</attribute>
			<attribute name="wkind20" class="java.lang.String">0</attribute>
			<attribute name="wkocc24" class="java.lang.String">0</attribute>
			<attribute name="worker" class="java.lang.String">unemployed</attribute>
		</attributes>
		<plan selected="yes">
			<activity type="home_72000" x="230346.8044812199" y="-456873.05416189315" end_time="05:30:00" >
				<attributes>
					<attribute name="initialEndTime" class="java.lang.Double">19800.0</attribute>
					<attribute name="zoneId" class="java.lang.String">43184100</attribute>
				</attributes>
			</activity>
			<leg mode="car_teleported" trav_time="00:09:13">
			</leg>
			<activity type="eatout_13200" x="223869.71017469998" y="-453837.5703171169" end_time="09:20:31" >
				<attributes>
					<attribute name="initialEndTime" class="java.lang.Double">33631.0196685791</attribute>
					<attribute name="initialStartTime" class="java.lang.Double">20353.017539978027</attribute>
					<attribute name="zoneId" class="java.lang.String">43163100</attribute>
				</attributes>
			</activity>
			<leg mode="car_teleported" trav_time="00:08:23">
			</leg>
			<activity type="home_72000" x="230346.8044812199" y="-456873.05416189315" >
				<attributes>
					<attribute name="initialStartTime" class="java.lang.Double">34134.38077926636</attribute>
					<attribute name="zoneId" class="java.lang.String">43184100</attribute>
				</attributes>
			</activity>
		</plan>

	</person>

<!-- ====================================================================== -->

	<person id="11796806">
		<attributes>
			<attribute name="ESR" class="java.lang.String">0</attribute>
			<attribute name="age" class="java.lang.String">8</attribute>
			<attribute name="eduatt" class="java.lang.String">1</attribute>
			<attribute name="gender" class="java.lang.String">male</attribute>
			<attribute name="hhinc" class="java.lang.String">108093</attribute>
			<attribute name="hhnumautos" class="java.lang.String">2</attribute>
			<attribute name="hhsize" class="java.lang.String">5</attribute>
			<attribute name="householdId" class="java.lang.String">3836784</attribute>
			<attribute name="htype" class="java.lang.String">SFD</attribute>
			<attribute name="race" class="java.lang.String">HP</attribute>
			<attribute name="schg" class="java.lang.String">5</attribute>
			<attribute name="subpopulation" class="java.lang.String">person</attribute>
			<attribute name="ten" class="java.lang.String">3</attribute>
			<attribute name="wkind20" class="java.lang.String">0</attribute>
			<attribute name="wkocc24" class="java.lang.String">0</attribute>
			<attribute name="worker" class="java.lang.String">unemployed</attribute>
		</attributes>
		<plan selected="yes">
			<activity type="home_42000" x="240326.14750812043" y="-442796.53307232127" end_time="05:45:00" >
				<attributes>
					<attribute name="initialEndTime" class="java.lang.Double">20700.0</attribute>
					<attribute name="zoneId" class="java.lang.String">43145100</attribute>
				</attributes>
			</activity>
			<leg mode="ride" trav_time="00:40:40">
			</leg>
			<activity type="school_39600" x="238261.85825078576" y="-443362.1008007629" end_time="17:25:55" >
				<attributes>
					<attribute name="initialEndTime" class="java.lang.Double">62755.92226982117</attribute>
					<attribute name="initialStartTime" class="java.lang.Double">23140.77730178833</attribute>
					<attribute name="zoneId" class="java.lang.String">43141200</attribute>
				</attributes>
			</activity>
			<leg mode="walk" trav_time="00:40:40">
			</leg>
			<activity type="home_42000" x="240326.14750812043" y="-442796.53307232127" >
				<attributes>
					<attribute name="initialStartTime" class="java.lang.Double">65196.6995716095</attribute>
					<attribute name="zoneId" class="java.lang.String">43145100</attribute>
				</attributes>
			</activity>
		</plan>

	</person>

<!-- ====================================================================== -->

	<person id="11990412">
		<attributes>
			<attribute name="ESR" class="java.lang.String">1</attribute>
			<attribute name="age" class="java.lang.String">29</attribute>
			<attribute name="eduatt" class="java.lang.String">2</attribute>
			<attribute name="gender" class="java.lang.String">male</attribute>
			<attribute name="hhinc" class="java.lang.String">32846</attribute>
			<attribute name="hhnumautos" class="java.lang.String">1</attribute>
			<attribute name="hhsize" class="java.lang.String">3</attribute>
			<attribute name="householdId" class="java.lang.String">3898009</attribute>
			<attribute name="htype" class="java.lang.String">Multiple</attribute>
			<attribute name="race" class="java.lang.String">NHW</attribute>
			<attribute name="schg" class="java.lang.String">0</attribute>
			<attribute name="subpopulation" class="java.lang.String">person</attribute>
			<attribute name="ten" class="java.lang.String">3</attribute>
			<attribute name="wkind20" class="java.lang.String">31</attribute>
			<attribute name="wkocc24" class="java.lang.String">18</attribute>
			<attribute name="worker" class="java.lang.String">employed</attribute>
		</attributes>
		<plan selected="yes">
			<activity type="home_52800" x="230044.09130229082" y="-454901.26227024465" end_time="04:00:00" >
				<attributes>
					<attribute name="initialEndTime" class="java.lang.Double">14400.0</attribute>
					<attribute name="zoneId" class="java.lang.String">43185100</attribute>
				</attributes>
			</activity>
			<leg mode="car_teleported" trav_time="00:10:25">
			</leg>
			<activity type="work_31800" x="221746.9873500995" y="-456350.71879770164" end_time="13:04:22" >
				<attributes>
					<attribute name="initialEndTime" class="java.lang.Double">47062.03582763672</attribute>
					<attribute name="initialStartTime" class="java.lang.Double">15025.231018066406</attribute>
					<attribute name="zoneId" class="java.lang.String">43148200</attribute>
				</attributes>
			</activity>
			<leg mode="car_teleported" trav_time="00:10:39">
			</leg>
			<activity type="home_52800" x="230044.09130229082" y="-454901.26227024465" >
				<attributes>
					<attribute name="initialStartTime" class="java.lang.Double">47701.969985961914</attribute>
					<attribute name="zoneId" class="java.lang.String">43185100</attribute>
				</attributes>
			</activity>
		</plan>

	</person>

<!-- ====================================================================== -->

	<person id="12017820">
		<attributes>
			<attribute name="ESR" class="java.lang.String">1</attribute>
			<attribute name="age" class="java.lang.String">42</attribute>
			<attribute name="eduatt" class="java.lang.String">3</attribute>
			<attribute name="gender" class="java.lang.String">male</attribute>
			<attribute name="hhinc" class="java.lang.String">62171</attribute>
			<attribute name="hhnumautos" class="java.lang.String">1</attribute>
			<attribute name="hhsize" class="java.lang.String">3</attribute>
			<attribute name="householdId" class="java.lang.String">3906880</attribute>
			<attribute name="htype" class="java.lang.String">Multiple</attribute>
			<attribute name="race" class="java.lang.String">NHW</attribute>
			<attribute name="schg" class="java.lang.String">0</attribute>
			<attribute name="subpopulation" class="java.lang.String">person</attribute>
			<attribute name="ten" class="java.lang.String">3</attribute>
			<attribute name="wkind20" class="java.lang.String">23</attribute>
			<attribute name="wkocc24" class="java.lang.String">18</attribute>
			<attribute name="worker" class="java.lang.String">employed</attribute>
		</attributes>
		<plan selected="yes">
			<activity type="home_51000" x="150386.07397174573" y="-450216.60468903685" end_time="04:30:00" >
				<attributes>
					<attribute name="initialEndTime" class="java.lang.Double">16200.0</attribute>
					<attribute name="zoneId" class="java.lang.String">21154100</attribute>
				</attributes>
			</activity>
			<leg mode="car_teleported" trav_time="00:08:44">
			</leg>
			<activity type="non-schoolescort_7800" x="149477.37283087362" y="-455436.48645559454" end_time="06:48:01" >
				<attributes>
					<attribute name="initialEndTime" class="java.lang.Double">24481.88129425049</attribute>
					<attribute name="initialStartTime" class="java.lang.Double">16724.329948425293</attribute>
					<attribute name="zoneId" class="java.lang.String">21146100</attribute>
				</attributes>
			</activity>
			<leg mode="car_teleported" trav_time="00:05:59">
			</leg>
			<activity type="non-schoolescort_8400" x="152020.76982328686" y="-453840.60738288204" end_time="09:12:02" >
				<attributes>
					<attribute name="initialEndTime" class="java.lang.Double">33122.44849205017</attribute>
					<attribute name="initialStartTime" class="java.lang.Double">24841.549701690674</attribute>
					<attribute name="zoneId" class="java.lang.String">21172200</attribute>
				</attributes>
			</activity>
			<leg mode="car_teleported" trav_time="00:04:02">
			</leg>
			<activity type="work_8400" x="151619.9486634996" y="-451608.23430344684" end_time="11:34:00" >
				<attributes>
					<attribute name="initialEndTime" class="java.lang.Double">41640.49847602844</attribute>
					<attribute name="initialStartTime" class="java.lang.Double">33364.850606918335</attribute>
					<attribute name="zoneId" class="java.lang.String">21166100</attribute>
				</attributes>
			</activity>
			<leg mode="car_teleported" trav_time="00:10:37">
			</leg>
			<activity type="non-schoolescort_8400" x="156912.93911615846" y="-448564.54861198575" end_time="14:04:14" >
				<attributes>
					<attribute name="initialEndTime" class="java.lang.Double">50654.700622558594</attribute>
					<attribute name="initialStartTime" class="java.lang.Double">42278.32646369934</attribute>
					<attribute name="zoneId" class="java.lang.String">21038100</attribute>
				</attributes>
			</activity>
			<leg mode="car_teleported" trav_time="00:14:31">
			</leg>
			<activity type="home_51000" x="150386.07397174573" y="-450216.60468903685" >
				<attributes>
					<attribute name="initialStartTime" class="java.lang.Double">51526.329288482666</attribute>
					<attribute name="zoneId" class="java.lang.String">21154100</attribute>
				</attributes>
			</activity>
		</plan>

	</person>

<!-- ====================================================================== -->

	<person id="12024928">
		<attributes>
			<attribute name="ESR" class="java.lang.String">1</attribute>
			<attribute name="age" class="java.lang.String">31</attribute>
			<attribute name="eduatt" class="java.lang.String">1</attribute>
			<attribute name="gender" class="java.lang.String">female</attribute>
			<attribute name="hhinc" class="java.lang.String">71734</attribute>
			<attribute name="hhnumautos" class="java.lang.String">2</attribute>
			<attribute name="hhsize" class="java.lang.String">3</attribute>
			<attribute name="householdId" class="java.lang.String">3908739</attribute>
			<attribute name="htype" class="java.lang.String">SFA</attribute>
			<attribute name="race" class="java.lang.String">HP</attribute>
			<attribute name="schg" class="java.lang.String">0</attribute>
			<attribute name="subpopulation" class="java.lang.String">person</attribute>
			<attribute name="ten" class="java.lang.String">1</attribute>
			<attribute name="wkind20" class="java.lang.String">31</attribute>
			<attribute name="wkocc24" class="java.lang.String">18</attribute>
			<attribute name="worker" class="java.lang.String">employed</attribute>
		</attributes>
		<plan selected="yes">
			<activity type="home_44400" x="193713.41730809383" y="-466916.62013193546" end_time="04:15:00" >
				<attributes>
					<attribute name="initialEndTime" class="java.lang.Double">15300.0</attribute>
					<attribute name="zoneId" class="java.lang.String">32617100</attribute>
				</attributes>
			</activity>
			<leg mode="car_teleported" trav_time="00:49:11">
			</leg>
			<activity type="work_36600" x="155607.544389839" y="-455521.755303305" end_time="15:18:51" >
				<attributes>
					<attribute name="initialEndTime" class="java.lang.Double">55131.15234375</attribute>
					<attribute name="initialStartTime" class="java.lang.Double">18251.33285522461</attribute>
					<attribute name="zoneId" class="java.lang.String">21227300</attribute>
				</attributes>
			</activity>
			<leg mode="car_teleported" trav_time="00:43:22">
			</leg>
			<activity type="home_44400" x="193713.41730809383" y="-466916.62013193546" >
				<attributes>
					<attribute name="initialStartTime" class="java.lang.Double">57733.87641906738</attribute>
					<attribute name="zoneId" class="java.lang.String">32617100</attribute>
				</attributes>
			</activity>
		</plan>

	</person>

<!-- ====================================================================== -->

	<person id="12136086">
		<attributes>
			<attribute name="ESR" class="java.lang.String">1</attribute>
			<attribute name="age" class="java.lang.String">40</attribute>
			<attribute name="eduatt" class="java.lang.String">3</attribute>
			<attribute name="gender" class="java.lang.String">male</attribute>
			<attribute name="hhinc" class="java.lang.String">72453</attribute>
			<attribute name="hhnumautos" class="java.lang.String">1</attribute>
			<attribute name="hhsize" class="java.lang.String">2</attribute>
			<attribute name="householdId" class="java.lang.String">3942828</attribute>
			<attribute name="htype" class="java.lang.String">SFD</attribute>
			<attribute name="race" class="java.lang.String">NHW</attribute>
			<attribute name="schg" class="java.lang.String">0</attribute>
			<attribute name="subpopulation" class="java.lang.String">person</attribute>
			<attribute name="ten" class="java.lang.String">1</attribute>
			<attribute name="wkind20" class="java.lang.String">54</attribute>
			<attribute name="wkocc24" class="java.lang.String">1</attribute>
			<attribute name="worker" class="java.lang.String">employed</attribute>
		</attributes>
		<plan selected="yes">
			<activity type="home_75000" x="239778.67483910377" y="-431738.52993808535" end_time="10:45:00" >
				<attributes>
					<attribute name="initialEndTime" class="java.lang.Double">38700.0</attribute>
					<attribute name="zoneId" class="java.lang.String">53748600</attribute>
				</attributes>
			</activity>
			<leg mode="car_teleported" trav_time="00:06:03">
			</leg>
			<activity type="shop_5400" x="235985.0037538922" y="-430969.62652420154" max_dur="01:32:31" >
				<attributes>
					<attribute name="initialEndTime" class="java.lang.Double">44615.06658554077</attribute>
					<attribute name="initialStartTime" class="java.lang.Double">39063.987979888916</attribute>
					<attribute name="zoneId" class="java.lang.String">53726200</attribute>
				</attributes>
			</activity>
			<leg mode="car_teleported" trav_time="00:06:04">
			</leg>
			<activity type="home_1800" x="239778.67483910377" y="-431738.52993808535" max_dur="00:30:20" >
				<attributes>
					<attribute name="initialEndTime" class="java.lang.Double">46800.0</attribute>
					<attribute name="initialStartTime" class="java.lang.Double">44979.73205566406</attribute>
					<attribute name="zoneId" class="java.lang.String">53748600</attribute>
				</attributes>
			</activity>
			<leg mode="car_teleported" trav_time="00:22:09">
			</leg>
			<activity type="HHmaintenance_600" x="233403.0536384713" y="-444509.42337640957" max_dur="00:00:45" >
				<attributes>
					<attribute name="initialEndTime" class="java.lang.Double">48175.824415683746</attribute>
					<attribute name="initialStartTime" class="java.lang.Double">48129.997215270996</attribute>
					<attribute name="zoneId" class="java.lang.String">43135100</attribute>
				</attributes>
			</activity>
			<leg mode="car_teleported" trav_time="00:21:12">
			</leg>
			<activity type="non-schoolescort_600" x="238772.4347575443" y="-430894.85152079375" max_dur="00:12:45" >
				<attributes>
					<attribute name="initialEndTime" class="java.lang.Double">50213.545117378235</attribute>
					<attribute name="initialStartTime" class="java.lang.Double">49448.3447098732</attribute>
					<attribute name="zoneId" class="java.lang.String">53736100</attribute>
				</attributes>
			</activity>
			<leg mode="car_teleported" trav_time="00:02:57">
			</leg>
			<activity type="home_75000" x="239778.67483910377" y="-431738.52993808535" >
				<attributes>
					<attribute name="initialStartTime" class="java.lang.Double">50390.65928936005</attribute>
					<attribute name="zoneId" class="java.lang.String">53748600</attribute>
				</attributes>
			</activity>
		</plan>

	</person>

<!-- ====================================================================== -->

	<person id="12177704">
		<attributes>
			<attribute name="ESR" class="java.lang.String">6</attribute>
			<attribute name="age" class="java.lang.String">26</attribute>
			<attribute name="eduatt" class="java.lang.String">3</attribute>
			<attribute name="gender" class="java.lang.String">male</attribute>
			<attribute name="hhinc" class="java.lang.String">407281</attribute>
			<attribute name="hhnumautos" class="java.lang.String">3</attribute>
			<attribute name="hhsize" class="java.lang.String">7</attribute>
			<attribute name="householdId" class="java.lang.String">3954636</attribute>
			<attribute name="htype" class="java.lang.String">SFD</attribute>
			<attribute name="race" class="java.lang.String">NHW</attribute>
			<attribute name="schg" class="java.lang.String">0</attribute>
			<attribute name="subpopulation" class="java.lang.String">person</attribute>
			<attribute name="ten" class="java.lang.String">2</attribute>
			<attribute name="wkind20" class="java.lang.String">0</attribute>
			<attribute name="wkocc24" class="java.lang.String">0</attribute>
			<attribute name="worker" class="java.lang.String">unemployed</attribute>
		</attributes>
		<plan selected="yes">
			<activity type="home_63000" x="156951.72536357603" y="-474564.2615091011" end_time="05:00:00" >
				<attributes>
					<attribute name="initialEndTime" class="java.lang.Double">18000.0</attribute>
					<attribute name="zoneId" class="java.lang.String">21299400</attribute>
				</attributes>
			</activity>
			<leg mode="car_teleported" trav_time="00:12:01">
			</leg>
			<activity type="discretionary_3000" x="154250.81053810648" y="-470060.2723279882" max_dur="00:52:07" >
				<attributes>
					<attribute name="initialEndTime" class="java.lang.Double">21849.21724319458</attribute>
					<attribute name="initialStartTime" class="java.lang.Double">18721.38484954834</attribute>
					<attribute name="zoneId" class="java.lang.String">21279100</attribute>
				</attributes>
			</activity>
			<leg mode="car_teleported" trav_time="00:10:46">
			</leg>
			<activity type="home_3000" x="156951.72536357603" y="-474564.2615091011" max_dur="00:45:04" >
				<attributes>
					<attribute name="initialEndTime" class="java.lang.Double">25200.0</attribute>
					<attribute name="initialStartTime" class="java.lang.Double">22495.385913848877</attribute>
					<attribute name="zoneId" class="java.lang.String">21299400</attribute>
				</attributes>
			</activity>
			<leg mode="car_teleported" trav_time="00:14:22">
			</leg>
			<activity type="shop_600" x="157808.98106913362" y="-463189.1404626646" max_dur="00:03:43" >
				<attributes>
					<attribute name="initialEndTime" class="java.lang.Double">26285.990681648254</attribute>
					<attribute name="initialStartTime" class="java.lang.Double">26062.300300598145</attribute>
					<attribute name="zoneId" class="java.lang.String">21319200</attribute>
				</attributes>
			</activity>
			<leg mode="car_teleported" trav_time="00:08:46">
			</leg>
			<activity type="non-schoolescort_1800" x="154644.22492377117" y="-464591.41912052257" max_dur="00:31:47" >
				<attributes>
					<attribute name="initialEndTime" class="java.lang.Double">28719.927406311035</attribute>
					<attribute name="initialStartTime" class="java.lang.Double">26812.55096912384</attribute>
					<attribute name="zoneId" class="java.lang.String">21285100</attribute>
				</attributes>
			</activity>
			<leg mode="car_teleported" trav_time="00:17:04">
			</leg>
			<activity type="home_1800" x="156951.72536357603" y="-474564.2615091011" max_dur="00:29:15" >
				<attributes>
					<attribute name="initialEndTime" class="java.lang.Double">31500.0</attribute>
					<attribute name="initialStartTime" class="java.lang.Double">29744.36496734619</attribute>
					<attribute name="zoneId" class="java.lang.String">21299400</attribute>
				</attributes>
			</activity>
			<leg mode="car_teleported" trav_time="00:02:24">
			</leg>
			<activity type="personalmaintenance_1800" x="156906.16746012005" y="-473613.92039832985" max_dur="00:27:24" >
				<attributes>
					<attribute name="initialEndTime" class="java.lang.Double">33288.73576641083</attribute>
					<attribute name="initialStartTime" class="java.lang.Double">31644.014868736267</attribute>
					<attribute name="zoneId" class="java.lang.String">21304200</attribute>
				</attributes>
			</activity>
			<leg mode="car_teleported" trav_time="00:22:58">
			</leg>
			<activity type="non-schoolescort_600" x="158393.0756458946" y="-448825.8601498646" max_dur="00:05:00" >
				<attributes>
					<attribute name="initialEndTime" class="java.lang.Double">33944.31884765625</attribute>
					<attribute name="initialStartTime" class="java.lang.Double">34667.04307079315</attribute>
					<attribute name="zoneId" class="java.lang.String">21094200</attribute>
				</attributes>
			</activity>
			<leg mode="car_teleported" trav_time="00:22:43">
			</leg>
			<activity type="home_1800" x="156951.72536357603" y="-474564.2615091011" max_dur="00:26:32" >
				<attributes>
					<attribute name="initialEndTime" class="java.lang.Double">36900.0</attribute>
					<attribute name="initialStartTime" class="java.lang.Double">35307.84553527832</attribute>
					<attribute name="zoneId" class="java.lang.String">21299400</attribute>
				</attributes>
			</activity>
			<leg mode="car_teleported" trav_time="00:13:28">
			</leg>
			<activity type="non-schoolescort_600" x="152380.28724119213" y="-467985.7229419512" max_dur="00:05:24" >
				<attributes>
					<attribute name="initialEndTime" class="java.lang.Double">38033.52222919464</attribute>
					<attribute name="initialStartTime" class="java.lang.Double">37708.739891052246</attribute>
					<attribute name="zoneId" class="java.lang.String">21269100</attribute>
				</attributes>
			</activity>
			<leg mode="car_teleported" trav_time="00:06:06">
			</leg>
			<activity type="non-schoolescort_1800" x="148857.3667630476" y="-466481.12588662066" max_dur="00:30:04" >
				<attributes>
					<attribute name="initialEndTime" class="java.lang.Double">40204.67502593994</attribute>
					<attribute name="initialStartTime" class="java.lang.Double">38400.41217327118</attribute>
					<attribute name="zoneId" class="java.lang.String">21255300</attribute>
				</attributes>
			</activity>
			<leg mode="car_teleported" trav_time="00:19:50">
			</leg>
			<activity type="home_63000" x="156951.72536357603" y="-474564.2615091011" >
				<attributes>
					<attribute name="initialStartTime" class="java.lang.Double">41395.312156677246</attribute>
					<attribute name="zoneId" class="java.lang.String">21299400</attribute>
				</attributes>
			</activity>
		</plan>

	</person>

<!-- ====================================================================== -->

	<person id="12243055">
		<attributes>
			<attribute name="ESR" class="java.lang.String">0</attribute>
			<attribute name="age" class="java.lang.String">9</attribute>
			<attribute name="eduatt" class="java.lang.String">1</attribute>
			<attribute name="gender" class="java.lang.String">male</attribute>
			<attribute name="hhinc" class="java.lang.String">91774</attribute>
			<attribute name="hhnumautos" class="java.lang.String">2</attribute>
			<attribute name="hhsize" class="java.lang.String">4</attribute>
			<attribute name="householdId" class="java.lang.String">3974880</attribute>
			<attribute name="htype" class="java.lang.String">SFD</attribute>
			<attribute name="race" class="java.lang.String">NHW</attribute>
			<attribute name="schg" class="java.lang.String">5</attribute>
			<attribute name="subpopulation" class="java.lang.String">person</attribute>
			<attribute name="ten" class="java.lang.String">1</attribute>
			<attribute name="wkind20" class="java.lang.String">0</attribute>
			<attribute name="wkocc24" class="java.lang.String">0</attribute>
			<attribute name="worker" class="java.lang.String">unemployed</attribute>
		</attributes>
		<plan selected="yes">
			<activity type="home_59400" x="259747.44611598618" y="-463576.9535716507" end_time="06:00:00" >
				<attributes>
					<attribute name="initialEndTime" class="java.lang.Double">21600.0</attribute>
					<attribute name="zoneId" class="java.lang.String">43331800</attribute>
				</attributes>
			</activity>
			<leg mode="walk" trav_time="00:30:06">
			</leg>
			<activity type="school_23400" x="257952.7388601792" y="-463167.99552293203" end_time="12:56:59" >
				<attributes>
					<attribute name="initialEndTime" class="java.lang.Double">46619.350147247314</attribute>
					<attribute name="initialStartTime" class="java.lang.Double">23406.498527526855</attribute>
					<attribute name="zoneId" class="java.lang.String">43318300</attribute>
				</attributes>
			</activity>
			<leg mode="walk" trav_time="00:30:06">
			</leg>
			<activity type="home_59400" x="259747.44611598618" y="-463576.9535716507" >
				<attributes>
					<attribute name="initialStartTime" class="java.lang.Double">48425.84867477417</attribute>
					<attribute name="zoneId" class="java.lang.String">43331800</attribute>
				</attributes>
			</activity>
		</plan>

	</person>

<!-- ====================================================================== -->

	<person id="12270632">
		<attributes>
			<attribute name="ESR" class="java.lang.String">6</attribute>
			<attribute name="age" class="java.lang.String">18</attribute>
			<attribute name="eduatt" class="java.lang.String">2</attribute>
			<attribute name="gender" class="java.lang.String">male</attribute>
			<attribute name="hhinc" class="java.lang.String">155919</attribute>
			<attribute name="hhnumautos" class="java.lang.String">3</attribute>
			<attribute name="hhsize" class="java.lang.String">3</attribute>
			<attribute name="householdId" class="java.lang.String">3983099</attribute>
			<attribute name="htype" class="java.lang.String">SFD</attribute>
			<attribute name="race" class="java.lang.String">NHW</attribute>
			<attribute name="schg" class="java.lang.String">15</attribute>
			<attribute name="subpopulation" class="java.lang.String">person</attribute>
			<attribute name="ten" class="java.lang.String">1</attribute>
			<attribute name="wkind20" class="java.lang.String">0</attribute>
			<attribute name="wkocc24" class="java.lang.String">0</attribute>
			<attribute name="worker" class="java.lang.String">unemployed</attribute>
		</attributes>
		<plan selected="yes">
			<activity type="home_72000" x="175664.40221681044" y="-468052.2471405237" end_time="10:15:00" >
				<attributes>
					<attribute name="initialEndTime" class="java.lang.Double">36900.0</attribute>
					<attribute name="zoneId" class="java.lang.String">21485300</attribute>
				</attributes>
			</activity>
			<leg mode="car_teleported" trav_time="00:34:40">
			</leg>
			<activity type="university_600" x="159458.78224924774" y="-441199.1305357376" max_dur="00:02:02" >
				<attributes>
					<attribute name="initialEndTime" class="java.lang.Double">39103.65438938141</attribute>
					<attribute name="initialStartTime" class="java.lang.Double">38980.663146972656</attribute>
					<attribute name="zoneId" class="java.lang.String">21929100</attribute>
				</attributes>
			</activity>
			<leg mode="car_teleported" trav_time="00:13:34">
			</leg>
			<activity type="HHmaintenance_1800" x="165480.3440475754" y="-437910.0315178534" max_dur="00:29:59" >
				<attributes>
					<attribute name="initialEndTime" class="java.lang.Double">41718.03265571594</attribute>
					<attribute name="initialStartTime" class="java.lang.Double">39918.45718860626</attribute>
					<attribute name="zoneId" class="java.lang.String">21636200</attribute>
				</attributes>
			</activity>
			<leg mode="car_teleported" trav_time="00:18:49">
			</leg>
			<activity type="shop_1200" x="168527.74499088284" y="-446146.22630362754" max_dur="00:17:05" >
				<attributes>
					<attribute name="initialEndTime" class="java.lang.Double">43872.62891292572</attribute>
					<attribute name="initialStartTime" class="java.lang.Double">42847.556047439575</attribute>
					<attribute name="zoneId" class="java.lang.String">21705100</attribute>
				</attributes>
			</activity>
			<leg mode="car_teleported" trav_time="00:10:17">
			</leg>
			<activity type="HHmaintenance_4800" x="163794.15277288112" y="-448871.2808113631" max_dur="01:21:06" >
				<attributes>
					<attribute name="initialEndTime" class="java.lang.Double">49356.64833068848</attribute>
					<attribute name="initialStartTime" class="java.lang.Double">44490.42241573334</attribute>
					<attribute name="zoneId" class="java.lang.String">21589100</attribute>
				</attributes>
			</activity>
			<leg mode="car_teleported" trav_time="00:33:38">
			</leg>
			<activity type="home_72000" x="175664.40221681044" y="-468052.2471405237" >
				<attributes>
					<attribute name="initialStartTime" class="java.lang.Double">51375.08399963379</attribute>
					<attribute name="zoneId" class="java.lang.String">21485300</attribute>
				</attributes>
			</activity>
		</plan>

	</person>

<!-- ====================================================================== -->

	<person id="12298345">
		<attributes>
			<attribute name="ESR" class="java.lang.String">0</attribute>
			<attribute name="age" class="java.lang.String">9</attribute>
			<attribute name="eduatt" class="java.lang.String">1</attribute>
			<attribute name="gender" class="java.lang.String">female</attribute>
			<attribute name="hhinc" class="java.lang.String">21565</attribute>
			<attribute name="hhnumautos" class="java.lang.String">4</attribute>
			<attribute name="hhsize" class="java.lang.String">8</attribute>
			<attribute name="householdId" class="java.lang.String">3991500</attribute>
			<attribute name="htype" class="java.lang.String">SFD</attribute>
			<attribute name="race" class="java.lang.String">HP</attribute>
			<attribute name="schg" class="java.lang.String">6</attribute>
			<attribute name="subpopulation" class="java.lang.String">person</attribute>
			<attribute name="ten" class="java.lang.String">3</attribute>
			<attribute name="wkind20" class="java.lang.String">0</attribute>
			<attribute name="wkocc24" class="java.lang.String">0</attribute>
			<attribute name="worker" class="java.lang.String">unemployed</attribute>
		</attributes>
		<plan selected="yes">
			<activity type="home_45600" x="239190.60772604548" y="-441283.2797963191" end_time="04:45:00" >
				<attributes>
					<attribute name="initialEndTime" class="java.lang.Double">17100.0</attribute>
					<attribute name="zoneId" class="java.lang.String">43144200</attribute>
				</attributes>
			</activity>
			<leg mode="ride" trav_time="00:07:33">
			</leg>
			<activity type="schoolpureescort_600" x="237303.4977314233" y="-444242.6044310807" max_dur="00:08:31" >
				<attributes>
					<attribute name="initialEndTime" class="java.lang.Double">18064.360864162445</attribute>
					<attribute name="initialStartTime" class="java.lang.Double">17553.157997131348</attribute>
					<attribute name="zoneId" class="java.lang.String">43141200</attribute>
				</attributes>
			</activity>
			<leg mode="ride" trav_time="00:04:25">
			</leg>
			<activity type="school_16200" x="240183.74719071196" y="-443076.71492615563" end_time="09:35:40" >
				<attributes>
					<attribute name="initialEndTime" class="java.lang.Double">34540.304918289185</attribute>
					<attribute name="initialStartTime" class="java.lang.Double">18329.712903499603</attribute>
					<attribute name="zoneId" class="java.lang.String">43145100</attribute>
				</attributes>
			</activity>
			<leg mode="ride_school_bus" trav_time="00:06:33">
			</leg>
			<activity type="visiting_14400" x="243168.57387775867" y="-441702.05174676917" end_time="13:40:03" >
				<attributes>
					<attribute name="initialEndTime" class="java.lang.Double">49203.89757156372</attribute>
					<attribute name="initialStartTime" class="java.lang.Double">34934.222803115845</attribute>
					<attribute name="zoneId" class="java.lang.String">43238100</attribute>
				</attributes>
			</activity>
			<leg mode="ride_school_bus" trav_time="00:06:20">
			</leg>
			<activity type="home_600" x="239190.60772604548" y="-441283.2797963191" max_dur="00:13:35" >
				<attributes>
					<attribute name="initialEndTime" class="java.lang.Double">50400.0</attribute>
					<attribute name="initialStartTime" class="java.lang.Double">49584.8638343811</attribute>
					<attribute name="zoneId" class="java.lang.String">43144200</attribute>
				</attributes>
			</activity>
			<leg mode="ride" trav_time="00:07:56">
			</leg>
			<activity type="personalmaintenance_600" x="236143.5335222995" y="-439597.88013880694" max_dur="00:00:16" >
				<attributes>
					<attribute name="initialEndTime" class="java.lang.Double">50892.31046676636</attribute>
					<attribute name="initialStartTime" class="java.lang.Double">50876.02506637573</attribute>
					<attribute name="zoneId" class="java.lang.String">43139100</attribute>
				</attributes>
			</activity>
			<leg mode="ride" trav_time="00:07:30">
			</leg>
			<activity type="home_1800" x="239190.60772604548" y="-441283.2797963191" max_dur="00:29:17" >
				<attributes>
					<attribute name="initialEndTime" class="java.lang.Double">53100.0</attribute>
					<attribute name="initialStartTime" class="java.lang.Double">51342.94544219971</attribute>
					<attribute name="zoneId" class="java.lang.String">43144200</attribute>
				</attributes>
			</activity>
			<leg mode="ride" trav_time="00:09:22">
			</leg>
			<activity type="discretionary_4200" x="244596.29992694195" y="-444989.20068169973" max_dur="01:11:05" >
				<attributes>
					<attribute name="initialEndTime" class="java.lang.Double">57928.07029724121</attribute>
					<attribute name="initialStartTime" class="java.lang.Double">53662.1395111084</attribute>
					<attribute name="zoneId" class="java.lang.String">43243100</attribute>
				</attributes>
			</activity>
			<leg mode="ride" trav_time="00:09:18">
			</leg>
			<activity type="home_45600" x="239190.60772604548" y="-441283.2797963191" >
				<attributes>
					<attribute name="initialStartTime" class="java.lang.Double">58486.4489364624</attribute>
					<attribute name="zoneId" class="java.lang.String">43144200</attribute>
				</attributes>
			</activity>
		</plan>

	</person>

<!-- ====================================================================== -->

	<person id="12381121">
		<attributes>
			<attribute name="ESR" class="java.lang.String">1</attribute>
			<attribute name="age" class="java.lang.String">64</attribute>
			<attribute name="eduatt" class="java.lang.String">2</attribute>
			<attribute name="gender" class="java.lang.String">female</attribute>
			<attribute name="hhinc" class="java.lang.String">218801</attribute>
			<attribute name="hhnumautos" class="java.lang.String">3</attribute>
			<attribute name="hhsize" class="java.lang.String">4</attribute>
			<attribute name="householdId" class="java.lang.String">4015861</attribute>
			<attribute name="htype" class="java.lang.String">SFD</attribute>
			<attribute name="race" class="java.lang.String">NHB</attribute>
			<attribute name="schg" class="java.lang.String">0</attribute>
			<attribute name="subpopulation" class="java.lang.String">person</attribute>
			<attribute name="ten" class="java.lang.String">3</attribute>
			<attribute name="wkind20" class="java.lang.String">31</attribute>
			<attribute name="wkocc24" class="java.lang.String">18</attribute>
			<attribute name="worker" class="java.lang.String">employed</attribute>
		</attributes>
		<plan selected="yes">
			<activity type="home_86400" x="222288.37962952032" y="-448348.47022362344" >
				<attributes>
					<attribute name="zoneId" class="java.lang.String">43121200</attribute>
				</attributes>
			</activity>
		</plan>

	</person>

<!-- ====================================================================== -->

	<person id="12475424">
		<attributes>
			<attribute name="ESR" class="java.lang.String">0</attribute>
			<attribute name="age" class="java.lang.String">13</attribute>
			<attribute name="eduatt" class="java.lang.String">1</attribute>
			<attribute name="gender" class="java.lang.String">male</attribute>
			<attribute name="hhinc" class="java.lang.String">15939</attribute>
			<attribute name="hhnumautos" class="java.lang.String">1</attribute>
			<attribute name="hhsize" class="java.lang.String">6</attribute>
			<attribute name="householdId" class="java.lang.String">4044769</attribute>
			<attribute name="htype" class="java.lang.String">SFD</attribute>
			<attribute name="race" class="java.lang.String">HP</attribute>
			<attribute name="schg" class="java.lang.String">10</attribute>
			<attribute name="subpopulation" class="java.lang.String">person</attribute>
			<attribute name="ten" class="java.lang.String">1</attribute>
			<attribute name="wkind20" class="java.lang.String">0</attribute>
			<attribute name="wkocc24" class="java.lang.String">0</attribute>
			<attribute name="worker" class="java.lang.String">unemployed</attribute>
		</attributes>
		<plan selected="yes">
			<activity type="home_58800" x="256949.1118727384" y="-464602.4383612043" end_time="04:45:00" >
				<attributes>
					<attribute name="initialEndTime" class="java.lang.Double">17100.0</attribute>
					<attribute name="zoneId" class="java.lang.String">43320100</attribute>
				</attributes>
			</activity>
			<leg mode="ride" trav_time="00:36:02">
			</leg>
			<activity type="school_24000" x="256820.72123280127" y="-466383.2971602267" end_time="11:56:23" >
				<attributes>
					<attribute name="initialEndTime" class="java.lang.Double">42983.761224746704</attribute>
					<attribute name="initialStartTime" class="java.lang.Double">19262.387895584106</attribute>
					<attribute name="zoneId" class="java.lang.String">43312400</attribute>
				</attributes>
			</activity>
			<leg mode="walk" trav_time="00:36:02">
			</leg>
			<activity type="home_58800" x="256949.1118727384" y="-464602.4383612043" >
				<attributes>
					<attribute name="initialStartTime" class="java.lang.Double">45146.14897727966</attribute>
					<attribute name="zoneId" class="java.lang.String">43320100</attribute>
				</attributes>
			</activity>
		</plan>

	</person>

<!-- ====================================================================== -->

	<person id="12507212">
		<attributes>
			<attribute name="ESR" class="java.lang.String">1</attribute>
			<attribute name="age" class="java.lang.String">45</attribute>
			<attribute name="eduatt" class="java.lang.String">3</attribute>
			<attribute name="gender" class="java.lang.String">male</attribute>
			<attribute name="hhinc" class="java.lang.String">149364</attribute>
			<attribute name="hhnumautos" class="java.lang.String">2</attribute>
			<attribute name="hhsize" class="java.lang.String">2</attribute>
			<attribute name="householdId" class="java.lang.String">4055071</attribute>
			<attribute name="htype" class="java.lang.String">SFD</attribute>
			<attribute name="race" class="java.lang.String">HP</attribute>
			<attribute name="schg" class="java.lang.String">0</attribute>
			<attribute name="subpopulation" class="java.lang.String">person</attribute>
			<attribute name="ten" class="java.lang.String">1</attribute>
			<attribute name="wkind20" class="java.lang.String">92</attribute>
			<attribute name="wkocc24" class="java.lang.String">13</attribute>
			<attribute name="worker" class="java.lang.String">employed</attribute>
		</attributes>
		<plan selected="yes">
			<activity type="home_40200" x="229516.57728289478" y="-474150.84771819686" end_time="04:15:00" >
				<attributes>
					<attribute name="initialEndTime" class="java.lang.Double">15300.0</attribute>
					<attribute name="zoneId" class="java.lang.String">43188300</attribute>
				</attributes>
			</activity>
			<leg mode="car_teleported" trav_time="00:11:57">
			</leg>
			<activity type="personalmaintenance_18000" x="229136.58068209895" y="-460620.133025081" end_time="09:24:21" >
				<attributes>
					<attribute name="initialEndTime" class="java.lang.Double">33861.2024974823</attribute>
					<attribute name="initialStartTime" class="java.lang.Double">16017.89234161377</attribute>
					<attribute name="zoneId" class="java.lang.String">43183200</attribute>
				</attributes>
			</activity>
			<leg mode="car_teleported" trav_time="00:29:47">
			</leg>
			<activity type="work_15000" x="256237.2765148399" y="-466452.2443609974" end_time="14:07:10" >
				<attributes>
					<attribute name="initialEndTime" class="java.lang.Double">50830.16372680664</attribute>
					<attribute name="initialStartTime" class="java.lang.Double">35648.5959148407</attribute>
					<attribute name="zoneId" class="java.lang.String">43312400</attribute>
				</attributes>
			</activity>
			<leg mode="car_teleported" trav_time="00:38:07">
			</leg>
			<activity type="home_1800" x="229516.57728289478" y="-474150.84771819686" max_dur="00:29:42" >
				<attributes>
					<attribute name="initialEndTime" class="java.lang.Double">54900.0</attribute>
					<attribute name="initialStartTime" class="java.lang.Double">53117.59552001953</attribute>
					<attribute name="zoneId" class="java.lang.String">43188300</attribute>
				</attributes>
			</activity>
			<leg mode="car_teleported" trav_time="00:22:12">
			</leg>
			<activity type="discretionary_4200" x="231782.77475029428" y="-456210.2494796663" max_dur="01:13:07" >
				<attributes>
					<attribute name="initialEndTime" class="java.lang.Double">60620.03757476807</attribute>
					<attribute name="initialStartTime" class="java.lang.Double">56232.43034362793</attribute>
					<attribute name="zoneId" class="java.lang.String">43199300</attribute>
				</attributes>
			</activity>
			<leg mode="car_teleported" trav_time="00:20:04">
			</leg>
			<activity type="home_40200" x="229516.57728289478" y="-474150.84771819686" >
				<attributes>
					<attribute name="initialStartTime" class="java.lang.Double">61824.082374572754</attribute>
					<attribute name="zoneId" class="java.lang.String">43188300</attribute>
				</attributes>
			</activity>
		</plan>

	</person>

<!-- ====================================================================== -->

	<person id="12508331">
		<attributes>
			<attribute name="ESR" class="java.lang.String">1</attribute>
			<attribute name="age" class="java.lang.String">36</attribute>
			<attribute name="eduatt" class="java.lang.String">4</attribute>
			<attribute name="gender" class="java.lang.String">male</attribute>
			<attribute name="hhinc" class="java.lang.String">78249</attribute>
			<attribute name="hhnumautos" class="java.lang.String">1</attribute>
			<attribute name="hhsize" class="java.lang.String">1</attribute>
			<attribute name="householdId" class="java.lang.String">4055498</attribute>
			<attribute name="htype" class="java.lang.String">Multiple</attribute>
			<attribute name="race" class="java.lang.String">NHAS</attribute>
			<attribute name="schg" class="java.lang.String">0</attribute>
			<attribute name="subpopulation" class="java.lang.String">person</attribute>
			<attribute name="ten" class="java.lang.String">1</attribute>
			<attribute name="wkind20" class="java.lang.String">44</attribute>
			<attribute name="wkocc24" class="java.lang.String">17</attribute>
			<attribute name="worker" class="java.lang.String">employed</attribute>
		</attributes>
		<plan selected="yes">
			<activity type="home_41400" x="230476.30839241014" y="-472568.7466396472" end_time="01:45:00" >
				<attributes>
					<attribute name="initialEndTime" class="java.lang.Double">6300.0</attribute>
					<attribute name="zoneId" class="java.lang.String">43188300</attribute>
				</attributes>
			</activity>
			<leg mode="car_teleported" trav_time="01:11:19">
			</leg>
			<activity type="work_36600" x="205740.31401099105" y="-493485.56905463035" end_time="13:03:21" >
				<attributes>
					<attribute name="initialEndTime" class="java.lang.Double">47001.17889404297</attribute>
					<attribute name="initialStartTime" class="java.lang.Double">10579.596405029297</attribute>
					<attribute name="zoneId" class="java.lang.String">32791300</attribute>
				</attributes>
			</activity>
			<leg mode="car_teleported" trav_time="01:17:28">
			</leg>
			<activity type="home_41400" x="230476.30839241014" y="-472568.7466396472" >
				<attributes>
					<attribute name="initialStartTime" class="java.lang.Double">51649.67971801758</attribute>
					<attribute name="zoneId" class="java.lang.String">43188300</attribute>
				</attributes>
			</activity>
		</plan>

	</person>

<!-- ====================================================================== -->

	<person id="1252352">
		<attributes>
			<attribute name="ESR" class="java.lang.String">1</attribute>
			<attribute name="age" class="java.lang.String">49</attribute>
			<attribute name="eduatt" class="java.lang.String">3</attribute>
			<attribute name="gender" class="java.lang.String">male</attribute>
			<attribute name="hhinc" class="java.lang.String">70761</attribute>
			<attribute name="hhnumautos" class="java.lang.String">1</attribute>
			<attribute name="hhsize" class="java.lang.String">1</attribute>
			<attribute name="householdId" class="java.lang.String">402712</attribute>
			<attribute name="htype" class="java.lang.String">Multiple</attribute>
			<attribute name="race" class="java.lang.String">NHW</attribute>
			<attribute name="schg" class="java.lang.String">0</attribute>
			<attribute name="subpopulation" class="java.lang.String">person</attribute>
			<attribute name="ten" class="java.lang.String">3</attribute>
			<attribute name="wkind20" class="java.lang.String">44</attribute>
			<attribute name="wkocc24" class="java.lang.String">17</attribute>
			<attribute name="worker" class="java.lang.String">employed</attribute>
		</attributes>
		<plan selected="yes">
			<activity type="home_46800" x="146856.05062869936" y="-437781.9738613581" end_time="04:30:00" >
				<attributes>
					<attribute name="initialEndTime" class="java.lang.Double">16200.0</attribute>
					<attribute name="zoneId" class="java.lang.String">20863200</attribute>
				</attributes>
			</activity>
			<leg mode="car_teleported" trav_time="00:31:01">
			</leg>
			<activity type="work_9600" x="142046.44755244718" y="-421528.92798786797" end_time="07:41:35" >
				<attributes>
					<attribute name="initialEndTime" class="java.lang.Double">27695.85139274597</attribute>
					<attribute name="initialStartTime" class="java.lang.Double">18061.648406982422</attribute>
					<attribute name="zoneId" class="java.lang.String">20528200</attribute>
				</attributes>
			</activity>
			<leg mode="car_teleported" trav_time="00:05:07">
			</leg>
			<activity type="HHmaintenance_10800" x="138603.30457306994" y="-420988.622031814" end_time="10:51:30" >
				<attributes>
					<attribute name="initialEndTime" class="java.lang.Double">39090.839138031006</attribute>
					<attribute name="initialStartTime" class="java.lang.Double">28003.79825592041</attribute>
					<attribute name="zoneId" class="java.lang.String">20509100</attribute>
				</attributes>
			</activity>
			<leg mode="car_teleported" trav_time="00:03:12">
			</leg>
			<activity type="visiting_13800" x="140168.0708130235" y="-422488.78897277225" end_time="14:45:38" >
				<attributes>
					<attribute name="initialEndTime" class="java.lang.Double">53138.63513946533</attribute>
					<attribute name="initialStartTime" class="java.lang.Double">39283.74056339264</attribute>
					<attribute name="zoneId" class="java.lang.String">20514200</attribute>
				</attributes>
			</activity>
			<leg mode="car_teleported" trav_time="00:39:51">
			</leg>
			<activity type="home_46800" x="146856.05062869936" y="-437781.9738613581" >
				<attributes>
					<attribute name="initialStartTime" class="java.lang.Double">55529.956855773926</attribute>
					<attribute name="zoneId" class="java.lang.String">20863200</attribute>
				</attributes>
			</activity>
		</plan>

	</person>

<!-- ====================================================================== -->

	<person id="12537482">
		<attributes>
			<attribute name="ESR" class="java.lang.String">6</attribute>
			<attribute name="age" class="java.lang.String">61</attribute>
			<attribute name="eduatt" class="java.lang.String">1</attribute>
			<attribute name="gender" class="java.lang.String">female</attribute>
			<attribute name="hhinc" class="java.lang.String">13718</attribute>
			<attribute name="hhnumautos" class="java.lang.String">2</attribute>
			<attribute name="hhsize" class="java.lang.String">2</attribute>
			<attribute name="householdId" class="java.lang.String">4064054</attribute>
			<attribute name="htype" class="java.lang.String">SFD</attribute>
			<attribute name="race" class="java.lang.String">HP</attribute>
			<attribute name="schg" class="java.lang.String">0</attribute>
			<attribute name="subpopulation" class="java.lang.String">person</attribute>
			<attribute name="ten" class="java.lang.String">1</attribute>
			<attribute name="wkind20" class="java.lang.String">0</attribute>
			<attribute name="wkocc24" class="java.lang.String">0</attribute>
			<attribute name="worker" class="java.lang.String">unemployed</attribute>
		</attributes>
		<plan selected="yes">
			<activity type="home_79800" x="258318.4530842003" y="-463097.4504383733" end_time="06:15:00" >
				<attributes>
					<attribute name="initialEndTime" class="java.lang.Double">22500.0</attribute>
					<attribute name="zoneId" class="java.lang.String">43318300</attribute>
				</attributes>
			</activity>
			<leg mode="car_teleported" trav_time="00:11:27">
			</leg>
			<activity type="personalmaintenance_5400" x="255513.81586974373" y="-454041.40208848444" max_dur="01:34:33" >
				<attributes>
					<attribute name="initialEndTime" class="java.lang.Double">28860.64556121826</attribute>
					<attribute name="initialStartTime" class="java.lang.Double">23187.486534118652</attribute>
					<attribute name="zoneId" class="java.lang.String">43282100</attribute>
				</attributes>
			</activity>
			<leg mode="car_teleported" trav_time="00:11:23">
			</leg>
			<activity type="home_79800" x="258318.4530842003" y="-463097.4504383733" >
				<attributes>
					<attribute name="initialStartTime" class="java.lang.Double">29544.14337158203</attribute>
					<attribute name="zoneId" class="java.lang.String">43318300</attribute>
				</attributes>
			</activity>
		</plan>

	</person>

<!-- ====================================================================== -->

	<person id="12538759">
		<attributes>
			<attribute name="ESR" class="java.lang.String">0</attribute>
			<attribute name="age" class="java.lang.String">14</attribute>
			<attribute name="eduatt" class="java.lang.String">1</attribute>
			<attribute name="gender" class="java.lang.String">female</attribute>
			<attribute name="hhinc" class="java.lang.String">73251</attribute>
			<attribute name="hhnumautos" class="java.lang.String">3</attribute>
			<attribute name="hhsize" class="java.lang.String">7</attribute>
			<attribute name="householdId" class="java.lang.String">4064377</attribute>
			<attribute name="htype" class="java.lang.String">SFD</attribute>
			<attribute name="race" class="java.lang.String">HP</attribute>
			<attribute name="schg" class="java.lang.String">11</attribute>
			<attribute name="subpopulation" class="java.lang.String">person</attribute>
			<attribute name="ten" class="java.lang.String">1</attribute>
			<attribute name="wkind20" class="java.lang.String">0</attribute>
			<attribute name="wkocc24" class="java.lang.String">0</attribute>
			<attribute name="worker" class="java.lang.String">unemployed</attribute>
		</attributes>
		<plan selected="yes">
			<activity type="home_61200" x="256916.04199654193" y="-463739.6045630713" end_time="05:00:00" >
				<attributes>
					<attribute name="initialEndTime" class="java.lang.Double">18000.0</attribute>
					<attribute name="zoneId" class="java.lang.String">43318300</attribute>
				</attributes>
			</activity>
			<leg mode="ride_school_bus" trav_time="00:03:10">
			</leg>
			<activity type="school_24600" x="257091.42926302366" y="-464908.5846714012" end_time="11:57:13" >
				<attributes>
					<attribute name="initialEndTime" class="java.lang.Double">43033.81527900696</attribute>
					<attribute name="initialStartTime" class="java.lang.Double">18190.065622329712</attribute>
					<attribute name="zoneId" class="java.lang.String">43320100</attribute>
				</attributes>
			</activity>
			<leg mode="ride_school_bus" trav_time="00:03:10">
			</leg>
			<activity type="home_61200" x="256916.04199654193" y="-463739.6045630713" >
				<attributes>
					<attribute name="initialStartTime" class="java.lang.Double">43223.88052940369</attribute>
					<attribute name="zoneId" class="java.lang.String">43318300</attribute>
				</attributes>
			</activity>
		</plan>

	</person>

<!-- ====================================================================== -->

	<person id="12642147">
		<attributes>
			<attribute name="ESR" class="java.lang.String">0</attribute>
			<attribute name="age" class="java.lang.String">10</attribute>
			<attribute name="eduatt" class="java.lang.String">1</attribute>
			<attribute name="gender" class="java.lang.String">male</attribute>
			<attribute name="hhinc" class="java.lang.String">36721</attribute>
			<attribute name="hhnumautos" class="java.lang.String">3</attribute>
			<attribute name="hhsize" class="java.lang.String">8</attribute>
			<attribute name="householdId" class="java.lang.String">4096352</attribute>
			<attribute name="htype" class="java.lang.String">Multiple</attribute>
			<attribute name="race" class="java.lang.String">HP</attribute>
			<attribute name="schg" class="java.lang.String">6</attribute>
			<attribute name="subpopulation" class="java.lang.String">person</attribute>
			<attribute name="ten" class="java.lang.String">3</attribute>
			<attribute name="wkind20" class="java.lang.String">0</attribute>
			<attribute name="wkocc24" class="java.lang.String">0</attribute>
			<attribute name="worker" class="java.lang.String">unemployed</attribute>
		</attributes>
		<plan selected="yes">
			<activity type="home_57000" x="186476.11120736378" y="-467023.44491871464" end_time="04:45:00" >
				<attributes>
					<attribute name="initialEndTime" class="java.lang.Double">17100.0</attribute>
					<attribute name="zoneId" class="java.lang.String">32557200</attribute>
				</attributes>
			</activity>
			<leg mode="ride" trav_time="00:46:06">
			</leg>
			<activity type="schoolpureescort_600" x="188525.50469192187" y="-469607.65685966477" max_dur="00:05:00" >
				<attributes>
					<attribute name="initialEndTime" class="java.lang.Double">18009.12521839142</attribute>
					<attribute name="initialStartTime" class="java.lang.Double">19866.955947875977</attribute>
					<attribute name="zoneId" class="java.lang.String">32581100</attribute>
				</attributes>
			</activity>
			<leg mode="ride" trav_time="00:54:34">
			</leg>
			<activity type="school_22200" x="189577.0464846169" y="-465959.1762097789" end_time="12:09:27" >
				<attributes>
					<attribute name="initialEndTime" class="java.lang.Double">43767.468338012695</attribute>
					<attribute name="initialStartTime" class="java.lang.Double">21283.90215396881</attribute>
					<attribute name="zoneId" class="java.lang.String">32588100</attribute>
				</attributes>
			</activity>
			<leg mode="ride" trav_time="00:55:25">
			</leg>
			<activity type="home_57000" x="186476.11120736378" y="-467023.44491871464" >
				<attributes>
					<attribute name="initialStartTime" class="java.lang.Double">47092.78495788574</attribute>
					<attribute name="zoneId" class="java.lang.String">32557200</attribute>
				</attributes>
			</activity>
		</plan>

	</person>

<!-- ====================================================================== -->

	<person id="12645967">
		<attributes>
			<attribute name="ESR" class="java.lang.String">1</attribute>
			<attribute name="age" class="java.lang.String">49</attribute>
			<attribute name="eduatt" class="java.lang.String">1</attribute>
			<attribute name="gender" class="java.lang.String">female</attribute>
			<attribute name="hhinc" class="java.lang.String">44343</attribute>
			<attribute name="hhnumautos" class="java.lang.String">3</attribute>
			<attribute name="hhsize" class="java.lang.String">8</attribute>
			<attribute name="householdId" class="java.lang.String">4097343</attribute>
			<attribute name="htype" class="java.lang.String">SFD</attribute>
			<attribute name="race" class="java.lang.String">HP</attribute>
			<attribute name="schg" class="java.lang.String">0</attribute>
			<attribute name="subpopulation" class="java.lang.String">person</attribute>
			<attribute name="ten" class="java.lang.String">3</attribute>
			<attribute name="wkind20" class="java.lang.String">31</attribute>
			<attribute name="wkocc24" class="java.lang.String">23</attribute>
			<attribute name="worker" class="java.lang.String">employed</attribute>
		</attributes>
		<plan selected="yes">
			<activity type="home_48600" x="191978.4375639753" y="-459379.46755738737" end_time="04:30:00" >
				<attributes>
					<attribute name="initialEndTime" class="java.lang.Double">16200.0</attribute>
					<attribute name="zoneId" class="java.lang.String">32518200</attribute>
				</attributes>
			</activity>
			<leg mode="car_teleported" trav_time="00:03:31">
			</leg>
			<activity type="schoolridesharing_6600" x="192210.14023330386" y="-456821.44399943296" max_dur="01:52:04" >
				<attributes>
					<attribute name="initialEndTime" class="java.lang.Double">23136.915773391724</attribute>
					<attribute name="initialStartTime" class="java.lang.Double">16411.97699546814</attribute>
					<attribute name="zoneId" class="java.lang.String">32524100</attribute>
				</attributes>
			</activity>
			<leg mode="car_teleported" trav_time="00:03:28">
			</leg>
			<activity type="schoolridesharing_7800" x="190842.5865666541" y="-455558.07595317677" end_time="08:42:53" >
				<attributes>
					<attribute name="initialEndTime" class="java.lang.Double">31373.350012779232</attribute>
					<attribute name="initialStartTime" class="java.lang.Double">23345.232318878174</attribute>
					<attribute name="zoneId" class="java.lang.String">32512100</attribute>
				</attributes>
			</activity>
			<leg mode="car_teleported" trav_time="00:16:29">
			</leg>
			<activity type="work_6000" x="203501.01534969718" y="-459567.39269044885" max_dur="01:42:58" >
				<attributes>
					<attribute name="initialEndTime" class="java.lang.Double">38540.965272903435</attribute>
					<attribute name="initialStartTime" class="java.lang.Double">32362.64814662933</attribute>
					<attribute name="zoneId" class="java.lang.String">32876300</attribute>
				</attributes>
			</activity>
			<leg mode="car_teleported" trav_time="00:05:55">
			</leg>
			<activity type="HHmaintenance_7200" x="199702.87721133707" y="-456839.8766151304" end_time="12:50:17" >
				<attributes>
					<attribute name="initialEndTime" class="java.lang.Double">46217.20131969451</attribute>
					<attribute name="initialStartTime" class="java.lang.Double">38896.1417312622</attribute>
					<attribute name="zoneId" class="java.lang.String">32870100</attribute>
				</attributes>
			</activity>
			<leg mode="car_teleported" trav_time="00:14:35">
			</leg>
			<activity type="shop_6600" x="191700.81867136745" y="-460772.5673576931" max_dur="01:50:27" >
				<attributes>
					<attribute name="initialEndTime" class="java.lang.Double">53720.56079864502</attribute>
					<attribute name="initialStartTime" class="java.lang.Double">47092.74998760223</attribute>
					<attribute name="zoneId" class="java.lang.String">32598100</attribute>
				</attributes>
			</activity>
			<leg mode="car_teleported" trav_time="00:05:27">
			</leg>
			<activity type="home_48600" x="191978.4375639753" y="-459379.46755738737" >
				<attributes>
					<attribute name="initialStartTime" class="java.lang.Double">54048.23621749878</attribute>
					<attribute name="zoneId" class="java.lang.String">32518200</attribute>
				</attributes>
			</activity>
		</plan>

	</person>

<!-- ====================================================================== -->

	<person id="12659324">
		<attributes>
			<attribute name="ESR" class="java.lang.String">1</attribute>
			<attribute name="age" class="java.lang.String">27</attribute>
			<attribute name="eduatt" class="java.lang.String">4</attribute>
			<attribute name="gender" class="java.lang.String">male</attribute>
			<attribute name="hhinc" class="java.lang.String">104332</attribute>
			<attribute name="hhnumautos" class="java.lang.String">3</attribute>
			<attribute name="hhsize" class="java.lang.String">3</attribute>
			<attribute name="householdId" class="java.lang.String">4101480</attribute>
			<attribute name="htype" class="java.lang.String">SFD</attribute>
			<attribute name="race" class="java.lang.String">NHW</attribute>
			<attribute name="schg" class="java.lang.String">0</attribute>
			<attribute name="subpopulation" class="java.lang.String">person</attribute>
			<attribute name="ten" class="java.lang.String">3</attribute>
			<attribute name="wkind20" class="java.lang.String">62</attribute>
			<attribute name="wkocc24" class="java.lang.String">2</attribute>
			<attribute name="worker" class="java.lang.String">employed</attribute>
		</attributes>
		<plan selected="yes">
			<activity type="home_52200" x="256234.42793062242" y="-426489.0497906262" end_time="04:30:00" >
				<attributes>
					<attribute name="initialEndTime" class="java.lang.Double">16200.0</attribute>
					<attribute name="zoneId" class="java.lang.String">53829200</attribute>
				</attributes>
			</activity>
			<leg mode="car_teleported" trav_time="00:26:07">
			</leg>
			<activity type="work_31200" x="278744.2074915418" y="-446269.64980324294" end_time="13:31:18" >
				<attributes>
					<attribute name="initialEndTime" class="java.lang.Double">48678.105239868164</attribute>
					<attribute name="initialStartTime" class="java.lang.Double">17767.75909423828</attribute>
					<attribute name="zoneId" class="java.lang.String">43450300</attribute>
				</attributes>
			</activity>
			<leg mode="car_teleported" trav_time="00:30:11">
			</leg>
			<activity type="home_52200" x="256234.42793062242" y="-426489.0497906262" >
				<attributes>
					<attribute name="initialStartTime" class="java.lang.Double">50489.12715911865</attribute>
					<attribute name="zoneId" class="java.lang.String">53829200</attribute>
				</attributes>
			</activity>
		</plan>

	</person>

<!-- ====================================================================== -->

	<person id="12734959">
		<attributes>
			<attribute name="ESR" class="java.lang.String">1</attribute>
			<attribute name="age" class="java.lang.String">70</attribute>
			<attribute name="eduatt" class="java.lang.String">3</attribute>
			<attribute name="gender" class="java.lang.String">male</attribute>
			<attribute name="hhinc" class="java.lang.String">58929</attribute>
			<attribute name="hhnumautos" class="java.lang.String">2</attribute>
			<attribute name="hhsize" class="java.lang.String">2</attribute>
			<attribute name="householdId" class="java.lang.String">4126690</attribute>
			<attribute name="htype" class="java.lang.String">Others</attribute>
			<attribute name="race" class="java.lang.String">NHW</attribute>
			<attribute name="schg" class="java.lang.String">0</attribute>
			<attribute name="subpopulation" class="java.lang.String">person</attribute>
			<attribute name="ten" class="java.lang.String">1</attribute>
			<attribute name="wkind20" class="java.lang.String">56</attribute>
			<attribute name="wkocc24" class="java.lang.String">17</attribute>
			<attribute name="worker" class="java.lang.String">employed</attribute>
		</attributes>
		<plan selected="yes">
			<activity type="home_63000" x="215550.3721791923" y="-482299.304801236" end_time="07:30:00" >
				<attributes>
					<attribute name="initialEndTime" class="java.lang.Double">27000.0</attribute>
					<attribute name="zoneId" class="java.lang.String">33024200</attribute>
				</attributes>
			</activity>
			<leg mode="car_teleported" trav_time="00:12:43">
			</leg>
			<activity type="personalmaintenance_2400" x="206037.24767247896" y="-475806.5261812381" max_dur="00:38:25" >
				<attributes>
					<attribute name="initialEndTime" class="java.lang.Double">30068.429775238037</attribute>
					<attribute name="initialStartTime" class="java.lang.Double">27763.343181610107</attribute>
					<attribute name="zoneId" class="java.lang.String">33100200</attribute>
				</attributes>
			</activity>
			<leg mode="car_teleported" trav_time="00:13:44">
			</leg>
			<activity type="discretionary_3000" x="214799.40636661096" y="-486918.5404076797" max_dur="00:46:18" >
				<attributes>
					<attribute name="initialEndTime" class="java.lang.Double">33671.07433319092</attribute>
					<attribute name="initialStartTime" class="java.lang.Double">30892.819175720215</attribute>
					<attribute name="zoneId" class="java.lang.String">33022300</attribute>
				</attributes>
			</activity>
			<leg mode="car_teleported" trav_time="00:07:00">
			</leg>
			<activity type="home_4800" x="215550.3721791923" y="-482299.304801236" max_dur="01:16:48" >
				<attributes>
					<attribute name="initialEndTime" class="java.lang.Double">38700.0</attribute>
					<attribute name="initialStartTime" class="java.lang.Double">34091.38627052307</attribute>
					<attribute name="zoneId" class="java.lang.String">33024200</attribute>
				</attributes>
			</activity>
			<leg mode="car_teleported" trav_time="00:22:55">
			</leg>
			<activity type="visiting_2400" x="196759.9049329513" y="-471671.209984925" max_dur="00:44:25" >
				<attributes>
					<attribute name="initialEndTime" class="java.lang.Double">42740.993428230286</attribute>
					<attribute name="initialStartTime" class="java.lang.Double">40075.349922180176</attribute>
					<attribute name="zoneId" class="java.lang.String">32945200</attribute>
				</attributes>
			</activity>
			<leg mode="car_teleported" trav_time="00:26:33">
			</leg>
			<activity type="discretionary_3000" x="217671.7258738202" y="-479055.2906051398" max_dur="00:50:51" >
				<attributes>
					<attribute name="initialEndTime" class="java.lang.Double">47386.592416763306</attribute>
					<attribute name="initialStartTime" class="java.lang.Double">44334.61010456085</attribute>
					<attribute name="zoneId" class="java.lang.String">33041200</attribute>
				</attributes>
			</activity>
			<leg mode="car_teleported" trav_time="00:04:03">
			</leg>
			<activity type="home_1200" x="215550.3721791923" y="-482299.304801236" max_dur="00:16:09" >
				<attributes>
					<attribute name="initialEndTime" class="java.lang.Double">48600.0</attribute>
					<attribute name="initialStartTime" class="java.lang.Double">47630.07079124451</attribute>
					<attribute name="zoneId" class="java.lang.String">33024200</attribute>
				</attributes>
			</activity>
			<leg mode="car_teleported" trav_time="00:08:14">
			</leg>
			<activity type="shop_600" x="220976.760108555" y="-481715.63079555763" max_dur="00:10:43" >
				<attributes>
					<attribute name="initialEndTime" class="java.lang.Double">49738.20877075195</attribute>
					<attribute name="initialStartTime" class="java.lang.Double">49094.45165634155</attribute>
					<attribute name="zoneId" class="java.lang.String">33058400</attribute>
				</attributes>
			</activity>
			<leg mode="car_teleported" trav_time="00:08:44">
			</leg>
			<activity type="home_63000" x="215550.3721791923" y="-482299.304801236" >
				<attributes>
					<attribute name="initialStartTime" class="java.lang.Double">50262.806911468506</attribute>
					<attribute name="zoneId" class="java.lang.String">33024200</attribute>
				</attributes>
			</activity>
		</plan>

	</person>

<!-- ====================================================================== -->

	<person id="12767283">
		<attributes>
			<attribute name="ESR" class="java.lang.String">0</attribute>
			<attribute name="age" class="java.lang.String">1</attribute>
			<attribute name="eduatt" class="java.lang.String">0</attribute>
			<attribute name="gender" class="java.lang.String">male</attribute>
			<attribute name="hhinc" class="java.lang.String">18940</attribute>
			<attribute name="hhnumautos" class="java.lang.String">2</attribute>
			<attribute name="hhsize" class="java.lang.String">6</attribute>
			<attribute name="householdId" class="java.lang.String">4136881</attribute>
			<attribute name="htype" class="java.lang.String">SFD</attribute>
			<attribute name="race" class="java.lang.String">HP</attribute>
			<attribute name="schg" class="java.lang.String">0</attribute>
			<attribute name="subpopulation" class="java.lang.String">person</attribute>
			<attribute name="ten" class="java.lang.String">3</attribute>
			<attribute name="wkind20" class="java.lang.String">0</attribute>
			<attribute name="wkocc24" class="java.lang.String">0</attribute>
			<attribute name="worker" class="java.lang.String">unemployed</attribute>
		</attributes>
		<plan selected="yes">
			<activity type="home_86400" x="239757.0264489162" y="-443466.5650337482" >
				<attributes>
					<attribute name="zoneId" class="java.lang.String">43143100</attribute>
				</attributes>
			</activity>
		</plan>

	</person>

<!-- ====================================================================== -->

	<person id="12894338">
		<attributes>
			<attribute name="ESR" class="java.lang.String">1</attribute>
			<attribute name="age" class="java.lang.String">39</attribute>
			<attribute name="eduatt" class="java.lang.String">1</attribute>
			<attribute name="gender" class="java.lang.String">male</attribute>
			<attribute name="hhinc" class="java.lang.String">95131</attribute>
			<attribute name="hhnumautos" class="java.lang.String">2</attribute>
			<attribute name="hhsize" class="java.lang.String">5</attribute>
			<attribute name="householdId" class="java.lang.String">4177377</attribute>
			<attribute name="htype" class="java.lang.String">Others</attribute>
			<attribute name="race" class="java.lang.String">NHAS</attribute>
			<attribute name="schg" class="java.lang.String">0</attribute>
			<attribute name="subpopulation" class="java.lang.String">person</attribute>
			<attribute name="ten" class="java.lang.String">2</attribute>
			<attribute name="wkind20" class="java.lang.String">31</attribute>
			<attribute name="wkocc24" class="java.lang.String">23</attribute>
			<attribute name="worker" class="java.lang.String">employed</attribute>
		</attributes>
		<plan selected="yes">
			<activity type="home_48600" x="206147.7160382949" y="-461572.35889411956" end_time="05:00:00" >
				<attributes>
					<attribute name="initialEndTime" class="java.lang.Double">18000.0</attribute>
					<attribute name="zoneId" class="java.lang.String">32891200</attribute>
				</attributes>
			</activity>
			<leg mode="car_teleported" trav_time="00:17:42">
			</leg>
			<activity type="schoolpureescort_3600" x="203814.78744556775" y="-468811.4074721663" max_dur="00:57:42" >
				<attributes>
					<attribute name="initialEndTime" class="java.lang.Double">22525.590265095234</attribute>
					<attribute name="initialStartTime" class="java.lang.Double">19062.96112060547</attribute>
					<attribute name="zoneId" class="java.lang.String">33013300</attribute>
				</attributes>
			</activity>
			<leg mode="car_teleported" trav_time="00:12:34">
			</leg>
			<activity type="schoolpureescort_3000" x="205358.84754021172" y="-460222.50071305316" max_dur="00:50:25" >
				<attributes>
					<attribute name="initialEndTime" class="java.lang.Double">26305.969489216805</attribute>
					<attribute name="initialStartTime" class="java.lang.Double">23280.425451099873</attribute>
					<attribute name="zoneId" class="java.lang.String">32889200</attribute>
				</attributes>
			</activity>
			<leg mode="car_teleported" trav_time="00:02:22">
			</leg>
			<activity type="HHmaintenance_4200" x="206459.11732682103" y="-459864.4771110868" max_dur="01:14:58" >
				<attributes>
					<attribute name="initialEndTime" class="java.lang.Double">30946.62643522024</attribute>
					<attribute name="initialStartTime" class="java.lang.Double">26448.113291859627</attribute>
					<attribute name="zoneId" class="java.lang.String">32892100</attribute>
				</attributes>
			</activity>
			<leg mode="car_teleported" trav_time="00:14:01">
			</leg>
			<activity type="visiting_4200" x="194747.03588786576" y="-463079.5426251514" max_dur="01:14:43" >
				<attributes>
					<attribute name="initialEndTime" class="java.lang.Double">36271.43762469292</attribute>
					<attribute name="initialStartTime" class="java.lang.Double">31787.840825021267</attribute>
					<attribute name="zoneId" class="java.lang.String">32628200</attribute>
				</attributes>
			</activity>
			<leg mode="car_teleported" trav_time="00:22:27">
			</leg>
			<activity type="discretionary_3000" x="199713.08869471177" y="-479592.44697399635" max_dur="00:46:56" >
				<attributes>
					<attribute name="initialEndTime" class="java.lang.Double">40436.23092323542</attribute>
					<attribute name="initialStartTime" class="java.lang.Double">37619.42380785942</attribute>
					<attribute name="zoneId" class="java.lang.String">32772200</attribute>
				</attributes>
			</activity>
			<leg mode="car_teleported" trav_time="00:08:53">
			</leg>
			<activity type="HHmaintenance_3600" x="194262.20462263227" y="-477896.55490747595" max_dur="00:58:15" >
				<attributes>
					<attribute name="initialEndTime" class="java.lang.Double">44465.85573613644</attribute>
					<attribute name="initialStartTime" class="java.lang.Double">40969.9205365777</attribute>
					<attribute name="zoneId" class="java.lang.String">32746100</attribute>
				</attributes>
			</activity>
			<leg mode="car_teleported" trav_time="00:06:08">
			</leg>
			<activity type="HHmaintenance_3600" x="193686.3373770381" y="-481732.39658623113" max_dur="01:02:47" >
				<attributes>
					<attribute name="initialEndTime" class="java.lang.Double">48601.676199138165</attribute>
					<attribute name="initialStartTime" class="java.lang.Double">44834.51101720333</attribute>
					<attribute name="zoneId" class="java.lang.String">32741200</attribute>
				</attributes>
			</activity>
			<leg mode="car_teleported" trav_time="00:07:41">
			</leg>
			<activity type="discretionary_4800" x="193669.4522781307" y="-476905.7852114153" max_dur="01:19:23" >
				<attributes>
					<attribute name="initialEndTime" class="java.lang.Double">53827.016830444336</attribute>
					<attribute name="initialStartTime" class="java.lang.Double">49063.55199068785</attribute>
					<attribute name="zoneId" class="java.lang.String">32915100</attribute>
				</attributes>
			</activity>
			<leg mode="car_teleported" trav_time="00:28:45">
			</leg>
			<activity type="home_48600" x="206147.7160382949" y="-461572.35889411956" >
				<attributes>
					<attribute name="initialStartTime" class="java.lang.Double">55552.1350479126</attribute>
					<attribute name="zoneId" class="java.lang.String">32891200</attribute>
				</attributes>
			</activity>
		</plan>

	</person>

<!-- ====================================================================== -->

	<person id="13218817">
		<attributes>
			<attribute name="ESR" class="java.lang.String">1</attribute>
			<attribute name="age" class="java.lang.String">35</attribute>
			<attribute name="eduatt" class="java.lang.String">3</attribute>
			<attribute name="gender" class="java.lang.String">female</attribute>
			<attribute name="hhinc" class="java.lang.String">59942</attribute>
			<attribute name="hhnumautos" class="java.lang.String">2</attribute>
			<attribute name="hhsize" class="java.lang.String">3</attribute>
			<attribute name="householdId" class="java.lang.String">4279035</attribute>
			<attribute name="htype" class="java.lang.String">Multiple</attribute>
			<attribute name="race" class="java.lang.String">NHB</attribute>
			<attribute name="schg" class="java.lang.String">0</attribute>
			<attribute name="subpopulation" class="java.lang.String">person</attribute>
			<attribute name="ten" class="java.lang.String">3</attribute>
			<attribute name="wkind20" class="java.lang.String">53</attribute>
			<attribute name="wkocc24" class="java.lang.String">8</attribute>
			<attribute name="worker" class="java.lang.String">employed</attribute>
		</attributes>
		<plan selected="yes">
			<activity type="home_52800" x="186909.28486566004" y="-459805.8776874247" end_time="05:15:00" >
				<attributes>
					<attribute name="initialEndTime" class="java.lang.Double">18900.0</attribute>
					<attribute name="zoneId" class="java.lang.String">32491200</attribute>
				</attributes>
			</activity>
			<leg mode="car_teleported" trav_time="00:24:53">
			</leg>
			<activity type="work_31200" x="196089.68096482643" y="-471849.26516803284" end_time="14:21:05" >
				<attributes>
					<attribute name="initialEndTime" class="java.lang.Double">51665.33134460449</attribute>
					<attribute name="initialStartTime" class="java.lang.Double">20393.269386291504</attribute>
					<attribute name="zoneId" class="java.lang.String">32945200</attribute>
				</attributes>
			</activity>
			<leg mode="car_teleported" trav_time="00:22:09">
			</leg>
			<activity type="home_52800" x="186909.28486566004" y="-459805.8776874247" >
				<attributes>
					<attribute name="initialStartTime" class="java.lang.Double">52994.35020446777</attribute>
					<attribute name="zoneId" class="java.lang.String">32491200</attribute>
				</attributes>
			</activity>
		</plan>

	</person>

<!-- ====================================================================== -->

	<person id="13347783">
		<attributes>
			<attribute name="ESR" class="java.lang.String">6</attribute>
			<attribute name="age" class="java.lang.String">69</attribute>
			<attribute name="eduatt" class="java.lang.String">4</attribute>
			<attribute name="gender" class="java.lang.String">female</attribute>
			<attribute name="hhinc" class="java.lang.String">48192</attribute>
			<attribute name="hhnumautos" class="java.lang.String">2</attribute>
			<attribute name="hhsize" class="java.lang.String">2</attribute>
			<attribute name="householdId" class="java.lang.String">4317252</attribute>
			<attribute name="htype" class="java.lang.String">SFD</attribute>
			<attribute name="race" class="java.lang.String">NHW</attribute>
			<attribute name="schg" class="java.lang.String">0</attribute>
			<attribute name="subpopulation" class="java.lang.String">person</attribute>
			<attribute name="ten" class="java.lang.String">2</attribute>
			<attribute name="wkind20" class="java.lang.String">0</attribute>
			<attribute name="wkocc24" class="java.lang.String">0</attribute>
			<attribute name="worker" class="java.lang.String">unemployed</attribute>
		</attributes>
		<plan selected="yes">
			<activity type="home_86400" x="248985.7472599442" y="-439705.427879301" >
				<attributes>
					<attribute name="zoneId" class="java.lang.String">53788100</attribute>
				</attributes>
			</activity>
		</plan>

	</person>

<!-- ====================================================================== -->

	<person id="13577883">
		<attributes>
			<attribute name="ESR" class="java.lang.String">1</attribute>
			<attribute name="age" class="java.lang.String">23</attribute>
			<attribute name="eduatt" class="java.lang.String">3</attribute>
			<attribute name="gender" class="java.lang.String">male</attribute>
			<attribute name="hhinc" class="java.lang.String">219848</attribute>
			<attribute name="hhnumautos" class="java.lang.String">3</attribute>
			<attribute name="hhsize" class="java.lang.String">6</attribute>
			<attribute name="householdId" class="java.lang.String">4386828</attribute>
			<attribute name="htype" class="java.lang.String">SFD</attribute>
			<attribute name="race" class="java.lang.String">HP</attribute>
			<attribute name="schg" class="java.lang.String">15</attribute>
			<attribute name="subpopulation" class="java.lang.String">person</attribute>
			<attribute name="ten" class="java.lang.String">1</attribute>
			<attribute name="wkind20" class="java.lang.String">61</attribute>
			<attribute name="wkocc24" class="java.lang.String">9</attribute>
			<attribute name="worker" class="java.lang.String">employed</attribute>
		</attributes>
		<plan selected="yes">
			<activity type="home_86400" x="183181.14746026704" y="-461115.31770711194" >
				<attributes>
					<attribute name="zoneId" class="java.lang.String">32473300</attribute>
				</attributes>
			</activity>
		</plan>

	</person>

<!-- ====================================================================== -->

	<person id="13718387">
		<attributes>
			<attribute name="ESR" class="java.lang.String">0</attribute>
			<attribute name="age" class="java.lang.String">13</attribute>
			<attribute name="eduatt" class="java.lang.String">1</attribute>
			<attribute name="gender" class="java.lang.String">male</attribute>
			<attribute name="hhinc" class="java.lang.String">657</attribute>
			<attribute name="hhnumautos" class="java.lang.String">1</attribute>
			<attribute name="hhsize" class="java.lang.String">7</attribute>
			<attribute name="householdId" class="java.lang.String">4427646</attribute>
			<attribute name="htype" class="java.lang.String">Multiple</attribute>
			<attribute name="race" class="java.lang.String">HP</attribute>
			<attribute name="schg" class="java.lang.String">10</attribute>
			<attribute name="subpopulation" class="java.lang.String">person</attribute>
			<attribute name="ten" class="java.lang.String">3</attribute>
			<attribute name="wkind20" class="java.lang.String">0</attribute>
			<attribute name="wkocc24" class="java.lang.String">0</attribute>
			<attribute name="worker" class="java.lang.String">unemployed</attribute>
		</attributes>
		<plan selected="yes">
			<activity type="home_42600" x="246747.79950316323" y="-389972.65450682613" end_time="03:45:00" >
				<attributes>
					<attribute name="initialEndTime" class="java.lang.Double">13500.0</attribute>
					<attribute name="zoneId" class="java.lang.String">53925100</attribute>
				</attributes>
			</activity>
			<leg mode="ride" trav_time="00:15:06">
			</leg>
			<activity type="school_19200" x="247334.47244042606" y="-389653.8694553129" end_time="09:21:29" >
				<attributes>
					<attribute name="initialEndTime" class="java.lang.Double">33689.54020500183</attribute>
					<attribute name="initialStartTime" class="java.lang.Double">14406.947135925293</attribute>
					<attribute name="zoneId" class="java.lang.String">53932300</attribute>
				</attributes>
			</activity>
			<leg mode="walk" trav_time="00:45:55">
			</leg>
			<activity type="visiting_18000" x="249666.8862823824" y="-388512.9519393143" end_time="15:09:54" >
				<attributes>
					<attribute name="initialEndTime" class="java.lang.Double">54594.27060127258</attribute>
					<attribute name="initialStartTime" class="java.lang.Double">36444.585428237915</attribute>
					<attribute name="zoneId" class="java.lang.String">53937100</attribute>
				</attributes>
			</activity>
			<leg mode="walk" trav_time="00:50:57">
			</leg>
			<activity type="home_42600" x="246747.79950316323" y="-389972.65450682613" >
				<attributes>
					<attribute name="initialStartTime" class="java.lang.Double">57651.56458854675</attribute>
					<attribute name="zoneId" class="java.lang.String">53925100</attribute>
				</attributes>
			</activity>
		</plan>

	</person>

<!-- ====================================================================== -->

	<person id="13755635">
		<attributes>
			<attribute name="ESR" class="java.lang.String">6</attribute>
			<attribute name="age" class="java.lang.String">21</attribute>
			<attribute name="eduatt" class="java.lang.String">3</attribute>
			<attribute name="gender" class="java.lang.String">female</attribute>
			<attribute name="hhinc" class="java.lang.String">53422</attribute>
			<attribute name="hhnumautos" class="java.lang.String">4</attribute>
			<attribute name="hhsize" class="java.lang.String">6</attribute>
			<attribute name="householdId" class="java.lang.String">4438274</attribute>
			<attribute name="htype" class="java.lang.String">SFD</attribute>
			<attribute name="race" class="java.lang.String">HP</attribute>
			<attribute name="schg" class="java.lang.String">15</attribute>
			<attribute name="subpopulation" class="java.lang.String">person</attribute>
			<attribute name="ten" class="java.lang.String">1</attribute>
			<attribute name="wkind20" class="java.lang.String">0</attribute>
			<attribute name="wkocc24" class="java.lang.String">0</attribute>
			<attribute name="worker" class="java.lang.String">unemployed</attribute>
		</attributes>
		<plan selected="yes">
			<activity type="home_52200" x="232668.83199509038" y="-453377.19856519136" end_time="06:00:00" >
				<attributes>
					<attribute name="initialEndTime" class="java.lang.Double">21600.0</attribute>
					<attribute name="zoneId" class="java.lang.String">43194200</attribute>
				</attributes>
			</activity>
			<leg mode="car_teleported" trav_time="00:16:39">
			</leg>
			<activity type="university_23400" x="235157.7053629591" y="-444816.11154535465" end_time="12:43:17" >
				<attributes>
					<attribute name="initialEndTime" class="java.lang.Double">45797.86777496338</attribute>
					<attribute name="initialStartTime" class="java.lang.Double">22599.18628692627</attribute>
					<attribute name="zoneId" class="java.lang.String">43135100</attribute>
				</attributes>
			</activity>
			<leg mode="car_teleported" trav_time="00:19:25">
			</leg>
			<activity type="home_3600" x="232668.83199509038" y="-453377.19856519136" max_dur="00:57:16" >
				<attributes>
					<attribute name="initialEndTime" class="java.lang.Double">50400.0</attribute>
					<attribute name="initialStartTime" class="java.lang.Double">46963.3479309082</attribute>
					<attribute name="zoneId" class="java.lang.String">43194200</attribute>
				</attributes>
			</activity>
			<leg mode="car_teleported" trav_time="00:07:57">
			</leg>
			<activity type="eatout_1200" x="236162.7747288339" y="-449611.7316198602" max_dur="00:22:54" >
				<attributes>
					<attribute name="initialEndTime" class="java.lang.Double">52251.58458709717</attribute>
					<attribute name="initialStartTime" class="java.lang.Double">50877.175884246826</attribute>
					<attribute name="zoneId" class="java.lang.String">43211300</attribute>
				</attributes>
			</activity>
			<leg mode="car_teleported" trav_time="00:28:34">
			</leg>
			<activity type="maintenance_600" x="234780.78193160042" y="-433895.9745984589" max_dur="00:05:00" >
				<attributes>
					<attribute name="initialEndTime" class="java.lang.Double">53383.758544921875</attribute>
					<attribute name="initialStartTime" class="java.lang.Double">53966.37634277344</attribute>
					<attribute name="zoneId" class="java.lang.String">53722100</attribute>
				</attributes>
			</activity>
			<leg mode="car_teleported" trav_time="00:16:11">
			</leg>
			<activity type="visiting_600" x="233249.14123437417" y="-442653.2104547696" max_dur="00:04:43" >
				<attributes>
					<attribute name="initialEndTime" class="java.lang.Double">54639.127349853516</attribute>
					<attribute name="initialStartTime" class="java.lang.Double">54355.58624267578</attribute>
					<attribute name="zoneId" class="java.lang.String">43134200</attribute>
				</attributes>
			</activity>
			<leg mode="car_teleported" trav_time="00:20:52">
			</leg>
			<activity type="home_52200" x="232668.83199509038" y="-453377.19856519136" >
				<attributes>
					<attribute name="initialStartTime" class="java.lang.Double">55891.29283905029</attribute>
					<attribute name="zoneId" class="java.lang.String">43194200</attribute>
				</attributes>
			</activity>
		</plan>

	</person>

<!-- ====================================================================== -->

	<person id="13805777">
		<attributes>
			<attribute name="ESR" class="java.lang.String">0</attribute>
			<attribute name="age" class="java.lang.String">15</attribute>
			<attribute name="eduatt" class="java.lang.String">1</attribute>
			<attribute name="gender" class="java.lang.String">female</attribute>
			<attribute name="hhinc" class="java.lang.String">23210</attribute>
			<attribute name="hhnumautos" class="java.lang.String">2</attribute>
			<attribute name="hhsize" class="java.lang.String">8</attribute>
			<attribute name="householdId" class="java.lang.String">4453426</attribute>
			<attribute name="htype" class="java.lang.String">SFD</attribute>
			<attribute name="race" class="java.lang.String">HP</attribute>
			<attribute name="schg" class="java.lang.String">12</attribute>
			<attribute name="subpopulation" class="java.lang.String">person</attribute>
			<attribute name="ten" class="java.lang.String">1</attribute>
			<attribute name="wkind20" class="java.lang.String">0</attribute>
			<attribute name="wkocc24" class="java.lang.String">0</attribute>
			<attribute name="worker" class="java.lang.String">unemployed</attribute>
		</attributes>
		<plan selected="yes">
			<activity type="home_55800" x="231455.74974676874" y="-432385.8919356483" end_time="04:30:00" >
				<attributes>
					<attribute name="initialEndTime" class="java.lang.Double">16200.0</attribute>
					<attribute name="zoneId" class="java.lang.String">53708200</attribute>
				</attributes>
			</activity>
			<leg mode="ride" trav_time="00:09:53">
			</leg>
			<activity type="school_29400" x="235655.71609588803" y="-436656.16347208794" end_time="12:47:46" >
				<attributes>
					<attribute name="initialEndTime" class="java.lang.Double">46066.88798904419</attribute>
					<attribute name="initialStartTime" class="java.lang.Double">16793.556575775146</attribute>
					<attribute name="zoneId" class="java.lang.String">53724100</attribute>
				</attributes>
			</activity>
			<leg mode="ride" trav_time="00:09:30">
			</leg>
			<activity type="home_55800" x="231455.74974676874" y="-432385.8919356483" >
				<attributes>
					<attribute name="initialStartTime" class="java.lang.Double">46637.10313796997</attribute>
					<attribute name="zoneId" class="java.lang.String">53708200</attribute>
				</attributes>
			</activity>
		</plan>

	</person>

<!-- ====================================================================== -->

	<person id="13936383">
		<attributes>
			<attribute name="ESR" class="java.lang.String">6</attribute>
			<attribute name="age" class="java.lang.String">23</attribute>
			<attribute name="eduatt" class="java.lang.String">4</attribute>
			<attribute name="gender" class="java.lang.String">female</attribute>
			<attribute name="hhinc" class="java.lang.String">67043</attribute>
			<attribute name="hhnumautos" class="java.lang.String">4</attribute>
			<attribute name="hhsize" class="java.lang.String">6</attribute>
			<attribute name="householdId" class="java.lang.String">4495171</attribute>
			<attribute name="htype" class="java.lang.String">SFD</attribute>
			<attribute name="race" class="java.lang.String">HP</attribute>
			<attribute name="schg" class="java.lang.String">0</attribute>
			<attribute name="subpopulation" class="java.lang.String">person</attribute>
			<attribute name="ten" class="java.lang.String">1</attribute>
			<attribute name="wkind20" class="java.lang.String">0</attribute>
			<attribute name="wkocc24" class="java.lang.String">0</attribute>
			<attribute name="worker" class="java.lang.String">unemployed</attribute>
		</attributes>
		<plan selected="yes">
			<activity type="home_86400" x="231853.3730777447" y="-425065.09812036104" >
				<attributes>
					<attribute name="zoneId" class="java.lang.String">53720500</attribute>
				</attributes>
			</activity>
		</plan>

	</person>

<!-- ====================================================================== -->

	<person id="14029641">
		<attributes>
			<attribute name="ESR" class="java.lang.String">1</attribute>
			<attribute name="age" class="java.lang.String">36</attribute>
			<attribute name="eduatt" class="java.lang.String">3</attribute>
			<attribute name="gender" class="java.lang.String">male</attribute>
			<attribute name="hhinc" class="java.lang.String">89630</attribute>
			<attribute name="hhnumautos" class="java.lang.String">2</attribute>
			<attribute name="hhsize" class="java.lang.String">2</attribute>
			<attribute name="householdId" class="java.lang.String">4522461</attribute>
			<attribute name="htype" class="java.lang.String">SFD</attribute>
			<attribute name="race" class="java.lang.String">HP</attribute>
			<attribute name="schg" class="java.lang.String">0</attribute>
			<attribute name="subpopulation" class="java.lang.String">person</attribute>
			<attribute name="ten" class="java.lang.String">3</attribute>
			<attribute name="wkind20" class="java.lang.String">52</attribute>
			<attribute name="wkocc24" class="java.lang.String">18</attribute>
			<attribute name="worker" class="java.lang.String">employed</attribute>
		</attributes>
		<plan selected="yes">
			<activity type="home_53400" x="178552.43157753182" y="-461594.4532337165" end_time="05:00:00" >
				<attributes>
					<attribute name="initialEndTime" class="java.lang.Double">18000.0</attribute>
					<attribute name="zoneId" class="java.lang.String">21846100</attribute>
				</attributes>
			</activity>
			<leg mode="car_teleported" trav_time="00:12:13">
			</leg>
			<activity type="work_31800" x="173091.9892009673" y="-458094.2785999894" end_time="14:02:44" >
				<attributes>
					<attribute name="initialEndTime" class="java.lang.Double">50564.39168930054</attribute>
					<attribute name="initialStartTime" class="java.lang.Double">18733.51930618286</attribute>
					<attribute name="zoneId" class="java.lang.String">21781100</attribute>
				</attributes>
			</activity>
			<leg mode="car_teleported" trav_time="00:10:56">
			</leg>
			<activity type="home_53400" x="178552.43157753182" y="-461594.4532337165" >
				<attributes>
					<attribute name="initialStartTime" class="java.lang.Double">51220.53823471069</attribute>
					<attribute name="zoneId" class="java.lang.String">21846100</attribute>
				</attributes>
			</activity>
		</plan>

	</person>

<!-- ====================================================================== -->

	<person id="14035994">
		<attributes>
			<attribute name="ESR" class="java.lang.String">3</attribute>
			<attribute name="age" class="java.lang.String">36</attribute>
			<attribute name="eduatt" class="java.lang.String">2</attribute>
			<attribute name="gender" class="java.lang.String">female</attribute>
			<attribute name="hhinc" class="java.lang.String">32155</attribute>
			<attribute name="hhnumautos" class="java.lang.String">1</attribute>
			<attribute name="hhsize" class="java.lang.String">8</attribute>
			<attribute name="householdId" class="java.lang.String">4524386</attribute>
			<attribute name="htype" class="java.lang.String">SFD</attribute>
			<attribute name="race" class="java.lang.String">HP</attribute>
			<attribute name="schg" class="java.lang.String">0</attribute>
			<attribute name="subpopulation" class="java.lang.String">person</attribute>
			<attribute name="ten" class="java.lang.String">3</attribute>
			<attribute name="wkind20" class="java.lang.String">0</attribute>
			<attribute name="wkocc24" class="java.lang.String">0</attribute>
			<attribute name="worker" class="java.lang.String">unemployed</attribute>
		</attributes>
		<plan selected="yes">
			<activity type="home_55200" x="241917.04166476784" y="-390052.27061198687" end_time="05:15:00" >
				<attributes>
					<attribute name="initialEndTime" class="java.lang.Double">18900.0</attribute>
					<attribute name="zoneId" class="java.lang.String">53916300</attribute>
				</attributes>
			</activity>
			<leg mode="car_teleported" trav_time="00:04:38">
			</leg>
			<activity type="schoolpureescort_600" x="241831.71265959996" y="-386700.48716560024" max_dur="00:09:42" >
				<attributes>
					<attribute name="initialEndTime" class="java.lang.Double">19760.567846298218</attribute>
					<attribute name="initialStartTime" class="java.lang.Double">19178.389320373535</attribute>
					<attribute name="zoneId" class="java.lang.String">53911300</attribute>
				</attributes>
			</activity>
			<leg mode="car_teleported" trav_time="00:04:38">
			</leg>
			<activity type="schoolpureescort_600" x="241813.05178503608" y="-389184.515879654" max_dur="00:10:37" >
				<attributes>
					<attribute name="initialEndTime" class="java.lang.Double">20677.221956253055</attribute>
					<attribute name="initialStartTime" class="java.lang.Double">20039.49481010437</attribute>
					<attribute name="zoneId" class="java.lang.String">53916300</attribute>
				</attributes>
			</activity>
			<leg mode="car_teleported" trav_time="00:05:08">
			</leg>
			<activity type="schoolpureescort_1200" x="243631.04772490045" y="-386836.8391826002" max_dur="00:19:12" >
				<attributes>
					<attribute name="initialEndTime" class="java.lang.Double">22137.78977394104</attribute>
					<attribute name="initialStartTime" class="java.lang.Double">20985.5116558075</attribute>
					<attribute name="zoneId" class="java.lang.String">53919200</attribute>
				</attributes>
			</activity>
			<leg mode="car_teleported" trav_time="00:05:05">
			</leg>
			<activity type="home_25200" x="241917.04166476784" y="-390052.27061198687" end_time="13:15:00" >
				<attributes>
					<attribute name="initialEndTime" class="java.lang.Double">47700.0</attribute>
					<attribute name="initialStartTime" class="java.lang.Double">22443.308458328247</attribute>
					<attribute name="zoneId" class="java.lang.String">53916300</attribute>
				</attributes>
			</activity>
			<leg mode="car_teleported" trav_time="00:04:26">
			</leg>
			<activity type="maintenance_2400" x="240002.6219524402" y="-393621.02785624843" max_dur="00:35:57" >
				<attributes>
					<attribute name="initialEndTime" class="java.lang.Double">50124.25283432007</attribute>
					<attribute name="initialStartTime" class="java.lang.Double">47966.70415878296</attribute>
					<attribute name="zoneId" class="java.lang.String">53908300</attribute>
				</attributes>
			</activity>
			<leg mode="car_teleported" trav_time="00:04:26">
			</leg>
			<activity type="home_55200" x="241917.04166476784" y="-390052.27061198687" >
				<attributes>
					<attribute name="initialStartTime" class="java.lang.Double">50390.933532714844</attribute>
					<attribute name="zoneId" class="java.lang.String">53916300</attribute>
				</attributes>
			</activity>
		</plan>

	</person>

<!-- ====================================================================== -->

	<person id="14099081">
		<attributes>
			<attribute name="ESR" class="java.lang.String">6</attribute>
			<attribute name="age" class="java.lang.String">77</attribute>
			<attribute name="eduatt" class="java.lang.String">1</attribute>
			<attribute name="gender" class="java.lang.String">female</attribute>
			<attribute name="hhinc" class="java.lang.String">273606</attribute>
			<attribute name="hhnumautos" class="java.lang.String">4</attribute>
			<attribute name="hhsize" class="java.lang.String">6</attribute>
			<attribute name="householdId" class="java.lang.String">4544358</attribute>
			<attribute name="htype" class="java.lang.String">SFD</attribute>
			<attribute name="race" class="java.lang.String">HP</attribute>
			<attribute name="schg" class="java.lang.String">0</attribute>
			<attribute name="subpopulation" class="java.lang.String">person</attribute>
			<attribute name="ten" class="java.lang.String">2</attribute>
			<attribute name="wkind20" class="java.lang.String">0</attribute>
			<attribute name="wkocc24" class="java.lang.String">0</attribute>
			<attribute name="worker" class="java.lang.String">unemployed</attribute>
		</attributes>
		<plan selected="yes">
			<activity type="home_86400" x="237472.4981766647" y="-437069.19012541854" >
				<attributes>
					<attribute name="zoneId" class="java.lang.String">53733200</attribute>
				</attributes>
			</activity>
		</plan>

	</person>

<!-- ====================================================================== -->

	<person id="14149896">
		<attributes>
			<attribute name="ESR" class="java.lang.String">1</attribute>
			<attribute name="age" class="java.lang.String">42</attribute>
			<attribute name="eduatt" class="java.lang.String">4</attribute>
			<attribute name="gender" class="java.lang.String">male</attribute>
			<attribute name="hhinc" class="java.lang.String">58967</attribute>
			<attribute name="hhnumautos" class="java.lang.String">1</attribute>
			<attribute name="hhsize" class="java.lang.String">4</attribute>
			<attribute name="householdId" class="java.lang.String">4560467</attribute>
			<attribute name="htype" class="java.lang.String">Multiple</attribute>
			<attribute name="race" class="java.lang.String">NHW</attribute>
			<attribute name="schg" class="java.lang.String">16</attribute>
			<attribute name="subpopulation" class="java.lang.String">person</attribute>
			<attribute name="ten" class="java.lang.String">3</attribute>
			<attribute name="wkind20" class="java.lang.String">44</attribute>
			<attribute name="wkocc24" class="java.lang.String">17</attribute>
			<attribute name="worker" class="java.lang.String">employed</attribute>
		</attributes>
		<plan selected="yes">
			<activity type="home_86400" x="214587.60071326664" y="-481100.0622722353" >
				<attributes>
					<attribute name="zoneId" class="java.lang.String">33025800</attribute>
				</attributes>
			</activity>
		</plan>

	</person>

<!-- ====================================================================== -->

	<person id="14245348">
		<attributes>
			<attribute name="ESR" class="java.lang.String">1</attribute>
			<attribute name="age" class="java.lang.String">32</attribute>
			<attribute name="eduatt" class="java.lang.String">4</attribute>
			<attribute name="gender" class="java.lang.String">male</attribute>
			<attribute name="hhinc" class="java.lang.String">98536</attribute>
			<attribute name="hhnumautos" class="java.lang.String">2</attribute>
			<attribute name="hhsize" class="java.lang.String">2</attribute>
			<attribute name="householdId" class="java.lang.String">4590551</attribute>
			<attribute name="htype" class="java.lang.String">SFD</attribute>
			<attribute name="race" class="java.lang.String">NHAS</attribute>
			<attribute name="schg" class="java.lang.String">0</attribute>
			<attribute name="subpopulation" class="java.lang.String">person</attribute>
			<attribute name="ten" class="java.lang.String">1</attribute>
			<attribute name="wkind20" class="java.lang.String">51</attribute>
			<attribute name="wkocc24" class="java.lang.String">17</attribute>
			<attribute name="worker" class="java.lang.String">employed</attribute>
		</attributes>
		<plan selected="yes">
			<activity type="home_52800" x="229257.5695591558" y="-449899.52565496415" end_time="05:45:00" >
				<attributes>
					<attribute name="initialEndTime" class="java.lang.Double">20700.0</attribute>
					<attribute name="zoneId" class="java.lang.String">43178100</attribute>
				</attributes>
			</activity>
			<leg mode="car_teleported" trav_time="00:14:46">
			</leg>
			<activity type="business_32400" x="226163.166958187" y="-441501.56059540855" end_time="15:00:00" >
				<attributes>
					<attribute name="initialEndTime" class="java.lang.Double">54000.09784698486</attribute>
					<attribute name="initialStartTime" class="java.lang.Double">21586.97914123535</attribute>
					<attribute name="zoneId" class="java.lang.String">43123400</attribute>
				</attributes>
			</activity>
			<leg mode="car_teleported" trav_time="00:14:11">
			</leg>
			<activity type="home_52800" x="229257.5695591558" y="-449899.52565496415" >
				<attributes>
					<attribute name="initialStartTime" class="java.lang.Double">54851.295375823975</attribute>
					<attribute name="zoneId" class="java.lang.String">43178100</attribute>
				</attributes>
			</activity>
		</plan>

	</person>

<!-- ====================================================================== -->

	<person id="1439267">
		<attributes>
			<attribute name="ESR" class="java.lang.String">6</attribute>
			<attribute name="age" class="java.lang.String">82</attribute>
			<attribute name="eduatt" class="java.lang.String">5</attribute>
			<attribute name="gender" class="java.lang.String">female</attribute>
			<attribute name="hhinc" class="java.lang.String">50814</attribute>
			<attribute name="hhnumautos" class="java.lang.String">1</attribute>
			<attribute name="hhsize" class="java.lang.String">2</attribute>
			<attribute name="householdId" class="java.lang.String">463999</attribute>
			<attribute name="htype" class="java.lang.String">Multiple</attribute>
			<attribute name="race" class="java.lang.String">NHW</attribute>
			<attribute name="schg" class="java.lang.String">0</attribute>
			<attribute name="subpopulation" class="java.lang.String">person</attribute>
			<attribute name="ten" class="java.lang.String">3</attribute>
			<attribute name="wkind20" class="java.lang.String">0</attribute>
			<attribute name="wkocc24" class="java.lang.String">0</attribute>
			<attribute name="worker" class="java.lang.String">unemployed</attribute>
		</attributes>
		<plan selected="yes">
			<activity type="home_86400" x="140966.34336163083" y="-444956.0994064282" >
				<attributes>
					<attribute name="zoneId" class="java.lang.String">20760200</attribute>
				</attributes>
			</activity>
		</plan>

	</person>

<!-- ====================================================================== -->

	<person id="14550381">
		<attributes>
			<attribute name="ESR" class="java.lang.String">0</attribute>
			<attribute name="age" class="java.lang.String">12</attribute>
			<attribute name="eduatt" class="java.lang.String">1</attribute>
			<attribute name="gender" class="java.lang.String">female</attribute>
			<attribute name="hhinc" class="java.lang.String">66043</attribute>
			<attribute name="hhnumautos" class="java.lang.String">1</attribute>
			<attribute name="hhsize" class="java.lang.String">4</attribute>
			<attribute name="householdId" class="java.lang.String">4682150</attribute>
			<attribute name="htype" class="java.lang.String">SFD</attribute>
			<attribute name="race" class="java.lang.String">HP</attribute>
			<attribute name="schg" class="java.lang.String">9</attribute>
			<attribute name="subpopulation" class="java.lang.String">person</attribute>
			<attribute name="ten" class="java.lang.String">1</attribute>
			<attribute name="wkind20" class="java.lang.String">0</attribute>
			<attribute name="wkocc24" class="java.lang.String">0</attribute>
			<attribute name="worker" class="java.lang.String">unemployed</attribute>
		</attributes>
		<plan selected="yes">
			<activity type="home_51600" x="242920.82634412608" y="-387498.0638102623" end_time="04:30:00" >
				<attributes>
					<attribute name="initialEndTime" class="java.lang.Double">16200.0</attribute>
					<attribute name="zoneId" class="java.lang.String">53919100</attribute>
				</attributes>
			</activity>
			<leg mode="ride" trav_time="00:12:12">
			</leg>
			<activity type="schoolridesharing_6000" x="242605.4199470071" y="-388257.0922605169" max_dur="01:36:46" >
				<attributes>
					<attribute name="initialEndTime" class="java.lang.Double">22739.002863168716</attribute>
					<attribute name="initialStartTime" class="java.lang.Double">16932.685589790344</attribute>
					<attribute name="zoneId" class="java.lang.String">53919100</attribute>
				</attributes>
			</activity>
			<leg mode="ride" trav_time="00:12:12">
			</leg>
			<activity type="school_27000" x="242700.41163429135" y="-388125.3006463642" end_time="13:58:46" >
				<attributes>
					<attribute name="initialEndTime" class="java.lang.Double">50326.731441020966</attribute>
					<attribute name="initialStartTime" class="java.lang.Double">23471.68845295906</attribute>
					<attribute name="zoneId" class="java.lang.String">53919100</attribute>
				</attributes>
			</activity>
			<leg mode="walk" trav_time="00:12:12">
			</leg>
			<activity type="home_51600" x="242920.82634412608" y="-387498.0638102623" >
				<attributes>
					<attribute name="initialStartTime" class="java.lang.Double">51059.41703081131</attribute>
					<attribute name="zoneId" class="java.lang.String">53919100</attribute>
				</attributes>
			</activity>
		</plan>

	</person>

<!-- ====================================================================== -->

	<person id="14716126">
		<attributes>
			<attribute name="ESR" class="java.lang.String">1</attribute>
			<attribute name="age" class="java.lang.String">39</attribute>
			<attribute name="eduatt" class="java.lang.String">4</attribute>
			<attribute name="gender" class="java.lang.String">male</attribute>
			<attribute name="hhinc" class="java.lang.String">47566</attribute>
			<attribute name="hhnumautos" class="java.lang.String">1</attribute>
			<attribute name="hhsize" class="java.lang.String">1</attribute>
			<attribute name="householdId" class="java.lang.String">4732860</attribute>
			<attribute name="htype" class="java.lang.String">Multiple</attribute>
			<attribute name="race" class="java.lang.String">NHW</attribute>
			<attribute name="schg" class="java.lang.String">0</attribute>
			<attribute name="subpopulation" class="java.lang.String">person</attribute>
			<attribute name="ten" class="java.lang.String">1</attribute>
			<attribute name="wkind20" class="java.lang.String">92</attribute>
			<attribute name="wkocc24" class="java.lang.String">5</attribute>
			<attribute name="worker" class="java.lang.String">employed</attribute>
		</attributes>
		<plan selected="yes">
			<activity type="home_48000" x="66902.2485334623" y="-416162.4774795294" end_time="02:45:00" >
				<attributes>
					<attribute name="initialEndTime" class="java.lang.Double">9900.0</attribute>
					<attribute name="zoneId" class="java.lang.String">60013400</attribute>
				</attributes>
			</activity>
			<leg mode="car_teleported" trav_time="00:31:56">
			</leg>
			<activity type="work_34200" x="106662.53956450903" y="-420001.9557189507" end_time="12:48:41" >
				<attributes>
					<attribute name="initialEndTime" class="java.lang.Double">46121.51664733887</attribute>
					<attribute name="initialStartTime" class="java.lang.Double">11816.715431213379</attribute>
					<attribute name="zoneId" class="java.lang.String">60131100</attribute>
				</attributes>
			</activity>
			<leg mode="car_teleported" trav_time="00:38:23">
			</leg>
			<activity type="home_48000" x="66902.2485334623" y="-416162.4774795294" >
				<attributes>
					<attribute name="initialStartTime" class="java.lang.Double">48425.16563415527</attribute>
					<attribute name="zoneId" class="java.lang.String">60013400</attribute>
				</attributes>
			</activity>
		</plan>

	</person>

<!-- ====================================================================== -->

	<person id="14775575">
		<attributes>
			<attribute name="ESR" class="java.lang.String">1</attribute>
			<attribute name="age" class="java.lang.String">23</attribute>
			<attribute name="eduatt" class="java.lang.String">4</attribute>
			<attribute name="gender" class="java.lang.String">female</attribute>
			<attribute name="hhinc" class="java.lang.String">44343</attribute>
			<attribute name="hhnumautos" class="java.lang.String">1</attribute>
			<attribute name="hhsize" class="java.lang.String">2</attribute>
			<attribute name="householdId" class="java.lang.String">4751512</attribute>
			<attribute name="htype" class="java.lang.String">Multiple</attribute>
			<attribute name="race" class="java.lang.String">HP</attribute>
			<attribute name="schg" class="java.lang.String">15</attribute>
			<attribute name="subpopulation" class="java.lang.String">person</attribute>
			<attribute name="ten" class="java.lang.String">3</attribute>
			<attribute name="wkind20" class="java.lang.String">51</attribute>
			<attribute name="wkocc24" class="java.lang.String">17</attribute>
			<attribute name="worker" class="java.lang.String">employed</attribute>
		</attributes>
		<plan selected="yes">
			<activity type="home_77400" x="201376.74983727754" y="-473392.19815328775" end_time="10:45:00" >
				<attributes>
					<attribute name="initialEndTime" class="java.lang.Double">38700.0</attribute>
					<attribute name="zoneId" class="java.lang.String">32987100</attribute>
				</attributes>
			</activity>
			<leg mode="ride" trav_time="00:09:43">
			</leg>
			<activity type="shop_2400" x="205603.72456991207" y="-479730.45431082265" max_dur="00:40:19" >
				<attributes>
					<attribute name="initialEndTime" class="java.lang.Double">41703.0104637146</attribute>
					<attribute name="initialStartTime" class="java.lang.Double">39283.499908447266</attribute>
					<attribute name="zoneId" class="java.lang.String">33093100</attribute>
				</attributes>
			</activity>
			<leg mode="ride" trav_time="00:22:57">
			</leg>
			<activity type="HHmaintenance_600" x="187706.1289579968" y="-467826.04334529664" max_dur="00:05:00" >
				<attributes>
					<attribute name="initialEndTime" class="java.lang.Double">42818.543148040764</attribute>
					<attribute name="initialStartTime" class="java.lang.Double">43080.01874923706</attribute>
					<attribute name="zoneId" class="java.lang.String">32569200</attribute>
				</attributes>
			</activity>
			<leg mode="ride" trav_time="00:06:14">
			</leg>
			<activity type="non-schoolescort_1800" x="192573.9779104323" y="-468012.35986408475" max_dur="00:29:43" >
				<attributes>
					<attribute name="initialEndTime" class="java.lang.Double">44976.47174835205</attribute>
					<attribute name="initialStartTime" class="java.lang.Double">43192.59051322936</attribute>
					<attribute name="zoneId" class="java.lang.String">32608200</attribute>
				</attributes>
			</activity>
			<leg mode="ride" trav_time="00:13:18">
			</leg>
			<activity type="home_1200" x="201376.74983727754" y="-473392.19815328775" max_dur="00:17:05" >
				<attributes>
					<attribute name="initialEndTime" class="java.lang.Double">46800.0</attribute>
					<attribute name="initialStartTime" class="java.lang.Double">45774.539737701416</attribute>
					<attribute name="zoneId" class="java.lang.String">32987100</attribute>
				</attributes>
			</activity>
			<leg mode="bike" trav_time="00:12:56">
			</leg>
			<activity type="HHmaintenance_600" x="198691.841181615" y="-471783.2134408915" max_dur="00:05:00" >
				<attributes>
					<attribute name="initialEndTime" class="java.lang.Double">47389.505796432495</attribute>
					<attribute name="initialStartTime" class="java.lang.Double">47576.235365867615</attribute>
					<attribute name="zoneId" class="java.lang.String">32966200</attribute>
				</attributes>
			</activity>
			<leg mode="bike" trav_time="00:12:56">
			</leg>
			<activity type="home_77400" x="201376.74983727754" y="-473392.19815328775" >
				<attributes>
					<attribute name="initialStartTime" class="java.lang.Double">48165.74130535126</attribute>
					<attribute name="zoneId" class="java.lang.String">32987100</attribute>
				</attributes>
			</activity>
		</plan>

	</person>

<!-- ====================================================================== -->

	<person id="14814332">
		<attributes>
			<attribute name="ESR" class="java.lang.String">3</attribute>
			<attribute name="age" class="java.lang.String">21</attribute>
			<attribute name="eduatt" class="java.lang.String">3</attribute>
			<attribute name="gender" class="java.lang.String">female</attribute>
			<attribute name="hhinc" class="java.lang.String">50610</attribute>
			<attribute name="hhnumautos" class="java.lang.String">3</attribute>
			<attribute name="hhsize" class="java.lang.String">9</attribute>
			<attribute name="householdId" class="java.lang.String">4763124</attribute>
			<attribute name="htype" class="java.lang.String">SFD</attribute>
			<attribute name="race" class="java.lang.String">HP</attribute>
			<attribute name="schg" class="java.lang.String">15</attribute>
			<attribute name="subpopulation" class="java.lang.String">person</attribute>
			<attribute name="ten" class="java.lang.String">1</attribute>
			<attribute name="wkind20" class="java.lang.String">0</attribute>
			<attribute name="wkocc24" class="java.lang.String">0</attribute>
			<attribute name="worker" class="java.lang.String">unemployed</attribute>
		</attributes>
		<plan selected="yes">
			<activity type="home_40800" x="225845.61822772856" y="-457674.90615833923" end_time="09:15:00" >
				<attributes>
					<attribute name="initialEndTime" class="java.lang.Double">33300.0</attribute>
					<attribute name="zoneId" class="java.lang.String">43173100</attribute>
				</attributes>
			</activity>
			<leg mode="ride" trav_time="00:04:50">
			</leg>
			<activity type="eatoutdinner_2400" x="223139.40159668087" y="-456991.12880664336" max_dur="00:35:45" >
				<attributes>
					<attribute name="initialEndTime" class="java.lang.Double">35736.364517211914</attribute>
					<attribute name="initialStartTime" class="java.lang.Double">33590.56540489197</attribute>
					<attribute name="zoneId" class="java.lang.String">43154200</attribute>
				</attributes>
			</activity>
			<leg mode="ride" trav_time="00:05:03">
			</leg>
			<activity type="home_2400" x="225845.61822772856" y="-457674.90615833923" max_dur="00:44:19" >
				<attributes>
					<attribute name="initialEndTime" class="java.lang.Double">38700.0</attribute>
					<attribute name="initialStartTime" class="java.lang.Double">36040.33435821533</attribute>
					<attribute name="zoneId" class="java.lang.String">43173100</attribute>
				</attributes>
			</activity>
			<leg mode="car_teleported" trav_time="00:07:27">
			</leg>
			<activity type="eatout_3600" x="225808.54769692302" y="-451995.94644048554" max_dur="01:01:42" >
				<attributes>
					<attribute name="initialEndTime" class="java.lang.Double">42850.34996032715</attribute>
					<attribute name="initialStartTime" class="java.lang.Double">39147.991762161255</attribute>
					<attribute name="zoneId" class="java.lang.String">43178200</attribute>
				</attributes>
			</activity>
			<leg mode="car_teleported" trav_time="00:09:41">
			</leg>
			<activity type="maintenance_3000" x="227101.15315561445" y="-461134.0510451944" max_dur="00:50:09" >
				<attributes>
					<attribute name="initialEndTime" class="java.lang.Double">46440.845279693596</attribute>
					<attribute name="initialStartTime" class="java.lang.Double">43431.36850357056</attribute>
					<attribute name="zoneId" class="java.lang.String">43170500</attribute>
				</attributes>
			</activity>
			<leg mode="car_teleported" trav_time="00:03:31">
			</leg>
			<activity type="shop_4200" x="223402.85718812322" y="-461131.9592944757" max_dur="01:10:36" >
				<attributes>
					<attribute name="initialEndTime" class="java.lang.Double">50888.742542266846</attribute>
					<attribute name="initialStartTime" class="java.lang.Double">46652.72221088409</attribute>
					<attribute name="zoneId" class="java.lang.String">43158100</attribute>
				</attributes>
			</activity>
			<leg mode="car_teleported" trav_time="00:07:13">
			</leg>
			<activity type="home_6000" x="225845.61822772856" y="-457674.90615833923" max_dur="01:44:37" >
				<attributes>
					<attribute name="initialEndTime" class="java.lang.Double">57600.0</attribute>
					<attribute name="initialStartTime" class="java.lang.Double">51322.43926048279</attribute>
					<attribute name="zoneId" class="java.lang.String">43173100</attribute>
				</attributes>
			</activity>
			<leg mode="walk" trav_time="00:07:50">
			</leg>
			<activity type="visiting_1200" x="225964.2747066287" y="-458157.6618363202" max_dur="00:24:15" >
				<attributes>
					<attribute name="initialEndTime" class="java.lang.Double">59526.45595014095</attribute>
					<attribute name="initialStartTime" class="java.lang.Double">58070.88099718094</attribute>
					<attribute name="zoneId" class="java.lang.String">43173100</attribute>
				</attributes>
			</activity>
			<leg mode="walk" trav_time="00:07:50">
			</leg>
			<activity type="discretionary_1800" x="227015.7238472747" y="-457730.4744486097" max_dur="00:34:15" >
				<attributes>
					<attribute name="initialEndTime" class="java.lang.Double">62052.911900281906</attribute>
					<attribute name="initialStartTime" class="java.lang.Double">59997.33694732189</attribute>
					<attribute name="zoneId" class="java.lang.String">43173100</attribute>
				</attributes>
			</activity>
			<leg mode="walk" trav_time="00:07:50">
			</leg>
			<activity type="home_600" x="225845.61822772856" y="-457674.90615833923" max_dur="00:07:56" >
				<attributes>
					<attribute name="initialEndTime" class="java.lang.Double">63000.0</attribute>
					<attribute name="initialStartTime" class="java.lang.Double">62523.792897462845</attribute>
					<attribute name="zoneId" class="java.lang.String">43173100</attribute>
				</attributes>
			</activity>
			<leg mode="ride" trav_time="00:04:44">
			</leg>
			<activity type="discretionary_15600" x="226628.88453149356" y="-460760.38340820983" end_time="21:55:12" >
				<attributes>
					<attribute name="initialEndTime" class="java.lang.Double">78912.0559501648</attribute>
					<attribute name="initialStartTime" class="java.lang.Double">63284.16604042053</attribute>
					<attribute name="zoneId" class="java.lang.String">43175100</attribute>
				</attributes>
			</activity>
			<leg mode="ride" trav_time="00:04:44">
			</leg>
			<activity type="home_40800" x="225845.61822772856" y="-457674.90615833923" >
				<attributes>
					<attribute name="initialStartTime" class="java.lang.Double">79196.22199058533</attribute>
					<attribute name="zoneId" class="java.lang.String">43173100</attribute>
				</attributes>
			</activity>
		</plan>

	</person>

<!-- ====================================================================== -->

	<person id="14854861">
		<attributes>
			<attribute name="ESR" class="java.lang.String">0</attribute>
			<attribute name="age" class="java.lang.String">13</attribute>
			<attribute name="eduatt" class="java.lang.String">1</attribute>
			<attribute name="gender" class="java.lang.String">male</attribute>
			<attribute name="hhinc" class="java.lang.String">28982</attribute>
			<attribute name="hhnumautos" class="java.lang.String">2</attribute>
			<attribute name="hhsize" class="java.lang.String">4</attribute>
			<attribute name="householdId" class="java.lang.String">4776169</attribute>
			<attribute name="htype" class="java.lang.String">Multiple</attribute>
			<attribute name="race" class="java.lang.String">HP</attribute>
			<attribute name="schg" class="java.lang.String">9</attribute>
			<attribute name="subpopulation" class="java.lang.String">person</attribute>
			<attribute name="ten" class="java.lang.String">3</attribute>
			<attribute name="wkind20" class="java.lang.String">0</attribute>
			<attribute name="wkocc24" class="java.lang.String">0</attribute>
			<attribute name="worker" class="java.lang.String">unemployed</attribute>
		</attributes>
		<plan selected="yes">
			<activity type="home_43800" x="223006.59105740924" y="-431442.1750415457" end_time="04:15:00" >
				<attributes>
					<attribute name="initialEndTime" class="java.lang.Double">15300.0</attribute>
					<attribute name="zoneId" class="java.lang.String">53677300</attribute>
				</attributes>
			</activity>
			<leg mode="ride" trav_time="00:06:38">
			</leg>
			<activity type="schoolpureescort_600" x="226107.51157566713" y="-428095.6178247682" max_dur="00:10:34" >
				<attributes>
					<attribute name="initialEndTime" class="java.lang.Double">16332.363460063934</attribute>
					<attribute name="initialStartTime" class="java.lang.Double">15698.25499534607</attribute>
					<attribute name="zoneId" class="java.lang.String">53697200</attribute>
				</attributes>
			</activity>
			<leg mode="ride" trav_time="00:08:46">
			</leg>
			<activity type="school_39600" x="221953.76128788685" y="-429978.7229121251" end_time="15:42:01" >
				<attributes>
					<attribute name="initialEndTime" class="java.lang.Double">56521.30438327789</attribute>
					<attribute name="initialStartTime" class="java.lang.Double">16858.36939573288</attribute>
					<attribute name="zoneId" class="java.lang.String">53677200</attribute>
				</attributes>
			</activity>
			<leg mode="walk" trav_time="00:29:46">
			</leg>
			<activity type="home_43800" x="223006.59105740924" y="-431442.1750415457" >
				<attributes>
					<attribute name="initialStartTime" class="java.lang.Double">58308.26055049896</attribute>
					<attribute name="zoneId" class="java.lang.String">53677300</attribute>
				</attributes>
			</activity>
		</plan>

	</person>

<!-- ====================================================================== -->

	<person id="14873287">
		<attributes>
			<attribute name="ESR" class="java.lang.String">3</attribute>
			<attribute name="age" class="java.lang.String">37</attribute>
			<attribute name="eduatt" class="java.lang.String">2</attribute>
			<attribute name="gender" class="java.lang.String">female</attribute>
			<attribute name="hhinc" class="java.lang.String">5842</attribute>
			<attribute name="hhnumautos" class="java.lang.String">0</attribute>
			<attribute name="hhsize" class="java.lang.String">2</attribute>
			<attribute name="householdId" class="java.lang.String">4782196</attribute>
			<attribute name="htype" class="java.lang.String">SFA</attribute>
			<attribute name="race" class="java.lang.String">NHW</attribute>
			<attribute name="schg" class="java.lang.String">0</attribute>
			<attribute name="subpopulation" class="java.lang.String">person</attribute>
			<attribute name="ten" class="java.lang.String">1</attribute>
			<attribute name="wkind20" class="java.lang.String">0</attribute>
			<attribute name="wkocc24" class="java.lang.String">0</attribute>
			<attribute name="worker" class="java.lang.String">unemployed</attribute>
		</attributes>
		<plan selected="yes">
			<activity type="home_65400" x="206641.07649029585" y="-477503.49330633244" end_time="07:45:00" >
				<attributes>
					<attribute name="initialEndTime" class="java.lang.Double">27900.0</attribute>
					<attribute name="zoneId" class="java.lang.String">33105200</attribute>
				</attributes>
			</activity>
			<leg mode="ride" trav_time="00:02:38">
			</leg>
			<activity type="shop_10200" x="208206.0927332943" y="-477275.14295928803" end_time="10:39:51" >
				<attributes>
					<attribute name="initialEndTime" class="java.lang.Double">38391.92007064819</attribute>
					<attribute name="initialStartTime" class="java.lang.Double">28058.264923095703</attribute>
					<attribute name="zoneId" class="java.lang.String">33105100</attribute>
				</attributes>
			</activity>
			<leg mode="ride" trav_time="00:14:25">
			</leg>
			<activity type="shop_9000" x="196863.1417679659" y="-477245.22994526755" end_time="13:28:12" >
				<attributes>
					<attribute name="initialEndTime" class="java.lang.Double">48492.02911376953</attribute>
					<attribute name="initialStartTime" class="java.lang.Double">39257.828521728516</attribute>
					<attribute name="zoneId" class="java.lang.String">32940100</attribute>
				</attributes>
			</activity>
			<leg mode="ride" trav_time="00:15:10">
			</leg>
			<activity type="home_65400" x="206641.07649029585" y="-477503.49330633244" >
				<attributes>
					<attribute name="initialStartTime" class="java.lang.Double">49402.944831848145</attribute>
					<attribute name="zoneId" class="java.lang.String">33105200</attribute>
				</attributes>
			</activity>
		</plan>

	</person>

<!-- ====================================================================== -->

	<person id="15144375">
		<attributes>
			<attribute name="ESR" class="java.lang.String">6</attribute>
			<attribute name="age" class="java.lang.String">55</attribute>
			<attribute name="eduatt" class="java.lang.String">1</attribute>
			<attribute name="gender" class="java.lang.String">female</attribute>
			<attribute name="hhinc" class="java.lang.String">23593</attribute>
			<attribute name="hhnumautos" class="java.lang.String">3</attribute>
			<attribute name="hhsize" class="java.lang.String">7</attribute>
			<attribute name="householdId" class="java.lang.String">4875056</attribute>
			<attribute name="htype" class="java.lang.String">SFD</attribute>
			<attribute name="race" class="java.lang.String">HP</attribute>
			<attribute name="schg" class="java.lang.String">0</attribute>
			<attribute name="subpopulation" class="java.lang.String">person</attribute>
			<attribute name="ten" class="java.lang.String">1</attribute>
			<attribute name="wkind20" class="java.lang.String">0</attribute>
			<attribute name="wkocc24" class="java.lang.String">0</attribute>
			<attribute name="worker" class="java.lang.String">unemployed</attribute>
		</attributes>
		<plan selected="yes">
			<activity type="home_86400" x="249037.15410051995" y="-428197.6484752663" >
				<attributes>
					<attribute name="zoneId" class="java.lang.String">53792300</attribute>
				</attributes>
			</activity>
		</plan>

	</person>

<!-- ====================================================================== -->

	<person id="15214833">
		<attributes>
			<attribute name="ESR" class="java.lang.String">6</attribute>
			<attribute name="age" class="java.lang.String">81</attribute>
			<attribute name="eduatt" class="java.lang.String">3</attribute>
			<attribute name="gender" class="java.lang.String">male</attribute>
			<attribute name="hhinc" class="java.lang.String">149076</attribute>
			<attribute name="hhnumautos" class="java.lang.String">3</attribute>
			<attribute name="hhsize" class="java.lang.String">3</attribute>
			<attribute name="householdId" class="java.lang.String">4899320</attribute>
			<attribute name="htype" class="java.lang.String">SFD</attribute>
			<attribute name="race" class="java.lang.String">NHW</attribute>
			<attribute name="schg" class="java.lang.String">0</attribute>
			<attribute name="subpopulation" class="java.lang.String">person</attribute>
			<attribute name="ten" class="java.lang.String">1</attribute>
			<attribute name="wkind20" class="java.lang.String">0</attribute>
			<attribute name="wkocc24" class="java.lang.String">0</attribute>
			<attribute name="worker" class="java.lang.String">unemployed</attribute>
		</attributes>
		<plan selected="yes">
			<activity type="home_75600" x="329601.4339295885" y="-462260.49699430953" end_time="10:00:00" >
				<attributes>
					<attribute name="initialEndTime" class="java.lang.Double">36000.0</attribute>
					<attribute name="zoneId" class="java.lang.String">43514300</attribute>
				</attributes>
			</activity>
			<leg mode="car_teleported" trav_time="00:08:32">
			</leg>
			<activity type="personalmaintenance_3000" x="327757.7786731246" y="-458039.99070690566" max_dur="00:50:00" >
				<attributes>
					<attribute name="initialEndTime" class="java.lang.Double">39513.12973022461</attribute>
					<attribute name="initialStartTime" class="java.lang.Double">36512.459564208984</attribute>
					<attribute name="zoneId" class="java.lang.String">43502400</attribute>
				</attributes>
			</activity>
			<leg mode="car_teleported" trav_time="00:13:19">
			</leg>
			<activity type="discretionary_2400" x="331979.57688084076" y="-468613.08955011365" max_dur="00:40:54" >
				<attributes>
					<attribute name="initialEndTime" class="java.lang.Double">42767.22999572754</attribute>
					<attribute name="initialStartTime" class="java.lang.Double">40312.98070907593</attribute>
					<attribute name="zoneId" class="java.lang.String">43521300</attribute>
				</attributes>
			</activity>
			<leg mode="car_teleported" trav_time="00:09:59">
			</leg>
			<activity type="visiting_3000" x="326682.9115825773" y="-462067.4354911557" max_dur="00:51:24" >
				<attributes>
					<attribute name="initialEndTime" class="java.lang.Double">46450.59070587158</attribute>
					<attribute name="initialStartTime" class="java.lang.Double">43366.31893157959</attribute>
					<attribute name="zoneId" class="java.lang.String">43508200</attribute>
				</attributes>
			</activity>
			<leg mode="car_teleported" trav_time="00:05:35">
			</leg>
			<activity type="home_75600" x="329601.4339295885" y="-462260.49699430953" >
				<attributes>
					<attribute name="initialStartTime" class="java.lang.Double">46785.69860458374</attribute>
					<attribute name="zoneId" class="java.lang.String">43514300</attribute>
				</attributes>
			</activity>
		</plan>

	</person>

<!-- ====================================================================== -->

	<person id="15243121">
		<attributes>
			<attribute name="ESR" class="java.lang.String">6</attribute>
			<attribute name="age" class="java.lang.String">57</attribute>
			<attribute name="eduatt" class="java.lang.String">5</attribute>
			<attribute name="gender" class="java.lang.String">female</attribute>
			<attribute name="hhinc" class="java.lang.String">54225</attribute>
			<attribute name="hhnumautos" class="java.lang.String">3</attribute>
			<attribute name="hhsize" class="java.lang.String">3</attribute>
			<attribute name="householdId" class="java.lang.String">4908585</attribute>
			<attribute name="htype" class="java.lang.String">SFD</attribute>
			<attribute name="race" class="java.lang.String">NHW</attribute>
			<attribute name="schg" class="java.lang.String">0</attribute>
			<attribute name="subpopulation" class="java.lang.String">person</attribute>
			<attribute name="ten" class="java.lang.String">1</attribute>
			<attribute name="wkind20" class="java.lang.String">0</attribute>
			<attribute name="wkocc24" class="java.lang.String">0</attribute>
			<attribute name="worker" class="java.lang.String">unemployed</attribute>
		</attributes>
		<plan selected="yes">
			<activity type="home_55800" x="215983.24558625786" y="-432150.7632513212" end_time="04:30:00" >
				<attributes>
					<attribute name="initialEndTime" class="java.lang.Double">16200.0</attribute>
					<attribute name="zoneId" class="java.lang.String">53636200</attribute>
				</attributes>
			</activity>
			<leg mode="car_teleported" trav_time="00:00:30">
			</leg>
			<activity type="schoolpureescort_600" x="216086.20441631126" y="-432426.1411725235" max_dur="00:10:08" >
				<attributes>
					<attribute name="initialEndTime" class="java.lang.Double">16839.579421281815</attribute>
					<attribute name="initialStartTime" class="java.lang.Double">16230.937975645065</attribute>
					<attribute name="zoneId" class="java.lang.String">53636200</attribute>
				</attributes>
			</activity>
			<leg mode="car_teleported" trav_time="00:02:00">
			</leg>
			<activity type="shop_600" x="215901.85617217794" y="-432787.78592281917" max_dur="00:07:31" >
				<attributes>
					<attribute name="initialEndTime" class="java.lang.Double">17411.596651077267</attribute>
					<attribute name="initialStartTime" class="java.lang.Double">16959.685736894608</attribute>
					<attribute name="zoneId" class="java.lang.String">53636300</attribute>
				</attributes>
			</activity>
			<leg mode="car_teleported" trav_time="00:03:59">
			</leg>
			<activity type="non-schoolescort_1200" x="215200.99018521843" y="-434676.2268716142" max_dur="00:15:18" >
				<attributes>
					<attribute name="initialEndTime" class="java.lang.Double">18569.147815704346</attribute>
					<attribute name="initialStartTime" class="java.lang.Double">17650.86683273315</attribute>
					<attribute name="zoneId" class="java.lang.String">53639100</attribute>
				</attributes>
			</activity>
			<leg mode="car_teleported" trav_time="00:05:37">
			</leg>
			<activity type="home_24000" x="215983.24558625786" y="-432150.7632513212" end_time="12:00:00" >
				<attributes>
					<attribute name="initialEndTime" class="java.lang.Double">43200.0</attribute>
					<attribute name="initialStartTime" class="java.lang.Double">18906.817932128906</attribute>
					<attribute name="zoneId" class="java.lang.String">53636200</attribute>
				</attributes>
			</activity>
			<leg mode="car_teleported" trav_time="00:00:30">
			</leg>
			<activity type="schoolpureescort_1200" x="216608.20159480776" y="-431750.53769773024" max_dur="00:22:46" >
				<attributes>
					<attribute name="initialEndTime" class="java.lang.Double">44597.036313414574</attribute>
					<attribute name="initialStartTime" class="java.lang.Double">43230.937975645065</attribute>
					<attribute name="zoneId" class="java.lang.String">53636200</attribute>
				</attributes>
			</activity>
			<leg mode="car_teleported" trav_time="00:02:31">
			</leg>
			<activity type="non-schoolescort_1800" x="215727.78444622413" y="-431706.7620353794" max_dur="00:31:57" >
				<attributes>
					<attribute name="initialEndTime" class="java.lang.Double">46666.19047164917</attribute>
					<attribute name="initialStartTime" class="java.lang.Double">44748.21745812893</attribute>
					<attribute name="zoneId" class="java.lang.String">53636100</attribute>
				</attributes>
			</activity>
			<leg mode="car_teleported" trav_time="00:02:29">
			</leg>
			<activity type="home_55800" x="215983.24558625786" y="-432150.7632513212" >
				<attributes>
					<attribute name="initialStartTime" class="java.lang.Double">46815.9578704834</attribute>
					<attribute name="zoneId" class="java.lang.String">53636200</attribute>
				</attributes>
			</activity>
		</plan>

	</person>

<!-- ====================================================================== -->

	<person id="15391180">
		<attributes>
			<attribute name="ESR" class="java.lang.String">1</attribute>
			<attribute name="age" class="java.lang.String">41</attribute>
			<attribute name="eduatt" class="java.lang.String">5</attribute>
			<attribute name="gender" class="java.lang.String">male</attribute>
			<attribute name="hhinc" class="java.lang.String">141042</attribute>
			<attribute name="hhnumautos" class="java.lang.String">2</attribute>
			<attribute name="hhsize" class="java.lang.String">4</attribute>
			<attribute name="householdId" class="java.lang.String">4960910</attribute>
			<attribute name="htype" class="java.lang.String">SFD</attribute>
			<attribute name="race" class="java.lang.String">NHW</attribute>
			<attribute name="schg" class="java.lang.String">0</attribute>
			<attribute name="subpopulation" class="java.lang.String">person</attribute>
			<attribute name="ten" class="java.lang.String">1</attribute>
			<attribute name="wkind20" class="java.lang.String">71</attribute>
			<attribute name="wkocc24" class="java.lang.String">8</attribute>
			<attribute name="worker" class="java.lang.String">employed</attribute>
		</attributes>
		<plan selected="yes">
			<activity type="home_41400" x="248189.89225202418" y="-454385.46073002723" end_time="04:30:00" >
				<attributes>
					<attribute name="initialEndTime" class="java.lang.Double">16200.0</attribute>
					<attribute name="zoneId" class="java.lang.String">43255100</attribute>
				</attributes>
			</activity>
			<leg mode="car_teleported" trav_time="00:01:00">
			</leg>
			<activity type="schoolpureescort_1200" x="248620.1738250864" y="-454899.94830912777" max_dur="00:15:57" >
				<attributes>
					<attribute name="initialEndTime" class="java.lang.Double">17217.89609313011</attribute>
					<attribute name="initialStartTime" class="java.lang.Double">16260.483133792877</attribute>
					<attribute name="zoneId" class="java.lang.String">43255100</attribute>
				</attributes>
			</activity>
			<leg mode="car_teleported" trav_time="00:01:00">
			</leg>
			<activity type="schoolpureescort_1800" x="248321.78346306694" y="-454359.4700878231" max_dur="00:25:57" >
				<attributes>
					<attribute name="initialEndTime" class="java.lang.Double">18835.792186260223</attribute>
					<attribute name="initialStartTime" class="java.lang.Double">17278.37922692299</attribute>
					<attribute name="zoneId" class="java.lang.String">43255100</attribute>
				</attributes>
			</activity>
			<leg mode="car_teleported" trav_time="00:01:00">
			</leg>
			<activity type="home_24600" x="248189.89225202418" y="-454385.46073002723" end_time="12:00:00" >
				<attributes>
					<attribute name="initialEndTime" class="java.lang.Double">43200.0</attribute>
					<attribute name="initialStartTime" class="java.lang.Double">18896.2753200531</attribute>
					<attribute name="zoneId" class="java.lang.String">43255100</attribute>
				</attributes>
			</activity>
			<leg mode="car_teleported" trav_time="00:01:00">
			</leg>
			<activity type="schoolpureescort_1200" x="249070.7432203313" y="-454811.4781510158" max_dur="00:15:57" >
				<attributes>
					<attribute name="initialEndTime" class="java.lang.Double">44217.89609313011</attribute>
					<attribute name="initialStartTime" class="java.lang.Double">43260.48313379288</attribute>
					<attribute name="zoneId" class="java.lang.String">43255100</attribute>
				</attributes>
			</activity>
			<leg mode="car_teleported" trav_time="00:01:00">
			</leg>
			<activity type="schoolpureescort_1800" x="247698.5319251775" y="-454931.93214543734" max_dur="00:25:57" >
				<attributes>
					<attribute name="initialEndTime" class="java.lang.Double">45835.79218626022</attribute>
					<attribute name="initialStartTime" class="java.lang.Double">44278.37922692299</attribute>
					<attribute name="zoneId" class="java.lang.String">43255100</attribute>
				</attributes>
			</activity>
			<leg mode="car_teleported" trav_time="00:01:00">
			</leg>
			<activity type="home_4800" x="248189.89225202418" y="-454385.46073002723" max_dur="01:15:03" >
				<attributes>
					<attribute name="initialEndTime" class="java.lang.Double">50400.0</attribute>
					<attribute name="initialStartTime" class="java.lang.Double">45896.2753200531</attribute>
					<attribute name="zoneId" class="java.lang.String">43255100</attribute>
				</attributes>
			</activity>
			<leg mode="car_teleported" trav_time="00:32:23">
			</leg>
			<activity type="discretionary_1200" x="251572.0560193386" y="-426348.6015900727" max_dur="00:17:43" >
				<attributes>
					<attribute name="initialEndTime" class="java.lang.Double">53407.2761964798</attribute>
					<attribute name="initialStartTime" class="java.lang.Double">52343.839416503906</attribute>
					<attribute name="zoneId" class="java.lang.String">53808100</attribute>
				</attributes>
			</activity>
			<leg mode="car_teleported" trav_time="00:04:51">
			</leg>
			<activity type="maintenance_6000" x="250743.93735981322" y="-424542.51352118695" max_dur="01:35:20" >
				<attributes>
					<attribute name="initialEndTime" class="java.lang.Double">59419.270935058594</attribute>
					<attribute name="initialStartTime" class="java.lang.Double">53698.64077091217</attribute>
					<attribute name="zoneId" class="java.lang.String">53798200</attribute>
				</attributes>
			</activity>
			<leg mode="car_teleported" trav_time="00:29:44">
			</leg>
			<activity type="home_41400" x="248189.89225202418" y="-454385.46073002723" >
				<attributes>
					<attribute name="initialStartTime" class="java.lang.Double">61204.22847747803</attribute>
					<attribute name="zoneId" class="java.lang.String">43255100</attribute>
				</attributes>
			</activity>
		</plan>

	</person>

<!-- ====================================================================== -->

	<person id="15531102">
		<attributes>
			<attribute name="ESR" class="java.lang.String">6</attribute>
			<attribute name="age" class="java.lang.String">23</attribute>
			<attribute name="eduatt" class="java.lang.String">3</attribute>
			<attribute name="gender" class="java.lang.String">female</attribute>
			<attribute name="hhinc" class="java.lang.String">56609</attribute>
			<attribute name="hhnumautos" class="java.lang.String">2</attribute>
			<attribute name="hhsize" class="java.lang.String">4</attribute>
			<attribute name="householdId" class="java.lang.String">5007605</attribute>
			<attribute name="htype" class="java.lang.String">SFD</attribute>
			<attribute name="race" class="java.lang.String">NHAS</attribute>
			<attribute name="schg" class="java.lang.String">15</attribute>
			<attribute name="subpopulation" class="java.lang.String">person</attribute>
			<attribute name="ten" class="java.lang.String">3</attribute>
			<attribute name="wkind20" class="java.lang.String">0</attribute>
			<attribute name="wkocc24" class="java.lang.String">0</attribute>
			<attribute name="worker" class="java.lang.String">unemployed</attribute>
		</attributes>
		<plan selected="yes">
			<activity type="home_48600" x="245949.42122812942" y="-444078.5085438601" end_time="07:30:00" >
				<attributes>
					<attribute name="initialEndTime" class="java.lang.Double">27000.0</attribute>
					<attribute name="zoneId" class="java.lang.String">43251200</attribute>
				</attributes>
			</activity>
			<leg mode="bike" trav_time="00:06:23">
			</leg>
			<activity type="university_18000" x="247370.49208921377" y="-445617.808428455" end_time="12:35:24" >
				<attributes>
					<attribute name="initialEndTime" class="java.lang.Double">45324.7240626812</attribute>
					<attribute name="initialStartTime" class="java.lang.Double">27383.28627347946</attribute>
					<attribute name="zoneId" class="java.lang.String">43252100</attribute>
				</attributes>
			</activity>
			<leg mode="bike" trav_time="00:02:20">
			</leg>
			<activity type="eatoutdinner_19200" x="247728.6732480847" y="-445990.5782886673" end_time="17:57:26" >
				<attributes>
					<attribute name="initialEndTime" class="java.lang.Double">64646.68550491333</attribute>
					<attribute name="initialStartTime" class="java.lang.Double">45464.916887283325</attribute>
					<attribute name="zoneId" class="java.lang.String">43252100</attribute>
				</attributes>
			</activity>
			<leg mode="bike" trav_time="00:06:23">
			</leg>
			<activity type="home_48600" x="245949.42122812942" y="-444078.5085438601" >
				<attributes>
					<attribute name="initialStartTime" class="java.lang.Double">65029.971742630005</attribute>
					<attribute name="zoneId" class="java.lang.String">43251200</attribute>
				</attributes>
			</activity>
		</plan>

	</person>

<!-- ====================================================================== -->

	<person id="15547100">
		<attributes>
			<attribute name="ESR" class="java.lang.String">6</attribute>
			<attribute name="age" class="java.lang.String">38</attribute>
			<attribute name="eduatt" class="java.lang.String">1</attribute>
			<attribute name="gender" class="java.lang.String">male</attribute>
			<attribute name="hhinc" class="java.lang.String">15232</attribute>
			<attribute name="hhnumautos" class="java.lang.String">2</attribute>
			<attribute name="hhsize" class="java.lang.String">3</attribute>
			<attribute name="householdId" class="java.lang.String">5012289</attribute>
			<attribute name="htype" class="java.lang.String">Multiple</attribute>
			<attribute name="race" class="java.lang.String">HP</attribute>
			<attribute name="schg" class="java.lang.String">0</attribute>
			<attribute name="subpopulation" class="java.lang.String">person</attribute>
			<attribute name="ten" class="java.lang.String">3</attribute>
			<attribute name="wkind20" class="java.lang.String">0</attribute>
			<attribute name="wkocc24" class="java.lang.String">0</attribute>
			<attribute name="worker" class="java.lang.String">unemployed</attribute>
		</attributes>
		<plan selected="yes">
			<activity type="home_36000" x="253843.41269010224" y="-448917.2286876197" end_time="05:00:00" >
				<attributes>
					<attribute name="initialEndTime" class="java.lang.Double">18000.0</attribute>
					<attribute name="zoneId" class="java.lang.String">43273100</attribute>
				</attributes>
			</activity>
			<leg mode="car_teleported" trav_time="00:05:49">
			</leg>
			<activity type="personalmaintenance_21000" x="252200.56968086067" y="-451498.7543349806" end_time="10:53:45" >
				<attributes>
					<attribute name="initialEndTime" class="java.lang.Double">39225.54811477661</attribute>
					<attribute name="initialStartTime" class="java.lang.Double">18349.19969558716</attribute>
					<attribute name="zoneId" class="java.lang.String">43264200</attribute>
				</attributes>
			</activity>
			<leg mode="car_teleported" trav_time="00:05:35">
			</leg>
			<activity type="home_14400" x="253843.41269010224" y="-448917.2286876197" end_time="15:00:00" >
				<attributes>
					<attribute name="initialEndTime" class="java.lang.Double">54000.0</attribute>
					<attribute name="initialStartTime" class="java.lang.Double">39560.7253074646</attribute>
					<attribute name="zoneId" class="java.lang.String">43273100</attribute>
				</attributes>
			</activity>
			<leg mode="ride" trav_time="00:26:23">
			</leg>
			<activity type="eatout_1800" x="226103.87010533048" y="-457837.6999143709" max_dur="00:27:36" >
				<attributes>
					<attribute name="initialEndTime" class="java.lang.Double">57240.10559082031</attribute>
					<attribute name="initialStartTime" class="java.lang.Double">55583.93440246582</attribute>
					<attribute name="zoneId" class="java.lang.String">43173100</attribute>
				</attributes>
			</activity>
			<leg mode="ride" trav_time="00:04:44">
			</leg>
			<activity type="shop_3000" x="227935.94352706" y="-461846.3743782175" max_dur="00:49:14" >
				<attributes>
					<attribute name="initialEndTime" class="java.lang.Double">60479.084796905525</attribute>
					<attribute name="initialStartTime" class="java.lang.Double">57524.271631240845</attribute>
					<attribute name="zoneId" class="java.lang.String">43175100</attribute>
				</attributes>
			</activity>
			<leg mode="ride" trav_time="00:04:52">
			</leg>
			<activity type="shop_5400" x="224982.20712148273" y="-463133.60385395697" max_dur="01:34:38" >
				<attributes>
					<attribute name="initialEndTime" class="java.lang.Double">66449.82444763184</attribute>
					<attribute name="initialStartTime" class="java.lang.Double">60771.24404907227</attribute>
					<attribute name="zoneId" class="java.lang.String">43170200</attribute>
				</attributes>
			</activity>
			<leg mode="ride" trav_time="00:29:38">
			</leg>
			<activity type="home_36000" x="253843.41269010224" y="-448917.2286876197" >
				<attributes>
					<attribute name="initialStartTime" class="java.lang.Double">68227.92377471924</attribute>
					<attribute name="zoneId" class="java.lang.String">43273100</attribute>
				</attributes>
			</activity>
		</plan>

	</person>

<!-- ====================================================================== -->

	<person id="15824928">
		<attributes>
			<attribute name="ESR" class="java.lang.String">1</attribute>
			<attribute name="age" class="java.lang.String">50</attribute>
			<attribute name="eduatt" class="java.lang.String">1</attribute>
			<attribute name="gender" class="java.lang.String">female</attribute>
			<attribute name="hhinc" class="java.lang.String">6845</attribute>
			<attribute name="hhnumautos" class="java.lang.String">3</attribute>
			<attribute name="hhsize" class="java.lang.String">4</attribute>
			<attribute name="householdId" class="java.lang.String">5100952</attribute>
			<attribute name="htype" class="java.lang.String">Multiple</attribute>
			<attribute name="race" class="java.lang.String">HP</attribute>
			<attribute name="schg" class="java.lang.String">0</attribute>
			<attribute name="subpopulation" class="java.lang.String">person</attribute>
			<attribute name="ten" class="java.lang.String">3</attribute>
			<attribute name="wkind20" class="java.lang.String">72</attribute>
			<attribute name="wkocc24" class="java.lang.String">14</attribute>
			<attribute name="worker" class="java.lang.String">employed</attribute>
		</attributes>
		<plan selected="yes">
			<activity type="home_49800" x="76386.53476194924" y="-423554.158570622" end_time="05:45:00" >
				<attributes>
					<attribute name="initialEndTime" class="java.lang.Double">20700.0</attribute>
					<attribute name="zoneId" class="java.lang.String">60081200</attribute>
				</attributes>
			</activity>
			<leg mode="car_teleported" trav_time="00:05:40">
			</leg>
			<activity type="non-schoolescort_600" x="74068.32494800423" y="-425357.14698589843" max_dur="00:05:00" >
				<attributes>
					<attribute name="initialEndTime" class="java.lang.Double">20363.671016693115</attribute>
					<attribute name="initialStartTime" class="java.lang.Double">21040.74625968933</attribute>
					<attribute name="zoneId" class="java.lang.String">60063200</attribute>
				</attributes>
			</activity>
			<leg mode="car_teleported" trav_time="00:06:06">
			</leg>
			<activity type="home_11400" x="76386.53476194924" y="-423554.158570622" end_time="09:00:00" >
				<attributes>
					<attribute name="initialEndTime" class="java.lang.Double">32400.0</attribute>
					<attribute name="initialStartTime" class="java.lang.Double">20730.294342041016</attribute>
					<attribute name="zoneId" class="java.lang.String">60081200</attribute>
				</attributes>
			</activity>
			<leg mode="car_teleported" trav_time="00:05:38">
			</leg>
			<activity type="shop_3600" x="75642.67205068102" y="-426238.727227121" max_dur="01:04:25" >
				<attributes>
					<attribute name="initialEndTime" class="java.lang.Double">36603.72133255005</attribute>
					<attribute name="initialStartTime" class="java.lang.Double">32738.704862594604</attribute>
					<attribute name="zoneId" class="java.lang.String">60073400</attribute>
				</attributes>
			</activity>
			<leg mode="car_teleported" trav_time="00:05:42">
			</leg>
			<activity type="home_13200" x="76386.53476194924" y="-423554.158570622" end_time="14:00:00" >
				<attributes>
					<attribute name="initialEndTime" class="java.lang.Double">50400.0</attribute>
					<attribute name="initialStartTime" class="java.lang.Double">36945.78989982605</attribute>
					<attribute name="zoneId" class="java.lang.String">60081200</attribute>
				</attributes>
			</activity>
			<leg mode="car_teleported" trav_time="00:01:17">
			</leg>
			<activity type="non-schoolescort_600" x="76037.06184905444" y="-423140.5184574453" max_dur="00:05:00" >
				<attributes>
					<attribute name="initialEndTime" class="java.lang.Double">50333.07370662689</attribute>
					<attribute name="initialStartTime" class="java.lang.Double">50477.338128089905</attribute>
					<attribute name="zoneId" class="java.lang.String">60081100</attribute>
				</attributes>
			</activity>
			<leg mode="car_teleported" trav_time="00:01:17">
			</leg>
			<activity type="home_2400" x="76386.53476194924" y="-423554.158570622" max_dur="00:44:49" >
				<attributes>
					<attribute name="initialEndTime" class="java.lang.Double">53100.0</attribute>
					<attribute name="initialStartTime" class="java.lang.Double">50410.58280944824</attribute>
					<attribute name="zoneId" class="java.lang.String">60081200</attribute>
				</attributes>
			</activity>
			<leg mode="car_teleported" trav_time="00:06:24">
			</leg>
			<activity type="HHmaintenance_600" x="74848.62750705925" y="-426250.7033749751" max_dur="00:05:00" >
				<attributes>
					<attribute name="initialEndTime" class="java.lang.Double">53037.23880529404</attribute>
					<attribute name="initialStartTime" class="java.lang.Double">53484.73334312439</attribute>
					<attribute name="zoneId" class="java.lang.String">60067200</attribute>
				</attributes>
			</activity>
			<leg mode="car_teleported" trav_time="00:02:55">
			</leg>
			<activity type="personalmaintenance_600" x="76295.47909047522" y="-425711.26357206615" max_dur="00:09:05" >
				<attributes>
					<attribute name="initialEndTime" class="java.lang.Double">53757.87609100342</attribute>
					<attribute name="initialStartTime" class="java.lang.Double">53212.5728058815</attribute>
					<attribute name="zoneId" class="java.lang.String">60086100</attribute>
				</attributes>
			</activity>
			<leg mode="car_teleported" trav_time="00:05:16">
			</leg>
			<activity type="home_2400" x="76386.53476194924" y="-423554.158570622" max_dur="00:43:45" >
				<attributes>
					<attribute name="initialEndTime" class="java.lang.Double">56700.0</attribute>
					<attribute name="initialStartTime" class="java.lang.Double">54074.630069732666</attribute>
					<attribute name="zoneId" class="java.lang.String">60081200</attribute>
				</attributes>
			</activity>
			<leg mode="car_teleported" trav_time="00:04:17">
			</leg>
			<activity type="non-schoolescort_600" x="75618.92446456673" y="-425313.77763280954" max_dur="00:07:02" >
				<attributes>
					<attribute name="initialEndTime" class="java.lang.Double">57380.25230884552</attribute>
					<attribute name="initialStartTime" class="java.lang.Double">56957.46757507324</attribute>
					<attribute name="zoneId" class="java.lang.String">60073300</attribute>
				</attributes>
			</activity>
			<leg mode="car_teleported" trav_time="00:04:43">
			</leg>
			<activity type="home_49800" x="76386.53476194924" y="-423554.158570622" >
				<attributes>
					<attribute name="initialStartTime" class="java.lang.Double">57663.96985530853</attribute>
					<attribute name="zoneId" class="java.lang.String">60081200</attribute>
				</attributes>
			</activity>
		</plan>

	</person>

<!-- ====================================================================== -->

	<person id="15879209">
		<attributes>
			<attribute name="ESR" class="java.lang.String">1</attribute>
			<attribute name="age" class="java.lang.String">39</attribute>
			<attribute name="eduatt" class="java.lang.String">3</attribute>
			<attribute name="gender" class="java.lang.String">male</attribute>
			<attribute name="hhinc" class="java.lang.String">85618</attribute>
			<attribute name="hhnumautos" class="java.lang.String">1</attribute>
			<attribute name="hhsize" class="java.lang.String">1</attribute>
			<attribute name="householdId" class="java.lang.String">5119304</attribute>
			<attribute name="htype" class="java.lang.String">Multiple</attribute>
			<attribute name="race" class="java.lang.String">NHW</attribute>
			<attribute name="schg" class="java.lang.String">0</attribute>
			<attribute name="subpopulation" class="java.lang.String">person</attribute>
			<attribute name="ten" class="java.lang.String">3</attribute>
			<attribute name="wkind20" class="java.lang.String">54</attribute>
			<attribute name="wkocc24" class="java.lang.String">1</attribute>
			<attribute name="worker" class="java.lang.String">employed</attribute>
		</attributes>
		<plan selected="yes">
			<activity type="home_43200" x="208396.36835679595" y="-482338.89923203137" end_time="05:00:00" >
				<attributes>
					<attribute name="initialEndTime" class="java.lang.Double">18000.0</attribute>
					<attribute name="zoneId" class="java.lang.String">33113500</attribute>
				</attributes>
			</activity>
			<leg mode="car_teleported" trav_time="00:14:59">
			</leg>
			<activity type="business_14400" x="199193.2001311548" y="-476993.2370753046" end_time="09:13:01" >
				<attributes>
					<attribute name="initialEndTime" class="java.lang.Double">33181.529331207275</attribute>
					<attribute name="initialStartTime" class="java.lang.Double">18899.337215423584</attribute>
					<attribute name="zoneId" class="java.lang.String">33077200</attribute>
				</attributes>
			</activity>
			<leg mode="car_teleported" trav_time="00:15:58">
			</leg>
			<activity type="work_13800" x="213343.8372716817" y="-485384.7287119801" end_time="13:21:36" >
				<attributes>
					<attribute name="initialEndTime" class="java.lang.Double">48096.57440185547</attribute>
					<attribute name="initialStartTime" class="java.lang.Double">34139.701137542725</attribute>
					<attribute name="zoneId" class="java.lang.String">33018200</attribute>
				</attributes>
			</activity>
			<leg mode="car_teleported" trav_time="00:07:38">
			</leg>
			<activity type="home_4800" x="208396.36835679595" y="-482338.89923203137" max_dur="01:15:45" >
				<attributes>
					<attribute name="initialEndTime" class="java.lang.Double">53100.0</attribute>
					<attribute name="initialStartTime" class="java.lang.Double">48554.64563369751</attribute>
					<attribute name="zoneId" class="java.lang.String">33113500</attribute>
				</attributes>
			</activity>
			<leg mode="car_teleported" trav_time="00:04:36">
			</leg>
			<activity type="business_3600" x="209501.5986732223" y="-484566.8936662535" max_dur="00:58:39" >
				<attributes>
					<attribute name="initialEndTime" class="java.lang.Double">56896.2539434433</attribute>
					<attribute name="initialStartTime" class="java.lang.Double">53376.77112579346</attribute>
					<attribute name="zoneId" class="java.lang.String">32788600</attribute>
				</attributes>
			</activity>
			<leg mode="car_teleported" trav_time="00:16:40">
			</leg>
			<activity type="business_2400" x="199179.20769413622" y="-479110.685427554" max_dur="00:41:19" >
				<attributes>
					<attribute name="initialEndTime" class="java.lang.Double">60376.01749420166</attribute>
					<attribute name="initialStartTime" class="java.lang.Double">57896.98884487152</attribute>
					<attribute name="zoneId" class="java.lang.String">33078100</attribute>
				</attributes>
			</activity>
			<leg mode="car_teleported" trav_time="00:11:01">
			</leg>
			<activity type="home_43200" x="208396.36835679595" y="-482338.89923203137" >
				<attributes>
					<attribute name="initialStartTime" class="java.lang.Double">61037.05587387085</attribute>
					<attribute name="zoneId" class="java.lang.String">33113500</attribute>
				</attributes>
			</activity>
		</plan>

	</person>

<!-- ====================================================================== -->

	<person id="15911167">
		<attributes>
			<attribute name="ESR" class="java.lang.String">3</attribute>
			<attribute name="age" class="java.lang.String">27</attribute>
			<attribute name="eduatt" class="java.lang.String">3</attribute>
			<attribute name="gender" class="java.lang.String">male</attribute>
			<attribute name="hhinc" class="java.lang.String">73225</attribute>
			<attribute name="hhnumautos" class="java.lang.String">4</attribute>
			<attribute name="hhsize" class="java.lang.String">8</attribute>
			<attribute name="householdId" class="java.lang.String">5131271</attribute>
			<attribute name="htype" class="java.lang.String">SFD</attribute>
			<attribute name="race" class="java.lang.String">HP</attribute>
			<attribute name="schg" class="java.lang.String">0</attribute>
			<attribute name="subpopulation" class="java.lang.String">person</attribute>
			<attribute name="ten" class="java.lang.String">1</attribute>
			<attribute name="wkind20" class="java.lang.String">0</attribute>
			<attribute name="wkocc24" class="java.lang.String">0</attribute>
			<attribute name="worker" class="java.lang.String">unemployed</attribute>
		</attributes>
		<plan selected="yes">
			<activity type="home_86400" x="272670.0934271494" y="-436333.9571761863" >
				<attributes>
					<attribute name="zoneId" class="java.lang.String">53851200</attribute>
				</attributes>
			</activity>
		</plan>

	</person>

<!-- ====================================================================== -->

	<person id="16160527">
		<attributes>
			<attribute name="ESR" class="java.lang.String">1</attribute>
			<attribute name="age" class="java.lang.String">27</attribute>
			<attribute name="eduatt" class="java.lang.String">3</attribute>
			<attribute name="gender" class="java.lang.String">male</attribute>
			<attribute name="hhinc" class="java.lang.String">51099</attribute>
			<attribute name="hhnumautos" class="java.lang.String">2</attribute>
			<attribute name="hhsize" class="java.lang.String">5</attribute>
			<attribute name="householdId" class="java.lang.String">5211101</attribute>
			<attribute name="htype" class="java.lang.String">Multiple</attribute>
			<attribute name="race" class="java.lang.String">HP</attribute>
			<attribute name="schg" class="java.lang.String">0</attribute>
			<attribute name="subpopulation" class="java.lang.String">person</attribute>
			<attribute name="ten" class="java.lang.String">3</attribute>
			<attribute name="wkind20" class="java.lang.String">31</attribute>
			<attribute name="wkocc24" class="java.lang.String">23</attribute>
			<attribute name="worker" class="java.lang.String">employed</attribute>
		</attributes>
		<plan selected="yes">
			<activity type="home_41400" x="213457.2066787609" y="-441219.24886598915" end_time="03:00:00" >
				<attributes>
					<attribute name="initialEndTime" class="java.lang.Double">10800.0</attribute>
					<attribute name="zoneId" class="java.lang.String">53621500</attribute>
				</attributes>
			</activity>
			<leg mode="car_teleported" trav_time="01:24:53">
			</leg>
			<activity type="work_36000" x="170711.06107984972" y="-466135.7566125119" end_time="14:25:22" >
				<attributes>
					<attribute name="initialEndTime" class="java.lang.Double">51922.98110961914</attribute>
					<attribute name="initialStartTime" class="java.lang.Double">15893.595428466797</attribute>
					<attribute name="zoneId" class="java.lang.String">21441100</attribute>
				</attributes>
			</activity>
			<leg mode="car_teleported" trav_time="01:08:21">
			</leg>
			<activity type="home_41400" x="213457.2066787609" y="-441219.24886598915" >
				<attributes>
					<attribute name="initialStartTime" class="java.lang.Double">56024.481353759766</attribute>
					<attribute name="zoneId" class="java.lang.String">53621500</attribute>
				</attributes>
			</activity>
		</plan>

	</person>

<!-- ====================================================================== -->

	<person id="16187633">
		<attributes>
			<attribute name="ESR" class="java.lang.String">0</attribute>
			<attribute name="age" class="java.lang.String">4</attribute>
			<attribute name="eduatt" class="java.lang.String">1</attribute>
			<attribute name="gender" class="java.lang.String">male</attribute>
			<attribute name="hhinc" class="java.lang.String">101895</attribute>
			<attribute name="hhnumautos" class="java.lang.String">2</attribute>
			<attribute name="hhsize" class="java.lang.String">4</attribute>
			<attribute name="householdId" class="java.lang.String">5219889</attribute>
			<attribute name="htype" class="java.lang.String">Multiple</attribute>
			<attribute name="race" class="java.lang.String">NHW</attribute>
			<attribute name="schg" class="java.lang.String">1</attribute>
			<attribute name="subpopulation" class="java.lang.String">person</attribute>
			<attribute name="ten" class="java.lang.String">3</attribute>
			<attribute name="wkind20" class="java.lang.String">0</attribute>
			<attribute name="wkocc24" class="java.lang.String">0</attribute>
			<attribute name="worker" class="java.lang.String">unemployed</attribute>
		</attributes>
		<plan selected="yes">
			<activity type="home_86400" x="206625.0238243571" y="-482335.6466074926" >
				<attributes>
					<attribute name="zoneId" class="java.lang.String">32787100</attribute>
				</attributes>
			</activity>
		</plan>

	</person>

<!-- ====================================================================== -->

	<person id="16250943">
		<attributes>
			<attribute name="ESR" class="java.lang.String">1</attribute>
			<attribute name="age" class="java.lang.String">55</attribute>
			<attribute name="eduatt" class="java.lang.String">3</attribute>
			<attribute name="gender" class="java.lang.String">male</attribute>
			<attribute name="hhinc" class="java.lang.String">127517</attribute>
			<attribute name="hhnumautos" class="java.lang.String">2</attribute>
			<attribute name="hhsize" class="java.lang.String">3</attribute>
			<attribute name="householdId" class="java.lang.String">5240947</attribute>
			<attribute name="htype" class="java.lang.String">SFD</attribute>
			<attribute name="race" class="java.lang.String">HP</attribute>
			<attribute name="schg" class="java.lang.String">0</attribute>
			<attribute name="subpopulation" class="java.lang.String">person</attribute>
			<attribute name="ten" class="java.lang.String">3</attribute>
			<attribute name="wkind20" class="java.lang.String">81</attribute>
			<attribute name="wkocc24" class="java.lang.String">22</attribute>
			<attribute name="worker" class="java.lang.String">employed</attribute>
		</attributes>
		<plan selected="yes">
			<activity type="home_52800" x="219806.01270937794" y="-440275.37193051836" end_time="06:00:00" >
				<attributes>
					<attribute name="initialEndTime" class="java.lang.Double">21600.0</attribute>
					<attribute name="zoneId" class="java.lang.String">53668100</attribute>
				</attributes>
			</activity>
			<leg mode="car_teleported" trav_time="00:14:23">
			</leg>
			<activity type="work_7200" x="230024.9186579577" y="-436550.6010320838" max_dur="01:58:38" >
				<attributes>
					<attribute name="initialEndTime" class="java.lang.Double">29581.997378468513</attribute>
					<attribute name="initialStartTime" class="java.lang.Double">22463.490200042725</attribute>
					<attribute name="zoneId" class="java.lang.String">53704200</attribute>
				</attributes>
			</activity>
			<leg mode="car_teleported" trav_time="00:07:58">
			</leg>
			<activity type="non-schoolescort_7200" x="234202.3816710114" y="-432921.6753536494" max_dur="01:59:22" >
				<attributes>
					<attribute name="initialEndTime" class="java.lang.Double">37222.18521952629</attribute>
					<attribute name="initialStartTime" class="java.lang.Double">30060.067589879036</attribute>
					<attribute name="zoneId" class="java.lang.String">53723300</attribute>
				</attributes>
			</activity>
			<leg mode="car_teleported" trav_time="00:00:53">
			</leg>
			<activity type="shop_7800" x="233841.29284975288" y="-433347.87986414094" end_time="12:28:27" >
				<attributes>
					<attribute name="initialEndTime" class="java.lang.Double">44907.14265525341</attribute>
					<attribute name="initialStartTime" class="java.lang.Double">37275.908857584</attribute>
					<attribute name="zoneId" class="java.lang.String">53723300</attribute>
				</attributes>
			</activity>
			<leg mode="car_teleported" trav_time="00:01:47">
			</leg>
			<activity type="discretionary_9600" x="233796.5641141959" y="-434211.7572522972" end_time="15:05:19" >
				<attributes>
					<attribute name="initialEndTime" class="java.lang.Double">54319.150314331055</attribute>
					<attribute name="initialStartTime" class="java.lang.Double">45014.59166228771</attribute>
					<attribute name="zoneId" class="java.lang.String">53722300</attribute>
				</attributes>
			</activity>
			<leg mode="car_teleported" trav_time="00:19:33">
			</leg>
			<activity type="home_52800" x="219806.01270937794" y="-440275.37193051836" >
				<attributes>
					<attribute name="initialStartTime" class="java.lang.Double">55492.710456848145</attribute>
					<attribute name="zoneId" class="java.lang.String">53668100</attribute>
				</attributes>
			</activity>
		</plan>

	</person>

<!-- ====================================================================== -->

	<person id="16441577">
		<attributes>
			<attribute name="ESR" class="java.lang.String">1</attribute>
			<attribute name="age" class="java.lang.String">30</attribute>
			<attribute name="eduatt" class="java.lang.String">3</attribute>
			<attribute name="gender" class="java.lang.String">female</attribute>
			<attribute name="hhinc" class="java.lang.String">147763</attribute>
			<attribute name="hhnumautos" class="java.lang.String">2</attribute>
			<attribute name="hhsize" class="java.lang.String">3</attribute>
			<attribute name="householdId" class="java.lang.String">5307156</attribute>
			<attribute name="htype" class="java.lang.String">SFD</attribute>
			<attribute name="race" class="java.lang.String">NHW</attribute>
			<attribute name="schg" class="java.lang.String">0</attribute>
			<attribute name="subpopulation" class="java.lang.String">person</attribute>
			<attribute name="ten" class="java.lang.String">3</attribute>
			<attribute name="wkind20" class="java.lang.String">44</attribute>
			<attribute name="wkocc24" class="java.lang.String">17</attribute>
			<attribute name="worker" class="java.lang.String">employed</attribute>
		</attributes>
		<plan selected="yes">
			<activity type="home_76800" x="116634.39211639682" y="-414627.0237132709" end_time="06:45:00" >
				<attributes>
					<attribute name="initialEndTime" class="java.lang.Double">24300.0</attribute>
					<attribute name="zoneId" class="java.lang.String">60148200</attribute>
				</attributes>
			</activity>
			<leg mode="pt" trav_time="00:18:24">
			</leg>
			<activity type="personalmaintenance_600" x="119223.83458101297" y="-415390.4592710663" max_dur="00:05:00" >
				<attributes>
					<attribute name="initialEndTime" class="java.lang.Double">24001.86201095581</attribute>
					<attribute name="initialStartTime" class="java.lang.Double">25404.679470062256</attribute>
					<attribute name="zoneId" class="java.lang.String">60151500</attribute>
				</attributes>
			</activity>
			<leg mode="pt" trav_time="00:18:24">
			</leg>
			<activity type="home_7200" x="116634.39211639682" y="-414627.0237132709" end_time="09:00:00" >
				<attributes>
					<attribute name="initialEndTime" class="java.lang.Double">32400.0</attribute>
					<attribute name="initialStartTime" class="java.lang.Double">25106.541481018066</attribute>
					<attribute name="zoneId" class="java.lang.String">60148200</attribute>
				</attributes>
			</activity>
			<leg mode="car_teleported" trav_time="00:02:37">
			</leg>
			<activity type="schoolpureescort_1800" x="115801.45800593503" y="-414127.1923400187" max_dur="00:25:35" >
				<attributes>
					<attribute name="initialEndTime" class="java.lang.Double">34093.835735321045</attribute>
					<attribute name="initialStartTime" class="java.lang.Double">32557.874250411987</attribute>
					<attribute name="zoneId" class="java.lang.String">60148300</attribute>
				</attributes>
			</activity>
			<leg mode="car_teleported" trav_time="00:02:37">
			</leg>
			<activity type="home_76800" x="116634.39211639682" y="-414627.0237132709" >
				<attributes>
					<attribute name="initialStartTime" class="java.lang.Double">34251.71224594116</attribute>
					<attribute name="zoneId" class="java.lang.String">60148200</attribute>
				</attributes>
			</activity>
		</plan>

	</person>

<!-- ====================================================================== -->

	<person id="16488562">
		<attributes>
			<attribute name="ESR" class="java.lang.String">0</attribute>
			<attribute name="age" class="java.lang.String">6</attribute>
			<attribute name="eduatt" class="java.lang.String">1</attribute>
			<attribute name="gender" class="java.lang.String">female</attribute>
			<attribute name="hhinc" class="java.lang.String">23870</attribute>
			<attribute name="hhnumautos" class="java.lang.String">2</attribute>
			<attribute name="hhsize" class="java.lang.String">4</attribute>
			<attribute name="householdId" class="java.lang.String">5321619</attribute>
			<attribute name="htype" class="java.lang.String">Multiple</attribute>
			<attribute name="race" class="java.lang.String">HP</attribute>
			<attribute name="schg" class="java.lang.String">3</attribute>
			<attribute name="subpopulation" class="java.lang.String">person</attribute>
			<attribute name="ten" class="java.lang.String">3</attribute>
			<attribute name="wkind20" class="java.lang.String">0</attribute>
			<attribute name="wkocc24" class="java.lang.String">0</attribute>
			<attribute name="worker" class="java.lang.String">unemployed</attribute>
		</attributes>
		<plan selected="yes">
			<activity type="home_43800" x="282766.98819874955" y="-470957.5298501769" end_time="04:00:00" >
				<attributes>
					<attribute name="initialEndTime" class="java.lang.Double">14400.0</attribute>
					<attribute name="zoneId" class="java.lang.String">43372200</attribute>
				</attributes>
			</activity>
			<leg mode="ride" trav_time="00:24:05">
			</leg>
			<activity type="school_30600" x="280338.9204233013" y="-470802.14224013133" end_time="12:57:35" >
				<attributes>
					<attribute name="initialEndTime" class="java.lang.Double">46655.42879104614</attribute>
					<attribute name="initialStartTime" class="java.lang.Double">15845.712232589722</attribute>
					<attribute name="zoneId" class="java.lang.String">43367100</attribute>
				</attributes>
			</activity>
			<leg mode="ride" trav_time="00:24:05">
			</leg>
			<activity type="home_3000" x="282766.98819874955" y="-470957.5298501769" max_dur="00:53:18" >
				<attributes>
					<attribute name="initialEndTime" class="java.lang.Double">51300.0</attribute>
					<attribute name="initialStartTime" class="java.lang.Double">48101.14088058472</attribute>
					<attribute name="zoneId" class="java.lang.String">43372200</attribute>
				</attributes>
			</activity>
			<leg mode="ride" trav_time="00:08:28">
			</leg>
			<activity type="personalmaintenance_4200" x="278632.8138141178" y="-468432.87732982764" max_dur="01:14:10" >
				<attributes>
					<attribute name="initialEndTime" class="java.lang.Double">56258.80954742432</attribute>
					<attribute name="initialStartTime" class="java.lang.Double">51808.70853424072</attribute>
					<attribute name="zoneId" class="java.lang.String">43358200</attribute>
				</attributes>
			</activity>
			<leg mode="ride" trav_time="00:07:59">
			</leg>
			<activity type="home_43800" x="282766.98819874955" y="-470957.5298501769" >
				<attributes>
					<attribute name="initialStartTime" class="java.lang.Double">56737.830390930176</attribute>
					<attribute name="zoneId" class="java.lang.String">43372200</attribute>
				</attributes>
			</activity>
		</plan>

	</person>

<!-- ====================================================================== -->

	<person id="16492097">
		<attributes>
			<attribute name="ESR" class="java.lang.String">1</attribute>
			<attribute name="age" class="java.lang.String">52</attribute>
			<attribute name="eduatt" class="java.lang.String">4</attribute>
			<attribute name="gender" class="java.lang.String">male</attribute>
			<attribute name="hhinc" class="java.lang.String">90054</attribute>
			<attribute name="hhnumautos" class="java.lang.String">3</attribute>
			<attribute name="hhsize" class="java.lang.String">3</attribute>
			<attribute name="householdId" class="java.lang.String">5322831</attribute>
			<attribute name="htype" class="java.lang.String">SFD</attribute>
			<attribute name="race" class="java.lang.String">NHB</attribute>
			<attribute name="schg" class="java.lang.String">0</attribute>
			<attribute name="subpopulation" class="java.lang.String">person</attribute>
			<attribute name="ten" class="java.lang.String">1</attribute>
			<attribute name="wkind20" class="java.lang.String">51</attribute>
			<attribute name="wkocc24" class="java.lang.String">22</attribute>
			<attribute name="worker" class="java.lang.String">employed</attribute>
		</attributes>
		<plan selected="yes">
			<activity type="home_86400" x="341327.3664752776" y="-467809.7307077736" >
				<attributes>
					<attribute name="zoneId" class="java.lang.String">43538300</attribute>
				</attributes>
			</activity>
		</plan>

	</person>

<!-- ====================================================================== -->

	<person id="16517918">
		<attributes>
			<attribute name="ESR" class="java.lang.String">6</attribute>
			<attribute name="age" class="java.lang.String">71</attribute>
			<attribute name="eduatt" class="java.lang.String">3</attribute>
			<attribute name="gender" class="java.lang.String">male</attribute>
			<attribute name="hhinc" class="java.lang.String">138762</attribute>
			<attribute name="hhnumautos" class="java.lang.String">2</attribute>
			<attribute name="hhsize" class="java.lang.String">2</attribute>
			<attribute name="householdId" class="java.lang.String">5331892</attribute>
			<attribute name="htype" class="java.lang.String">SFD</attribute>
			<attribute name="race" class="java.lang.String">NHB</attribute>
			<attribute name="schg" class="java.lang.String">0</attribute>
			<attribute name="subpopulation" class="java.lang.String">person</attribute>
			<attribute name="ten" class="java.lang.String">1</attribute>
			<attribute name="wkind20" class="java.lang.String">0</attribute>
			<attribute name="wkocc24" class="java.lang.String">0</attribute>
			<attribute name="worker" class="java.lang.String">unemployed</attribute>
		</attributes>
		<plan selected="yes">
			<activity type="home_67200" x="352265.86023838614" y="-468632.37841870706" end_time="05:15:00" >
				<attributes>
					<attribute name="initialEndTime" class="java.lang.Double">18900.0</attribute>
					<attribute name="zoneId" class="java.lang.String">43572500</attribute>
				</attributes>
			</activity>
			<leg mode="car_teleported" trav_time="00:03:08">
			</leg>
			<activity type="visiting_600" x="351386.6658629626" y="-469943.3379041022" max_dur="00:04:07" >
				<attributes>
					<attribute name="initialEndTime" class="java.lang.Double">19335.342972278595</attribute>
					<attribute name="initialStartTime" class="java.lang.Double">19088.174057006836</attribute>
					<attribute name="zoneId" class="java.lang.String">43563200</attribute>
				</attributes>
			</activity>
			<leg mode="car_teleported" trav_time="00:07:27">
			</leg>
			<activity type="shop_600" x="346949.3978397747" y="-470793.0335470503" max_dur="00:05:09" >
				<attributes>
					<attribute name="initialEndTime" class="java.lang.Double">20093.115005493164</attribute>
					<attribute name="initialStartTime" class="java.lang.Double">19783.306353092194</attribute>
					<attribute name="zoneId" class="java.lang.String">43551200</attribute>
				</attributes>
			</activity>
			<leg mode="car_teleported" trav_time="00:09:58">
			</leg>
			<activity type="home_1200" x="352265.86023838614" y="-468632.37841870706" max_dur="00:15:08" >
				<attributes>
					<attribute name="initialEndTime" class="java.lang.Double">21600.0</attribute>
					<attribute name="initialStartTime" class="java.lang.Double">20691.66212081909</attribute>
					<attribute name="zoneId" class="java.lang.String">43572500</attribute>
				</attributes>
			</activity>
			<leg mode="car_teleported" trav_time="00:03:19">
			</leg>
			<activity type="shop_1800" x="350982.8106590379" y="-467889.1260344416" max_dur="00:27:39" >
				<attributes>
					<attribute name="initialEndTime" class="java.lang.Double">23458.82101535797</attribute>
					<attribute name="initialStartTime" class="java.lang.Double">21799.473867416382</attribute>
					<attribute name="zoneId" class="java.lang.String">43562200</attribute>
				</attributes>
			</activity>
			<leg mode="car_teleported" trav_time="00:11:10">
			</leg>
			<activity type="discretionary_1200" x="344708.93958431564" y="-472421.6322202695" max_dur="00:19:03" >
				<attributes>
					<attribute name="initialEndTime" class="java.lang.Double">25272.9266166687</attribute>
					<attribute name="initialStartTime" class="java.lang.Double">24129.35266971588</attribute>
					<attribute name="zoneId" class="java.lang.String">43545200</attribute>
				</attributes>
			</activity>
			<leg mode="car_teleported" trav_time="00:11:40">
			</leg>
			<activity type="home_3000" x="352265.86023838614" y="-468632.37841870706" max_dur="00:47:07" >
				<attributes>
					<attribute name="initialEndTime" class="java.lang.Double">28800.0</attribute>
					<attribute name="initialStartTime" class="java.lang.Double">25972.968864440918</attribute>
					<attribute name="zoneId" class="java.lang.String">43572500</attribute>
				</attributes>
			</activity>
			<leg mode="car_teleported" trav_time="00:09:59">
			</leg>
			<activity type="shop_3600" x="346949.51106745773" y="-471188.5547799413" max_dur="01:03:34" >
				<attributes>
					<attribute name="initialEndTime" class="java.lang.Double">33214.238176345825</attribute>
					<attribute name="initialStartTime" class="java.lang.Double">29399.279651641846</attribute>
					<attribute name="zoneId" class="java.lang.String">43551200</attribute>
				</attributes>
			</activity>
			<leg mode="car_teleported" trav_time="00:08:23">
			</leg>
			<activity type="shop_4800" x="351613.1928077041" y="-473209.4588219306" max_dur="01:15:04" >
				<attributes>
					<attribute name="initialEndTime" class="java.lang.Double">38221.7734336853</attribute>
					<attribute name="initialStartTime" class="java.lang.Double">33717.526445388794</attribute>
					<attribute name="zoneId" class="java.lang.String">43564200</attribute>
				</attributes>
			</activity>
			<leg mode="car_teleported" trav_time="00:07:18">
			</leg>
			<activity type="home_67200" x="352265.86023838614" y="-468632.37841870706" >
				<attributes>
					<attribute name="initialStartTime" class="java.lang.Double">38660.05920410156</attribute>
					<attribute name="zoneId" class="java.lang.String">43572500</attribute>
				</attributes>
			</activity>
		</plan>

	</person>

<!-- ====================================================================== -->

	<person id="1667933">
		<attributes>
			<attribute name="ESR" class="java.lang.String">1</attribute>
			<attribute name="age" class="java.lang.String">19</attribute>
			<attribute name="eduatt" class="java.lang.String">3</attribute>
			<attribute name="gender" class="java.lang.String">male</attribute>
			<attribute name="hhinc" class="java.lang.String">140919</attribute>
			<attribute name="hhnumautos" class="java.lang.String">4</attribute>
			<attribute name="hhsize" class="java.lang.String">8</attribute>
			<attribute name="householdId" class="java.lang.String">541221</attribute>
			<attribute name="htype" class="java.lang.String">SFD</attribute>
			<attribute name="race" class="java.lang.String">NHAS</attribute>
			<attribute name="schg" class="java.lang.String">0</attribute>
			<attribute name="subpopulation" class="java.lang.String">person</attribute>
			<attribute name="ten" class="java.lang.String">1</attribute>
			<attribute name="wkind20" class="java.lang.String">72</attribute>
			<attribute name="wkocc24" class="java.lang.String">14</attribute>
			<attribute name="worker" class="java.lang.String">employed</attribute>
		</attributes>
		<plan selected="yes">
			<activity type="home_46200" x="204242.71850097747" y="-433157.5641368598" end_time="08:15:00" >
				<attributes>
					<attribute name="initialEndTime" class="java.lang.Double">29700.0</attribute>
					<attribute name="zoneId" class="java.lang.String">22421200</attribute>
				</attributes>
			</activity>
			<leg mode="ride" trav_time="00:17:07">
			</leg>
			<activity type="eatout_6600" x="211785.63535576814" y="-441068.52326150914" max_dur="01:52:53" >
				<attributes>
					<attribute name="initialEndTime" class="java.lang.Double">37501.042499542236</attribute>
					<attribute name="initialStartTime" class="java.lang.Double">30727.420692443848</attribute>
					<attribute name="zoneId" class="java.lang.String">53612300</attribute>
				</attributes>
			</activity>
			<leg mode="ride" trav_time="00:09:33">
			</leg>
			<activity type="discretionary_8400" x="211973.75660150335" y="-447475.47565425554" end_time="12:52:28" >
				<attributes>
					<attribute name="initialEndTime" class="java.lang.Double">46348.6701965332</attribute>
					<attribute name="initialStartTime" class="java.lang.Double">38074.21308517456</attribute>
					<attribute name="zoneId" class="java.lang.String">53614500</attribute>
				</attributes>
			</activity>
			<leg mode="ride" trav_time="00:20:27">
			</leg>
			<activity type="home_1200" x="204242.71850097747" y="-433157.5641368598" max_dur="00:17:03" >
				<attributes>
					<attribute name="initialEndTime" class="java.lang.Double">48600.0</attribute>
					<attribute name="initialStartTime" class="java.lang.Double">47576.31065368652</attribute>
					<attribute name="zoneId" class="java.lang.String">22421200</attribute>
				</attributes>
			</activity>
			<leg mode="car_teleported" trav_time="00:02:29">
			</leg>
			<activity type="schoolpureescort_1200" x="205612.30942933107" y="-431076.13881764497" max_dur="00:24:56" >
				<attributes>
					<attribute name="initialEndTime" class="java.lang.Double">50246.45264625549</attribute>
					<attribute name="initialStartTime" class="java.lang.Double">48749.98390674591</attribute>
					<attribute name="zoneId" class="java.lang.String">22422100</attribute>
				</attributes>
			</activity>
			<leg mode="car_teleported" trav_time="00:02:31">
			</leg>
			<activity type="home_600" x="204242.71850097747" y="-433157.5641368598" max_dur="00:05:00" >
				<attributes>
					<attribute name="initialEndTime" class="java.lang.Double">17100.0</attribute>
					<attribute name="initialStartTime" class="java.lang.Double">50398.26810836792</attribute>
					<attribute name="zoneId" class="java.lang.String">22421200</attribute>
				</attributes>
			</activity>
			<leg mode="car_teleported" trav_time="00:03:44">
			</leg>
			<activity type="work_31800" x="202923.5954519561" y="-432242.5743042247" end_time="13:41:21" >
				<attributes>
					<attribute name="initialEndTime" class="java.lang.Double">49281.06544017792</attribute>
					<attribute name="initialStartTime" class="java.lang.Double">17324.532380104065</attribute>
					<attribute name="zoneId" class="java.lang.String">22415200</attribute>
				</attributes>
			</activity>
			<leg mode="car_teleported" trav_time="00:03:43">
			</leg>
			<activity type="home_7800" x="204242.71850097747" y="-433157.5641368598" end_time="16:00:00" >
				<attributes>
					<attribute name="initialEndTime" class="java.lang.Double">57600.0</attribute>
					<attribute name="initialStartTime" class="java.lang.Double">49504.17956829071</attribute>
					<attribute name="zoneId" class="java.lang.String">22421200</attribute>
				</attributes>
			</activity>
			<leg mode="car_teleported" trav_time="00:02:06">
			</leg>
			<activity type="discretionary_600" x="206286.77092904362" y="-432756.4021835474" max_dur="00:05:00" >
				<attributes>
					<attribute name="initialEndTime" class="java.lang.Double">57479.23845291138</attribute>
					<attribute name="initialStartTime" class="java.lang.Double">57726.84601306915</attribute>
					<attribute name="zoneId" class="java.lang.String">22421100</attribute>
				</attributes>
			</activity>
			<leg mode="car_teleported" trav_time="00:02:25">
			</leg>
			<activity type="home_1800" x="204242.71850097747" y="-433157.5641368598" max_dur="00:29:35" >
				<attributes>
					<attribute name="initialEndTime" class="java.lang.Double">59400.0</attribute>
					<attribute name="initialStartTime" class="java.lang.Double">57624.38701629639</attribute>
					<attribute name="zoneId" class="java.lang.String">22421200</attribute>
				</attributes>
			</activity>
			<leg mode="car_teleported" trav_time="00:10:40">
			</leg>
			<activity type="eatoutlunch_4200" x="209712.21505215435" y="-438099.81449302036" max_dur="01:14:20" >
				<attributes>
					<attribute name="initialEndTime" class="java.lang.Double">64500.81241607666</attribute>
					<attribute name="initialStartTime" class="java.lang.Double">60040.451374053955</attribute>
					<attribute name="zoneId" class="java.lang.String">22441100</attribute>
				</attributes>
			</activity>
			<leg mode="car_teleported" trav_time="00:18:35">
			</leg>
			<activity type="visiting_3600" x="196269.89702963652" y="-432177.5938687191" max_dur="01:04:48" >
				<attributes>
					<attribute name="initialEndTime" class="java.lang.Double">69504.5364189148</attribute>
					<attribute name="initialStartTime" class="java.lang.Double">65615.90950012207</attribute>
					<attribute name="zoneId" class="java.lang.String">22368100</attribute>
				</attributes>
			</activity>
			<leg mode="car_teleported" trav_time="00:10:18">
			</leg>
			<activity type="home_46200" x="204242.71850097747" y="-433157.5641368598" >
				<attributes>
					<attribute name="initialStartTime" class="java.lang.Double">70123.51232528687</attribute>
					<attribute name="zoneId" class="java.lang.String">22421200</attribute>
				</attributes>
			</activity>
		</plan>

	</person>

<!-- ====================================================================== -->

	<person id="16688896">
		<attributes>
			<attribute name="ESR" class="java.lang.String">0</attribute>
			<attribute name="age" class="java.lang.String">8</attribute>
			<attribute name="eduatt" class="java.lang.String">1</attribute>
			<attribute name="gender" class="java.lang.String">male</attribute>
			<attribute name="hhinc" class="java.lang.String">44712</attribute>
			<attribute name="hhnumautos" class="java.lang.String">2</attribute>
			<attribute name="hhsize" class="java.lang.String">7</attribute>
			<attribute name="householdId" class="java.lang.String">5387770</attribute>
			<attribute name="htype" class="java.lang.String">SFD</attribute>
			<attribute name="race" class="java.lang.String">HP</attribute>
			<attribute name="schg" class="java.lang.String">5</attribute>
			<attribute name="subpopulation" class="java.lang.String">person</attribute>
			<attribute name="ten" class="java.lang.String">1</attribute>
			<attribute name="wkind20" class="java.lang.String">0</attribute>
			<attribute name="wkocc24" class="java.lang.String">0</attribute>
			<attribute name="worker" class="java.lang.String">unemployed</attribute>
		</attributes>
		<plan selected="yes">
			<activity type="home_53400" x="77207.88213849" y="-428174.76114970585" end_time="04:15:00" >
				<attributes>
					<attribute name="initialEndTime" class="java.lang.Double">15300.0</attribute>
					<attribute name="zoneId" class="java.lang.String">60089200</attribute>
				</attributes>
			</activity>
			<leg mode="ride" trav_time="00:01:27">
			</leg>
			<activity type="eatoutlunch_16200" x="76840.2417468434" y="-426830.1628021148" end_time="08:49:34" >
				<attributes>
					<attribute name="initialEndTime" class="java.lang.Double">31774.513152837753</attribute>
					<attribute name="initialStartTime" class="java.lang.Double">15387.178616523743</attribute>
					<attribute name="zoneId" class="java.lang.String">60089100</attribute>
				</attributes>
			</activity>
			<leg mode="ride" trav_time="00:03:23">
			</leg>
			<activity type="school_16200" x="75230.33134100711" y="-427916.89248274517" end_time="13:27:03" >
				<attributes>
					<attribute name="initialEndTime" class="java.lang.Double">48423.696184158325</attribute>
					<attribute name="initialStartTime" class="java.lang.Double">31977.95049548149</attribute>
					<attribute name="zoneId" class="java.lang.String">60076300</attribute>
				</attributes>
			</activity>
			<leg mode="ride" trav_time="00:02:58">
			</leg>
			<activity type="home_53400" x="77207.88213849" y="-428174.76114970585" >
				<attributes>
					<attribute name="initialStartTime" class="java.lang.Double">48601.73961639404</attribute>
					<attribute name="zoneId" class="java.lang.String">60089200</attribute>
				</attributes>
			</activity>
		</plan>

	</person>

<!-- ====================================================================== -->

	<person id="16875871">
		<attributes>
			<attribute name="ESR" class="java.lang.String">1</attribute>
			<attribute name="age" class="java.lang.String">23</attribute>
			<attribute name="eduatt" class="java.lang.String">2</attribute>
			<attribute name="gender" class="java.lang.String">female</attribute>
			<attribute name="hhinc" class="java.lang.String">51200</attribute>
			<attribute name="hhnumautos" class="java.lang.String">2</attribute>
			<attribute name="hhsize" class="java.lang.String">4</attribute>
			<attribute name="householdId" class="java.lang.String">5448194</attribute>
			<attribute name="htype" class="java.lang.String">Multiple</attribute>
			<attribute name="race" class="java.lang.String">HP</attribute>
			<attribute name="schg" class="java.lang.String">0</attribute>
			<attribute name="subpopulation" class="java.lang.String">person</attribute>
			<attribute name="ten" class="java.lang.String">3</attribute>
			<attribute name="wkind20" class="java.lang.String">44</attribute>
			<attribute name="wkocc24" class="java.lang.String">24</attribute>
			<attribute name="worker" class="java.lang.String">employed</attribute>
		</attributes>
		<plan selected="yes">
			<activity type="home_48000" x="216661.18637351738" y="-435243.71576810605" end_time="03:30:00" >
				<attributes>
					<attribute name="initialEndTime" class="java.lang.Double">12600.0</attribute>
					<attribute name="zoneId" class="java.lang.String">53638100</attribute>
				</attributes>
			</activity>
			<leg mode="car_teleported" trav_time="00:13:12">
			</leg>
			<activity type="work_37200" x="210705.06853296366" y="-430717.2157512576" end_time="14:01:54" >
				<attributes>
					<attribute name="initialEndTime" class="java.lang.Double">50514.41820144653</attribute>
					<attribute name="initialStartTime" class="java.lang.Double">13392.278938293457</attribute>
					<attribute name="zoneId" class="java.lang.String">22452100</attribute>
				</attributes>
			</activity>
			<leg mode="car_teleported" trav_time="00:12:08">
			</leg>
			<activity type="home_48000" x="216661.18637351738" y="-435243.71576810605" >
				<attributes>
					<attribute name="initialStartTime" class="java.lang.Double">51242.57806777954</attribute>
					<attribute name="zoneId" class="java.lang.String">53638100</attribute>
				</attributes>
			</activity>
		</plan>

	</person>

<!-- ====================================================================== -->

	<person id="16906342">
		<attributes>
			<attribute name="ESR" class="java.lang.String">1</attribute>
			<attribute name="age" class="java.lang.String">59</attribute>
			<attribute name="eduatt" class="java.lang.String">3</attribute>
			<attribute name="gender" class="java.lang.String">female</attribute>
			<attribute name="hhinc" class="java.lang.String">98266</attribute>
			<attribute name="hhnumautos" class="java.lang.String">2</attribute>
			<attribute name="hhsize" class="java.lang.String">2</attribute>
			<attribute name="householdId" class="java.lang.String">5458467</attribute>
			<attribute name="htype" class="java.lang.String">SFD</attribute>
			<attribute name="race" class="java.lang.String">NHW</attribute>
			<attribute name="schg" class="java.lang.String">0</attribute>
			<attribute name="subpopulation" class="java.lang.String">person</attribute>
			<attribute name="ten" class="java.lang.String">1</attribute>
			<attribute name="wkind20" class="java.lang.String">54</attribute>
			<attribute name="wkocc24" class="java.lang.String">18</attribute>
			<attribute name="worker" class="java.lang.String">employed</attribute>
		</attributes>
		<plan selected="yes">
			<activity type="home_63600" x="65185.93231839647" y="-410922.39391153475" end_time="04:30:00" >
				<attributes>
					<attribute name="initialEndTime" class="java.lang.Double">16200.0</attribute>
					<attribute name="zoneId" class="java.lang.String">60004300</attribute>
				</attributes>
			</activity>
			<leg mode="car_teleported" trav_time="00:13:23">
			</leg>
			<activity type="work_21000" x="74632.00300325746" y="-415425.0345396051" end_time="10:36:43" >
				<attributes>
					<attribute name="initialEndTime" class="java.lang.Double">38203.9338684082</attribute>
					<attribute name="initialStartTime" class="java.lang.Double">17003.41993331909</attribute>
					<attribute name="zoneId" class="java.lang.String">60040100</attribute>
				</attributes>
			</activity>
			<leg mode="car_teleported" trav_time="00:13:50">
			</leg>
			<activity type="home_63600" x="65185.93231839647" y="-410922.39391153475" >
				<attributes>
					<attribute name="initialStartTime" class="java.lang.Double">39034.19574737549</attribute>
					<attribute name="zoneId" class="java.lang.String">60004300</attribute>
				</attributes>
			</activity>
		</plan>

	</person>

<!-- ====================================================================== -->

	<person id="16996437">
		<attributes>
			<attribute name="ESR" class="java.lang.String">1</attribute>
			<attribute name="age" class="java.lang.String">30</attribute>
			<attribute name="eduatt" class="java.lang.String">5</attribute>
			<attribute name="gender" class="java.lang.String">male</attribute>
			<attribute name="hhinc" class="java.lang.String">201580</attribute>
			<attribute name="hhnumautos" class="java.lang.String">1</attribute>
			<attribute name="hhsize" class="java.lang.String">1</attribute>
			<attribute name="householdId" class="java.lang.String">5489185</attribute>
			<attribute name="htype" class="java.lang.String">Multiple</attribute>
			<attribute name="race" class="java.lang.String">HP</attribute>
			<attribute name="schg" class="java.lang.String">0</attribute>
			<attribute name="subpopulation" class="java.lang.String">person</attribute>
			<attribute name="ten" class="java.lang.String">2</attribute>
			<attribute name="wkind20" class="java.lang.String">62</attribute>
			<attribute name="wkocc24" class="java.lang.String">11</attribute>
			<attribute name="worker" class="java.lang.String">employed</attribute>
		</attributes>
		<plan selected="yes">
			<activity type="home_45600" x="224953.25368019333" y="-430274.8443014639" end_time="06:45:00" >
				<attributes>
					<attribute name="initialEndTime" class="java.lang.Double">24300.0</attribute>
					<attribute name="zoneId" class="java.lang.String">53689300</attribute>
				</attributes>
			</activity>
			<leg mode="car_teleported" trav_time="00:14:53">
			</leg>
			<activity type="work_39600" x="230877.88153144016" y="-439368.07635168155" end_time="17:55:42" >
				<attributes>
					<attribute name="initialEndTime" class="java.lang.Double">64542.31887817383</attribute>
					<attribute name="initialStartTime" class="java.lang.Double">25193.449687957764</attribute>
					<attribute name="zoneId" class="java.lang.String">53719500</attribute>
				</attributes>
			</activity>
			<leg mode="car_teleported" trav_time="00:14:53">
			</leg>
			<activity type="home_45600" x="224953.25368019333" y="-430274.8443014639" >
				<attributes>
					<attribute name="initialStartTime" class="java.lang.Double">65435.47267913818</attribute>
					<attribute name="zoneId" class="java.lang.String">53689300</attribute>
				</attributes>
			</activity>
		</plan>

	</person>

<!-- ====================================================================== -->

	<person id="17023174">
		<attributes>
			<attribute name="ESR" class="java.lang.String">0</attribute>
			<attribute name="age" class="java.lang.String">9</attribute>
			<attribute name="eduatt" class="java.lang.String">1</attribute>
			<attribute name="gender" class="java.lang.String">female</attribute>
			<attribute name="hhinc" class="java.lang.String">19804</attribute>
			<attribute name="hhnumautos" class="java.lang.String">1</attribute>
			<attribute name="hhsize" class="java.lang.String">6</attribute>
			<attribute name="householdId" class="java.lang.String">5498395</attribute>
			<attribute name="htype" class="java.lang.String">SFA</attribute>
			<attribute name="race" class="java.lang.String">NHAS</attribute>
			<attribute name="schg" class="java.lang.String">6</attribute>
			<attribute name="subpopulation" class="java.lang.String">person</attribute>
			<attribute name="ten" class="java.lang.String">3</attribute>
			<attribute name="wkind20" class="java.lang.String">0</attribute>
			<attribute name="wkocc24" class="java.lang.String">0</attribute>
			<attribute name="worker" class="java.lang.String">unemployed</attribute>
		</attributes>
		<plan selected="yes">
			<activity type="home_60600" x="250628.38152951025" y="-428886.82931161765" end_time="05:00:00" >
				<attributes>
					<attribute name="initialEndTime" class="java.lang.Double">18000.0</attribute>
					<attribute name="zoneId" class="java.lang.String">53794100</attribute>
				</attributes>
			</activity>
			<leg mode="walk" trav_time="00:06:16">
			</leg>
			<activity type="school_24600" x="250669.64963480845" y="-428864.1916022253" end_time="11:59:22" >
				<attributes>
					<attribute name="initialEndTime" class="java.lang.Double">43162.34220743179</attribute>
					<attribute name="initialStartTime" class="java.lang.Double">18376.577925682068</attribute>
					<attribute name="zoneId" class="java.lang.String">53794100</attribute>
				</attributes>
			</activity>
			<leg mode="walk" trav_time="00:06:16">
			</leg>
			<activity type="home_60600" x="250628.38152951025" y="-428886.82931161765" >
				<attributes>
					<attribute name="initialStartTime" class="java.lang.Double">43538.92013311386</attribute>
					<attribute name="zoneId" class="java.lang.String">53794100</attribute>
				</attributes>
			</activity>
		</plan>

	</person>

<!-- ====================================================================== -->

	<person id="1717701">
		<attributes>
			<attribute name="ESR" class="java.lang.String">1</attribute>
			<attribute name="age" class="java.lang.String">59</attribute>
			<attribute name="eduatt" class="java.lang.String">4</attribute>
			<attribute name="gender" class="java.lang.String">male</attribute>
			<attribute name="hhinc" class="java.lang.String">64435</attribute>
			<attribute name="hhnumautos" class="java.lang.String">2</attribute>
			<attribute name="hhsize" class="java.lang.String">1</attribute>
			<attribute name="householdId" class="java.lang.String">556213</attribute>
			<attribute name="htype" class="java.lang.String">SFD</attribute>
			<attribute name="race" class="java.lang.String">HP</attribute>
			<attribute name="schg" class="java.lang.String">0</attribute>
			<attribute name="subpopulation" class="java.lang.String">person</attribute>
			<attribute name="ten" class="java.lang.String">1</attribute>
			<attribute name="wkind20" class="java.lang.String">56</attribute>
			<attribute name="wkocc24" class="java.lang.String">2</attribute>
			<attribute name="worker" class="java.lang.String">employed</attribute>
		</attributes>
		<plan selected="yes">
			<activity type="home_63600" x="189609.46795332182" y="-441429.7452958515" end_time="12:15:00" >
				<attributes>
					<attribute name="initialEndTime" class="java.lang.Double">44100.0</attribute>
					<attribute name="zoneId" class="java.lang.String">22300100</attribute>
				</attributes>
			</activity>
			<leg mode="car_teleported" trav_time="00:16:12">
			</leg>
			<activity type="shop_3000" x="195203.0634686577" y="-433149.891767361" max_dur="00:45:32" >
				<attributes>
					<attribute name="initialEndTime" class="java.lang.Double">47804.89793777466</attribute>
					<attribute name="initialStartTime" class="java.lang.Double">45072.78293609619</attribute>
					<attribute name="zoneId" class="java.lang.String">22363300</attribute>
				</attributes>
			</activity>
			<leg mode="car_teleported" trav_time="00:08:51">
			</leg>
			<activity type="non-schoolescort_3000" x="194412.80486463866" y="-440585.7820753589" max_dur="00:48:27" >
				<attributes>
					<attribute name="initialEndTime" class="java.lang.Double">51243.53803634644</attribute>
					<attribute name="initialStartTime" class="java.lang.Double">48335.96067428589</attribute>
					<attribute name="zoneId" class="java.lang.String">22346100</attribute>
				</attributes>
			</activity>
			<leg mode="car_teleported" trav_time="00:01:24">
			</leg>
			<activity type="shop_4800" x="194657.32993018223" y="-439630.666619624" max_dur="01:21:40" >
				<attributes>
					<attribute name="initialEndTime" class="java.lang.Double">56229.28298950195</attribute>
					<attribute name="initialStartTime" class="java.lang.Double">51328.49565505982</attribute>
					<attribute name="zoneId" class="java.lang.String">22346100</attribute>
				</attributes>
			</activity>
			<leg mode="car_teleported" trav_time="00:08:34">
			</leg>
			<activity type="home_600" x="189609.46795332182" y="-441429.7452958515" max_dur="00:14:16" >
				<attributes>
					<attribute name="initialEndTime" class="java.lang.Double">57600.0</attribute>
					<attribute name="initialStartTime" class="java.lang.Double">56743.59329223633</attribute>
					<attribute name="zoneId" class="java.lang.String">22300100</attribute>
				</attributes>
			</activity>
			<leg mode="car_teleported" trav_time="00:08:10">
			</leg>
			<activity type="non-schoolescort_4200" x="186836.9395756476" y="-443763.9288945037" max_dur="01:06:52" >
				<attributes>
					<attribute name="initialEndTime" class="java.lang.Double">62102.8227853775</attribute>
					<attribute name="initialStartTime" class="java.lang.Double">58090.541553497314</attribute>
					<attribute name="zoneId" class="java.lang.String">22272400</attribute>
				</attributes>
			</activity>
			<leg mode="car_teleported" trav_time="00:18:31">
			</leg>
			<activity type="non-schoolescort_3000" x="186304.5414534039" y="-428515.5757228315" max_dur="00:49:27" >
				<attributes>
					<attribute name="initialEndTime" class="java.lang.Double">66182.15892791748</attribute>
					<attribute name="initialStartTime" class="java.lang.Double">63214.55690860748</attribute>
					<attribute name="zoneId" class="java.lang.String">22253300</attribute>
				</attributes>
			</activity>
			<leg mode="car_teleported" trav_time="00:20:53">
			</leg>
			<activity type="home_63600" x="189609.46795332182" y="-441429.7452958515" >
				<attributes>
					<attribute name="initialStartTime" class="java.lang.Double">67435.62366485596</attribute>
					<attribute name="zoneId" class="java.lang.String">22300100</attribute>
				</attributes>
			</activity>
		</plan>

	</person>

<!-- ====================================================================== -->

	<person id="17183472">
		<attributes>
			<attribute name="ESR" class="java.lang.String">6</attribute>
			<attribute name="age" class="java.lang.String">24</attribute>
			<attribute name="eduatt" class="java.lang.String">1</attribute>
			<attribute name="gender" class="java.lang.String">female</attribute>
			<attribute name="hhinc" class="java.lang.String">9237</attribute>
			<attribute name="hhnumautos" class="java.lang.String">1</attribute>
			<attribute name="hhsize" class="java.lang.String">9</attribute>
			<attribute name="householdId" class="java.lang.String">5550709</attribute>
			<attribute name="htype" class="java.lang.String">Others</attribute>
			<attribute name="race" class="java.lang.String">HP</attribute>
			<attribute name="schg" class="java.lang.String">0</attribute>
			<attribute name="subpopulation" class="java.lang.String">person</attribute>
			<attribute name="ten" class="java.lang.String">1</attribute>
			<attribute name="wkind20" class="java.lang.String">0</attribute>
			<attribute name="wkocc24" class="java.lang.String">0</attribute>
			<attribute name="worker" class="java.lang.String">unemployed</attribute>
		</attributes>
		<plan selected="yes">
			<activity type="home_86400" x="244993.9240905044" y="-431966.10864362965" >
				<attributes>
					<attribute name="zoneId" class="java.lang.String">53763300</attribute>
				</attributes>
			</activity>
		</plan>

	</person>

<!-- ====================================================================== -->

	<person id="17228472">
		<attributes>
			<attribute name="ESR" class="java.lang.String">1</attribute>
			<attribute name="age" class="java.lang.String">49</attribute>
			<attribute name="eduatt" class="java.lang.String">5</attribute>
			<attribute name="gender" class="java.lang.String">female</attribute>
			<attribute name="hhinc" class="java.lang.String">135246</attribute>
			<attribute name="hhnumautos" class="java.lang.String">2</attribute>
			<attribute name="hhsize" class="java.lang.String">2</attribute>
			<attribute name="householdId" class="java.lang.String">5565026</attribute>
			<attribute name="htype" class="java.lang.String">SFD</attribute>
			<attribute name="race" class="java.lang.String">NHW</attribute>
			<attribute name="schg" class="java.lang.String">0</attribute>
			<attribute name="subpopulation" class="java.lang.String">person</attribute>
			<attribute name="ten" class="java.lang.String">1</attribute>
			<attribute name="wkind20" class="java.lang.String">61</attribute>
			<attribute name="wkocc24" class="java.lang.String">9</attribute>
			<attribute name="worker" class="java.lang.String">employed</attribute>
		</attributes>
		<plan selected="yes">
			<activity type="home_47400" x="249203.21471659333" y="-399610.7459197787" end_time="04:00:00" >
				<attributes>
					<attribute name="initialEndTime" class="java.lang.Double">14400.0</attribute>
					<attribute name="zoneId" class="java.lang.String">53936100</attribute>
				</attributes>
			</activity>
			<leg mode="car_teleported" trav_time="00:28:08">
			</leg>
			<activity type="work_36000" x="236944.9236968733" y="-383969.6149829804" end_time="14:26:34" >
				<attributes>
					<attribute name="initialEndTime" class="java.lang.Double">51994.58152770996</attribute>
					<attribute name="initialStartTime" class="java.lang.Double">16088.573913574219</attribute>
					<attribute name="zoneId" class="java.lang.String">53899100</attribute>
				</attributes>
			</activity>
			<leg mode="car_teleported" trav_time="00:28:07">
			</leg>
			<activity type="home_47400" x="249203.21471659333" y="-399610.7459197787" >
				<attributes>
					<attribute name="initialStartTime" class="java.lang.Double">53682.13073730469</attribute>
					<attribute name="zoneId" class="java.lang.String">53936100</attribute>
				</attributes>
			</activity>
		</plan>

	</person>

<!-- ====================================================================== -->

	<person id="17294502">
		<attributes>
			<attribute name="ESR" class="java.lang.String">1</attribute>
			<attribute name="age" class="java.lang.String">26</attribute>
			<attribute name="eduatt" class="java.lang.String">4</attribute>
			<attribute name="gender" class="java.lang.String">female</attribute>
			<attribute name="hhinc" class="java.lang.String">57963</attribute>
			<attribute name="hhnumautos" class="java.lang.String">2</attribute>
			<attribute name="hhsize" class="java.lang.String">2</attribute>
			<attribute name="householdId" class="java.lang.String">5584707</attribute>
			<attribute name="htype" class="java.lang.String">SFA</attribute>
			<attribute name="race" class="java.lang.String">NHW</attribute>
			<attribute name="schg" class="java.lang.String">16</attribute>
			<attribute name="subpopulation" class="java.lang.String">person</attribute>
			<attribute name="ten" class="java.lang.String">1</attribute>
			<attribute name="wkind20" class="java.lang.String">54</attribute>
			<attribute name="wkocc24" class="java.lang.String">4</attribute>
			<attribute name="worker" class="java.lang.String">employed</attribute>
		</attributes>
		<plan selected="yes">
			<activity type="home_51600" x="71023.0083343396" y="-416864.9592459166" end_time="05:30:00" >
				<attributes>
					<attribute name="initialEndTime" class="java.lang.Double">19800.0</attribute>
					<attribute name="zoneId" class="java.lang.String">60027100</attribute>
				</attributes>
			</activity>
			<leg mode="car_teleported" trav_time="00:04:01">
			</leg>
			<activity type="work_33000" x="71904.5431646713" y="-417810.0855036593" end_time="14:41:57" >
				<attributes>
					<attribute name="initialEndTime" class="java.lang.Double">52917.33160972595</attribute>
					<attribute name="initialStartTime" class="java.lang.Double">20041.934852600098</attribute>
					<attribute name="zoneId" class="java.lang.String">60026300</attribute>
				</attributes>
			</activity>
			<leg mode="car_teleported" trav_time="00:03:59">
			</leg>
			<activity type="home_5400" x="71023.0083343396" y="-416864.9592459166" max_dur="01:29:03" >
				<attributes>
					<attribute name="initialEndTime" class="java.lang.Double">58500.0</attribute>
					<attribute name="initialStartTime" class="java.lang.Double">53156.70491695404</attribute>
					<attribute name="zoneId" class="java.lang.String">60027100</attribute>
				</attributes>
			</activity>
			<leg mode="bike" trav_time="00:09:57">
			</leg>
			<activity type="university_7200" x="69520.07919144545" y="-415543.1296649442" end_time="18:26:00" >
				<attributes>
					<attribute name="initialEndTime" class="java.lang.Double">66360.85311412811</attribute>
					<attribute name="initialStartTime" class="java.lang.Double">59097.86721467972</attribute>
					<attribute name="zoneId" class="java.lang.String">60018300</attribute>
				</attributes>
			</activity>
			<leg mode="bike" trav_time="00:09:57">
			</leg>
			<activity type="home_600" x="71023.0083343396" y="-416864.9592459166" max_dur="00:05:00" >
				<attributes>
					<attribute name="initialEndTime" class="java.lang.Double">54000.0</attribute>
					<attribute name="initialStartTime" class="java.lang.Double">66958.72032880783</attribute>
					<attribute name="zoneId" class="java.lang.String">60027100</attribute>
				</attributes>
			</activity>
			<leg mode="car_teleported" trav_time="00:08:05">
			</leg>
			<activity type="personalmaintenance_600" x="75489.26296764532" y="-413763.2463940786" max_dur="00:05:00" >
				<attributes>
					<attribute name="initialEndTime" class="java.lang.Double">54300.38206100464</attribute>
					<attribute name="initialStartTime" class="java.lang.Double">54485.602169036865</attribute>
					<attribute name="zoneId" class="java.lang.String">60041100</attribute>
				</attributes>
			</activity>
			<leg mode="car_teleported" trav_time="00:08:14">
			</leg>
			<activity type="home_51600" x="71023.0083343396" y="-416864.9592459166" >
				<attributes>
					<attribute name="initialStartTime" class="java.lang.Double">54795.22716522217</attribute>
					<attribute name="zoneId" class="java.lang.String">60027100</attribute>
				</attributes>
			</activity>
		</plan>

	</person>

<!-- ====================================================================== -->

	<person id="17444184">
		<attributes>
			<attribute name="ESR" class="java.lang.String">6</attribute>
			<attribute name="age" class="java.lang.String">22</attribute>
			<attribute name="eduatt" class="java.lang.String">3</attribute>
			<attribute name="gender" class="java.lang.String">male</attribute>
			<attribute name="hhinc" class="java.lang.String">35199</attribute>
			<attribute name="hhnumautos" class="java.lang.String">4</attribute>
			<attribute name="hhsize" class="java.lang.String">9</attribute>
			<attribute name="householdId" class="java.lang.String">5633217</attribute>
			<attribute name="htype" class="java.lang.String">SFA</attribute>
			<attribute name="race" class="java.lang.String">HP</attribute>
			<attribute name="schg" class="java.lang.String">0</attribute>
			<attribute name="subpopulation" class="java.lang.String">person</attribute>
			<attribute name="ten" class="java.lang.String">3</attribute>
			<attribute name="wkind20" class="java.lang.String">0</attribute>
			<attribute name="wkocc24" class="java.lang.String">0</attribute>
			<attribute name="worker" class="java.lang.String">unemployed</attribute>
		</attributes>
		<plan selected="yes">
			<activity type="home_86400" x="86089.2688975958" y="-405983.2921100935" >
				<attributes>
					<attribute name="zoneId" class="java.lang.String">60048100</attribute>
				</attributes>
			</activity>
		</plan>

	</person>

<!-- ====================================================================== -->

	<person id="17812049">
		<attributes>
			<attribute name="ESR" class="java.lang.String">0</attribute>
			<attribute name="age" class="java.lang.String">12</attribute>
			<attribute name="eduatt" class="java.lang.String">1</attribute>
			<attribute name="gender" class="java.lang.String">female</attribute>
			<attribute name="hhinc" class="java.lang.String">20627</attribute>
			<attribute name="hhnumautos" class="java.lang.String">0</attribute>
			<attribute name="hhsize" class="java.lang.String">8</attribute>
			<attribute name="householdId" class="java.lang.String">5754937</attribute>
			<attribute name="htype" class="java.lang.String">SFD</attribute>
			<attribute name="race" class="java.lang.String">HP</attribute>
			<attribute name="schg" class="java.lang.String">8</attribute>
			<attribute name="subpopulation" class="java.lang.String">person</attribute>
			<attribute name="ten" class="java.lang.String">2</attribute>
			<attribute name="wkind20" class="java.lang.String">0</attribute>
			<attribute name="wkocc24" class="java.lang.String">0</attribute>
			<attribute name="worker" class="java.lang.String">unemployed</attribute>
		</attributes>
		<plan selected="yes">
			<activity type="home_58200" x="103314.89077307492" y="-414452.8239138835" end_time="05:00:00" >
				<attributes>
					<attribute name="initialEndTime" class="java.lang.Double">18000.0</attribute>
					<attribute name="zoneId" class="java.lang.String">60127100</attribute>
				</attributes>
			</activity>
			<leg mode="walk" trav_time="00:22:51">
			</leg>
			<activity type="school_25200" x="104337.50831496737" y="-414522.6946190275" end_time="12:27:42" >
				<attributes>
					<attribute name="initialEndTime" class="java.lang.Double">44862.864961624146</attribute>
					<attribute name="initialStartTime" class="java.lang.Double">19371.350383758545</attribute>
					<attribute name="zoneId" class="java.lang.String">60128300</attribute>
				</attributes>
			</activity>
			<leg mode="walk" trav_time="00:22:51">
			</leg>
			<activity type="home_58200" x="103314.89077307492" y="-414452.8239138835" >
				<attributes>
					<attribute name="initialStartTime" class="java.lang.Double">46234.21534538269</attribute>
					<attribute name="zoneId" class="java.lang.String">60127100</attribute>
				</attributes>
			</activity>
		</plan>

	</person>

<!-- ====================================================================== -->

	<person id="17835420">
		<attributes>
			<attribute name="ESR" class="java.lang.String">6</attribute>
			<attribute name="age" class="java.lang.String">20</attribute>
			<attribute name="eduatt" class="java.lang.String">1</attribute>
			<attribute name="gender" class="java.lang.String">male</attribute>
			<attribute name="hhinc" class="java.lang.String">97578</attribute>
			<attribute name="hhnumautos" class="java.lang.String">3</attribute>
			<attribute name="hhsize" class="java.lang.String">9</attribute>
			<attribute name="householdId" class="java.lang.String">5763019</attribute>
			<attribute name="htype" class="java.lang.String">SFD</attribute>
			<attribute name="race" class="java.lang.String">HP</attribute>
			<attribute name="schg" class="java.lang.String">0</attribute>
			<attribute name="subpopulation" class="java.lang.String">person</attribute>
			<attribute name="ten" class="java.lang.String">3</attribute>
			<attribute name="wkind20" class="java.lang.String">0</attribute>
			<attribute name="wkocc24" class="java.lang.String">0</attribute>
			<attribute name="worker" class="java.lang.String">unemployed</attribute>
		</attributes>
		<plan selected="yes">
			<activity type="home_58200" x="106430.72725075994" y="-412870.63315514283" end_time="05:00:00" >
				<attributes>
					<attribute name="initialEndTime" class="java.lang.Double">18000.0</attribute>
					<attribute name="zoneId" class="java.lang.String">60129500</attribute>
				</attributes>
			</activity>
			<leg mode="ride" trav_time="00:07:17">
			</leg>
			<activity type="eatoutbreakfast_5400" x="112403.45439550937" y="-415465.6037857765" max_dur="01:28:49" >
				<attributes>
					<attribute name="initialEndTime" class="java.lang.Double">23767.14906692505</attribute>
					<attribute name="initialStartTime" class="java.lang.Double">18437.268018722534</attribute>
					<attribute name="zoneId" class="java.lang.String">60136100</attribute>
				</attributes>
			</activity>
			<leg mode="ride" trav_time="00:06:38">
			</leg>
			<activity type="home_3600" x="106430.72725075994" y="-412870.63315514283" max_dur="01:02:14" >
				<attributes>
					<attribute name="initialEndTime" class="java.lang.Double">27900.0</attribute>
					<attribute name="initialStartTime" class="java.lang.Double">24165.995864868164</attribute>
					<attribute name="zoneId" class="java.lang.String">60129500</attribute>
				</attributes>
			</activity>
			<leg mode="ride" trav_time="00:06:29">
			</leg>
			<activity type="non-schoolescort_1800" x="104370.08005104926" y="-416417.0412838175" max_dur="00:29:24" >
				<attributes>
					<attribute name="initialEndTime" class="java.lang.Double">30053.18332672119</attribute>
					<attribute name="initialStartTime" class="java.lang.Double">28289.059467315674</attribute>
					<attribute name="zoneId" class="java.lang.String">60126300</attribute>
				</attributes>
			</activity>
			<leg mode="ride" trav_time="00:06:46">
			</leg>
			<activity type="home_1800" x="106430.72725075994" y="-412870.63315514283" max_dur="00:32:20" >
				<attributes>
					<attribute name="initialEndTime" class="java.lang.Double">32400.0</attribute>
					<attribute name="initialStartTime" class="java.lang.Double">30459.89891052246</attribute>
					<attribute name="zoneId" class="java.lang.String">60129500</attribute>
				</attributes>
			</activity>
			<leg mode="car_teleported" trav_time="00:11:16">
			</leg>
			<activity type="discretionary_6000" x="108372.86070852143" y="-419662.26239746105" max_dur="01:35:23" >
				<attributes>
					<attribute name="initialEndTime" class="java.lang.Double">38799.40287709236</attribute>
					<attribute name="initialStartTime" class="java.lang.Double">33076.03340148926</attribute>
					<attribute name="zoneId" class="java.lang.String">60134100</attribute>
				</attributes>
			</activity>
			<leg mode="car_teleported" trav_time="00:09:59">
			</leg>
			<activity type="shop_6600" x="105080.61015305154" y="-412769.71432473126" max_dur="01:47:08" >
				<attributes>
					<attribute name="initialEndTime" class="java.lang.Double">45827.1168923378</attribute>
					<attribute name="initialStartTime" class="java.lang.Double">39398.79748463631</attribute>
					<attribute name="zoneId" class="java.lang.String">60129600</attribute>
				</attributes>
			</activity>
			<leg mode="car_teleported" trav_time="00:01:18">
			</leg>
			<activity type="home_58200" x="106430.72725075994" y="-412870.63315514283" >
				<attributes>
					<attribute name="initialStartTime" class="java.lang.Double">45905.815222263336</attribute>
					<attribute name="zoneId" class="java.lang.String">60129500</attribute>
				</attributes>
			</activity>
		</plan>

	</person>

<!-- ====================================================================== -->

	<person id="17864332">
		<attributes>
			<attribute name="ESR" class="java.lang.String">6</attribute>
			<attribute name="age" class="java.lang.String">75</attribute>
			<attribute name="eduatt" class="java.lang.String">3</attribute>
			<attribute name="gender" class="java.lang.String">female</attribute>
			<attribute name="hhinc" class="java.lang.String">44997</attribute>
			<attribute name="hhnumautos" class="java.lang.String">1</attribute>
			<attribute name="hhsize" class="java.lang.String">1</attribute>
			<attribute name="householdId" class="java.lang.String">5773992</attribute>
			<attribute name="htype" class="java.lang.String">SFD</attribute>
			<attribute name="race" class="java.lang.String">NHW</attribute>
			<attribute name="schg" class="java.lang.String">0</attribute>
			<attribute name="subpopulation" class="java.lang.String">person</attribute>
			<attribute name="ten" class="java.lang.String">2</attribute>
			<attribute name="wkind20" class="java.lang.String">0</attribute>
			<attribute name="wkocc24" class="java.lang.String">0</attribute>
			<attribute name="worker" class="java.lang.String">unemployed</attribute>
		</attributes>
		<plan selected="yes">
			<activity type="home_86400" x="274457.32861962356" y="-441577.0364724767" >
				<attributes>
					<attribute name="zoneId" class="java.lang.String">43448100</attribute>
				</attributes>
			</activity>
		</plan>

	</person>

<!-- ====================================================================== -->

	<person id="17981252">
		<attributes>
			<attribute name="ESR" class="java.lang.String">1</attribute>
			<attribute name="age" class="java.lang.String">41</attribute>
			<attribute name="eduatt" class="java.lang.String">4</attribute>
			<attribute name="gender" class="java.lang.String">male</attribute>
			<attribute name="hhinc" class="java.lang.String">91967</attribute>
			<attribute name="hhnumautos" class="java.lang.String">1</attribute>
			<attribute name="hhsize" class="java.lang.String">4</attribute>
			<attribute name="householdId" class="java.lang.String">5814024</attribute>
			<attribute name="htype" class="java.lang.String">SFD</attribute>
			<attribute name="race" class="java.lang.String">NHO</attribute>
			<attribute name="schg" class="java.lang.String">0</attribute>
			<attribute name="subpopulation" class="java.lang.String">person</attribute>
			<attribute name="ten" class="java.lang.String">1</attribute>
			<attribute name="wkind20" class="java.lang.String">54</attribute>
			<attribute name="wkocc24" class="java.lang.String">10</attribute>
			<attribute name="worker" class="java.lang.String">employed</attribute>
		</attributes>
		<plan selected="yes">
			<activity type="home_48600" x="73979.61811490661" y="-416248.5258810587" end_time="04:30:00" >
				<attributes>
					<attribute name="initialEndTime" class="java.lang.Double">16200.0</attribute>
					<attribute name="zoneId" class="java.lang.String">60036100</attribute>
				</attributes>
			</activity>
			<leg mode="car_teleported" trav_time="00:06:25">
			</leg>
			<activity type="schoolridesharing_6600" x="71154.149526008" y="-417651.56587624986" max_dur="01:48:37" >
				<attributes>
					<attribute name="initialEndTime" class="java.lang.Double">23103.358463287354</attribute>
					<attribute name="initialStartTime" class="java.lang.Double">16585.51760673523</attribute>
					<attribute name="zoneId" class="java.lang.String">60026100</attribute>
				</attributes>
			</activity>
			<leg mode="car_teleported" trav_time="00:05:50">
			</leg>
			<activity type="schoolridesharing_6600" x="71886.40872477228" y="-415840.0085263044" max_dur="01:49:13" >
				<attributes>
					<attribute name="initialEndTime" class="java.lang.Double">30006.716897964474</attribute>
					<attribute name="initialStartTime" class="java.lang.Double">23453.61919784546</attribute>
					<attribute name="zoneId" class="java.lang.String">60023200</attribute>
				</attributes>
			</activity>
			<leg mode="car_teleported" trav_time="00:05:51">
			</leg>
			<activity type="HHmaintenance_6600" x="70860.61458219383" y="-417335.4459074891" max_dur="01:53:38" >
				<attributes>
					<attribute name="initialEndTime" class="java.lang.Double">37176.34633255004</attribute>
					<attribute name="initialStartTime" class="java.lang.Double">30357.99238014221</attribute>
					<attribute name="zoneId" class="java.lang.String">60026100</attribute>
				</attributes>
			</activity>
			<leg mode="car_teleported" trav_time="00:11:17">
			</leg>
			<activity type="HHmaintenance_7800" x="77441.40623623003" y="-419455.8313242959" end_time="12:37:49" >
				<attributes>
					<attribute name="initialEndTime" class="java.lang.Double">45469.35122108459</attribute>
					<attribute name="initialStartTime" class="java.lang.Double">37853.55321121215</attribute>
					<attribute name="zoneId" class="java.lang.String">60090300</attribute>
				</attributes>
			</activity>
			<leg mode="car_teleported" trav_time="00:16:13">
			</leg>
			<activity type="work_6600" x="92766.20282684756" y="-421281.43766929" max_dur="01:49:37" >
				<attributes>
					<attribute name="initialEndTime" class="java.lang.Double">53020.20057678223</attribute>
					<attribute name="initialStartTime" class="java.lang.Double">46442.39393806457</attribute>
					<attribute name="zoneId" class="java.lang.String">60117100</attribute>
				</attributes>
			</activity>
			<leg mode="car_teleported" trav_time="00:21:18">
			</leg>
			<activity type="home_48600" x="73979.61811490661" y="-416248.5258810587" >
				<attributes>
					<attribute name="initialStartTime" class="java.lang.Double">54298.67031097412</attribute>
					<attribute name="zoneId" class="java.lang.String">60036100</attribute>
				</attributes>
			</activity>
		</plan>

	</person>

<!-- ====================================================================== -->

	<person id="17991931">
		<attributes>
			<attribute name="ESR" class="java.lang.String">6</attribute>
			<attribute name="age" class="java.lang.String">26</attribute>
			<attribute name="eduatt" class="java.lang.String">3</attribute>
			<attribute name="gender" class="java.lang.String">female</attribute>
			<attribute name="hhinc" class="java.lang.String">106046</attribute>
			<attribute name="hhnumautos" class="java.lang.String">3</attribute>
			<attribute name="hhsize" class="java.lang.String">8</attribute>
			<attribute name="householdId" class="java.lang.String">5817267</attribute>
			<attribute name="htype" class="java.lang.String">Others</attribute>
			<attribute name="race" class="java.lang.String">NHW</attribute>
			<attribute name="schg" class="java.lang.String">0</attribute>
			<attribute name="subpopulation" class="java.lang.String">person</attribute>
			<attribute name="ten" class="java.lang.String">2</attribute>
			<attribute name="wkind20" class="java.lang.String">0</attribute>
			<attribute name="wkocc24" class="java.lang.String">0</attribute>
			<attribute name="worker" class="java.lang.String">unemployed</attribute>
		</attributes>
		<plan selected="yes">
			<activity type="home_44400" x="79334.51738384669" y="-421061.50124168774" end_time="05:30:00" >
				<attributes>
					<attribute name="initialEndTime" class="java.lang.Double">19800.0</attribute>
					<attribute name="zoneId" class="java.lang.String">60094400</attribute>
				</attributes>
			</activity>
			<leg mode="car_teleported" trav_time="00:05:22">
			</leg>
			<activity type="schoolpureescort_600" x="77846.4227295112" y="-422892.54015931196" max_dur="00:05:14" >
				<attributes>
					<attribute name="initialEndTime" class="java.lang.Double">20437.056245803833</attribute>
					<attribute name="initialStartTime" class="java.lang.Double">20122.26159095764</attribute>
					<attribute name="zoneId" class="java.lang.String">60092600</attribute>
				</attributes>
			</activity>
			<leg mode="car_teleported" trav_time="00:00:56">
			</leg>
			<activity type="non-schoolescort_600" x="78406.7600188267" y="-422806.85041601345" max_dur="00:14:47" >
				<attributes>
					<attribute name="initialEndTime" class="java.lang.Double">21381.421725749966</attribute>
					<attribute name="initialStartTime" class="java.lang.Double">20493.5005736351</attribute>
					<attribute name="zoneId" class="java.lang.String">60092600</attribute>
				</attributes>
			</activity>
			<leg mode="car_teleported" trav_time="00:03:27">
			</leg>
			<activity type="eatoutlunch_1200" x="75834.22247343964" y="-422890.9583906411" max_dur="00:24:46" >
				<attributes>
					<attribute name="initialEndTime" class="java.lang.Double">23074.789323806763</attribute>
					<attribute name="initialStartTime" class="java.lang.Double">21588.490436077114</attribute>
					<attribute name="zoneId" class="java.lang.String">60087100</attribute>
				</attributes>
			</activity>
			<leg mode="car_teleported" trav_time="00:05:10">
			</leg>
			<activity type="home_4800" x="79334.51738384669" y="-421061.50124168774" max_dur="01:15:14" >
				<attributes>
					<attribute name="initialEndTime" class="java.lang.Double">27900.0</attribute>
					<attribute name="initialStartTime" class="java.lang.Double">23385.464658737183</attribute>
					<attribute name="zoneId" class="java.lang.String">60094400</attribute>
				</attributes>
			</activity>
			<leg mode="ride" trav_time="00:15:59">
			</leg>
			<activity type="discretionary_1800" x="98664.1537314341" y="-423303.9566728731" max_dur="00:33:41" >
				<attributes>
					<attribute name="initialEndTime" class="java.lang.Double">30880.86339950561</attribute>
					<attribute name="initialStartTime" class="java.lang.Double">28859.01523590088</attribute>
					<attribute name="zoneId" class="java.lang.String">60169200</attribute>
				</attributes>
			</activity>
			<leg mode="ride" trav_time="00:03:26">
			</leg>
			<activity type="shop_3000" x="99764.16565928997" y="-424924.35610269784" max_dur="00:47:34" >
				<attributes>
					<attribute name="initialEndTime" class="java.lang.Double">33941.60894870757</attribute>
					<attribute name="initialStartTime" class="java.lang.Double">31087.281627655026</attribute>
					<attribute name="zoneId" class="java.lang.String">60172300</attribute>
				</attributes>
			</activity>
			<leg mode="ride" trav_time="00:04:50">
			</leg>
			<activity type="shop_4800" x="97937.16158605939" y="-422230.52801232977" max_dur="01:17:55" >
				<attributes>
					<attribute name="initialEndTime" class="java.lang.Double">38908.15475463867</attribute>
					<attribute name="initialStartTime" class="java.lang.Double">34232.55458354949</attribute>
					<attribute name="zoneId" class="java.lang.String">60169100</attribute>
				</attributes>
			</activity>
			<leg mode="ride" trav_time="00:16:57">
			</leg>
			<activity type="home_2400" x="79334.51738384669" y="-421061.50124168774" max_dur="00:39:33" >
				<attributes>
					<attribute name="initialEndTime" class="java.lang.Double">42300.0</attribute>
					<attribute name="initialStartTime" class="java.lang.Double">39926.09745025635</attribute>
					<attribute name="zoneId" class="java.lang.String">60094400</attribute>
				</attributes>
			</activity>
			<leg mode="car_teleported" trav_time="00:05:38">
			</leg>
			<activity type="schoolpureescort_1200" x="77445.3943745363" y="-422478.20446599636" max_dur="00:18:50" >
				<attributes>
					<attribute name="initialEndTime" class="java.lang.Double">43768.785638809204</attribute>
					<attribute name="initialStartTime" class="java.lang.Double">42638.308153152466</attribute>
					<attribute name="zoneId" class="java.lang.String">60092600</attribute>
				</attributes>
			</activity>
			<leg mode="car_teleported" trav_time="00:05:21">
			</leg>
			<activity type="home_5400" x="79334.51738384669" y="-421061.50124168774" max_dur="01:30:09" >
				<attributes>
					<attribute name="initialEndTime" class="java.lang.Double">49500.0</attribute>
					<attribute name="initialStartTime" class="java.lang.Double">44090.28081893921</attribute>
					<attribute name="zoneId" class="java.lang.String">60094400</attribute>
				</attributes>
			</activity>
			<leg mode="car_teleported" trav_time="00:07:36">
			</leg>
			<activity type="visiting_7200" x="78946.61359098331" y="-426755.19270992215" max_dur="01:58:27" >
				<attributes>
					<attribute name="initialEndTime" class="java.lang.Double">57063.74559402466</attribute>
					<attribute name="initialStartTime" class="java.lang.Double">49956.32752418518</attribute>
					<attribute name="zoneId" class="java.lang.String">60091100</attribute>
				</attributes>
			</activity>
			<leg mode="car_teleported" trav_time="00:08:08">
			</leg>
			<activity type="home_3000" x="79334.51738384669" y="-421061.50124168774" max_dur="00:45:47" >
				<attributes>
					<attribute name="initialEndTime" class="java.lang.Double">60300.0</attribute>
					<attribute name="initialStartTime" class="java.lang.Double">57552.48962402344</attribute>
					<attribute name="zoneId" class="java.lang.String">60094400</attribute>
				</attributes>
			</activity>
			<leg mode="car_teleported" trav_time="00:10:00">
			</leg>
			<activity type="discretionary_600" x="75407.00085432608" y="-424425.32988322794" max_dur="00:05:00" >
				<attributes>
					<attribute name="initialEndTime" class="java.lang.Double">60708.23999404907</attribute>
					<attribute name="initialStartTime" class="java.lang.Double">60900.91369628906</attribute>
					<attribute name="zoneId" class="java.lang.String">60069300</attribute>
				</attributes>
			</activity>
			<leg mode="car_teleported" trav_time="00:08:10">
			</leg>
			<activity type="eatoutdinner_600" x="78445.3834701526" y="-421393.6467609483" max_dur="00:11:50" >
				<attributes>
					<attribute name="initialEndTime" class="java.lang.Double">61909.39516067505</attribute>
					<attribute name="initialStartTime" class="java.lang.Double">61198.48611831665</attribute>
					<attribute name="zoneId" class="java.lang.String">60092200</attribute>
				</attributes>
			</activity>
			<leg mode="car_teleported" trav_time="00:03:02">
			</leg>
			<activity type="home_44400" x="79334.51738384669" y="-421061.50124168774" >
				<attributes>
					<attribute name="initialStartTime" class="java.lang.Double">62092.3829126358</attribute>
					<attribute name="zoneId" class="java.lang.String">60094400</attribute>
				</attributes>
			</activity>
		</plan>

	</person>

<!-- ====================================================================== -->

	<person id="18020148">
		<attributes>
			<attribute name="ESR" class="java.lang.String">6</attribute>
			<attribute name="age" class="java.lang.String">22</attribute>
			<attribute name="eduatt" class="java.lang.String">1</attribute>
			<attribute name="gender" class="java.lang.String">female</attribute>
			<attribute name="hhinc" class="java.lang.String">44712</attribute>
			<attribute name="hhnumautos" class="java.lang.String">1</attribute>
			<attribute name="hhsize" class="java.lang.String">4</attribute>
			<attribute name="householdId" class="java.lang.String">5828449</attribute>
			<attribute name="htype" class="java.lang.String">SFD</attribute>
			<attribute name="race" class="java.lang.String">NHW</attribute>
			<attribute name="schg" class="java.lang.String">0</attribute>
			<attribute name="subpopulation" class="java.lang.String">person</attribute>
			<attribute name="ten" class="java.lang.String">3</attribute>
			<attribute name="wkind20" class="java.lang.String">0</attribute>
			<attribute name="wkocc24" class="java.lang.String">0</attribute>
			<attribute name="worker" class="java.lang.String">unemployed</attribute>
		</attributes>
		<plan selected="yes">
			<activity type="home_64800" x="101876.81807616721" y="-416568.13226166554" end_time="10:15:00" >
				<attributes>
					<attribute name="initialEndTime" class="java.lang.Double">36900.0</attribute>
					<attribute name="zoneId" class="java.lang.String">60125200</attribute>
				</attributes>
			</activity>
			<leg mode="car_teleported" trav_time="00:30:32">
			</leg>
			<activity type="eatout_1200" x="130437.59598490816" y="-420414.0591448326" max_dur="00:22:49" >
				<attributes>
					<attribute name="initialEndTime" class="java.lang.Double">40101.034996032715</attribute>
					<attribute name="initialStartTime" class="java.lang.Double">38732.030181884766</attribute>
					<attribute name="zoneId" class="java.lang.String">20441200</attribute>
				</attributes>
			</activity>
			<leg mode="car_teleported" trav_time="00:12:28">
			</leg>
			<activity type="discretionary_2400" x="135228.02519029888" y="-425797.162065736" max_dur="00:37:48" >
				<attributes>
					<attribute name="initialEndTime" class="java.lang.Double">43117.23234558106</attribute>
					<attribute name="initialStartTime" class="java.lang.Double">40849.074909210205</attribute>
					<attribute name="zoneId" class="java.lang.String">20480200</attribute>
				</attributes>
			</activity>
			<leg mode="car_teleported" trav_time="00:10:14">
			</leg>
			<activity type="eatout_3000" x="128877.0807169151" y="-424685.5996452355" max_dur="00:51:12" >
				<attributes>
					<attribute name="initialEndTime" class="java.lang.Double">46803.5867843628</attribute>
					<attribute name="initialStartTime" class="java.lang.Double">43731.405052185066</attribute>
					<attribute name="zoneId" class="java.lang.String">20424100</attribute>
				</attributes>
			</activity>
			<leg mode="car_teleported" trav_time="00:23:33">
			</leg>
			<activity type="shop_1800" x="143055.50821971026" y="-426062.7437300118" max_dur="00:31:58" >
				<attributes>
					<attribute name="initialEndTime" class="java.lang.Double">50135.222557067886</attribute>
					<attribute name="initialStartTime" class="java.lang.Double">48217.204605102546</attribute>
					<attribute name="zoneId" class="java.lang.String">20546200</attribute>
				</attributes>
			</activity>
			<leg mode="car_teleported" trav_time="00:16:41">
			</leg>
			<activity type="discretionary_4800" x="135367.8408840125" y="-422598.32935484336" max_dur="01:21:19" >
				<attributes>
					<attribute name="initialEndTime" class="java.lang.Double">56016.238861083984</attribute>
					<attribute name="initialStartTime" class="java.lang.Double">51136.572807312026</attribute>
					<attribute name="zoneId" class="java.lang.String">20488200</attribute>
				</attributes>
			</activity>
			<leg mode="car_teleported" trav_time="00:41:24">
			</leg>
			<activity type="home_64800" x="101876.81807616721" y="-416568.13226166554" >
				<attributes>
					<attribute name="initialStartTime" class="java.lang.Double">58500.34126281738</attribute>
					<attribute name="zoneId" class="java.lang.String">60125200</attribute>
				</attributes>
			</activity>
		</plan>

	</person>

<!-- ====================================================================== -->

	<person id="18204692">
		<attributes>
			<attribute name="ESR" class="java.lang.String">6</attribute>
			<attribute name="age" class="java.lang.String">25</attribute>
			<attribute name="eduatt" class="java.lang.String">2</attribute>
			<attribute name="gender" class="java.lang.String">male</attribute>
			<attribute name="hhinc" class="java.lang.String">45567</attribute>
			<attribute name="hhnumautos" class="java.lang.String">3</attribute>
			<attribute name="hhsize" class="java.lang.String">3</attribute>
			<attribute name="householdId" class="java.lang.String">5894785</attribute>
			<attribute name="htype" class="java.lang.String">SFD</attribute>
			<attribute name="race" class="java.lang.String">NHW</attribute>
			<attribute name="schg" class="java.lang.String">0</attribute>
			<attribute name="subpopulation" class="java.lang.String">person</attribute>
			<attribute name="ten" class="java.lang.String">3</attribute>
			<attribute name="wkind20" class="java.lang.String">0</attribute>
			<attribute name="wkocc24" class="java.lang.String">0</attribute>
			<attribute name="worker" class="java.lang.String">unemployed</attribute>
		</attributes>
		<plan selected="yes">
			<activity type="home_86400" x="73780.500149507" y="-422287.1496588213" >
				<attributes>
					<attribute name="zoneId" class="java.lang.String">60061100</attribute>
				</attributes>
			</activity>
		</plan>

	</person>

<!-- ====================================================================== -->

	<person id="18327282">
		<attributes>
			<attribute name="ESR" class="java.lang.String">1</attribute>
			<attribute name="age" class="java.lang.String">48</attribute>
			<attribute name="eduatt" class="java.lang.String">3</attribute>
			<attribute name="gender" class="java.lang.String">female</attribute>
			<attribute name="hhinc" class="java.lang.String">30633</attribute>
			<attribute name="hhnumautos" class="java.lang.String">1</attribute>
			<attribute name="hhsize" class="java.lang.String">1</attribute>
			<attribute name="householdId" class="java.lang.String">5938898</attribute>
			<attribute name="htype" class="java.lang.String">Others</attribute>
			<attribute name="race" class="java.lang.String">NHW</attribute>
			<attribute name="schg" class="java.lang.String">0</attribute>
			<attribute name="subpopulation" class="java.lang.String">person</attribute>
			<attribute name="ten" class="java.lang.String">2</attribute>
			<attribute name="wkind20" class="java.lang.String">51</attribute>
			<attribute name="wkocc24" class="java.lang.String">18</attribute>
			<attribute name="worker" class="java.lang.String">employed</attribute>
		</attributes>
		<plan selected="yes">
			<activity type="home_46800" x="64244.65025343322" y="-400616.2896633004" end_time="04:30:00" >
				<attributes>
					<attribute name="initialEndTime" class="java.lang.Double">16200.0</attribute>
					<attribute name="zoneId" class="java.lang.String">60005100</attribute>
				</attributes>
			</activity>
			<leg mode="car_teleported" trav_time="00:01:26">
			</leg>
			<activity type="work_19200" x="64566.461833476475" y="-398820.4271341696" end_time="09:51:51" >
				<attributes>
					<attribute name="initialEndTime" class="java.lang.Double">35511.635563373566</attribute>
					<attribute name="initialStartTime" class="java.lang.Double">16286.573996543884</attribute>
					<attribute name="zoneId" class="java.lang.String">60005100</attribute>
				</attributes>
			</activity>
			<leg mode="car_teleported" trav_time="00:02:58">
			</leg>
			<activity type="eatoutdinner_19800" x="64636.218147422005" y="-402402.9861444686" end_time="15:26:47" >
				<attributes>
					<attribute name="initialEndTime" class="java.lang.Double">55607.22933769226</attribute>
					<attribute name="initialStartTime" class="java.lang.Double">35690.47579050064</attribute>
					<attribute name="zoneId" class="java.lang.String">60010200</attribute>
				</attributes>
			</activity>
			<leg mode="car_teleported" trav_time="00:02:58">
			</leg>
			<activity type="home_46800" x="64244.65025343322" y="-400616.2896633004" >
				<attributes>
					<attribute name="initialStartTime" class="java.lang.Double">55785.49449920654</attribute>
					<attribute name="zoneId" class="java.lang.String">60005100</attribute>
				</attributes>
			</activity>
		</plan>

	</person>

<!-- ====================================================================== -->

	<person id="18368832">
		<attributes>
			<attribute name="ESR" class="java.lang.String">0</attribute>
			<attribute name="age" class="java.lang.String">3</attribute>
			<attribute name="eduatt" class="java.lang.String">1</attribute>
			<attribute name="gender" class="java.lang.String">male</attribute>
			<attribute name="hhinc" class="java.lang.String">166159</attribute>
			<attribute name="hhnumautos" class="java.lang.String">2</attribute>
			<attribute name="hhsize" class="java.lang.String">3</attribute>
			<attribute name="householdId" class="java.lang.String">5955074</attribute>
			<attribute name="htype" class="java.lang.String">Multiple</attribute>
			<attribute name="race" class="java.lang.String">NHW</attribute>
			<attribute name="schg" class="java.lang.String">1</attribute>
			<attribute name="subpopulation" class="java.lang.String">person</attribute>
			<attribute name="ten" class="java.lang.String">3</attribute>
			<attribute name="wkind20" class="java.lang.String">0</attribute>
			<attribute name="wkocc24" class="java.lang.String">0</attribute>
			<attribute name="worker" class="java.lang.String">unemployed</attribute>
		</attributes>
		<plan selected="yes">
			<activity type="home_86400" x="186317.36043502094" y="-475612.4128130008" >
				<attributes>
					<attribute name="zoneId" class="java.lang.String">32673300</attribute>
				</attributes>
			</activity>
		</plan>

	</person>

<!-- ====================================================================== -->

	<person id="18376950">
		<attributes>
			<attribute name="ESR" class="java.lang.String">6</attribute>
			<attribute name="age" class="java.lang.String">65</attribute>
			<attribute name="eduatt" class="java.lang.String">3</attribute>
			<attribute name="gender" class="java.lang.String">male</attribute>
			<attribute name="hhinc" class="java.lang.String">30537</attribute>
			<attribute name="hhnumautos" class="java.lang.String">1</attribute>
			<attribute name="hhsize" class="java.lang.String">2</attribute>
			<attribute name="householdId" class="java.lang.String">5958129</attribute>
			<attribute name="htype" class="java.lang.String">Others</attribute>
			<attribute name="race" class="java.lang.String">NHW</attribute>
			<attribute name="schg" class="java.lang.String">0</attribute>
			<attribute name="subpopulation" class="java.lang.String">person</attribute>
			<attribute name="ten" class="java.lang.String">2</attribute>
			<attribute name="wkind20" class="java.lang.String">0</attribute>
			<attribute name="wkocc24" class="java.lang.String">0</attribute>
			<attribute name="worker" class="java.lang.String">unemployed</attribute>
		</attributes>
		<plan selected="yes">
			<activity type="home_86400" x="329686.75979845796" y="-463598.3862147833" >
				<attributes>
					<attribute name="zoneId" class="java.lang.String">43519200</attribute>
				</attributes>
			</activity>
		</plan>

	</person>

<!-- ====================================================================== -->

	<person id="18668149">
		<attributes>
			<attribute name="age" class="java.lang.String">58</attribute>
			<attribute name="gender" class="java.lang.String">female</attribute>
			<attribute name="hhnumautos" class="java.lang.String">1</attribute>
			<attribute name="householdId" class="java.lang.String">6164103</attribute>
			<attribute name="subpopulation" class="java.lang.String">person</attribute>
		</attributes>
		<plan selected="yes">
			<activity type="home_86400" x="230184.0275517227" y="-459932.7292742251" >
				<attributes>
					<attribute name="zoneId" class="java.lang.String">43183200</attribute>
				</attributes>
			</activity>
		</plan>

	</person>

<!-- ====================================================================== -->

	<person id="18724620">
		<attributes>
			<attribute name="age" class="java.lang.String">55</attribute>
			<attribute name="gender" class="java.lang.String">female</attribute>
			<attribute name="hhnumautos" class="java.lang.String">0</attribute>
			<attribute name="householdId" class="java.lang.String">6220574</attribute>
			<attribute name="subpopulation" class="java.lang.String">person</attribute>
		</attributes>
		<plan selected="yes">
			<activity type="home_70800" x="250078.55592934554" y="-388744.4587927027" end_time="07:30:00" >
				<attributes>
					<attribute name="initialEndTime" class="java.lang.Double">27000.0</attribute>
					<attribute name="zoneId" class="java.lang.String">53942200</attribute>
				</attributes>
			</activity>
			<leg mode="walk" trav_time="00:20:45">
			</leg>
			<activity type="visiting_13200" x="250879.06586103342" y="-386450.0442648445" end_time="11:27:55" >
				<attributes>
					<attribute name="initialEndTime" class="java.lang.Double">41275.45663833618</attribute>
					<attribute name="initialStartTime" class="java.lang.Double">28245.433616638184</attribute>
					<attribute name="zoneId" class="java.lang.String">53942100</attribute>
				</attributes>
			</activity>
			<leg mode="walk" trav_time="00:20:45">
			</leg>
			<activity type="home_70800" x="250078.55592934554" y="-388744.4587927027" >
				<attributes>
					<attribute name="initialStartTime" class="java.lang.Double">42520.890254974365</attribute>
					<attribute name="zoneId" class="java.lang.String">53942200</attribute>
				</attributes>
			</activity>
		</plan>

	</person>

<!-- ====================================================================== -->

	<person id="1904161">
		<attributes>
			<attribute name="ESR" class="java.lang.String">0</attribute>
			<attribute name="age" class="java.lang.String">7</attribute>
			<attribute name="eduatt" class="java.lang.String">1</attribute>
			<attribute name="gender" class="java.lang.String">male</attribute>
			<attribute name="hhinc" class="java.lang.String">88439</attribute>
			<attribute name="hhnumautos" class="java.lang.String">2</attribute>
			<attribute name="hhsize" class="java.lang.String">3</attribute>
			<attribute name="householdId" class="java.lang.String">615338</attribute>
			<attribute name="htype" class="java.lang.String">SFD</attribute>
			<attribute name="race" class="java.lang.String">HP</attribute>
			<attribute name="schg" class="java.lang.String">3</attribute>
			<attribute name="subpopulation" class="java.lang.String">person</attribute>
			<attribute name="ten" class="java.lang.String">1</attribute>
			<attribute name="wkind20" class="java.lang.String">0</attribute>
			<attribute name="wkocc24" class="java.lang.String">0</attribute>
			<attribute name="worker" class="java.lang.String">unemployed</attribute>
		</attributes>
		<plan selected="yes">
			<activity type="home_40800" x="184732.07768210687" y="-439710.57351037423" end_time="05:15:00" >
				<attributes>
					<attribute name="initialEndTime" class="java.lang.Double">18900.0</attribute>
					<attribute name="zoneId" class="java.lang.String">22257100</attribute>
				</attributes>
			</activity>
			<leg mode="ride" trav_time="00:10:38">
			</leg>
			<activity type="visiting_45000" x="186973.93039645875" y="-434900.7812296358" end_time="17:50:39" >
				<attributes>
					<attribute name="initialEndTime" class="java.lang.Double">64239.58923339844</attribute>
					<attribute name="initialStartTime" class="java.lang.Double">19538.696880340576</attribute>
					<attribute name="zoneId" class="java.lang.String">22277100</attribute>
				</attributes>
			</activity>
			<leg mode="ride" trav_time="00:10:14">
			</leg>
			<activity type="home_40800" x="184732.07768210687" y="-439710.57351037423" >
				<attributes>
					<attribute name="initialStartTime" class="java.lang.Double">64854.5788192749</attribute>
					<attribute name="zoneId" class="java.lang.String">22257100</attribute>
				</attributes>
			</activity>
		</plan>

	</person>

<!-- ====================================================================== -->

	<person id="211399">
		<attributes>
			<attribute name="ESR" class="java.lang.String">3</attribute>
			<attribute name="age" class="java.lang.String">21</attribute>
			<attribute name="eduatt" class="java.lang.String">3</attribute>
			<attribute name="gender" class="java.lang.String">male</attribute>
			<attribute name="hhinc" class="java.lang.String">67734</attribute>
			<attribute name="hhnumautos" class="java.lang.String">1</attribute>
			<attribute name="hhsize" class="java.lang.String">3</attribute>
			<attribute name="householdId" class="java.lang.String">65707</attribute>
			<attribute name="htype" class="java.lang.String">Multiple</attribute>
			<attribute name="race" class="java.lang.String">NHB</attribute>
			<attribute name="schg" class="java.lang.String">15</attribute>
			<attribute name="subpopulation" class="java.lang.String">person</attribute>
			<attribute name="ten" class="java.lang.String">3</attribute>
			<attribute name="wkind20" class="java.lang.String">0</attribute>
			<attribute name="wkocc24" class="java.lang.String">0</attribute>
			<attribute name="worker" class="java.lang.String">unemployed</attribute>
		</attributes>
		<plan selected="yes">
			<activity type="home_86400" x="158170.99479693404" y="-436723.51869680383" >
				<attributes>
					<attribute name="zoneId" class="java.lang.String">21092200</attribute>
				</attributes>
			</activity>
		</plan>

	</person>

<!-- ====================================================================== -->

	<person id="2276799">
		<attributes>
			<attribute name="ESR" class="java.lang.String">6</attribute>
			<attribute name="age" class="java.lang.String">18</attribute>
			<attribute name="eduatt" class="java.lang.String">2</attribute>
			<attribute name="gender" class="java.lang.String">female</attribute>
			<attribute name="hhinc" class="java.lang.String">47566</attribute>
			<attribute name="hhnumautos" class="java.lang.String">4</attribute>
			<attribute name="hhsize" class="java.lang.String">4</attribute>
			<attribute name="householdId" class="java.lang.String">740039</attribute>
			<attribute name="htype" class="java.lang.String">SFD</attribute>
			<attribute name="race" class="java.lang.String">HP</attribute>
			<attribute name="schg" class="java.lang.String">15</attribute>
			<attribute name="subpopulation" class="java.lang.String">person</attribute>
			<attribute name="ten" class="java.lang.String">1</attribute>
			<attribute name="wkind20" class="java.lang.String">0</attribute>
			<attribute name="wkocc24" class="java.lang.String">0</attribute>
			<attribute name="worker" class="java.lang.String">unemployed</attribute>
		</attributes>
		<plan selected="yes">
			<activity type="home_51000" x="176669.56390666368" y="-448025.464440728" end_time="04:30:00" >
				<attributes>
					<attribute name="initialEndTime" class="java.lang.Double">16200.0</attribute>
					<attribute name="zoneId" class="java.lang.String">21827100</attribute>
				</attributes>
			</activity>
			<leg mode="car_teleported" trav_time="00:14:05">
			</leg>
			<activity type="personalmaintenance_8400" x="169713.87215745667" y="-447878.5866543578" end_time="07:05:17" >
				<attributes>
					<attribute name="initialEndTime" class="java.lang.Double">25517.53520965576</attribute>
					<attribute name="initialStartTime" class="java.lang.Double">17045.047187805176</attribute>
					<attribute name="zoneId" class="java.lang.String">21719200</attribute>
				</attributes>
			</activity>
			<leg mode="car_teleported" trav_time="00:12:24">
			</leg>
			<activity type="home_1800" x="176669.56390666368" y="-448025.464440728" max_dur="00:27:17" >
				<attributes>
					<attribute name="initialEndTime" class="java.lang.Double">27900.0</attribute>
					<attribute name="initialStartTime" class="java.lang.Double">26262.340507507324</attribute>
					<attribute name="zoneId" class="java.lang.String">21827100</attribute>
				</attributes>
			</activity>
			<leg mode="ride" trav_time="00:21:23">
			</leg>
			<activity type="maintenance_5400" x="186970.32521331383" y="-459090.43941007194" max_dur="01:26:45" >
				<attributes>
					<attribute name="initialEndTime" class="java.lang.Double">34389.48402404785</attribute>
					<attribute name="initialStartTime" class="java.lang.Double">29183.486251831055</attribute>
					<attribute name="zoneId" class="java.lang.String">32491200</attribute>
				</attributes>
			</activity>
			<leg mode="ride" trav_time="00:05:31">
			</leg>
			<activity type="discretionary_6600" x="187491.03931637318" y="-456700.14204710274" max_dur="01:49:36" >
				<attributes>
					<attribute name="initialEndTime" class="java.lang.Double">41297.40956306458</attribute>
					<attribute name="initialStartTime" class="java.lang.Double">34720.957164764404</attribute>
					<attribute name="zoneId" class="java.lang.String">32494100</attribute>
				</attributes>
			</activity>
			<leg mode="ride" trav_time="00:13:48">
			</leg>
			<activity type="visiting_7200" x="190948.30183261874" y="-463476.93511490605" end_time="13:43:46" >
				<attributes>
					<attribute name="initialEndTime" class="java.lang.Double">49426.56223297119</attribute>
					<attribute name="initialStartTime" class="java.lang.Double">42126.02801322938</attribute>
					<attribute name="zoneId" class="java.lang.String">32597200</attribute>
				</attributes>
			</activity>
			<leg mode="ride" trav_time="00:33:00">
			</leg>
			<activity type="home_51000" x="176669.56390666368" y="-448025.464440728" >
				<attributes>
					<attribute name="initialStartTime" class="java.lang.Double">51406.97490692139</attribute>
					<attribute name="zoneId" class="java.lang.String">21827100</attribute>
				</attributes>
			</activity>
		</plan>

	</person>

<!-- ====================================================================== -->

	<person id="229064">
		<attributes>
			<attribute name="ESR" class="java.lang.String">1</attribute>
			<attribute name="age" class="java.lang.String">44</attribute>
			<attribute name="eduatt" class="java.lang.String">2</attribute>
			<attribute name="gender" class="java.lang.String">male</attribute>
			<attribute name="hhinc" class="java.lang.String">54099</attribute>
			<attribute name="hhnumautos" class="java.lang.String">1</attribute>
			<attribute name="hhsize" class="java.lang.String">4</attribute>
			<attribute name="householdId" class="java.lang.String">71012</attribute>
			<attribute name="htype" class="java.lang.String">SFD</attribute>
			<attribute name="race" class="java.lang.String">HP</attribute>
			<attribute name="schg" class="java.lang.String">0</attribute>
			<attribute name="subpopulation" class="java.lang.String">person</attribute>
			<attribute name="ten" class="java.lang.String">1</attribute>
			<attribute name="wkind20" class="java.lang.String">54</attribute>
			<attribute name="wkocc24" class="java.lang.String">4</attribute>
			<attribute name="worker" class="java.lang.String">employed</attribute>
		</attributes>
		<plan selected="yes">
			<activity type="home_52200" x="152774.12195062824" y="-423108.91085242905" end_time="08:15:00" >
				<attributes>
					<attribute name="initialEndTime" class="java.lang.Double">29700.0</attribute>
					<attribute name="zoneId" class="java.lang.String">20632200</attribute>
				</attributes>
			</activity>
			<leg mode="car_teleported" trav_time="00:04:28">
			</leg>
			<activity type="non-schoolescort_11400" x="155540.92089954365" y="-424021.33096711285" end_time="11:33:02" >
				<attributes>
					<attribute name="initialEndTime" class="java.lang.Double">41582.785918712616</attribute>
					<attribute name="initialStartTime" class="java.lang.Double">29968.67723464966</attribute>
					<attribute name="zoneId" class="java.lang.String">20642200</attribute>
				</attributes>
			</activity>
			<leg mode="car_teleported" trav_time="00:26:26">
			</leg>
			<activity type="work_9600" x="161691.20932441202" y="-438725.8868781179" end_time="14:43:48" >
				<attributes>
					<attribute name="initialEndTime" class="java.lang.Double">53028.823294639595</attribute>
					<attribute name="initialStartTime" class="java.lang.Double">43169.408881664276</attribute>
					<attribute name="zoneId" class="java.lang.String">21952100</attribute>
				</attributes>
			</activity>
			<leg mode="car_teleported" trav_time="00:27:54">
			</leg>
			<activity type="non-schoolescort_9000" x="153656.6812717177" y="-422869.31920089363" end_time="17:43:01" >
				<attributes>
					<attribute name="initialEndTime" class="java.lang.Double">63781.93084001541</attribute>
					<attribute name="initialStartTime" class="java.lang.Double">54703.30747127534</attribute>
					<attribute name="zoneId" class="java.lang.String">20638100</attribute>
				</attributes>
			</activity>
			<leg mode="car_teleported" trav_time="00:02:37">
			</leg>
			<activity type="home_52200" x="152774.12195062824" y="-423108.91085242905" >
				<attributes>
					<attribute name="initialStartTime" class="java.lang.Double">63939.551174640656</attribute>
					<attribute name="zoneId" class="java.lang.String">20632200</attribute>
				</attributes>
			</activity>
		</plan>

	</person>

<!-- ====================================================================== -->

	<person id="2317586">
		<attributes>
			<attribute name="ESR" class="java.lang.String">1</attribute>
			<attribute name="age" class="java.lang.String">39</attribute>
			<attribute name="eduatt" class="java.lang.String">5</attribute>
			<attribute name="gender" class="java.lang.String">male</attribute>
			<attribute name="hhinc" class="java.lang.String">222189</attribute>
			<attribute name="hhnumautos" class="java.lang.String">1</attribute>
			<attribute name="hhsize" class="java.lang.String">1</attribute>
			<attribute name="householdId" class="java.lang.String">752235</attribute>
			<attribute name="htype" class="java.lang.String">Multiple</attribute>
			<attribute name="race" class="java.lang.String">NHW</attribute>
			<attribute name="schg" class="java.lang.String">0</attribute>
			<attribute name="subpopulation" class="java.lang.String">person</attribute>
			<attribute name="ten" class="java.lang.String">3</attribute>
			<attribute name="wkind20" class="java.lang.String">62</attribute>
			<attribute name="wkocc24" class="java.lang.String">11</attribute>
			<attribute name="worker" class="java.lang.String">employed</attribute>
		</attributes>
		<plan selected="yes">
			<activity type="home_59400" x="149168.73131603346" y="-433122.0914995742" end_time="07:15:00" >
				<attributes>
					<attribute name="initialEndTime" class="java.lang.Double">26100.0</attribute>
					<attribute name="zoneId" class="java.lang.String">20884100</attribute>
				</attributes>
			</activity>
			<leg mode="car_teleported" trav_time="00:06:25">
			</leg>
			<activity type="HHmaintenance_26400" x="149328.50739134816" y="-436530.6399829392" end_time="14:40:24" >
				<attributes>
					<attribute name="initialEndTime" class="java.lang.Double">52824.01196479797</attribute>
					<attribute name="initialStartTime" class="java.lang.Double">26485.331783294678</attribute>
					<attribute name="zoneId" class="java.lang.String">20896100</attribute>
				</attributes>
			</activity>
			<leg mode="car_teleported" trav_time="00:05:27">
			</leg>
			<activity type="home_59400" x="149168.73131603346" y="-433122.0914995742" >
				<attributes>
					<attribute name="initialStartTime" class="java.lang.Double">53151.015129089355</attribute>
					<attribute name="zoneId" class="java.lang.String">20884100</attribute>
				</attributes>
			</activity>
		</plan>

	</person>

<!-- ====================================================================== -->

	<person id="2444203">
		<attributes>
			<attribute name="ESR" class="java.lang.String">1</attribute>
			<attribute name="age" class="java.lang.String">43</attribute>
			<attribute name="eduatt" class="java.lang.String">4</attribute>
			<attribute name="gender" class="java.lang.String">male</attribute>
			<attribute name="hhinc" class="java.lang.String">95634</attribute>
			<attribute name="hhnumautos" class="java.lang.String">1</attribute>
			<attribute name="hhsize" class="java.lang.String">1</attribute>
			<attribute name="householdId" class="java.lang.String">792195</attribute>
			<attribute name="htype" class="java.lang.String">Multiple</attribute>
			<attribute name="race" class="java.lang.String">NHW</attribute>
			<attribute name="schg" class="java.lang.String">0</attribute>
			<attribute name="subpopulation" class="java.lang.String">person</attribute>
			<attribute name="ten" class="java.lang.String">1</attribute>
			<attribute name="wkind20" class="java.lang.String">62</attribute>
			<attribute name="wkocc24" class="java.lang.String">6</attribute>
			<attribute name="worker" class="java.lang.String">employed</attribute>
		</attributes>
		<plan selected="yes">
			<activity type="home_86400" x="179527.6579625262" y="-426397.72956981574" >
				<attributes>
					<attribute name="zoneId" class="java.lang.String">22208100</attribute>
				</attributes>
			</activity>
		</plan>

	</person>

<!-- ====================================================================== -->

	<person id="2470996">
		<attributes>
			<attribute name="ESR" class="java.lang.String">6</attribute>
			<attribute name="age" class="java.lang.String">62</attribute>
			<attribute name="eduatt" class="java.lang.String">3</attribute>
			<attribute name="gender" class="java.lang.String">female</attribute>
			<attribute name="hhinc" class="java.lang.String">104014</attribute>
			<attribute name="hhnumautos" class="java.lang.String">4</attribute>
			<attribute name="hhsize" class="java.lang.String">9</attribute>
			<attribute name="householdId" class="java.lang.String">800416</attribute>
			<attribute name="htype" class="java.lang.String">SFA</attribute>
			<attribute name="race" class="java.lang.String">HP</attribute>
			<attribute name="schg" class="java.lang.String">0</attribute>
			<attribute name="subpopulation" class="java.lang.String">person</attribute>
			<attribute name="ten" class="java.lang.String">2</attribute>
			<attribute name="wkind20" class="java.lang.String">0</attribute>
			<attribute name="wkocc24" class="java.lang.String">0</attribute>
			<attribute name="worker" class="java.lang.String">unemployed</attribute>
		</attributes>
		<plan selected="yes">
			<activity type="home_86400" x="195857.03132367512" y="-442706.778286029" >
				<attributes>
					<attribute name="zoneId" class="java.lang.String">22362100</attribute>
				</attributes>
			</activity>
		</plan>

	</person>

<!-- ====================================================================== -->

	<person id="2618778">
		<attributes>
			<attribute name="ESR" class="java.lang.String">1</attribute>
			<attribute name="age" class="java.lang.String">43</attribute>
			<attribute name="eduatt" class="java.lang.String">1</attribute>
			<attribute name="gender" class="java.lang.String">male</attribute>
			<attribute name="hhinc" class="java.lang.String">87457</attribute>
			<attribute name="hhnumautos" class="java.lang.String">2</attribute>
			<attribute name="hhsize" class="java.lang.String">2</attribute>
			<attribute name="householdId" class="java.lang.String">846840</attribute>
			<attribute name="htype" class="java.lang.String">SFA</attribute>
			<attribute name="race" class="java.lang.String">NHW</attribute>
			<attribute name="schg" class="java.lang.String">0</attribute>
			<attribute name="subpopulation" class="java.lang.String">person</attribute>
			<attribute name="ten" class="java.lang.String">1</attribute>
			<attribute name="wkind20" class="java.lang.String">71</attribute>
			<attribute name="wkocc24" class="java.lang.String">10</attribute>
			<attribute name="worker" class="java.lang.String">employed</attribute>
		</attributes>
		<plan selected="yes">
			<activity type="home_41400" x="128386.0569692955" y="-422759.8638208227" end_time="06:00:00" >
				<attributes>
					<attribute name="initialEndTime" class="java.lang.Double">21600.0</attribute>
					<attribute name="zoneId" class="java.lang.String">20413100</attribute>
				</attributes>
			</activity>
			<leg mode="car_teleported" trav_time="00:21:59">
			</leg>
			<activity type="eatoutlunch_20400" x="142417.82227085507" y="-425789.689937886" end_time="12:01:57" >
				<attributes>
					<attribute name="initialEndTime" class="java.lang.Double">43317.48888015747</attribute>
					<attribute name="initialStartTime" class="java.lang.Double">22919.998512268066</attribute>
					<attribute name="zoneId" class="java.lang.String">20527200</attribute>
				</attributes>
			</activity>
			<leg mode="car_teleported" trav_time="01:33:58">
			</leg>
			<activity type="work_12000" x="192175.06990939274" y="-465371.5284687209" end_time="16:59:41" >
				<attributes>
					<attribute name="initialEndTime" class="java.lang.Double">61181.88674926758</attribute>
					<attribute name="initialStartTime" class="java.lang.Double">48956.073932647705</attribute>
					<attribute name="zoneId" class="java.lang.String">32603300</attribute>
				</attributes>
			</activity>
			<leg mode="car_teleported" trav_time="01:28:17">
			</leg>
			<activity type="home_41400" x="128386.0569692955" y="-422759.8638208227" >
				<attributes>
					<attribute name="initialStartTime" class="java.lang.Double">66479.3962097168</attribute>
					<attribute name="zoneId" class="java.lang.String">20413100</attribute>
				</attributes>
			</activity>
		</plan>

	</person>

<!-- ====================================================================== -->

	<person id="2640059">
		<attributes>
			<attribute name="ESR" class="java.lang.String">1</attribute>
			<attribute name="age" class="java.lang.String">35</attribute>
			<attribute name="eduatt" class="java.lang.String">3</attribute>
			<attribute name="gender" class="java.lang.String">female</attribute>
			<attribute name="hhinc" class="java.lang.String">51891</attribute>
			<attribute name="hhnumautos" class="java.lang.String">1</attribute>
			<attribute name="hhsize" class="java.lang.String">2</attribute>
			<attribute name="householdId" class="java.lang.String">854312</attribute>
			<attribute name="htype" class="java.lang.String">SFD</attribute>
			<attribute name="race" class="java.lang.String">HP</attribute>
			<attribute name="schg" class="java.lang.String">0</attribute>
			<attribute name="subpopulation" class="java.lang.String">person</attribute>
			<attribute name="ten" class="java.lang.String">3</attribute>
			<attribute name="wkind20" class="java.lang.String">62</attribute>
			<attribute name="wkocc24" class="java.lang.String">18</attribute>
			<attribute name="worker" class="java.lang.String">employed</attribute>
		</attributes>
		<plan selected="yes">
			<activity type="home_28800" x="167304.80334558" y="-432959.9775948321" end_time="05:15:00" >
				<attributes>
					<attribute name="initialEndTime" class="java.lang.Double">18900.0</attribute>
					<attribute name="zoneId" class="java.lang.String">22064400</attribute>
				</attributes>
			</activity>
			<leg mode="car_teleported" trav_time="00:22:50">
			</leg>
			<activity type="work_14400" x="163498.88164032233" y="-440361.7262952198" end_time="09:33:25" >
				<attributes>
					<attribute name="initialEndTime" class="java.lang.Double">34405.08562088013</attribute>
					<attribute name="initialStartTime" class="java.lang.Double">20270.350456237793</attribute>
					<attribute name="zoneId" class="java.lang.String">21587100</attribute>
				</attributes>
			</activity>
			<leg mode="car_teleported" trav_time="00:27:53">
			</leg>
			<activity type="business_13800" x="142171.62993591526" y="-439455.8184678171" end_time="13:51:31" >
				<attributes>
					<attribute name="initialEndTime" class="java.lang.Double">49891.75941467285</attribute>
					<attribute name="initialStartTime" class="java.lang.Double">36078.846073150635</attribute>
					<attribute name="zoneId" class="java.lang.String">20786100</attribute>
				</attributes>
			</activity>
			<leg mode="car_teleported" trav_time="00:37:14">
			</leg>
			<activity type="home_1800" x="167304.80334558" y="-432959.9775948321" max_dur="00:31:13" >
				<attributes>
					<attribute name="initialEndTime" class="java.lang.Double">54000.0</attribute>
					<attribute name="initialStartTime" class="java.lang.Double">52126.332778930664</attribute>
					<attribute name="zoneId" class="java.lang.String">22064400</attribute>
				</attributes>
			</activity>
			<leg mode="ride" trav_time="00:27:37">
			</leg>
			<activity type="discretionary_600" x="167107.45570992646" y="-445561.98342240223" max_dur="00:11:13" >
				<attributes>
					<attribute name="initialEndTime" class="java.lang.Double">56331.14850282669</attribute>
					<attribute name="initialStartTime" class="java.lang.Double">55657.97492980957</attribute>
					<attribute name="zoneId" class="java.lang.String">21667100</attribute>
				</attributes>
			</activity>
			<leg mode="ride" trav_time="00:22:38">
			</leg>
			<activity type="eatout_600" x="160253.73561097143" y="-440193.7395726166" max_dur="00:04:37" >
				<attributes>
					<attribute name="initialEndTime" class="java.lang.Double">57966.610572338104</attribute>
					<attribute name="initialStartTime" class="java.lang.Double">57689.20399904251</attribute>
					<attribute name="zoneId" class="java.lang.String">21937100</attribute>
				</attributes>
			</activity>
			<leg mode="ride" trav_time="00:02:15">
			</leg>
			<activity type="discretionary_3000" x="161015.10731360497" y="-439285.1777800456" max_dur="00:54:03" >
				<attributes>
					<attribute name="initialEndTime" class="java.lang.Double">61344.862117767334</attribute>
					<attribute name="initialStartTime" class="java.lang.Double">58101.64367437363</attribute>
					<attribute name="zoneId" class="java.lang.String">21946100</attribute>
				</attributes>
			</activity>
			<leg mode="ride" trav_time="00:12:49">
			</leg>
			<activity type="home_1800" x="167304.80334558" y="-432959.9775948321" max_dur="00:29:45" >
				<attributes>
					<attribute name="initialEndTime" class="java.lang.Double">63900.0</attribute>
					<attribute name="initialStartTime" class="java.lang.Double">62114.62423324585</attribute>
					<attribute name="zoneId" class="java.lang.String">22064400</attribute>
				</attributes>
			</activity>
			<leg mode="car_teleported" trav_time="00:04:30">
			</leg>
			<activity type="visiting_600" x="169059.53559172238" y="-431869.8716033071" max_dur="00:06:15" >
				<attributes>
					<attribute name="initialEndTime" class="java.lang.Double">64545.84345817566</attribute>
					<attribute name="initialStartTime" class="java.lang.Double">64170.62936782837</attribute>
					<attribute name="zoneId" class="java.lang.String">22089100</attribute>
				</attributes>
			</activity>
			<leg mode="car_teleported" trav_time="00:04:40">
			</leg>
			<activity type="home_3600" x="167304.80334558" y="-432959.9775948321" max_dur="00:59:33" >
				<attributes>
					<attribute name="initialEndTime" class="java.lang.Double">68400.0</attribute>
					<attribute name="initialStartTime" class="java.lang.Double">64826.570920944214</attribute>
					<attribute name="zoneId" class="java.lang.String">22064400</attribute>
				</attributes>
			</activity>
			<leg mode="car_teleported" trav_time="00:12:00">
			</leg>
			<activity type="discretionary_6600" x="173094.53375402236" y="-433887.02293316094" max_dur="01:53:08" >
				<attributes>
					<attribute name="initialEndTime" class="java.lang.Double">75909.86818313599</attribute>
					<attribute name="initialStartTime" class="java.lang.Double">69120.91753005981</attribute>
					<attribute name="zoneId" class="java.lang.String">22143200</attribute>
				</attributes>
			</activity>
			<leg mode="car_teleported" trav_time="00:12:04">
			</leg>
			<activity type="home_28800" x="167304.80334558" y="-432959.9775948321" >
				<attributes>
					<attribute name="initialStartTime" class="java.lang.Double">76634.23587799072</attribute>
					<attribute name="zoneId" class="java.lang.String">22064400</attribute>
				</attributes>
			</activity>
		</plan>

	</person>

<!-- ====================================================================== -->

	<person id="2667164">
		<attributes>
			<attribute name="ESR" class="java.lang.String">0</attribute>
			<attribute name="age" class="java.lang.String">6</attribute>
			<attribute name="eduatt" class="java.lang.String">1</attribute>
			<attribute name="gender" class="java.lang.String">female</attribute>
			<attribute name="hhinc" class="java.lang.String">54871</attribute>
			<attribute name="hhnumautos" class="java.lang.String">2</attribute>
			<attribute name="hhsize" class="java.lang.String">6</attribute>
			<attribute name="householdId" class="java.lang.String">864141</attribute>
			<attribute name="htype" class="java.lang.String">SFD</attribute>
			<attribute name="race" class="java.lang.String">HP</attribute>
			<attribute name="schg" class="java.lang.String">2</attribute>
			<attribute name="subpopulation" class="java.lang.String">person</attribute>
			<attribute name="ten" class="java.lang.String">1</attribute>
			<attribute name="wkind20" class="java.lang.String">0</attribute>
			<attribute name="wkocc24" class="java.lang.String">0</attribute>
			<attribute name="worker" class="java.lang.String">unemployed</attribute>
		</attributes>
		<plan selected="yes">
			<activity type="home_60000" x="182918.7392956326" y="-449147.7900374177" end_time="05:30:00" >
				<attributes>
					<attribute name="initialEndTime" class="java.lang.Double">19800.0</attribute>
					<attribute name="zoneId" class="java.lang.String">21881100</attribute>
				</attributes>
			</activity>
			<leg mode="ride" trav_time="00:04:04">
			</leg>
			<activity type="personalmaintenance_9600" x="185362.1264177808" y="-451212.83170192817" end_time="08:09:12" >
				<attributes>
					<attribute name="initialEndTime" class="java.lang.Double">29352.51472234726</attribute>
					<attribute name="initialStartTime" class="java.lang.Double">20044.743461608887</attribute>
					<attribute name="zoneId" class="java.lang.String">21895100</attribute>
				</attributes>
			</activity>
			<leg mode="ride" trav_time="00:06:53">
			</leg>
			<activity type="school_9600" x="188541.47307964455" y="-448031.9364096332" end_time="10:51:36" >
				<attributes>
					<attribute name="initialEndTime" class="java.lang.Double">39096.34901046753</attribute>
					<attribute name="initialStartTime" class="java.lang.Double">29766.447122097015</attribute>
					<attribute name="zoneId" class="java.lang.String">21903100</attribute>
				</attributes>
			</activity>
			<leg mode="ride" trav_time="00:09:00">
			</leg>
			<activity type="home_2400" x="182918.7392956326" y="-449147.7900374177" max_dur="00:44:23" >
				<attributes>
					<attribute name="initialEndTime" class="java.lang.Double">42300.0</attribute>
					<attribute name="initialStartTime" class="java.lang.Double">39636.91354751587</attribute>
					<attribute name="zoneId" class="java.lang.String">21881100</attribute>
				</attributes>
			</activity>
			<leg mode="ride" trav_time="00:02:56">
			</leg>
			<activity type="visiting_1200" x="184728.94732436727" y="-450142.46680108627" max_dur="00:21:53" >
				<attributes>
					<attribute name="initialEndTime" class="java.lang.Double">43790.50661087036</attribute>
					<attribute name="initialStartTime" class="java.lang.Double">42476.548562049866</attribute>
					<attribute name="zoneId" class="java.lang.String">21895200</attribute>
				</attributes>
			</activity>
			<leg mode="ride" trav_time="00:05:23">
			</leg>
			<activity type="discretionary_1800" x="182984.5771858699" y="-446008.5829613062" max_dur="00:27:22" >
				<attributes>
					<attribute name="initialEndTime" class="java.lang.Double">45755.98960876465</attribute>
					<attribute name="initialStartTime" class="java.lang.Double">44113.52013587952</attribute>
					<attribute name="zoneId" class="java.lang.String">21891100</attribute>
				</attributes>
			</activity>
			<leg mode="ride" trav_time="00:02:49">
			</leg>
			<activity type="home_60000" x="182918.7392956326" y="-449147.7900374177" >
				<attributes>
					<attribute name="initialStartTime" class="java.lang.Double">45925.05635261536</attribute>
					<attribute name="zoneId" class="java.lang.String">21881100</attribute>
				</attributes>
			</activity>
		</plan>

	</person>

<!-- ====================================================================== -->

	<person id="32073">
		<attributes>
			<attribute name="ESR" class="java.lang.String">6</attribute>
			<attribute name="age" class="java.lang.String">26</attribute>
			<attribute name="eduatt" class="java.lang.String">4</attribute>
			<attribute name="gender" class="java.lang.String">male</attribute>
			<attribute name="hhinc" class="java.lang.String">14153</attribute>
			<attribute name="hhnumautos" class="java.lang.String">2</attribute>
			<attribute name="hhsize" class="java.lang.String">2</attribute>
			<attribute name="householdId" class="java.lang.String">10066</attribute>
			<attribute name="htype" class="java.lang.String">SFA</attribute>
			<attribute name="race" class="java.lang.String">NHW</attribute>
			<attribute name="schg" class="java.lang.String">16</attribute>
			<attribute name="subpopulation" class="java.lang.String">person</attribute>
			<attribute name="ten" class="java.lang.String">3</attribute>
			<attribute name="wkind20" class="java.lang.String">0</attribute>
			<attribute name="wkocc24" class="java.lang.String">0</attribute>
			<attribute name="worker" class="java.lang.String">unemployed</attribute>
		</attributes>
		<plan selected="yes">
			<activity type="home_70200" x="156538.92333496973" y="-436690.2873948898" end_time="12:15:00" >
				<attributes>
					<attribute name="initialEndTime" class="java.lang.Double">44100.0</attribute>
					<attribute name="zoneId" class="java.lang.String">21033200</attribute>
				</attributes>
			</activity>
			<leg mode="car_teleported" trav_time="01:05:25">
			</leg>
			<activity type="university_600" x="193184.44058779796" y="-457302.35126345314" max_dur="00:05:00" >
				<attributes>
					<attribute name="initialEndTime" class="java.lang.Double">46049.67349433899</attribute>
					<attribute name="initialStartTime" class="java.lang.Double">48025.355072021484</attribute>
					<attribute name="zoneId" class="java.lang.String">32524300</attribute>
				</attributes>
			</activity>
			<leg mode="car_teleported" trav_time="00:08:48">
			</leg>
			<activity type="discretionary_1200" x="189351.5820493475" y="-460992.0729411908" max_dur="00:23:39" >
				<attributes>
					<attribute name="initialEndTime" class="java.lang.Double">47998.574226379395</attribute>
					<attribute name="initialStartTime" class="java.lang.Double">46578.6550655365</attribute>
					<attribute name="zoneId" class="java.lang.String">32582200</attribute>
				</attributes>
			</activity>
			<leg mode="car_teleported" trav_time="00:08:49">
			</leg>
			<activity type="discretionary_4200" x="184996.26188807955" y="-464078.6867858383" max_dur="01:05:24" >
				<attributes>
					<attribute name="initialEndTime" class="java.lang.Double">52452.73994636535</attribute>
					<attribute name="initialStartTime" class="java.lang.Double">48528.522594451904</attribute>
					<attribute name="zoneId" class="java.lang.String">32554200</attribute>
				</attributes>
			</activity>
			<leg mode="car_teleported" trav_time="01:04:03">
			</leg>
			<activity type="shop_600" x="161460.50149466976" y="-439330.74306305184" max_dur="00:05:00" >
				<attributes>
					<attribute name="initialEndTime" class="java.lang.Double">54222.406917572014</attribute>
					<attribute name="initialStartTime" class="java.lang.Double">56295.77903938293</attribute>
					<attribute name="zoneId" class="java.lang.String">21950100</attribute>
				</attributes>
			</activity>
			<leg mode="car_teleported" trav_time="00:07:45">
			</leg>
			<activity type="personalmaintenance_5400" x="158216.08941935844" y="-437311.8691197576" max_dur="01:30:12" >
				<attributes>
					<attribute name="initialEndTime" class="java.lang.Double">60100.822591781616</attribute>
					<attribute name="initialStartTime" class="java.lang.Double">54688.01663017272</attribute>
					<attribute name="zoneId" class="java.lang.String">21103100</attribute>
				</attributes>
			</activity>
			<leg mode="car_teleported" trav_time="00:05:16">
			</leg>
			<activity type="home_70200" x="156538.92333496973" y="-436690.2873948898" >
				<attributes>
					<attribute name="initialStartTime" class="java.lang.Double">60417.77232170105</attribute>
					<attribute name="zoneId" class="java.lang.String">21033200</attribute>
				</attributes>
			</activity>
		</plan>

	</person>

<!-- ====================================================================== -->

	<person id="330683">
		<attributes>
			<attribute name="ESR" class="java.lang.String">6</attribute>
			<attribute name="age" class="java.lang.String">67</attribute>
			<attribute name="eduatt" class="java.lang.String">2</attribute>
			<attribute name="gender" class="java.lang.String">male</attribute>
			<attribute name="hhinc" class="java.lang.String">41926</attribute>
			<attribute name="hhnumautos" class="java.lang.String">3</attribute>
			<attribute name="hhsize" class="java.lang.String">3</attribute>
			<attribute name="householdId" class="java.lang.String">102912</attribute>
			<attribute name="htype" class="java.lang.String">SFD</attribute>
			<attribute name="race" class="java.lang.String">HP</attribute>
			<attribute name="schg" class="java.lang.String">0</attribute>
			<attribute name="subpopulation" class="java.lang.String">person</attribute>
			<attribute name="ten" class="java.lang.String">1</attribute>
			<attribute name="wkind20" class="java.lang.String">0</attribute>
			<attribute name="wkocc24" class="java.lang.String">0</attribute>
			<attribute name="worker" class="java.lang.String">unemployed</attribute>
		</attributes>
		<plan selected="yes">
			<activity type="home_86400" x="192135.68802742698" y="-433303.2560223743" >
				<attributes>
					<attribute name="zoneId" class="java.lang.String">22327400</attribute>
				</attributes>
			</activity>
		</plan>

	</person>

<!-- ====================================================================== -->

	<person id="3422317">
		<attributes>
			<attribute name="ESR" class="java.lang.String">0</attribute>
			<attribute name="age" class="java.lang.String">12</attribute>
			<attribute name="eduatt" class="java.lang.String">1</attribute>
			<attribute name="gender" class="java.lang.String">male</attribute>
			<attribute name="hhinc" class="java.lang.String">58318</attribute>
			<attribute name="hhnumautos" class="java.lang.String">2</attribute>
			<attribute name="hhsize" class="java.lang.String">9</attribute>
			<attribute name="householdId" class="java.lang.String">1121360</attribute>
			<attribute name="htype" class="java.lang.String">SFD</attribute>
			<attribute name="race" class="java.lang.String">HP</attribute>
			<attribute name="schg" class="java.lang.String">8</attribute>
			<attribute name="subpopulation" class="java.lang.String">person</attribute>
			<attribute name="ten" class="java.lang.String">3</attribute>
			<attribute name="wkind20" class="java.lang.String">0</attribute>
			<attribute name="wkocc24" class="java.lang.String">0</attribute>
			<attribute name="worker" class="java.lang.String">unemployed</attribute>
		</attributes>
		<plan selected="yes">
			<activity type="home_59400" x="177922.83890321644" y="-447317.4653635361" end_time="04:45:00" >
				<attributes>
					<attribute name="initialEndTime" class="java.lang.Double">17100.0</attribute>
					<attribute name="zoneId" class="java.lang.String">21839400</attribute>
				</attributes>
			</activity>
			<leg mode="ride" trav_time="00:09:36">
			</leg>
			<activity type="school_25800" x="180911.95668161634" y="-443568.79696364066" end_time="12:06:02" >
				<attributes>
					<attribute name="initialEndTime" class="java.lang.Double">43562.400341033936</attribute>
					<attribute name="initialStartTime" class="java.lang.Double">17676.4599609375</attribute>
					<attribute name="zoneId" class="java.lang.String">21871200</attribute>
				</attributes>
			</activity>
			<leg mode="ride" trav_time="00:09:44">
			</leg>
			<activity type="home_59400" x="177922.83890321644" y="-447317.4653635361" >
				<attributes>
					<attribute name="initialStartTime" class="java.lang.Double">44146.885414123535</attribute>
					<attribute name="zoneId" class="java.lang.String">21839400</attribute>
				</attributes>
			</activity>
		</plan>

	</person>

<!-- ====================================================================== -->

	<person id="3728538">
		<attributes>
			<attribute name="ESR" class="java.lang.String">1</attribute>
			<attribute name="age" class="java.lang.String">56</attribute>
			<attribute name="eduatt" class="java.lang.String">5</attribute>
			<attribute name="gender" class="java.lang.String">female</attribute>
			<attribute name="hhinc" class="java.lang.String">78959</attribute>
			<attribute name="hhnumautos" class="java.lang.String">1</attribute>
			<attribute name="hhsize" class="java.lang.String">1</attribute>
			<attribute name="householdId" class="java.lang.String">1223289</attribute>
			<attribute name="htype" class="java.lang.String">Multiple</attribute>
			<attribute name="race" class="java.lang.String">NHW</attribute>
			<attribute name="schg" class="java.lang.String">0</attribute>
			<attribute name="subpopulation" class="java.lang.String">person</attribute>
			<attribute name="ten" class="java.lang.String">3</attribute>
			<attribute name="wkind20" class="java.lang.String">51</attribute>
			<attribute name="wkocc24" class="java.lang.String">9</attribute>
			<attribute name="worker" class="java.lang.String">employed</attribute>
		</attributes>
		<plan selected="yes">
			<activity type="home_57000" x="142911.3328740281" y="-428550.86370066926" end_time="03:30:00" >
				<attributes>
					<attribute name="initialEndTime" class="java.lang.Double">12600.0</attribute>
					<attribute name="zoneId" class="java.lang.String">20538300</attribute>
				</attributes>
			</activity>
			<leg mode="car_teleported" trav_time="00:28:05">
			</leg>
			<activity type="work_11400" x="140689.32260568292" y="-442339.05972622614" end_time="07:09:19" >
				<attributes>
					<attribute name="initialEndTime" class="java.lang.Double">25759.74097251892</attribute>
					<attribute name="initialStartTime" class="java.lang.Double">14285.001182556152</attribute>
					<attribute name="zoneId" class="java.lang.String">20762100</attribute>
				</attributes>
			</activity>
			<leg mode="car_teleported" trav_time="00:14:10">
			</leg>
			<activity type="HHmaintenance_13800" x="143657.85478306623" y="-437044.07887509716" end_time="11:14:30" >
				<attributes>
					<attribute name="initialEndTime" class="java.lang.Double">40470.3190612793</attribute>
					<attribute name="initialStartTime" class="java.lang.Double">26610.20842552185</attribute>
					<attribute name="zoneId" class="java.lang.String">20841100</attribute>
				</attributes>
			</activity>
			<leg mode="car_teleported" trav_time="00:21:54">
			</leg>
			<activity type="home_57000" x="142911.3328740281" y="-428550.86370066926" >
				<attributes>
					<attribute name="initialStartTime" class="java.lang.Double">41784.53910827637</attribute>
					<attribute name="zoneId" class="java.lang.String">20538300</attribute>
				</attributes>
			</activity>
		</plan>

	</person>

<!-- ====================================================================== -->

	<person id="3872917">
		<attributes>
			<attribute name="ESR" class="java.lang.String">6</attribute>
			<attribute name="age" class="java.lang.String">20</attribute>
			<attribute name="eduatt" class="java.lang.String">2</attribute>
			<attribute name="gender" class="java.lang.String">male</attribute>
			<attribute name="hhinc" class="java.lang.String">31976</attribute>
			<attribute name="hhnumautos" class="java.lang.String">2</attribute>
			<attribute name="hhsize" class="java.lang.String">6</attribute>
			<attribute name="householdId" class="java.lang.String">1268208</attribute>
			<attribute name="htype" class="java.lang.String">SFD</attribute>
			<attribute name="race" class="java.lang.String">HP</attribute>
			<attribute name="schg" class="java.lang.String">0</attribute>
			<attribute name="subpopulation" class="java.lang.String">person</attribute>
			<attribute name="ten" class="java.lang.String">1</attribute>
			<attribute name="wkind20" class="java.lang.String">0</attribute>
			<attribute name="wkocc24" class="java.lang.String">0</attribute>
			<attribute name="worker" class="java.lang.String">unemployed</attribute>
		</attributes>
		<plan selected="yes">
			<activity type="home_86400" x="154326.8507789464" y="-434116.10943744995" >
				<attributes>
					<attribute name="zoneId" class="java.lang.String">20970100</attribute>
				</attributes>
			</activity>
		</plan>

	</person>

<!-- ====================================================================== -->

	<person id="3972619">
		<attributes>
			<attribute name="ESR" class="java.lang.String">1</attribute>
			<attribute name="age" class="java.lang.String">28</attribute>
			<attribute name="eduatt" class="java.lang.String">2</attribute>
			<attribute name="gender" class="java.lang.String">male</attribute>
			<attribute name="hhinc" class="java.lang.String">34909</attribute>
			<attribute name="hhnumautos" class="java.lang.String">2</attribute>
			<attribute name="hhsize" class="java.lang.String">4</attribute>
			<attribute name="householdId" class="java.lang.String">1298068</attribute>
			<attribute name="htype" class="java.lang.String">SFA</attribute>
			<attribute name="race" class="java.lang.String">HP</attribute>
			<attribute name="schg" class="java.lang.String">0</attribute>
			<attribute name="subpopulation" class="java.lang.String">person</attribute>
			<attribute name="ten" class="java.lang.String">3</attribute>
			<attribute name="wkind20" class="java.lang.String">72</attribute>
			<attribute name="wkocc24" class="java.lang.String">14</attribute>
			<attribute name="worker" class="java.lang.String">employed</attribute>
		</attributes>
		<plan selected="yes">
			<activity type="home_46200" x="155930.20624290753" y="-440615.37318347587" end_time="03:45:00" >
				<attributes>
					<attribute name="initialEndTime" class="java.lang.Double">13500.0</attribute>
					<attribute name="zoneId" class="java.lang.String">20994200</attribute>
				</attributes>
			</activity>
			<leg mode="car_teleported" trav_time="00:19:42">
			</leg>
			<activity type="work_38400" x="164527.5819736001" y="-445804.4361149918" end_time="14:43:14" >
				<attributes>
					<attribute name="initialEndTime" class="java.lang.Double">52994.53342437744</attribute>
					<attribute name="initialStartTime" class="java.lang.Double">14682.747573852539</attribute>
					<attribute name="zoneId" class="java.lang.String">21601300</attribute>
				</attributes>
			</activity>
			<leg mode="car_teleported" trav_time="00:21:20">
			</leg>
			<activity type="home_46200" x="155930.20624290753" y="-440615.37318347587" >
				<attributes>
					<attribute name="initialStartTime" class="java.lang.Double">54275.1448059082</attribute>
					<attribute name="zoneId" class="java.lang.String">20994200</attribute>
				</attributes>
			</activity>
		</plan>

	</person>

<!-- ====================================================================== -->

	<person id="3981191">
		<attributes>
			<attribute name="ESR" class="java.lang.String">1</attribute>
			<attribute name="age" class="java.lang.String">37</attribute>
			<attribute name="eduatt" class="java.lang.String">5</attribute>
			<attribute name="gender" class="java.lang.String">female</attribute>
			<attribute name="hhinc" class="java.lang.String">428089</attribute>
			<attribute name="hhnumautos" class="java.lang.String">2</attribute>
			<attribute name="hhsize" class="java.lang.String">4</attribute>
			<attribute name="householdId" class="java.lang.String">1300294</attribute>
			<attribute name="htype" class="java.lang.String">SFD</attribute>
			<attribute name="race" class="java.lang.String">NHAS</attribute>
			<attribute name="schg" class="java.lang.String">0</attribute>
			<attribute name="subpopulation" class="java.lang.String">person</attribute>
			<attribute name="ten" class="java.lang.String">1</attribute>
			<attribute name="wkind20" class="java.lang.String">62</attribute>
			<attribute name="wkocc24" class="java.lang.String">11</attribute>
			<attribute name="worker" class="java.lang.String">employed</attribute>
		</attributes>
		<plan selected="yes">
			<activity type="home_46200" x="154777.11846364115" y="-440003.93181122554" end_time="05:45:00" >
				<attributes>
					<attribute name="initialEndTime" class="java.lang.Double">20700.0</attribute>
					<attribute name="zoneId" class="java.lang.String">20983200</attribute>
				</attributes>
			</activity>
			<leg mode="car_teleported" trav_time="00:23:09">
			</leg>
			<activity type="schoolpureescort_600" x="163907.8297951726" y="-447486.54762157303" max_dur="00:05:00" >
				<attributes>
					<attribute name="initialEndTime" class="java.lang.Double">22078.05643081665</attribute>
					<attribute name="initialStartTime" class="java.lang.Double">22089.050216674805</attribute>
					<attribute name="zoneId" class="java.lang.String">21584100</attribute>
				</attributes>
			</activity>
			<leg mode="car_teleported" trav_time="00:23:43">
			</leg>
			<activity type="schoolpureescort_600" x="155379.24648093153" y="-439730.38476180454" max_dur="00:05:00" >
				<attributes>
					<attribute name="initialEndTime" class="java.lang.Double">22682.33701705933</attribute>
					<attribute name="initialStartTime" class="java.lang.Double">23501.700763702393</attribute>
					<attribute name="zoneId" class="java.lang.String">21006100</attribute>
				</attributes>
			</activity>
			<leg mode="car_teleported" trav_time="00:15:02">
			</leg>
			<activity type="non-schoolescort_1200" x="153150.08922538604" y="-433801.0412651848" max_dur="00:16:30" >
				<attributes>
					<attribute name="initialEndTime" class="java.lang.Double">24575.390510559082</attribute>
					<attribute name="initialStartTime" class="java.lang.Double">23584.68523025513</attribute>
					<attribute name="zoneId" class="java.lang.String">20945300</attribute>
				</attributes>
			</activity>
			<leg mode="car_teleported" trav_time="00:15:18">
			</leg>
			<activity type="home_3600" x="154777.11846364115" y="-440003.93181122554" max_dur="00:55:06" >
				<attributes>
					<attribute name="initialEndTime" class="java.lang.Double">28800.0</attribute>
					<attribute name="initialStartTime" class="java.lang.Double">25493.873805999756</attribute>
					<attribute name="zoneId" class="java.lang.String">20983200</attribute>
				</attributes>
			</activity>
			<leg mode="car_teleported" trav_time="00:01:50">
			</leg>
			<activity type="schoolpureescort_1800" x="155358.5345504131" y="-439922.0492554016" max_dur="00:29:39" >
				<attributes>
					<attribute name="initialEndTime" class="java.lang.Double">30689.327838420868</attribute>
					<attribute name="initialStartTime" class="java.lang.Double">28910.2103805542</attribute>
					<attribute name="zoneId" class="java.lang.String">21006100</attribute>
				</attributes>
			</activity>
			<leg mode="car_teleported" trav_time="00:23:15">
			</leg>
			<activity type="schoolpureescort_600" x="164000.98340095443" y="-447509.8448212726" max_dur="00:00:10" >
				<attributes>
					<attribute name="initialEndTime" class="java.lang.Double">32096.01001739502</attribute>
					<attribute name="initialStartTime" class="java.lang.Double">32085.04996061325</attribute>
					<attribute name="zoneId" class="java.lang.String">21584100</attribute>
				</attributes>
			</activity>
			<leg mode="car_teleported" trav_time="00:23:02">
			</leg>
			<activity type="home_12600" x="154777.11846364115" y="-440003.93181122554" end_time="12:45:00" >
				<attributes>
					<attribute name="initialEndTime" class="java.lang.Double">45900.0</attribute>
					<attribute name="initialStartTime" class="java.lang.Double">33478.15280914307</attribute>
					<attribute name="zoneId" class="java.lang.String">20983200</attribute>
				</attributes>
			</activity>
			<leg mode="car_teleported" trav_time="00:16:24">
			</leg>
			<activity type="discretionary_3600" x="160392.52404237763" y="-445471.7436275179" max_dur="01:00:04" >
				<attributes>
					<attribute name="initialEndTime" class="java.lang.Double">50488.5711479187</attribute>
					<attribute name="initialStartTime" class="java.lang.Double">46884.213638305664</attribute>
					<attribute name="zoneId" class="java.lang.String">21523200</attribute>
				</attributes>
			</activity>
			<leg mode="car_teleported" trav_time="00:20:53">
			</leg>
			<activity type="home_3000" x="154777.11846364115" y="-440003.93181122554" max_dur="00:52:37" >
				<attributes>
					<attribute name="initialEndTime" class="java.lang.Double">54900.0</attribute>
					<attribute name="initialStartTime" class="java.lang.Double">51742.056827545166</attribute>
					<attribute name="zoneId" class="java.lang.String">20983200</attribute>
				</attributes>
			</activity>
			<leg mode="car_teleported" trav_time="00:05:50">
			</leg>
			<activity type="eatoutlunch_2400" x="156282.02799098083" y="-442123.8990333622" max_dur="00:41:35" >
				<attributes>
					<attribute name="initialEndTime" class="java.lang.Double">57745.804460048676</attribute>
					<attribute name="initialStartTime" class="java.lang.Double">55250.723276138306</attribute>
					<attribute name="zoneId" class="java.lang.String">21019100</attribute>
				</attributes>
			</activity>
			<leg mode="car_teleported" trav_time="00:08:18">
			</leg>
			<activity type="visiting_3000" x="153648.34028509684" y="-439946.5126930803" max_dur="00:46:34" >
				<attributes>
					<attribute name="initialEndTime" class="java.lang.Double">61038.69010448456</attribute>
					<attribute name="initialStartTime" class="java.lang.Double">58243.880174160004</attribute>
					<attribute name="zoneId" class="java.lang.String">20952200</attribute>
				</attributes>
			</activity>
			<leg mode="car_teleported" trav_time="00:03:15">
			</leg>
			<activity type="home_46200" x="154777.11846364115" y="-440003.93181122554" >
				<attributes>
					<attribute name="initialStartTime" class="java.lang.Double">61234.459948539734</attribute>
					<attribute name="zoneId" class="java.lang.String">20983200</attribute>
				</attributes>
			</activity>
		</plan>

	</person>

<!-- ====================================================================== -->

	<person id="4238218">
		<attributes>
			<attribute name="ESR" class="java.lang.String">3</attribute>
			<attribute name="age" class="java.lang.String">32</attribute>
			<attribute name="eduatt" class="java.lang.String">1</attribute>
			<attribute name="gender" class="java.lang.String">female</attribute>
			<attribute name="hhinc" class="java.lang.String">16616</attribute>
			<attribute name="hhnumautos" class="java.lang.String">1</attribute>
			<attribute name="hhsize" class="java.lang.String">7</attribute>
			<attribute name="householdId" class="java.lang.String">1376763</attribute>
			<attribute name="htype" class="java.lang.String">Multiple</attribute>
			<attribute name="race" class="java.lang.String">HP</attribute>
			<attribute name="schg" class="java.lang.String">0</attribute>
			<attribute name="subpopulation" class="java.lang.String">person</attribute>
			<attribute name="ten" class="java.lang.String">3</attribute>
			<attribute name="wkind20" class="java.lang.String">0</attribute>
			<attribute name="wkocc24" class="java.lang.String">0</attribute>
			<attribute name="worker" class="java.lang.String">unemployed</attribute>
		</attributes>
		<plan selected="yes">
			<activity type="home_41400" x="170815.9422344851" y="-442240.75113166834" end_time="00:15:00" >
				<attributes>
					<attribute name="initialEndTime" class="java.lang.Double">900.0</attribute>
					<attribute name="zoneId" class="java.lang.String">21730200</attribute>
				</attributes>
			</activity>
			<leg mode="car_teleported" trav_time="00:09:31">
			</leg>
			<activity type="schoolpureescort_1800" x="168492.79457109296" y="-437260.23656662606" max_dur="00:32:16" >
				<attributes>
					<attribute name="initialEndTime" class="java.lang.Double">3407.4454021453857</attribute>
					<attribute name="initialStartTime" class="java.lang.Double">1471.047420501709</attribute>
					<attribute name="zoneId" class="java.lang.String">22069100</attribute>
				</attributes>
			</activity>
			<leg mode="car_teleported" trav_time="00:09:49">
			</leg>
			<activity type="HHmaintenance_2400" x="162522.96996121877" y="-438808.89589652093" max_dur="00:39:58" >
				<attributes>
					<attribute name="initialEndTime" class="java.lang.Double">6395.037746429443</attribute>
					<attribute name="initialStartTime" class="java.lang.Double">3996.7575359344482</attribute>
					<attribute name="zoneId" class="java.lang.String">21560200</attribute>
				</attributes>
			</activity>
			<leg mode="car_teleported" trav_time="00:14:47">
			</leg>
			<activity type="home_34200" x="170815.9422344851" y="-442240.75113166834" end_time="11:30:00" >
				<attributes>
					<attribute name="initialEndTime" class="java.lang.Double">41400.0</attribute>
					<attribute name="initialStartTime" class="java.lang.Double">7282.425956726074</attribute>
					<attribute name="zoneId" class="java.lang.String">21730200</attribute>
				</attributes>
			</activity>
			<leg mode="car_teleported" trav_time="00:24:43">
			</leg>
			<activity type="schoolpureescort_600" x="156439.0354184591" y="-444400.21038987755" max_dur="00:00:41" >
				<attributes>
					<attribute name="initialEndTime" class="java.lang.Double">42925.41209220886</attribute>
					<attribute name="initialStartTime" class="java.lang.Double">42883.608169555664</attribute>
					<attribute name="zoneId" class="java.lang.String">21007100</attribute>
				</attributes>
			</activity>
			<leg mode="car_teleported" trav_time="00:17:52">
			</leg>
			<activity type="schoolpureescort_1200" x="167007.24360318546" y="-447022.2405498095" max_dur="00:23:07" >
				<attributes>
					<attribute name="initialEndTime" class="java.lang.Double">45385.48358917236</attribute>
					<attribute name="initialStartTime" class="java.lang.Double">43998.23515892029</attribute>
					<attribute name="zoneId" class="java.lang.String">21660200</attribute>
				</attributes>
			</activity>
			<leg mode="car_teleported" trav_time="00:14:43">
			</leg>
			<activity type="home_41400" x="170815.9422344851" y="-442240.75113166834" >
				<attributes>
					<attribute name="initialStartTime" class="java.lang.Double">46268.606872558594</attribute>
					<attribute name="zoneId" class="java.lang.String">21730200</attribute>
				</attributes>
			</activity>
		</plan>

	</person>

<!-- ====================================================================== -->

	<person id="4254836">
		<attributes>
			<attribute name="ESR" class="java.lang.String">1</attribute>
			<attribute name="age" class="java.lang.String">21</attribute>
			<attribute name="eduatt" class="java.lang.String">3</attribute>
			<attribute name="gender" class="java.lang.String">female</attribute>
			<attribute name="hhinc" class="java.lang.String">98970</attribute>
			<attribute name="hhnumautos" class="java.lang.String">2</attribute>
			<attribute name="hhsize" class="java.lang.String">8</attribute>
			<attribute name="householdId" class="java.lang.String">1381202</attribute>
			<attribute name="htype" class="java.lang.String">SFD</attribute>
			<attribute name="race" class="java.lang.String">HP</attribute>
			<attribute name="schg" class="java.lang.String">0</attribute>
			<attribute name="subpopulation" class="java.lang.String">person</attribute>
			<attribute name="ten" class="java.lang.String">3</attribute>
			<attribute name="wkind20" class="java.lang.String">61</attribute>
			<attribute name="wkocc24" class="java.lang.String">9</attribute>
			<attribute name="worker" class="java.lang.String">employed</attribute>
		</attributes>
		<plan selected="yes">
			<activity type="home_51600" x="169732.07790494684" y="-447552.5762687819" end_time="03:45:00" >
				<attributes>
					<attribute name="initialEndTime" class="java.lang.Double">13500.0</attribute>
					<attribute name="zoneId" class="java.lang.String">21719100</attribute>
				</attributes>
			</activity>
			<leg mode="walk" trav_time="00:40:26">
			</leg>
			<activity type="maintenance_1200" x="169728.00265566356" y="-449104.0397392842" max_dur="00:15:20" >
				<attributes>
					<attribute name="initialEndTime" class="java.lang.Double">16846.931476593018</attribute>
					<attribute name="initialStartTime" class="java.lang.Double">15926.251602172852</attribute>
					<attribute name="zoneId" class="java.lang.String">21721200</attribute>
				</attributes>
			</activity>
			<leg mode="walk" trav_time="00:42:10">
			</leg>
			<activity type="home_600" x="169732.07790494684" y="-447552.5762687819" max_dur="00:05:00" >
				<attributes>
					<attribute name="initialEndTime" class="java.lang.Double">18900.0</attribute>
					<attribute name="initialStartTime" class="java.lang.Double">19377.61671066284</attribute>
					<attribute name="zoneId" class="java.lang.String">21719100</attribute>
				</attributes>
			</activity>
			<leg mode="walk" trav_time="00:05:39">
			</leg>
			<activity type="work_26400" x="169507.7829591316" y="-447578.3511334897" end_time="12:44:26" >
				<attributes>
					<attribute name="initialEndTime" class="java.lang.Double">45866.04467868805</attribute>
					<attribute name="initialStartTime" class="java.lang.Double">19239.553213119507</attribute>
					<attribute name="zoneId" class="java.lang.String">21715100</attribute>
				</attributes>
			</activity>
			<leg mode="walk" trav_time="00:05:39">
			</leg>
			<activity type="home_600" x="169732.07790494684" y="-447552.5762687819" max_dur="00:09:54" >
				<attributes>
					<attribute name="initialEndTime" class="java.lang.Double">46800.0</attribute>
					<attribute name="initialStartTime" class="java.lang.Double">46205.597891807556</attribute>
					<attribute name="zoneId" class="java.lang.String">21719100</attribute>
				</attributes>
			</activity>
			<leg mode="walk" trav_time="00:17:40">
			</leg>
			<activity type="personalmaintenance_600" x="168849.97325924845" y="-447018.22670290555" max_dur="00:05:00" >
				<attributes>
					<attribute name="initialEndTime" class="java.lang.Double">47593.9909529686</attribute>
					<attribute name="initialStartTime" class="java.lang.Double">47860.0905418396</attribute>
					<attribute name="zoneId" class="java.lang.String">21711400</attribute>
				</attributes>
			</activity>
			<leg mode="walk" trav_time="00:17:40">
			</leg>
			<activity type="home_51600" x="169732.07790494684" y="-447552.5762687819" >
				<attributes>
					<attribute name="initialStartTime" class="java.lang.Double">48654.08142328262</attribute>
					<attribute name="zoneId" class="java.lang.String">21719100</attribute>
				</attributes>
			</activity>
		</plan>

	</person>

<!-- ====================================================================== -->

	<person id="4406380">
		<attributes>
			<attribute name="ESR" class="java.lang.String">1</attribute>
			<attribute name="age" class="java.lang.String">28</attribute>
			<attribute name="eduatt" class="java.lang.String">2</attribute>
			<attribute name="gender" class="java.lang.String">male</attribute>
			<attribute name="hhinc" class="java.lang.String">92366</attribute>
			<attribute name="hhnumautos" class="java.lang.String">3</attribute>
			<attribute name="hhsize" class="java.lang.String">9</attribute>
			<attribute name="householdId" class="java.lang.String">1426566</attribute>
			<attribute name="htype" class="java.lang.String">SFD</attribute>
			<attribute name="race" class="java.lang.String">HP</attribute>
			<attribute name="schg" class="java.lang.String">0</attribute>
			<attribute name="subpopulation" class="java.lang.String">person</attribute>
			<attribute name="ten" class="java.lang.String">3</attribute>
			<attribute name="wkind20" class="java.lang.String">56</attribute>
			<attribute name="wkocc24" class="java.lang.String">15</attribute>
			<attribute name="worker" class="java.lang.String">employed</attribute>
		</attributes>
		<plan selected="yes">
			<activity type="home_36600" x="167727.68663463675" y="-440142.98284224776" end_time="06:00:00" >
				<attributes>
					<attribute name="initialEndTime" class="java.lang.Double">21600.0</attribute>
					<attribute name="zoneId" class="java.lang.String">21698100</attribute>
				</attributes>
			</activity>
			<leg mode="ride" trav_time="00:09:03">
			</leg>
			<activity type="eatoutdinner_600" x="170375.2688704263" y="-444939.66873100196" max_dur="00:05:00" >
				<attributes>
					<attribute name="initialEndTime" class="java.lang.Double">22010.3466796875</attribute>
					<attribute name="initialStartTime" class="java.lang.Double">22143.854084014893</attribute>
					<attribute name="zoneId" class="java.lang.String">21724100</attribute>
				</attributes>
			</activity>
			<leg mode="ride" trav_time="00:09:04">
			</leg>
			<activity type="home_4200" x="167727.68663463675" y="-440142.98284224776" max_dur="01:14:05" >
				<attributes>
					<attribute name="initialEndTime" class="java.lang.Double">27000.0</attribute>
					<attribute name="initialStartTime" class="java.lang.Double">22554.717350006104</attribute>
					<attribute name="zoneId" class="java.lang.String">21698100</attribute>
				</attributes>
			</activity>
			<leg mode="car_teleported" trav_time="00:05:55">
			</leg>
			<activity type="shop_4800" x="170306.38689863624" y="-442170.64356165624" max_dur="01:18:45" >
				<attributes>
					<attribute name="initialEndTime" class="java.lang.Double">32081.34684562683</attribute>
					<attribute name="initialStartTime" class="java.lang.Double">27355.689725875854</attribute>
					<attribute name="zoneId" class="java.lang.String">21730200</attribute>
				</attributes>
			</activity>
			<leg mode="car_teleported" trav_time="00:05:55">
			</leg>
			<activity type="home_7200" x="167727.68663463675" y="-440142.98284224776" max_dur="01:59:22" >
				<attributes>
					<attribute name="initialEndTime" class="java.lang.Double">39600.0</attribute>
					<attribute name="initialStartTime" class="java.lang.Double">32437.340154647827</attribute>
					<attribute name="zoneId" class="java.lang.String">21698100</attribute>
				</attributes>
			</activity>
			<leg mode="ride" trav_time="00:06:17">
			</leg>
			<activity type="discretionary_15000" x="166541.0834115877" y="-437822.88676373096" end_time="15:16:28" >
				<attributes>
					<attribute name="initialEndTime" class="java.lang.Double">54988.7313079834</attribute>
					<attribute name="initialStartTime" class="java.lang.Double">39977.99803733826</attribute>
					<attribute name="zoneId" class="java.lang.String">21661300</attribute>
				</attributes>
			</activity>
			<leg mode="ride" trav_time="00:22:54">
			</leg>
			<activity type="visiting_13800" x="166544.53327127994" y="-447051.28959385934" end_time="19:34:03" >
				<attributes>
					<attribute name="initialEndTime" class="java.lang.Double">70443.61896514893</attribute>
					<attribute name="initialStartTime" class="java.lang.Double">56363.548278808594</attribute>
					<attribute name="zoneId" class="java.lang.String">21660200</attribute>
				</attributes>
			</activity>
			<leg mode="ride" trav_time="00:14:42">
			</leg>
			<activity type="home_36600" x="167727.68663463675" y="-440142.98284224776" >
				<attributes>
					<attribute name="initialStartTime" class="java.lang.Double">71325.93406677246</attribute>
					<attribute name="zoneId" class="java.lang.String">21698100</attribute>
				</attributes>
			</activity>
		</plan>

	</person>

<!-- ====================================================================== -->

	<person id="4417144">
		<attributes>
			<attribute name="ESR" class="java.lang.String">0</attribute>
			<attribute name="age" class="java.lang.String">9</attribute>
			<attribute name="eduatt" class="java.lang.String">1</attribute>
			<attribute name="gender" class="java.lang.String">male</attribute>
			<attribute name="hhinc" class="java.lang.String">33965</attribute>
			<attribute name="hhnumautos" class="java.lang.String">1</attribute>
			<attribute name="hhsize" class="java.lang.String">8</attribute>
			<attribute name="householdId" class="java.lang.String">1429375</attribute>
			<attribute name="htype" class="java.lang.String">Multiple</attribute>
			<attribute name="race" class="java.lang.String">HP</attribute>
			<attribute name="schg" class="java.lang.String">5</attribute>
			<attribute name="subpopulation" class="java.lang.String">person</attribute>
			<attribute name="ten" class="java.lang.String">3</attribute>
			<attribute name="wkind20" class="java.lang.String">0</attribute>
			<attribute name="wkocc24" class="java.lang.String">0</attribute>
			<attribute name="worker" class="java.lang.String">unemployed</attribute>
		</attributes>
		<plan selected="yes">
			<activity type="home_60600" x="166817.25704213412" y="-448355.0213553927" end_time="04:30:00" >
				<attributes>
					<attribute name="initialEndTime" class="java.lang.Double">16200.0</attribute>
					<attribute name="zoneId" class="java.lang.String">21655100</attribute>
				</attributes>
			</activity>
			<leg mode="walk" trav_time="00:08:27">
			</leg>
			<activity type="school_24600" x="167363.60678369092" y="-448079.15294728667" end_time="11:29:09" >
				<attributes>
					<attribute name="initialEndTime" class="java.lang.Double">41349.23663377762</attribute>
					<attribute name="initialStartTime" class="java.lang.Double">16707.633662223816</attribute>
					<attribute name="zoneId" class="java.lang.String">21678100</attribute>
				</attributes>
			</activity>
			<leg mode="walk" trav_time="00:08:27">
			</leg>
			<activity type="home_60600" x="166817.25704213412" y="-448355.0213553927" >
				<attributes>
					<attribute name="initialStartTime" class="java.lang.Double">41856.870296001434</attribute>
					<attribute name="zoneId" class="java.lang.String">21655100</attribute>
				</attributes>
			</activity>
		</plan>

	</person>

<!-- ====================================================================== -->

	<person id="4436976">
		<attributes>
			<attribute name="ESR" class="java.lang.String">6</attribute>
			<attribute name="age" class="java.lang.String">34</attribute>
			<attribute name="eduatt" class="java.lang.String">3</attribute>
			<attribute name="gender" class="java.lang.String">female</attribute>
			<attribute name="hhinc" class="java.lang.String">144266</attribute>
			<attribute name="hhnumautos" class="java.lang.String">3</attribute>
			<attribute name="hhsize" class="java.lang.String">7</attribute>
			<attribute name="householdId" class="java.lang.String">1435065</attribute>
			<attribute name="htype" class="java.lang.String">SFD</attribute>
			<attribute name="race" class="java.lang.String">HP</attribute>
			<attribute name="schg" class="java.lang.String">0</attribute>
			<attribute name="subpopulation" class="java.lang.String">person</attribute>
			<attribute name="ten" class="java.lang.String">1</attribute>
			<attribute name="wkind20" class="java.lang.String">0</attribute>
			<attribute name="wkocc24" class="java.lang.String">0</attribute>
			<attribute name="worker" class="java.lang.String">unemployed</attribute>
		</attributes>
		<plan selected="yes">
			<activity type="home_70800" x="158718.29055372303" y="-439979.2169737911" end_time="10:30:00" >
				<attributes>
					<attribute name="initialEndTime" class="java.lang.Double">37800.0</attribute>
					<attribute name="zoneId" class="java.lang.String">21912100</attribute>
				</attributes>
			</activity>
			<leg mode="car_teleported" trav_time="00:07:53">
			</leg>
			<activity type="shop_4800" x="162341.64913520848" y="-440960.4206314953" max_dur="01:16:25" >
				<attributes>
					<attribute name="initialEndTime" class="java.lang.Double">42859.01550292969</attribute>
					<attribute name="initialStartTime" class="java.lang.Double">38273.84161949158</attribute>
					<attribute name="zoneId" class="java.lang.String">21553100</attribute>
				</attributes>
			</activity>
			<leg mode="car_teleported" trav_time="00:08:06">
			</leg>
			<activity type="home_7200" x="158718.29055372303" y="-439979.2169737911" max_dur="01:57:34" >
				<attributes>
					<attribute name="initialEndTime" class="java.lang.Double">50400.0</attribute>
					<attribute name="initialStartTime" class="java.lang.Double">43345.15663146973</attribute>
					<attribute name="zoneId" class="java.lang.String">21912100</attribute>
				</attributes>
			</activity>
			<leg mode="ride_taxi" trav_time="00:03:46">
			</leg>
			<activity type="discretionary_2400" x="160217.33684090438" y="-439814.25138517516" max_dur="00:38:51" >
				<attributes>
					<attribute name="initialEndTime" class="java.lang.Double">52958.20116519928</attribute>
					<attribute name="initialStartTime" class="java.lang.Double">50626.31631374359</attribute>
					<attribute name="zoneId" class="java.lang.String">21937100</attribute>
				</attributes>
			</activity>
			<leg mode="ride_taxi" trav_time="00:03:19">
			</leg>
			<activity type="home_70800" x="158718.29055372303" y="-439979.2169737911" >
				<attributes>
					<attribute name="initialStartTime" class="java.lang.Double">53157.75685787201</attribute>
					<attribute name="zoneId" class="java.lang.String">21912100</attribute>
				</attributes>
			</activity>
		</plan>

	</person>

<!-- ====================================================================== -->

	<person id="4507675">
		<attributes>
			<attribute name="ESR" class="java.lang.String">6</attribute>
			<attribute name="age" class="java.lang.String">18</attribute>
			<attribute name="eduatt" class="java.lang.String">2</attribute>
			<attribute name="gender" class="java.lang.String">female</attribute>
			<attribute name="hhinc" class="java.lang.String">43951</attribute>
			<attribute name="hhnumautos" class="java.lang.String">3</attribute>
			<attribute name="hhsize" class="java.lang.String">4</attribute>
			<attribute name="householdId" class="java.lang.String">1456663</attribute>
			<attribute name="htype" class="java.lang.String">SFD</attribute>
			<attribute name="race" class="java.lang.String">HP</attribute>
			<attribute name="schg" class="java.lang.String">0</attribute>
			<attribute name="subpopulation" class="java.lang.String">person</attribute>
			<attribute name="ten" class="java.lang.String">1</attribute>
			<attribute name="wkind20" class="java.lang.String">0</attribute>
			<attribute name="wkocc24" class="java.lang.String">0</attribute>
			<attribute name="worker" class="java.lang.String">unemployed</attribute>
		</attributes>
		<plan selected="yes">
			<activity type="home_86400" x="152061.387038358" y="-450970.5410850299" >
				<attributes>
					<attribute name="zoneId" class="java.lang.String">21184100</attribute>
				</attributes>
			</activity>
		</plan>

	</person>

<!-- ====================================================================== -->

	<person id="4529546">
		<attributes>
			<attribute name="ESR" class="java.lang.String">1</attribute>
			<attribute name="age" class="java.lang.String">46</attribute>
			<attribute name="eduatt" class="java.lang.String">1</attribute>
			<attribute name="gender" class="java.lang.String">male</attribute>
			<attribute name="hhinc" class="java.lang.String">107822</attribute>
			<attribute name="hhnumautos" class="java.lang.String">4</attribute>
			<attribute name="hhsize" class="java.lang.String">7</attribute>
			<attribute name="householdId" class="java.lang.String">1463474</attribute>
			<attribute name="htype" class="java.lang.String">SFD</attribute>
			<attribute name="race" class="java.lang.String">HP</attribute>
			<attribute name="schg" class="java.lang.String">0</attribute>
			<attribute name="subpopulation" class="java.lang.String">person</attribute>
			<attribute name="ten" class="java.lang.String">3</attribute>
			<attribute name="wkind20" class="java.lang.String">44</attribute>
			<attribute name="wkocc24" class="java.lang.String">17</attribute>
			<attribute name="worker" class="java.lang.String">employed</attribute>
		</attributes>
		<plan selected="yes">
			<activity type="home_51000" x="176828.29725789794" y="-449624.4135916049" end_time="02:30:00" >
				<attributes>
					<attribute name="initialEndTime" class="java.lang.Double">9000.0</attribute>
					<attribute name="zoneId" class="java.lang.String">21832200</attribute>
				</attributes>
			</activity>
			<leg mode="car_teleported" trav_time="00:11:19">
			</leg>
			<activity type="work_10800" x="185156.5257545527" y="-451189.6522378407" end_time="05:45:51" >
				<attributes>
					<attribute name="initialEndTime" class="java.lang.Double">20751.33987426758</attribute>
					<attribute name="initialStartTime" class="java.lang.Double">9679.764919281006</attribute>
					<attribute name="zoneId" class="java.lang.String">21895100</attribute>
				</attributes>
			</activity>
			<leg mode="car_teleported" trav_time="00:37:33">
			</leg>
			<activity type="HHmaintenance_8400" x="165063.20113146637" y="-447261.81911363674" end_time="08:45:26" >
				<attributes>
					<attribute name="initialEndTime" class="java.lang.Double">31526.65378570557</attribute>
					<attribute name="initialStartTime" class="java.lang.Double">23004.61448669434</attribute>
					<attribute name="zoneId" class="java.lang.String">21613100</attribute>
				</attributes>
			</activity>
			<leg mode="car_teleported" trav_time="00:15:39">
			</leg>
			<activity type="HHmaintenance_10800" x="171304.73034602357" y="-442060.18719509937" end_time="11:59:45" >
				<attributes>
					<attribute name="initialEndTime" class="java.lang.Double">43185.34435272217</attribute>
					<attribute name="initialStartTime" class="java.lang.Double">32466.613178253177</attribute>
					<attribute name="zoneId" class="java.lang.String">21730100</attribute>
				</attributes>
			</activity>
			<leg mode="car_teleported" trav_time="00:17:45">
			</leg>
			<activity type="home_51000" x="176828.29725789794" y="-449624.4135916049" >
				<attributes>
					<attribute name="initialStartTime" class="java.lang.Double">44251.187324523926</attribute>
					<attribute name="zoneId" class="java.lang.String">21832200</attribute>
				</attributes>
			</activity>
		</plan>

	</person>

<!-- ====================================================================== -->

	<person id="4537469">
		<attributes>
			<attribute name="ESR" class="java.lang.String">1</attribute>
			<attribute name="age" class="java.lang.String">29</attribute>
			<attribute name="eduatt" class="java.lang.String">4</attribute>
			<attribute name="gender" class="java.lang.String">male</attribute>
			<attribute name="hhinc" class="java.lang.String">41066</attribute>
			<attribute name="hhnumautos" class="java.lang.String">4</attribute>
			<attribute name="hhsize" class="java.lang.String">6</attribute>
			<attribute name="householdId" class="java.lang.String">1466619</attribute>
			<attribute name="htype" class="java.lang.String">SFD</attribute>
			<attribute name="race" class="java.lang.String">NHAS</attribute>
			<attribute name="schg" class="java.lang.String">0</attribute>
			<attribute name="subpopulation" class="java.lang.String">person</attribute>
			<attribute name="ten" class="java.lang.String">3</attribute>
			<attribute name="wkind20" class="java.lang.String">44</attribute>
			<attribute name="wkocc24" class="java.lang.String">11</attribute>
			<attribute name="worker" class="java.lang.String">employed</attribute>
		</attributes>
		<plan selected="yes">
			<activity type="home_50400" x="152721.05147029625" y="-457338.14142528997" end_time="04:45:00" >
				<attributes>
					<attribute name="initialEndTime" class="java.lang.Double">17100.0</attribute>
					<attribute name="zoneId" class="java.lang.String">21185500</attribute>
				</attributes>
			</activity>
			<leg mode="ride" trav_time="00:38:14">
			</leg>
			<activity type="work_31200" x="145638.70482540558" y="-422538.9258940673" end_time="14:04:20" >
				<attributes>
					<attribute name="initialEndTime" class="java.lang.Double">50660.70167541504</attribute>
					<attribute name="initialStartTime" class="java.lang.Double">19394.98146057129</attribute>
					<attribute name="zoneId" class="java.lang.String">20571400</attribute>
				</attributes>
			</activity>
			<leg mode="ride" trav_time="00:47:40">
			</leg>
			<activity type="home_50400" x="152721.05147029625" y="-457338.14142528997" >
				<attributes>
					<attribute name="initialStartTime" class="java.lang.Double">53521.318588256836</attribute>
					<attribute name="zoneId" class="java.lang.String">21185500</attribute>
				</attributes>
			</activity>
		</plan>

	</person>

<!-- ====================================================================== -->

	<person id="4539589">
		<attributes>
			<attribute name="ESR" class="java.lang.String">1</attribute>
			<attribute name="age" class="java.lang.String">50</attribute>
			<attribute name="eduatt" class="java.lang.String">1</attribute>
			<attribute name="gender" class="java.lang.String">female</attribute>
			<attribute name="hhinc" class="java.lang.String">59304</attribute>
			<attribute name="hhnumautos" class="java.lang.String">2</attribute>
			<attribute name="hhsize" class="java.lang.String">9</attribute>
			<attribute name="householdId" class="java.lang.String">1467225</attribute>
			<attribute name="htype" class="java.lang.String">SFA</attribute>
			<attribute name="race" class="java.lang.String">HP</attribute>
			<attribute name="schg" class="java.lang.String">0</attribute>
			<attribute name="subpopulation" class="java.lang.String">person</attribute>
			<attribute name="ten" class="java.lang.String">3</attribute>
			<attribute name="wkind20" class="java.lang.String">31</attribute>
			<attribute name="wkocc24" class="java.lang.String">23</attribute>
			<attribute name="worker" class="java.lang.String">employed</attribute>
		</attributes>
		<plan selected="yes">
			<activity type="home_59400" x="160942.46318668086" y="-444238.4362266797" end_time="04:45:00" >
				<attributes>
					<attribute name="initialEndTime" class="java.lang.Double">17100.0</attribute>
					<attribute name="zoneId" class="java.lang.String">21525100</attribute>
				</attributes>
			</activity>
			<leg mode="car_teleported" trav_time="00:15:21">
			</leg>
			<activity type="schoolpureescort_600" x="166119.7773601677" y="-441322.6806548283" max_dur="00:09:54" >
				<attributes>
					<attribute name="initialEndTime" class="java.lang.Double">18615.985174179077</attribute>
					<attribute name="initialStartTime" class="java.lang.Double">18021.606216430664</attribute>
					<attribute name="zoneId" class="java.lang.String">21647100</attribute>
				</attributes>
			</activity>
			<leg mode="car_teleported" trav_time="00:23:49">
			</leg>
			<activity type="schoolpureescort_600" x="155986.24939434367" y="-445062.7642573562" max_dur="00:05:00" >
				<attributes>
					<attribute name="initialEndTime" class="java.lang.Double">19698.986396789554</attribute>
					<attribute name="initialStartTime" class="java.lang.Double">20045.938634872437</attribute>
					<attribute name="zoneId" class="java.lang.String">21007200</attribute>
				</attributes>
			</activity>
			<leg mode="car_teleported" trav_time="00:12:34">
			</leg>
			<activity type="schoolpureescort_1200" x="161859.2902087555" y="-443577.73675736424" max_dur="00:15:59" >
				<attributes>
					<attribute name="initialEndTime" class="java.lang.Double">21413.104391098022</attribute>
					<attribute name="initialStartTime" class="java.lang.Double">20453.328571319584</attribute>
					<attribute name="zoneId" class="java.lang.String">21552300</attribute>
				</attributes>
			</activity>
			<leg mode="car_teleported" trav_time="00:04:29">
			</leg>
			<activity type="home_19800" x="160942.46318668086" y="-444238.4362266797" end_time="11:30:00" >
				<attributes>
					<attribute name="initialEndTime" class="java.lang.Double">41400.0</attribute>
					<attribute name="initialStartTime" class="java.lang.Double">21682.906322479248</attribute>
					<attribute name="zoneId" class="java.lang.String">21525100</attribute>
				</attributes>
			</activity>
			<leg mode="car_teleported" trav_time="00:12:55">
			</leg>
			<activity type="schoolpureescort_600" x="166091.0593640447" y="-441086.1677318445" max_dur="00:01:59" >
				<attributes>
					<attribute name="initialEndTime" class="java.lang.Double">42295.01269340515</attribute>
					<attribute name="initialStartTime" class="java.lang.Double">42175.34980773926</attribute>
					<attribute name="zoneId" class="java.lang.String">21647100</attribute>
				</attributes>
			</activity>
			<leg mode="car_teleported" trav_time="00:10:41">
			</leg>
			<activity type="schoolpureescort_1200" x="161998.5118734438" y="-443174.6767566853" max_dur="00:16:16" >
				<attributes>
					<attribute name="initialEndTime" class="java.lang.Double">43913.10439109802</attribute>
					<attribute name="initialStartTime" class="java.lang.Double">42936.98773384094</attribute>
					<attribute name="zoneId" class="java.lang.String">21552300</attribute>
				</attributes>
			</activity>
			<leg mode="car_teleported" trav_time="00:04:38">
			</leg>
			<activity type="home_59400" x="160942.46318668086" y="-444238.4362266797" >
				<attributes>
					<attribute name="initialStartTime" class="java.lang.Double">44191.57253265381</attribute>
					<attribute name="zoneId" class="java.lang.String">21525100</attribute>
				</attributes>
			</activity>
		</plan>

	</person>

<!-- ====================================================================== -->

	<person id="4572256">
		<attributes>
			<attribute name="ESR" class="java.lang.String">0</attribute>
			<attribute name="age" class="java.lang.String">1</attribute>
			<attribute name="eduatt" class="java.lang.String">0</attribute>
			<attribute name="gender" class="java.lang.String">male</attribute>
			<attribute name="hhinc" class="java.lang.String">32078</attribute>
			<attribute name="hhnumautos" class="java.lang.String">2</attribute>
			<attribute name="hhsize" class="java.lang.String">3</attribute>
			<attribute name="householdId" class="java.lang.String">1476850</attribute>
			<attribute name="htype" class="java.lang.String">Multiple</attribute>
			<attribute name="race" class="java.lang.String">HP</attribute>
			<attribute name="schg" class="java.lang.String">0</attribute>
			<attribute name="subpopulation" class="java.lang.String">person</attribute>
			<attribute name="ten" class="java.lang.String">3</attribute>
			<attribute name="wkind20" class="java.lang.String">0</attribute>
			<attribute name="wkocc24" class="java.lang.String">0</attribute>
			<attribute name="worker" class="java.lang.String">unemployed</attribute>
		</attributes>
		<plan selected="yes">
			<activity type="home_86400" x="181554.62858984937" y="-446830.23590798787" >
				<attributes>
					<attribute name="zoneId" class="java.lang.String">21873300</attribute>
				</attributes>
			</activity>
		</plan>

	</person>

<!-- ====================================================================== -->

	<person id="4627917">
		<attributes>
			<attribute name="ESR" class="java.lang.String">6</attribute>
			<attribute name="age" class="java.lang.String">26</attribute>
			<attribute name="eduatt" class="java.lang.String">3</attribute>
			<attribute name="gender" class="java.lang.String">male</attribute>
			<attribute name="hhinc" class="java.lang.String">45399</attribute>
			<attribute name="hhnumautos" class="java.lang.String">2</attribute>
			<attribute name="hhsize" class="java.lang.String">3</attribute>
			<attribute name="householdId" class="java.lang.String">1495099</attribute>
			<attribute name="htype" class="java.lang.String">SFD</attribute>
			<attribute name="race" class="java.lang.String">HP</attribute>
			<attribute name="schg" class="java.lang.String">0</attribute>
			<attribute name="subpopulation" class="java.lang.String">person</attribute>
			<attribute name="ten" class="java.lang.String">3</attribute>
			<attribute name="wkind20" class="java.lang.String">0</attribute>
			<attribute name="wkocc24" class="java.lang.String">0</attribute>
			<attribute name="worker" class="java.lang.String">unemployed</attribute>
		</attributes>
		<plan selected="yes">
			<activity type="home_86400" x="173125.65760976681" y="-456528.55533536477" >
				<attributes>
					<attribute name="zoneId" class="java.lang.String">21777100</attribute>
				</attributes>
			</activity>
		</plan>

	</person>

<!-- ====================================================================== -->

	<person id="4677992">
		<attributes>
			<attribute name="ESR" class="java.lang.String">3</attribute>
			<attribute name="age" class="java.lang.String">50</attribute>
			<attribute name="eduatt" class="java.lang.String">2</attribute>
			<attribute name="gender" class="java.lang.String">male</attribute>
			<attribute name="hhinc" class="java.lang.String">78864</attribute>
			<attribute name="hhnumautos" class="java.lang.String">3</attribute>
			<attribute name="hhsize" class="java.lang.String">9</attribute>
			<attribute name="householdId" class="java.lang.String">1510615</attribute>
			<attribute name="htype" class="java.lang.String">SFD</attribute>
			<attribute name="race" class="java.lang.String">HP</attribute>
			<attribute name="schg" class="java.lang.String">0</attribute>
			<attribute name="subpopulation" class="java.lang.String">person</attribute>
			<attribute name="ten" class="java.lang.String">1</attribute>
			<attribute name="wkind20" class="java.lang.String">0</attribute>
			<attribute name="wkocc24" class="java.lang.String">0</attribute>
			<attribute name="worker" class="java.lang.String">unemployed</attribute>
		</attributes>
		<plan selected="yes">
			<activity type="home_78000" x="164238.67438426515" y="-447868.9275789951" end_time="10:30:00" >
				<attributes>
					<attribute name="initialEndTime" class="java.lang.Double">37800.0</attribute>
					<attribute name="zoneId" class="java.lang.String">21600100</attribute>
				</attributes>
			</activity>
			<leg mode="car_teleported" trav_time="00:29:34">
			</leg>
			<activity type="shop_600" x="170648.1238066834" y="-466792.0047980964" max_dur="00:05:00" >
				<attributes>
					<attribute name="initialEndTime" class="java.lang.Double">39311.09956741333</attribute>
					<attribute name="initialStartTime" class="java.lang.Double">39574.04754638672</attribute>
					<attribute name="zoneId" class="java.lang.String">21435100</attribute>
				</attributes>
			</activity>
			<leg mode="car_teleported" trav_time="00:09:37">
			</leg>
			<activity type="shop_1200" x="171588.56243175894" y="-461365.88828442333" max_dur="00:15:23" >
				<attributes>
					<attribute name="initialEndTime" class="java.lang.Double">40811.79885864258</attribute>
					<attribute name="initialStartTime" class="java.lang.Double">39888.60809326172</attribute>
					<attribute name="zoneId" class="java.lang.String">21446200</attribute>
				</attributes>
			</activity>
			<leg mode="car_teleported" trav_time="00:09:16">
			</leg>
			<activity type="shop_2400" x="172776.22009910224" y="-467826.8698285188" max_dur="00:42:58" >
				<attributes>
					<attribute name="initialEndTime" class="java.lang.Double">43946.657638549805</attribute>
					<attribute name="initialStartTime" class="java.lang.Double">41368.637409210205</attribute>
					<attribute name="zoneId" class="java.lang.String">21455200</attribute>
				</attributes>
			</activity>
			<leg mode="car_teleported" trav_time="00:35:32">
			</leg>
			<activity type="home_78000" x="164238.67438426515" y="-447868.9275789951" >
				<attributes>
					<attribute name="initialStartTime" class="java.lang.Double">46078.805236816406</attribute>
					<attribute name="zoneId" class="java.lang.String">21600100</attribute>
				</attributes>
			</activity>
		</plan>

	</person>

<!-- ====================================================================== -->

	<person id="4688788">
		<attributes>
			<attribute name="ESR" class="java.lang.String">1</attribute>
			<attribute name="age" class="java.lang.String">21</attribute>
			<attribute name="eduatt" class="java.lang.String">1</attribute>
			<attribute name="gender" class="java.lang.String">male</attribute>
			<attribute name="hhinc" class="java.lang.String">23115</attribute>
			<attribute name="hhnumautos" class="java.lang.String">0</attribute>
			<attribute name="hhsize" class="java.lang.String">8</attribute>
			<attribute name="householdId" class="java.lang.String">1513895</attribute>
			<attribute name="htype" class="java.lang.String">SFD</attribute>
			<attribute name="race" class="java.lang.String">HP</attribute>
			<attribute name="schg" class="java.lang.String">0</attribute>
			<attribute name="subpopulation" class="java.lang.String">person</attribute>
			<attribute name="ten" class="java.lang.String">3</attribute>
			<attribute name="wkind20" class="java.lang.String">31</attribute>
			<attribute name="wkocc24" class="java.lang.String">23</attribute>
			<attribute name="worker" class="java.lang.String">employed</attribute>
		</attributes>
		<plan selected="yes">
			<activity type="home_51600" x="164452.24850180114" y="-456994.02697422926" end_time="04:15:00" >
				<attributes>
					<attribute name="initialEndTime" class="java.lang.Double">15300.0</attribute>
					<attribute name="zoneId" class="java.lang.String">21595200</attribute>
				</attributes>
			</activity>
			<leg mode="ride" trav_time="00:05:58">
			</leg>
			<activity type="work_34200" x="161389.65112902015" y="-458147.0748392625" end_time="13:54:45" >
				<attributes>
					<attribute name="initialEndTime" class="java.lang.Double">50085.2460193634</attribute>
					<attribute name="initialStartTime" class="java.lang.Double">15658.227167129517</attribute>
					<attribute name="zoneId" class="java.lang.String">21530400</attribute>
				</attributes>
			</activity>
			<leg mode="ride" trav_time="00:05:20">
			</leg>
			<activity type="home_51600" x="164452.24850180114" y="-456994.02697422926" >
				<attributes>
					<attribute name="initialStartTime" class="java.lang.Double">50405.43339729309</attribute>
					<attribute name="zoneId" class="java.lang.String">21595200</attribute>
				</attributes>
			</activity>
		</plan>

	</person>

<!-- ====================================================================== -->

	<person id="472131">
		<attributes>
			<attribute name="ESR" class="java.lang.String">1</attribute>
			<attribute name="age" class="java.lang.String">63</attribute>
			<attribute name="eduatt" class="java.lang.String">3</attribute>
			<attribute name="gender" class="java.lang.String">female</attribute>
			<attribute name="hhinc" class="java.lang.String">145436</attribute>
			<attribute name="hhnumautos" class="java.lang.String">3</attribute>
			<attribute name="hhsize" class="java.lang.String">4</attribute>
			<attribute name="householdId" class="java.lang.String">149080</attribute>
			<attribute name="htype" class="java.lang.String">SFD</attribute>
			<attribute name="race" class="java.lang.String">NHAS</attribute>
			<attribute name="schg" class="java.lang.String">0</attribute>
			<attribute name="subpopulation" class="java.lang.String">person</attribute>
			<attribute name="ten" class="java.lang.String">1</attribute>
			<attribute name="wkind20" class="java.lang.String">62</attribute>
			<attribute name="wkocc24" class="java.lang.String">11</attribute>
			<attribute name="worker" class="java.lang.String">employed</attribute>
		</attributes>
		<plan selected="yes">
			<activity type="home_67200" x="199354.0419058899" y="-440182.6545372121" end_time="05:15:00" >
				<attributes>
					<attribute name="initialEndTime" class="java.lang.Double">18900.0</attribute>
					<attribute name="zoneId" class="java.lang.String">22392100</attribute>
				</attributes>
			</activity>
			<leg mode="car_teleported" trav_time="00:09:27">
			</leg>
			<activity type="HHmaintenance_9000" x="194633.64520649624" y="-439581.8422998831" end_time="07:50:06" >
				<attributes>
					<attribute name="initialEndTime" class="java.lang.Double">28206.78156852722</attribute>
					<attribute name="initialStartTime" class="java.lang.Double">19467.729721069336</attribute>
					<attribute name="zoneId" class="java.lang.String">22346100</attribute>
				</attributes>
			</activity>
			<leg mode="car_teleported" trav_time="00:06:38">
			</leg>
			<activity type="work_9600" x="195059.55423110691" y="-434320.99207452516" end_time="10:33:07" >
				<attributes>
					<attribute name="initialEndTime" class="java.lang.Double">37987.09728240967</attribute>
					<attribute name="initialStartTime" class="java.lang.Double">28604.95322227478</attribute>
					<attribute name="zoneId" class="java.lang.String">22356200</attribute>
				</attributes>
			</activity>
			<leg mode="car_teleported" trav_time="00:11:00">
			</leg>
			<activity type="home_67200" x="199354.0419058899" y="-440182.6545372121" >
				<attributes>
					<attribute name="initialStartTime" class="java.lang.Double">38647.68236160278</attribute>
					<attribute name="zoneId" class="java.lang.String">22392100</attribute>
				</attributes>
			</activity>
		</plan>

	</person>

<!-- ====================================================================== -->

	<person id="4871380">
		<attributes>
			<attribute name="ESR" class="java.lang.String">1</attribute>
			<attribute name="age" class="java.lang.String">35</attribute>
			<attribute name="eduatt" class="java.lang.String">4</attribute>
			<attribute name="gender" class="java.lang.String">female</attribute>
			<attribute name="hhinc" class="java.lang.String">86474</attribute>
			<attribute name="hhnumautos" class="java.lang.String">2</attribute>
			<attribute name="hhsize" class="java.lang.String">2</attribute>
			<attribute name="householdId" class="java.lang.String">1569799</attribute>
			<attribute name="htype" class="java.lang.String">Multiple</attribute>
			<attribute name="race" class="java.lang.String">NHB</attribute>
			<attribute name="schg" class="java.lang.String">0</attribute>
			<attribute name="subpopulation" class="java.lang.String">person</attribute>
			<attribute name="ten" class="java.lang.String">3</attribute>
			<attribute name="wkind20" class="java.lang.String">92</attribute>
			<attribute name="wkocc24" class="java.lang.String">7</attribute>
			<attribute name="worker" class="java.lang.String">employed</attribute>
		</attributes>
		<plan selected="yes">
			<activity type="home_40800" x="175579.59515915325" y="-453228.23868430435" end_time="03:15:00" >
				<attributes>
					<attribute name="initialEndTime" class="java.lang.Double">11700.0</attribute>
					<attribute name="zoneId" class="java.lang.String">21802500</attribute>
				</attributes>
			</activity>
			<leg mode="car_teleported" trav_time="00:13:51">
			</leg>
			<activity type="eatout_1200" x="171442.1231220107" y="-461277.72497783636" max_dur="00:17:30" >
				<attributes>
					<attribute name="initialEndTime" class="java.lang.Double">13582.554244995117</attribute>
					<attribute name="initialStartTime" class="java.lang.Double">12531.774787902832</attribute>
					<attribute name="zoneId" class="java.lang.String">21446200</attribute>
				</attributes>
			</activity>
			<leg mode="car_teleported" trav_time="00:13:49">
			</leg>
			<activity type="home_1800" x="175579.59515915325" y="-453228.23868430435" max_dur="00:29:47" >
				<attributes>
					<attribute name="initialEndTime" class="java.lang.Double">16200.0</attribute>
					<attribute name="initialStartTime" class="java.lang.Double">14412.168502807617</attribute>
					<attribute name="zoneId" class="java.lang.String">21802500</attribute>
				</attributes>
			</activity>
			<leg mode="car_teleported" trav_time="00:36:12">
			</leg>
			<activity type="work_13200" x="169231.31154266707" y="-438880.8158332838" end_time="08:50:20" >
				<attributes>
					<attribute name="initialEndTime" class="java.lang.Double">31820.216789245605</attribute>
					<attribute name="initialStartTime" class="java.lang.Double">18372.063446044922</attribute>
					<attribute name="zoneId" class="java.lang.String">22092300</attribute>
				</attributes>
			</activity>
			<leg mode="car_teleported" trav_time="00:22:10">
			</leg>
			<activity type="home_5400" x="175579.59515915325" y="-453228.23868430435" max_dur="01:32:29" >
				<attributes>
					<attribute name="initialEndTime" class="java.lang.Double">38700.0</attribute>
					<attribute name="initialStartTime" class="java.lang.Double">33150.513496398926</attribute>
					<attribute name="zoneId" class="java.lang.String">21802500</attribute>
				</attributes>
			</activity>
			<leg mode="car_teleported" trav_time="00:23:04">
			</leg>
			<activity type="work_16200" x="169236.8875889527" y="-439093.3972116981" end_time="15:35:20" >
				<attributes>
					<attribute name="initialEndTime" class="java.lang.Double">56120.216789245605</attribute>
					<attribute name="initialStartTime" class="java.lang.Double">40084.12570953369</attribute>
					<attribute name="zoneId" class="java.lang.String">22092300</attribute>
				</attributes>
			</activity>
			<leg mode="car_teleported" trav_time="00:27:04">
			</leg>
			<activity type="home_40800" x="175579.59515915325" y="-453228.23868430435" >
				<attributes>
					<attribute name="initialStartTime" class="java.lang.Double">57745.18615722656</attribute>
					<attribute name="zoneId" class="java.lang.String">21802500</attribute>
				</attributes>
			</activity>
		</plan>

	</person>

<!-- ====================================================================== -->

	<person id="4952194">
		<attributes>
			<attribute name="ESR" class="java.lang.String">0</attribute>
			<attribute name="age" class="java.lang.String">4</attribute>
			<attribute name="eduatt" class="java.lang.String">1</attribute>
			<attribute name="gender" class="java.lang.String">female</attribute>
			<attribute name="hhinc" class="java.lang.String">46370</attribute>
			<attribute name="hhnumautos" class="java.lang.String">2</attribute>
			<attribute name="hhsize" class="java.lang.String">8</attribute>
			<attribute name="householdId" class="java.lang.String">1594026</attribute>
			<attribute name="htype" class="java.lang.String">SFD</attribute>
			<attribute name="race" class="java.lang.String">NHB</attribute>
			<attribute name="schg" class="java.lang.String">0</attribute>
			<attribute name="subpopulation" class="java.lang.String">person</attribute>
			<attribute name="ten" class="java.lang.String">3</attribute>
			<attribute name="wkind20" class="java.lang.String">0</attribute>
			<attribute name="wkocc24" class="java.lang.String">0</attribute>
			<attribute name="worker" class="java.lang.String">unemployed</attribute>
		</attributes>
		<plan selected="yes">
			<activity type="home_86400" x="198379.23681266056" y="-431511.0671380236" >
				<attributes>
					<attribute name="zoneId" class="java.lang.String">22383100</attribute>
				</attributes>
			</activity>
		</plan>

	</person>

<!-- ====================================================================== -->

	<person id="514233">
		<attributes>
			<attribute name="ESR" class="java.lang.String">1</attribute>
			<attribute name="age" class="java.lang.String">28</attribute>
			<attribute name="eduatt" class="java.lang.String">4</attribute>
			<attribute name="gender" class="java.lang.String">male</attribute>
			<attribute name="hhinc" class="java.lang.String">147453</attribute>
			<attribute name="hhnumautos" class="java.lang.String">2</attribute>
			<attribute name="hhsize" class="java.lang.String">3</attribute>
			<attribute name="householdId" class="java.lang.String">162402</attribute>
			<attribute name="htype" class="java.lang.String">Multiple</attribute>
			<attribute name="race" class="java.lang.String">NHB</attribute>
			<attribute name="schg" class="java.lang.String">0</attribute>
			<attribute name="subpopulation" class="java.lang.String">person</attribute>
			<attribute name="ten" class="java.lang.String">3</attribute>
			<attribute name="wkind20" class="java.lang.String">71</attribute>
			<attribute name="wkocc24" class="java.lang.String">10</attribute>
			<attribute name="worker" class="java.lang.String">employed</attribute>
		</attributes>
		<plan selected="yes">
			<activity type="home_47400" x="149942.24296108182" y="-437752.4816729469" end_time="04:45:00" >
				<attributes>
					<attribute name="initialEndTime" class="java.lang.Double">17100.0</attribute>
					<attribute name="zoneId" class="java.lang.String">20887100</attribute>
				</attributes>
			</activity>
			<leg mode="bike" trav_time="00:08:47">
			</leg>
			<activity type="work_37800" x="149134.70551627706" y="-435568.3706978839" end_time="15:26:34" >
				<attributes>
					<attribute name="initialEndTime" class="java.lang.Double">55594.965806007385</attribute>
					<attribute name="initialStartTime" class="java.lang.Double">17627.972316741943</attribute>
					<attribute name="zoneId" class="java.lang.String">20889100</attribute>
				</attributes>
			</activity>
			<leg mode="bike" trav_time="00:08:32">
			</leg>
			<activity type="home_47400" x="149942.24296108182" y="-437752.4816729469" >
				<attributes>
					<attribute name="initialStartTime" class="java.lang.Double">56107.55129098892</attribute>
					<attribute name="zoneId" class="java.lang.String">20887100</attribute>
				</attributes>
			</activity>
		</plan>

	</person>

<!-- ====================================================================== -->

	<person id="514896">
		<attributes>
			<attribute name="ESR" class="java.lang.String">0</attribute>
			<attribute name="age" class="java.lang.String">3</attribute>
			<attribute name="eduatt" class="java.lang.String">1</attribute>
			<attribute name="gender" class="java.lang.String">female</attribute>
			<attribute name="hhinc" class="java.lang.String">28016</attribute>
			<attribute name="hhnumautos" class="java.lang.String">1</attribute>
			<attribute name="hhsize" class="java.lang.String">8</attribute>
			<attribute name="householdId" class="java.lang.String">162708</attribute>
			<attribute name="htype" class="java.lang.String">SFD</attribute>
			<attribute name="race" class="java.lang.String">HP</attribute>
			<attribute name="schg" class="java.lang.String">0</attribute>
			<attribute name="subpopulation" class="java.lang.String">person</attribute>
			<attribute name="ten" class="java.lang.String">3</attribute>
			<attribute name="wkind20" class="java.lang.String">0</attribute>
			<attribute name="wkocc24" class="java.lang.String">0</attribute>
			<attribute name="worker" class="java.lang.String">unemployed</attribute>
		</attributes>
		<plan selected="yes">
			<activity type="home_86400" x="131029.7158553527" y="-419776.164020318" >
				<attributes>
					<attribute name="zoneId" class="java.lang.String">20439300</attribute>
				</attributes>
			</activity>
		</plan>

	</person>

<!-- ====================================================================== -->

	<person id="5233398">
		<attributes>
			<attribute name="ESR" class="java.lang.String">6</attribute>
			<attribute name="age" class="java.lang.String">59</attribute>
			<attribute name="eduatt" class="java.lang.String">2</attribute>
			<attribute name="gender" class="java.lang.String">female</attribute>
			<attribute name="hhinc" class="java.lang.String">32035</attribute>
			<attribute name="hhnumautos" class="java.lang.String">3</attribute>
			<attribute name="hhsize" class="java.lang.String">3</attribute>
			<attribute name="householdId" class="java.lang.String">1678236</attribute>
			<attribute name="htype" class="java.lang.String">SFD</attribute>
			<attribute name="race" class="java.lang.String">HP</attribute>
			<attribute name="schg" class="java.lang.String">0</attribute>
			<attribute name="subpopulation" class="java.lang.String">person</attribute>
			<attribute name="ten" class="java.lang.String">1</attribute>
			<attribute name="wkind20" class="java.lang.String">0</attribute>
			<attribute name="wkocc24" class="java.lang.String">0</attribute>
			<attribute name="worker" class="java.lang.String">unemployed</attribute>
		</attributes>
		<plan selected="yes">
			<activity type="home_86400" x="175055.6505154981" y="-428342.24966929323" >
				<attributes>
					<attribute name="zoneId" class="java.lang.String">22162100</attribute>
				</attributes>
			</activity>
		</plan>

	</person>

<!-- ====================================================================== -->

	<person id="5331914">
		<attributes>
			<attribute name="ESR" class="java.lang.String">1</attribute>
			<attribute name="age" class="java.lang.String">59</attribute>
			<attribute name="eduatt" class="java.lang.String">1</attribute>
			<attribute name="gender" class="java.lang.String">male</attribute>
			<attribute name="hhinc" class="java.lang.String">61711</attribute>
			<attribute name="hhnumautos" class="java.lang.String">2</attribute>
			<attribute name="hhsize" class="java.lang.String">4</attribute>
			<attribute name="householdId" class="java.lang.String">1709440</attribute>
			<attribute name="htype" class="java.lang.String">SFD</attribute>
			<attribute name="race" class="java.lang.String">HP</attribute>
			<attribute name="schg" class="java.lang.String">0</attribute>
			<attribute name="subpopulation" class="java.lang.String">person</attribute>
			<attribute name="ten" class="java.lang.String">1</attribute>
			<attribute name="wkind20" class="java.lang.String">56</attribute>
			<attribute name="wkocc24" class="java.lang.String">15</attribute>
			<attribute name="worker" class="java.lang.String">employed</attribute>
		</attributes>
		<plan selected="yes">
			<activity type="home_43800" x="167225.904993264" y="-445568.18438553246" end_time="00:45:00" >
				<attributes>
					<attribute name="initialEndTime" class="java.lang.Double">2700.0</attribute>
					<attribute name="zoneId" class="java.lang.String">21667100</attribute>
				</attributes>
			</activity>
			<leg mode="car_teleported" trav_time="00:50:53">
			</leg>
			<activity type="work_9000" x="206704.97542692645" y="-480925.99415162066" end_time="04:03:18" >
				<attributes>
					<attribute name="initialEndTime" class="java.lang.Double">14598.550491333008</attribute>
					<attribute name="initialStartTime" class="java.lang.Double">5753.433837890625</attribute>
					<attribute name="zoneId" class="java.lang.String">33097200</attribute>
				</attributes>
			</activity>
			<leg mode="car_teleported" trav_time="00:11:06">
			</leg>
			<activity type="shop_10800" x="205677.87151006047" y="-472051.11429429887" end_time="07:18:18" >
				<attributes>
					<attribute name="initialEndTime" class="java.lang.Double">26298.243579864506</attribute>
					<attribute name="initialStartTime" class="java.lang.Double">15265.302505493164</attribute>
					<attribute name="zoneId" class="java.lang.String">33014400</attribute>
				</attributes>
			</activity>
			<leg mode="car_teleported" trav_time="00:09:21">
			</leg>
			<activity type="personalmaintenance_15600" x="203218.09719557752" y="-467428.12218375574" end_time="11:48:27" >
				<attributes>
					<attribute name="initialEndTime" class="java.lang.Double">42507.52006530762</attribute>
					<attribute name="initialStartTime" class="java.lang.Double">26859.352436065677</attribute>
					<attribute name="zoneId" class="java.lang.String">33008200</attribute>
				</attributes>
			</activity>
			<leg mode="car_teleported" trav_time="00:49:08">
			</leg>
			<activity type="home_43800" x="167225.904993264" y="-445568.18438553246" >
				<attributes>
					<attribute name="initialStartTime" class="java.lang.Double">45456.444396972656</attribute>
					<attribute name="zoneId" class="java.lang.String">21667100</attribute>
				</attributes>
			</activity>
		</plan>

	</person>

<!-- ====================================================================== -->

	<person id="554521">
		<attributes>
			<attribute name="ESR" class="java.lang.String">6</attribute>
			<attribute name="age" class="java.lang.String">94</attribute>
			<attribute name="eduatt" class="java.lang.String">2</attribute>
			<attribute name="gender" class="java.lang.String">female</attribute>
			<attribute name="hhinc" class="java.lang.String">23185</attribute>
			<attribute name="hhnumautos" class="java.lang.String">1</attribute>
			<attribute name="hhsize" class="java.lang.String">1</attribute>
			<attribute name="householdId" class="java.lang.String">175520</attribute>
			<attribute name="htype" class="java.lang.String">SFD</attribute>
			<attribute name="race" class="java.lang.String">NHW</attribute>
			<attribute name="schg" class="java.lang.String">0</attribute>
			<attribute name="subpopulation" class="java.lang.String">person</attribute>
			<attribute name="ten" class="java.lang.String">4</attribute>
			<attribute name="wkind20" class="java.lang.String">0</attribute>
			<attribute name="wkocc24" class="java.lang.String">0</attribute>
			<attribute name="worker" class="java.lang.String">unemployed</attribute>
		</attributes>
		<plan selected="yes">
			<activity type="home_64800" x="140840.3930036631" y="-444068.27153611684" end_time="05:15:00" >
				<attributes>
					<attribute name="initialEndTime" class="java.lang.Double">18900.0</attribute>
					<attribute name="zoneId" class="java.lang.String">20770300</attribute>
				</attributes>
			</activity>
			<leg mode="ride" trav_time="00:08:07">
			</leg>
			<activity type="HHmaintenance_1800" x="143248.1535647244" y="-446930.3157286198" max_dur="00:27:30" >
				<attributes>
					<attribute name="initialEndTime" class="java.lang.Double">21038.202123641968</attribute>
					<attribute name="initialStartTime" class="java.lang.Double">19387.859058380127</attribute>
					<attribute name="zoneId" class="java.lang.String">20795200</attribute>
				</attributes>
			</activity>
			<leg mode="ride" trav_time="00:11:19">
			</leg>
			<activity type="HHmaintenance_1800" x="147885.0055847401" y="-442473.9542782508" max_dur="00:31:33" >
				<attributes>
					<attribute name="initialEndTime" class="java.lang.Double">23611.50037765503</attribute>
					<attribute name="initialStartTime" class="java.lang.Double">21718.073987960815</attribute>
					<attribute name="zoneId" class="java.lang.String">20864300</attribute>
				</attributes>
			</activity>
			<leg mode="ride" trav_time="00:12:10">
			</leg>
			<activity type="home_16200" x="140840.3930036631" y="-444068.27153611684" end_time="11:15:00" >
				<attributes>
					<attribute name="initialEndTime" class="java.lang.Double">40500.0</attribute>
					<attribute name="initialStartTime" class="java.lang.Double">24342.121753692627</attribute>
					<attribute name="zoneId" class="java.lang.String">20770300</attribute>
				</attributes>
			</activity>
			<leg mode="ride" trav_time="00:03:36">
			</leg>
			<activity type="HHmaintenance_600" x="138874.05755414243" y="-443309.4615215983" max_dur="00:05:00" >
				<attributes>
					<attribute name="initialEndTime" class="java.lang.Double">40317.04569339752</attribute>
					<attribute name="initialStartTime" class="java.lang.Double">40716.6983127594</attribute>
					<attribute name="zoneId" class="java.lang.String">20749300</attribute>
				</attributes>
			</activity>
			<leg mode="ride" trav_time="00:03:35">
			</leg>
			<activity type="home_64800" x="140840.3930036631" y="-444068.27153611684" >
				<attributes>
					<attribute name="initialStartTime" class="java.lang.Double">40532.76689529419</attribute>
					<attribute name="zoneId" class="java.lang.String">20770300</attribute>
				</attributes>
			</activity>
		</plan>

	</person>

<!-- ====================================================================== -->

	<person id="5592724">
		<attributes>
			<attribute name="ESR" class="java.lang.String">6</attribute>
			<attribute name="age" class="java.lang.String">51</attribute>
			<attribute name="eduatt" class="java.lang.String">4</attribute>
			<attribute name="gender" class="java.lang.String">female</attribute>
			<attribute name="hhinc" class="java.lang.String">111139</attribute>
			<attribute name="hhnumautos" class="java.lang.String">2</attribute>
			<attribute name="hhsize" class="java.lang.String">4</attribute>
			<attribute name="householdId" class="java.lang.String">1792708</attribute>
			<attribute name="htype" class="java.lang.String">SFD</attribute>
			<attribute name="race" class="java.lang.String">HP</attribute>
			<attribute name="schg" class="java.lang.String">0</attribute>
			<attribute name="subpopulation" class="java.lang.String">person</attribute>
			<attribute name="ten" class="java.lang.String">1</attribute>
			<attribute name="wkind20" class="java.lang.String">0</attribute>
			<attribute name="wkocc24" class="java.lang.String">0</attribute>
			<attribute name="worker" class="java.lang.String">unemployed</attribute>
		</attributes>
		<plan selected="yes">
			<activity type="home_86400" x="171181.61702053272" y="-451420.4245259235" >
				<attributes>
					<attribute name="zoneId" class="java.lang.String">21767200</attribute>
				</attributes>
			</activity>
		</plan>

	</person>

<!-- ====================================================================== -->

	<person id="5608051">
		<attributes>
			<attribute name="ESR" class="java.lang.String">6</attribute>
			<attribute name="age" class="java.lang.String">46</attribute>
			<attribute name="eduatt" class="java.lang.String">1</attribute>
			<attribute name="gender" class="java.lang.String">female</attribute>
			<attribute name="hhinc" class="java.lang.String">30003</attribute>
			<attribute name="hhnumautos" class="java.lang.String">1</attribute>
			<attribute name="hhsize" class="java.lang.String">8</attribute>
			<attribute name="householdId" class="java.lang.String">1797279</attribute>
			<attribute name="htype" class="java.lang.String">SFA</attribute>
			<attribute name="race" class="java.lang.String">HP</attribute>
			<attribute name="schg" class="java.lang.String">0</attribute>
			<attribute name="subpopulation" class="java.lang.String">person</attribute>
			<attribute name="ten" class="java.lang.String">3</attribute>
			<attribute name="wkind20" class="java.lang.String">0</attribute>
			<attribute name="wkocc24" class="java.lang.String">0</attribute>
			<attribute name="worker" class="java.lang.String">unemployed</attribute>
		</attributes>
		<plan selected="yes">
			<activity type="home_48600" x="160375.0848694381" y="-465784.7072875849" end_time="03:30:00" >
				<attributes>
					<attribute name="initialEndTime" class="java.lang.Double">12600.0</attribute>
					<attribute name="zoneId" class="java.lang.String">21339200</attribute>
				</attributes>
			</activity>
			<leg mode="car_teleported" trav_time="00:04:40">
			</leg>
			<activity type="personalmaintenance_600" x="159349.3569158556" y="-462823.47505959857" max_dur="00:05:00" >
				<attributes>
					<attribute name="initialEndTime" class="java.lang.Double">12335.977592468262</attribute>
					<attribute name="initialStartTime" class="java.lang.Double">12880.36156654358</attribute>
					<attribute name="zoneId" class="java.lang.String">21335200</attribute>
				</attributes>
			</activity>
			<leg mode="car_teleported" trav_time="00:04:31">
			</leg>
			<activity type="home_1800" x="160375.0848694381" y="-465784.7072875849" max_dur="00:29:52" >
				<attributes>
					<attribute name="initialEndTime" class="java.lang.Double">14400.0</attribute>
					<attribute name="initialStartTime" class="java.lang.Double">12607.223625183105</attribute>
					<attribute name="zoneId" class="java.lang.String">21339200</attribute>
				</attributes>
			</activity>
			<leg mode="car_teleported" trav_time="00:12:28">
			</leg>
			<activity type="schoolpureescort_600" x="157617.0215601416" y="-474838.7484758138" max_dur="00:12:25" >
				<attributes>
					<attribute name="initialEndTime" class="java.lang.Double">15894.119811058044</attribute>
					<attribute name="initialStartTime" class="java.lang.Double">15148.916759490967</attribute>
					<attribute name="zoneId" class="java.lang.String">21313300</attribute>
				</attributes>
			</activity>
			<leg mode="car_teleported" trav_time="00:15:54">
			</leg>
			<activity type="schoolpureescort_1200" x="160517.64293263256" y="-464327.1432320052" max_dur="00:17:14" >
				<attributes>
					<attribute name="initialEndTime" class="java.lang.Double">17882.96359062195</attribute>
					<attribute name="initialStartTime" class="java.lang.Double">16848.621096611023</attribute>
					<attribute name="zoneId" class="java.lang.String">21340100</attribute>
				</attributes>
			</activity>
			<leg mode="car_teleported" trav_time="00:02:13">
			</leg>
			<activity type="home_7200" x="160375.0848694381" y="-465784.7072875849" max_dur="01:59:43" >
				<attributes>
					<attribute name="initialEndTime" class="java.lang.Double">25200.0</attribute>
					<attribute name="initialStartTime" class="java.lang.Double">18016.71618461609</attribute>
					<attribute name="zoneId" class="java.lang.String">21339200</attribute>
				</attributes>
			</activity>
			<leg mode="car_teleported" trav_time="00:14:06">
			</leg>
			<activity type="schoolpureescort_600" x="167667.01754917705" y="-462865.3293670481" max_dur="00:02:52" >
				<attributes>
					<attribute name="initialEndTime" class="java.lang.Double">26219.07423019409</attribute>
					<attribute name="initialStartTime" class="java.lang.Double">26046.989192962646</attribute>
					<attribute name="zoneId" class="java.lang.String">21405300</attribute>
				</attributes>
			</activity>
			<leg mode="car_teleported" trav_time="00:13:52">
			</leg>
			<activity type="home_16200" x="160375.0848694381" y="-465784.7072875849" end_time="12:00:00" >
				<attributes>
					<attribute name="initialEndTime" class="java.lang.Double">43200.0</attribute>
					<attribute name="initialStartTime" class="java.lang.Double">27051.900386810303</attribute>
					<attribute name="zoneId" class="java.lang.String">21339200</attribute>
				</attributes>
			</activity>
			<leg mode="car_teleported" trav_time="00:14:11">
			</leg>
			<activity type="schoolpureescort_1200" x="167916.03485320715" y="-462683.2082425691" max_dur="00:21:56" >
				<attributes>
					<attribute name="initialEndTime" class="java.lang.Double">45367.95379400253</attribute>
					<attribute name="initialStartTime" class="java.lang.Double">44051.08766555786</attribute>
					<attribute name="zoneId" class="java.lang.String">21405300</attribute>
				</attributes>
			</activity>
			<leg mode="car_teleported" trav_time="00:25:53">
			</leg>
			<activity type="schoolpureescort_600" x="157696.34288972578" y="-474549.1542354576" max_dur="00:00:23" >
				<attributes>
					<attribute name="initialEndTime" class="java.lang.Double">46945.30370235443</attribute>
					<attribute name="initialStartTime" class="java.lang.Double">46921.545560359955</attribute>
					<attribute name="zoneId" class="java.lang.String">21313300</attribute>
				</attributes>
			</activity>
			<leg mode="car_teleported" trav_time="00:15:54">
			</leg>
			<activity type="schoolpureescort_600" x="160651.90323688288" y="-464224.50716784137" max_dur="00:00:38" >
				<attributes>
					<attribute name="initialEndTime" class="java.lang.Double">47938.35004091263</attribute>
					<attribute name="initialStartTime" class="java.lang.Double">47899.80498790741</attribute>
					<attribute name="zoneId" class="java.lang.String">21340100</attribute>
				</attributes>
			</activity>
			<leg mode="car_teleported" trav_time="00:08:36">
			</leg>
			<activity type="non-schoolescort_1800" x="162403.18924439148" y="-468858.71465776575" max_dur="00:25:37" >
				<attributes>
					<attribute name="initialEndTime" class="java.lang.Double">49992.07812309265</attribute>
					<attribute name="initialStartTime" class="java.lang.Double">48454.57940340042</attribute>
					<attribute name="zoneId" class="java.lang.String">21354400</attribute>
				</attributes>
			</activity>
			<leg mode="car_teleported" trav_time="00:07:01">
			</leg>
			<activity type="home_48600" x="160375.0848694381" y="-465784.7072875849" >
				<attributes>
					<attribute name="initialStartTime" class="java.lang.Double">50413.704442977905</attribute>
					<attribute name="zoneId" class="java.lang.String">21339200</attribute>
				</attributes>
			</activity>
		</plan>

	</person>

<!-- ====================================================================== -->

	<person id="5615966">
		<attributes>
			<attribute name="ESR" class="java.lang.String">6</attribute>
			<attribute name="age" class="java.lang.String">88</attribute>
			<attribute name="eduatt" class="java.lang.String">3</attribute>
			<attribute name="gender" class="java.lang.String">female</attribute>
			<attribute name="hhinc" class="java.lang.String">130792</attribute>
			<attribute name="hhnumautos" class="java.lang.String">3</attribute>
			<attribute name="hhsize" class="java.lang.String">3</attribute>
			<attribute name="householdId" class="java.lang.String">1799799</attribute>
			<attribute name="htype" class="java.lang.String">SFD</attribute>
			<attribute name="race" class="java.lang.String">NHW</attribute>
			<attribute name="schg" class="java.lang.String">0</attribute>
			<attribute name="subpopulation" class="java.lang.String">person</attribute>
			<attribute name="ten" class="java.lang.String">2</attribute>
			<attribute name="wkind20" class="java.lang.String">0</attribute>
			<attribute name="wkocc24" class="java.lang.String">0</attribute>
			<attribute name="worker" class="java.lang.String">unemployed</attribute>
		</attributes>
		<plan selected="yes">
			<activity type="home_81000" x="147414.18731653452" y="-449049.7419387882" end_time="12:00:00" >
				<attributes>
					<attribute name="initialEndTime" class="java.lang.Double">43200.0</attribute>
					<attribute name="zoneId" class="java.lang.String">21120300</attribute>
				</attributes>
			</activity>
			<leg mode="ride" trav_time="00:23:28">
			</leg>
			<activity type="HHmaintenance_600" x="149474.6835535455" y="-439921.2629089981" max_dur="00:12:49" >
				<attributes>
					<attribute name="initialEndTime" class="java.lang.Double">45378.63430023193</attribute>
					<attribute name="initialStartTime" class="java.lang.Double">44608.968086242676</attribute>
					<attribute name="zoneId" class="java.lang.String">20892300</attribute>
				</attributes>
			</activity>
			<leg mode="ride" trav_time="00:16:44">
			</leg>
			<activity type="shop_1800" x="143235.30792116703" y="-446028.22621902457" max_dur="00:30:28" >
				<attributes>
					<attribute name="initialEndTime" class="java.lang.Double">48211.64354324341</attribute>
					<attribute name="initialStartTime" class="java.lang.Double">46382.77233123779</attribute>
					<attribute name="zoneId" class="java.lang.String">20794100</attribute>
				</attributes>
			</activity>
			<leg mode="ride" trav_time="00:07:07">
			</leg>
			<activity type="home_81000" x="147414.18731653452" y="-449049.7419387882" >
				<attributes>
					<attribute name="initialStartTime" class="java.lang.Double">48639.191579818726</attribute>
					<attribute name="zoneId" class="java.lang.String">21120300</attribute>
				</attributes>
			</activity>
		</plan>

	</person>

<!-- ====================================================================== -->

	<person id="5764285">
		<attributes>
			<attribute name="ESR" class="java.lang.String">6</attribute>
			<attribute name="age" class="java.lang.String">55</attribute>
			<attribute name="eduatt" class="java.lang.String">3</attribute>
			<attribute name="gender" class="java.lang.String">female</attribute>
			<attribute name="hhinc" class="java.lang.String">282097</attribute>
			<attribute name="hhnumautos" class="java.lang.String">4</attribute>
			<attribute name="hhsize" class="java.lang.String">8</attribute>
			<attribute name="householdId" class="java.lang.String">1846819</attribute>
			<attribute name="htype" class="java.lang.String">SFD</attribute>
			<attribute name="race" class="java.lang.String">NHAS</attribute>
			<attribute name="schg" class="java.lang.String">0</attribute>
			<attribute name="subpopulation" class="java.lang.String">person</attribute>
			<attribute name="ten" class="java.lang.String">1</attribute>
			<attribute name="wkind20" class="java.lang.String">0</attribute>
			<attribute name="wkocc24" class="java.lang.String">0</attribute>
			<attribute name="worker" class="java.lang.String">unemployed</attribute>
		</attributes>
		<plan selected="yes">
			<activity type="home_79200" x="148183.24552271413" y="-432294.2954551264" end_time="05:30:00" >
				<attributes>
					<attribute name="initialEndTime" class="java.lang.Double">19800.0</attribute>
					<attribute name="zoneId" class="java.lang.String">20861100</attribute>
				</attributes>
			</activity>
			<leg mode="car_teleported" trav_time="00:22:35">
			</leg>
			<activity type="schoolpureescort_1200" x="139192.5750939073" y="-429820.21092868247" max_dur="00:17:16" >
				<attributes>
					<attribute name="initialEndTime" class="java.lang.Double">22192.751922607422</attribute>
					<attribute name="initialStartTime" class="java.lang.Double">21155.763359069824</attribute>
					<attribute name="zoneId" class="java.lang.String">20500100</attribute>
				</attributes>
			</activity>
			<leg mode="car_teleported" trav_time="00:28:04">
			</leg>
			<activity type="schoolpureescort_600" x="150357.18697170648" y="-439946.5653892442" max_dur="00:03:45" >
				<attributes>
					<attribute name="initialEndTime" class="java.lang.Double">24102.781524658207</attribute>
					<attribute name="initialStartTime" class="java.lang.Double">23876.99676513672</attribute>
					<attribute name="zoneId" class="java.lang.String">20904200</attribute>
				</attributes>
			</activity>
			<leg mode="car_teleported" trav_time="00:30:11">
			</leg>
			<activity type="schoolpureescort_600" x="147152.50652512643" y="-426150.50697401096" max_dur="00:07:55" >
				<attributes>
					<attribute name="initialEndTime" class="java.lang.Double">26389.634170532227</attribute>
					<attribute name="initialStartTime" class="java.lang.Double">25913.92658233643</attribute>
					<attribute name="zoneId" class="java.lang.String">20584100</attribute>
				</attributes>
			</activity>
			<leg mode="car_teleported" trav_time="00:11:18">
			</leg>
			<activity type="home_79200" x="148183.24552271413" y="-432294.2954551264" >
				<attributes>
					<attribute name="initialStartTime" class="java.lang.Double">27068.386402130127</attribute>
					<attribute name="zoneId" class="java.lang.String">20861100</attribute>
				</attributes>
			</activity>
		</plan>

	</person>

<!-- ====================================================================== -->

	<person id="5829089">
		<attributes>
			<attribute name="ESR" class="java.lang.String">0</attribute>
			<attribute name="age" class="java.lang.String">5</attribute>
			<attribute name="eduatt" class="java.lang.String">1</attribute>
			<attribute name="gender" class="java.lang.String">female</attribute>
			<attribute name="hhinc" class="java.lang.String">95446</attribute>
			<attribute name="hhnumautos" class="java.lang.String">2</attribute>
			<attribute name="hhsize" class="java.lang.String">9</attribute>
			<attribute name="householdId" class="java.lang.String">1867349</attribute>
			<attribute name="htype" class="java.lang.String">SFD</attribute>
			<attribute name="race" class="java.lang.String">HP</attribute>
			<attribute name="schg" class="java.lang.String">0</attribute>
			<attribute name="subpopulation" class="java.lang.String">person</attribute>
			<attribute name="ten" class="java.lang.String">1</attribute>
			<attribute name="wkind20" class="java.lang.String">0</attribute>
			<attribute name="wkocc24" class="java.lang.String">0</attribute>
			<attribute name="worker" class="java.lang.String">unemployed</attribute>
		</attributes>
		<plan selected="yes">
			<activity type="home_37200" x="164418.77686188908" y="-463565.46340890694" end_time="03:15:00" >
				<attributes>
					<attribute name="initialEndTime" class="java.lang.Double">11700.0</attribute>
					<attribute name="zoneId" class="java.lang.String">21361200</attribute>
				</attributes>
			</activity>
			<leg mode="walk" trav_time="00:17:40">
			</leg>
			<activity type="discretionary_600" x="164627.25973483283" y="-464621.4489017053" max_dur="00:05:00" >
				<attributes>
					<attribute name="initialEndTime" class="java.lang.Double">12493.941893577576</attribute>
					<attribute name="initialStartTime" class="java.lang.Double">12760.581064224243</attribute>
					<attribute name="zoneId" class="java.lang.String">21366100</attribute>
				</attributes>
			</activity>
			<leg mode="walk" trav_time="00:17:40">
			</leg>
			<activity type="home_600" x="164418.77686188908" y="-463565.46340890694" max_dur="00:05:00" >
				<attributes>
					<attribute name="initialEndTime" class="java.lang.Double">13500.0</attribute>
					<attribute name="initialStartTime" class="java.lang.Double">13554.522957801819</attribute>
					<attribute name="zoneId" class="java.lang.String">21361200</attribute>
				</attributes>
			</activity>
			<leg mode="ride_taxi" trav_time="00:14:50">
			</leg>
			<activity type="eatout_1200" x="157266.326841038" y="-468333.92271108273" max_dur="00:16:52" >
				<attributes>
					<attribute name="initialEndTime" class="java.lang.Double">15402.95820236206</attribute>
					<attribute name="initialStartTime" class="java.lang.Double">14390.016460418701</attribute>
					<attribute name="zoneId" class="java.lang.String">21302100</attribute>
				</attributes>
			</activity>
			<leg mode="ride_taxi" trav_time="00:14:42">
			</leg>
			<activity type="home_1800" x="164418.77686188908" y="-463565.46340890694" max_dur="00:28:34" >
				<attributes>
					<attribute name="initialEndTime" class="java.lang.Double">18000.0</attribute>
					<attribute name="initialStartTime" class="java.lang.Double">16285.736560821533</attribute>
					<attribute name="zoneId" class="java.lang.String">21361200</attribute>
				</attributes>
			</activity>
			<leg mode="ride" trav_time="00:06:00">
			</leg>
			<activity type="school_37800" x="160839.46361437338" y="-465084.57865638635" end_time="15:36:24" >
				<attributes>
					<attribute name="initialEndTime" class="java.lang.Double">56184.4711124897</attribute>
					<attribute name="initialStartTime" class="java.lang.Double">18360.181045532227</attribute>
					<attribute name="zoneId" class="java.lang.String">21353100</attribute>
				</attributes>
			</activity>
			<leg mode="ride" trav_time="00:06:59">
			</leg>
			<activity type="non-schoolescort_3000" x="160029.2430784002" y="-469053.3766980104" max_dur="00:49:01" >
				<attributes>
					<attribute name="initialEndTime" class="java.lang.Double">59545.69246530533</attribute>
					<attribute name="initialStartTime" class="java.lang.Double">56603.86148571968</attribute>
					<attribute name="zoneId" class="java.lang.String">21334100</attribute>
				</attributes>
			</activity>
			<leg mode="ride" trav_time="00:07:49">
			</leg>
			<activity type="shop_2400" x="157518.28724810033" y="-465361.2210180123" max_dur="00:37:46" >
				<attributes>
					<attribute name="initialEndTime" class="java.lang.Double">62281.62862658501</attribute>
					<attribute name="initialStartTime" class="java.lang.Double">60015.23508310318</attribute>
					<attribute name="zoneId" class="java.lang.String">21318100</attribute>
				</attributes>
			</activity>
			<leg mode="ride" trav_time="00:00:56">
			</leg>
			<activity type="non-schoolescort_3600" x="158352.1747021354" y="-464623.37906725984" max_dur="01:01:49" >
				<attributes>
					<attribute name="initialEndTime" class="java.lang.Double">66047.82388687134</attribute>
					<attribute name="initialStartTime" class="java.lang.Double">62338.45198273659</attribute>
					<attribute name="zoneId" class="java.lang.String">21318100</attribute>
				</attributes>
			</activity>
			<leg mode="ride" trav_time="00:09:28">
			</leg>
			<activity type="home_600" x="164418.77686188908" y="-463565.46340890694" max_dur="00:05:00" >
				<attributes>
					<attribute name="initialEndTime" class="java.lang.Double">56700.0</attribute>
					<attribute name="initialStartTime" class="java.lang.Double">66616.80730819702</attribute>
					<attribute name="zoneId" class="java.lang.String">21361200</attribute>
				</attributes>
			</activity>
			<leg mode="walk" trav_time="00:50:53">
			</leg>
			<activity type="discretionary_600" x="165349.56024543595" y="-466743.23786704533" max_dur="00:05:00" >
				<attributes>
					<attribute name="initialEndTime" class="java.lang.Double">57294.617013931274</attribute>
					<attribute name="initialStartTime" class="java.lang.Double">59753.82900238037</attribute>
					<attribute name="zoneId" class="java.lang.String">21371300</attribute>
				</attributes>
			</activity>
			<leg mode="walk" trav_time="00:50:53">
			</leg>
			<activity type="home_600" x="164418.77686188908" y="-463565.46340890694" max_dur="00:05:00" >
				<attributes>
					<attribute name="initialEndTime" class="java.lang.Double">58500.0</attribute>
					<attribute name="initialStartTime" class="java.lang.Double">60348.44687461853</attribute>
					<attribute name="zoneId" class="java.lang.String">21361200</attribute>
				</attributes>
			</activity>
			<leg mode="walk" trav_time="00:45:26">
			</leg>
			<activity type="personalmaintenance_600" x="165433.40371716834" y="-466319.1095703108" max_dur="00:05:00" >
				<attributes>
					<attribute name="initialEndTime" class="java.lang.Double">58227.36508369446</attribute>
					<attribute name="initialStartTime" class="java.lang.Double">61226.34916305542</attribute>
					<attribute name="zoneId" class="java.lang.String">21371200</attribute>
				</attributes>
			</activity>
			<leg mode="walk" trav_time="00:45:26">
			</leg>
			<activity type="home_37200" x="164418.77686188908" y="-463565.46340890694" >
				<attributes>
					<attribute name="initialStartTime" class="java.lang.Double">60953.71424674988</attribute>
					<attribute name="zoneId" class="java.lang.String">21361200</attribute>
				</attributes>
			</activity>
		</plan>

	</person>

<!-- ====================================================================== -->

	<person id="5954950">
		<attributes>
			<attribute name="ESR" class="java.lang.String">2</attribute>
			<attribute name="age" class="java.lang.String">42</attribute>
			<attribute name="eduatt" class="java.lang.String">1</attribute>
			<attribute name="gender" class="java.lang.String">male</attribute>
			<attribute name="hhinc" class="java.lang.String">52671</attribute>
			<attribute name="hhnumautos" class="java.lang.String">2</attribute>
			<attribute name="hhsize" class="java.lang.String">7</attribute>
			<attribute name="householdId" class="java.lang.String">1907471</attribute>
			<attribute name="htype" class="java.lang.String">Multiple</attribute>
			<attribute name="race" class="java.lang.String">HP</attribute>
			<attribute name="schg" class="java.lang.String">0</attribute>
			<attribute name="subpopulation" class="java.lang.String">person</attribute>
			<attribute name="ten" class="java.lang.String">3</attribute>
			<attribute name="wkind20" class="java.lang.String">51</attribute>
			<attribute name="wkocc24" class="java.lang.String">17</attribute>
			<attribute name="worker" class="java.lang.String">employed</attribute>
		</attributes>
		<plan selected="yes">
			<activity type="home_28800" x="142498.33005762563" y="-422310.4894724571" end_time="04:00:00" >
				<attributes>
					<attribute name="initialEndTime" class="java.lang.Double">14400.0</attribute>
					<attribute name="zoneId" class="java.lang.String">20540200</attribute>
				</attributes>
			</activity>
			<leg mode="car_teleported" trav_time="00:15:54">
			</leg>
			<activity type="shop_9600" x="150392.33598111634" y="-428997.25586853136" end_time="07:00:36" >
				<attributes>
					<attribute name="initialEndTime" class="java.lang.Double">25236.661205291748</attribute>
					<attribute name="initialStartTime" class="java.lang.Double">15354.205284118652</attribute>
					<attribute name="zoneId" class="java.lang.String">20611200</attribute>
				</attributes>
			</activity>
			<leg mode="car_teleported" trav_time="00:18:25">
			</leg>
			<activity type="eatoutlunch_9600" x="154915.9059054165" y="-432591.144149909" end_time="10:03:55" >
				<attributes>
					<attribute name="initialEndTime" class="java.lang.Double">36235.51975250244</attribute>
					<attribute name="initialStartTime" class="java.lang.Double">26342.201442718506</attribute>
					<attribute name="zoneId" class="java.lang.String">20982100</attribute>
				</attributes>
			</activity>
			<leg mode="car_teleported" trav_time="00:16:52">
			</leg>
			<activity type="work_10800" x="150166.58101305267" y="-437970.41996208864" end_time="13:15:50" >
				<attributes>
					<attribute name="initialEndTime" class="java.lang.Double">47750.08575439453</attribute>
					<attribute name="initialStartTime" class="java.lang.Double">37248.4895324707</attribute>
					<attribute name="zoneId" class="java.lang.String">20887100</attribute>
				</attributes>
			</activity>
			<leg mode="car_teleported" trav_time="00:36:10">
			</leg>
			<activity type="home_2400" x="142498.33005762563" y="-422310.4894724571" max_dur="00:37:59" >
				<attributes>
					<attribute name="initialEndTime" class="java.lang.Double">52200.0</attribute>
					<attribute name="initialStartTime" class="java.lang.Double">49920.183334350586</attribute>
					<attribute name="zoneId" class="java.lang.String">20540200</attribute>
				</attributes>
			</activity>
			<leg mode="car_teleported" trav_time="00:25:12">
			</leg>
			<activity type="business_4200" x="160690.76529319337" y="-428138.6375899561" max_dur="01:07:14" >
				<attributes>
					<attribute name="initialEndTime" class="java.lang.Double">57747.5168132782</attribute>
					<attribute name="initialStartTime" class="java.lang.Double">53712.98973083496</attribute>
					<attribute name="zoneId" class="java.lang.String">21985600</attribute>
				</attributes>
			</activity>
			<leg mode="car_teleported" trav_time="00:08:30">
			</leg>
			<activity type="visiting_6000" x="156593.2110638371" y="-424809.6806036595" max_dur="01:40:39" >
				<attributes>
					<attribute name="initialEndTime" class="java.lang.Double">64297.84531593322</attribute>
					<attribute name="initialStartTime" class="java.lang.Double">58258.38959693909</attribute>
					<attribute name="zoneId" class="java.lang.String">20648400</attribute>
				</attributes>
			</activity>
			<leg mode="car_teleported" trav_time="00:20:42">
			</leg>
			<activity type="discretionary_6000" x="141756.710927251" y="-420249.125363057" max_dur="01:42:27" >
				<attributes>
					<attribute name="initialEndTime" class="java.lang.Double">71687.99345970154</attribute>
					<attribute name="initialStartTime" class="java.lang.Double">65540.4905796051</attribute>
					<attribute name="zoneId" class="java.lang.String">20523100</attribute>
				</attributes>
			</activity>
			<leg mode="car_teleported" trav_time="00:06:32">
			</leg>
			<activity type="home_28800" x="142498.33005762563" y="-422310.4894724571" >
				<attributes>
					<attribute name="initialStartTime" class="java.lang.Double">72080.33841133118</attribute>
					<attribute name="zoneId" class="java.lang.String">20540200</attribute>
				</attributes>
			</activity>
		</plan>

	</person>

<!-- ====================================================================== -->

	<person id="6052144">
		<attributes>
			<attribute name="ESR" class="java.lang.String">0</attribute>
			<attribute name="age" class="java.lang.String">8</attribute>
			<attribute name="eduatt" class="java.lang.String">1</attribute>
			<attribute name="gender" class="java.lang.String">female</attribute>
			<attribute name="hhinc" class="java.lang.String">7729</attribute>
			<attribute name="hhnumautos" class="java.lang.String">0</attribute>
			<attribute name="hhsize" class="java.lang.String">6</attribute>
			<attribute name="householdId" class="java.lang.String">1941155</attribute>
			<attribute name="htype" class="java.lang.String">Others</attribute>
			<attribute name="race" class="java.lang.String">HP</attribute>
			<attribute name="schg" class="java.lang.String">6</attribute>
			<attribute name="subpopulation" class="java.lang.String">person</attribute>
			<attribute name="ten" class="java.lang.String">3</attribute>
			<attribute name="wkind20" class="java.lang.String">0</attribute>
			<attribute name="wkocc24" class="java.lang.String">0</attribute>
			<attribute name="worker" class="java.lang.String">unemployed</attribute>
		</attributes>
		<plan selected="yes">
			<activity type="home_61200" x="164845.86342009238" y="-437067.43298411433" end_time="05:45:00" >
				<attributes>
					<attribute name="initialEndTime" class="java.lang.Double">20700.0</attribute>
					<attribute name="zoneId" class="java.lang.String">22040300</attribute>
				</attributes>
			</activity>
			<leg mode="ride" trav_time="00:08:26">
			</leg>
			<activity type="school_24600" x="166468.06408874036" y="-439527.04929170164" end_time="12:39:29" >
				<attributes>
					<attribute name="initialEndTime" class="java.lang.Double">45569.69232559204</attribute>
					<attribute name="initialStartTime" class="java.lang.Double">21206.191577911377</attribute>
					<attribute name="zoneId" class="java.lang.String">21665200</attribute>
				</attributes>
			</activity>
			<leg mode="ride" trav_time="00:07:48">
			</leg>
			<activity type="home_61200" x="164845.86342009238" y="-437067.43298411433" >
				<attributes>
					<attribute name="initialStartTime" class="java.lang.Double">46037.91326522827</attribute>
					<attribute name="zoneId" class="java.lang.String">22040300</attribute>
				</attributes>
			</activity>
		</plan>

	</person>

<!-- ====================================================================== -->

	<person id="6092567">
		<attributes>
			<attribute name="ESR" class="java.lang.String">3</attribute>
			<attribute name="age" class="java.lang.String">31</attribute>
			<attribute name="eduatt" class="java.lang.String">4</attribute>
			<attribute name="gender" class="java.lang.String">female</attribute>
			<attribute name="hhinc" class="java.lang.String">156832</attribute>
			<attribute name="hhnumautos" class="java.lang.String">3</attribute>
			<attribute name="hhsize" class="java.lang.String">4</attribute>
			<attribute name="householdId" class="java.lang.String">1955162</attribute>
			<attribute name="htype" class="java.lang.String">SFD</attribute>
			<attribute name="race" class="java.lang.String">NHW</attribute>
			<attribute name="schg" class="java.lang.String">0</attribute>
			<attribute name="subpopulation" class="java.lang.String">person</attribute>
			<attribute name="ten" class="java.lang.String">1</attribute>
			<attribute name="wkind20" class="java.lang.String">0</attribute>
			<attribute name="wkocc24" class="java.lang.String">0</attribute>
			<attribute name="worker" class="java.lang.String">unemployed</attribute>
		</attributes>
		<plan selected="yes">
			<activity type="home_52200" x="129858.14485737572" y="-428098.3551802492" end_time="05:30:00" >
				<attributes>
					<attribute name="initialEndTime" class="java.lang.Double">19800.0</attribute>
					<attribute name="zoneId" class="java.lang.String">20434300</attribute>
				</attributes>
			</activity>
			<leg mode="car_teleported" trav_time="00:19:39">
			</leg>
			<activity type="HHmaintenance_31800" x="138479.61975831978" y="-424648.36317826173" end_time="14:43:18" >
				<attributes>
					<attribute name="initialEndTime" class="java.lang.Double">52998.36238861084</attribute>
					<attribute name="initialStartTime" class="java.lang.Double">20979.221305847168</attribute>
					<attribute name="zoneId" class="java.lang.String">20505100</attribute>
				</attributes>
			</activity>
			<leg mode="car_teleported" trav_time="00:20:20">
			</leg>
			<activity type="home_52200" x="129858.14485737572" y="-428098.3551802492" >
				<attributes>
					<attribute name="initialStartTime" class="java.lang.Double">54218.500328063965</attribute>
					<attribute name="zoneId" class="java.lang.String">20434300</attribute>
				</attributes>
			</activity>
		</plan>

	</person>

<!-- ====================================================================== -->

	<person id="6131321">
		<attributes>
			<attribute name="ESR" class="java.lang.String">0</attribute>
			<attribute name="age" class="java.lang.String">10</attribute>
			<attribute name="eduatt" class="java.lang.String">1</attribute>
			<attribute name="gender" class="java.lang.String">male</attribute>
			<attribute name="hhinc" class="java.lang.String">19127</attribute>
			<attribute name="hhnumautos" class="java.lang.String">1</attribute>
			<attribute name="hhsize" class="java.lang.String">4</attribute>
			<attribute name="householdId" class="java.lang.String">1967451</attribute>
			<attribute name="htype" class="java.lang.String">SFD</attribute>
			<attribute name="race" class="java.lang.String">HP</attribute>
			<attribute name="schg" class="java.lang.String">6</attribute>
			<attribute name="subpopulation" class="java.lang.String">person</attribute>
			<attribute name="ten" class="java.lang.String">4</attribute>
			<attribute name="wkind20" class="java.lang.String">0</attribute>
			<attribute name="wkocc24" class="java.lang.String">0</attribute>
			<attribute name="worker" class="java.lang.String">unemployed</attribute>
		</attributes>
		<plan selected="yes">
			<activity type="home_56400" x="150643.26466564904" y="-454616.4634344182" end_time="04:45:00" >
				<attributes>
					<attribute name="initialEndTime" class="java.lang.Double">17100.0</attribute>
					<attribute name="zoneId" class="java.lang.String">21155100</attribute>
				</attributes>
			</activity>
			<leg mode="ride" trav_time="00:09:36">
			</leg>
			<activity type="school_28800" x="150102.09603985422" y="-455067.6214110926" end_time="12:59:02" >
				<attributes>
					<attribute name="initialEndTime" class="java.lang.Double">46742.32626914978</attribute>
					<attribute name="initialStartTime" class="java.lang.Double">17676.73727273941</attribute>
					<attribute name="zoneId" class="java.lang.String">21155300</attribute>
				</attributes>
			</activity>
			<leg mode="walk" trav_time="00:09:36">
			</leg>
			<activity type="home_56400" x="150643.26466564904" y="-454616.4634344182" >
				<attributes>
					<attribute name="initialStartTime" class="java.lang.Double">47319.06357765198</attribute>
					<attribute name="zoneId" class="java.lang.String">21155100</attribute>
				</attributes>
			</activity>
		</plan>

	</person>

<!-- ====================================================================== -->

	<person id="6215998">
		<attributes>
			<attribute name="ESR" class="java.lang.String">6</attribute>
			<attribute name="age" class="java.lang.String">16</attribute>
			<attribute name="eduatt" class="java.lang.String">1</attribute>
			<attribute name="gender" class="java.lang.String">male</attribute>
			<attribute name="hhinc" class="java.lang.String">15602</attribute>
			<attribute name="hhnumautos" class="java.lang.String">1</attribute>
			<attribute name="hhsize" class="java.lang.String">5</attribute>
			<attribute name="householdId" class="java.lang.String">1996691</attribute>
			<attribute name="htype" class="java.lang.String">Multiple</attribute>
			<attribute name="race" class="java.lang.String">HP</attribute>
			<attribute name="schg" class="java.lang.String">13</attribute>
			<attribute name="subpopulation" class="java.lang.String">person</attribute>
			<attribute name="ten" class="java.lang.String">3</attribute>
			<attribute name="wkind20" class="java.lang.String">0</attribute>
			<attribute name="wkocc24" class="java.lang.String">0</attribute>
			<attribute name="worker" class="java.lang.String">unemployed</attribute>
		</attributes>
		<plan selected="yes">
			<activity type="home_55800" x="158764.72834672092" y="-437824.21362324303" end_time="04:30:00" >
				<attributes>
					<attribute name="initialEndTime" class="java.lang.Double">16200.0</attribute>
					<attribute name="zoneId" class="java.lang.String">21918200</attribute>
				</attributes>
			</activity>
			<leg mode="bike" trav_time="00:00:52">
			</leg>
			<activity type="school_27000" x="158567.5801872915" y="-438019.3583631737" end_time="11:59:39" >
				<attributes>
					<attribute name="initialEndTime" class="java.lang.Double">43179.00557935238</attribute>
					<attribute name="initialStartTime" class="java.lang.Double">16252.486051619053</attribute>
					<attribute name="zoneId" class="java.lang.String">21909200</attribute>
				</attributes>
			</activity>
			<leg mode="bike" trav_time="00:00:52">
			</leg>
			<activity type="home_1800" x="158764.72834672092" y="-437824.21362324303" max_dur="00:29:28" >
				<attributes>
					<attribute name="initialEndTime" class="java.lang.Double">45000.0</attribute>
					<attribute name="initialStartTime" class="java.lang.Double">43231.49163097143</attribute>
					<attribute name="zoneId" class="java.lang.String">21918200</attribute>
				</attributes>
			</activity>
			<leg mode="car_teleported" trav_time="00:09:43">
			</leg>
			<activity type="shop_600" x="162334.90534170886" y="-440810.9582161689" max_dur="00:13:35" >
				<attributes>
					<attribute name="initialEndTime" class="java.lang.Double">46399.33711051941</attribute>
					<attribute name="initialStartTime" class="java.lang.Double">45583.50854873657</attribute>
					<attribute name="zoneId" class="java.lang.String">21553100</attribute>
				</attributes>
			</activity>
			<leg mode="car_teleported" trav_time="00:09:38">
			</leg>
			<activity type="home_55800" x="158764.72834672092" y="-437824.21362324303" >
				<attributes>
					<attribute name="initialStartTime" class="java.lang.Double">46977.39483833313</attribute>
					<attribute name="zoneId" class="java.lang.String">21918200</attribute>
				</attributes>
			</activity>
		</plan>

	</person>

<!-- ====================================================================== -->

	<person id="6366331">
		<attributes>
			<attribute name="ESR" class="java.lang.String">1</attribute>
			<attribute name="age" class="java.lang.String">30</attribute>
			<attribute name="eduatt" class="java.lang.String">5</attribute>
			<attribute name="gender" class="java.lang.String">female</attribute>
			<attribute name="hhinc" class="java.lang.String">67930</attribute>
			<attribute name="hhnumautos" class="java.lang.String">1</attribute>
			<attribute name="hhsize" class="java.lang.String">1</attribute>
			<attribute name="householdId" class="java.lang.String">2043788</attribute>
			<attribute name="htype" class="java.lang.String">Multiple</attribute>
			<attribute name="race" class="java.lang.String">NHAS</attribute>
			<attribute name="schg" class="java.lang.String">0</attribute>
			<attribute name="subpopulation" class="java.lang.String">person</attribute>
			<attribute name="ten" class="java.lang.String">3</attribute>
			<attribute name="wkind20" class="java.lang.String">62</attribute>
			<attribute name="wkocc24" class="java.lang.String">1</attribute>
			<attribute name="worker" class="java.lang.String">employed</attribute>
		</attributes>
		<plan selected="yes">
			<activity type="home_50400" x="142282.70815487028" y="-398745.8723694333" end_time="06:00:00" >
				<attributes>
					<attribute name="initialEndTime" class="java.lang.Double">21600.0</attribute>
					<attribute name="zoneId" class="java.lang.String">20268100</attribute>
				</attributes>
			</activity>
			<leg mode="car_teleported" trav_time="00:46:32">
			</leg>
			<activity type="work_3600" x="143821.32599011218" y="-436393.75883429544" max_dur="00:57:15" >
				<attributes>
					<attribute name="initialEndTime" class="java.lang.Double">27828.41317176819</attribute>
					<attribute name="initialStartTime" class="java.lang.Double">24392.468719482422</attribute>
					<attribute name="zoneId" class="java.lang.String">20841100</attribute>
				</attributes>
			</activity>
			<leg mode="car_teleported" trav_time="00:29:28">
			</leg>
			<activity type="business_3600" x="155690.60258955666" y="-437548.8666323207" max_dur="01:01:49" >
				<attributes>
					<attribute name="initialEndTime" class="java.lang.Double">33305.58909416199</attribute>
					<attribute name="initialStartTime" class="java.lang.Double">29596.425676345825</attribute>
					<attribute name="zoneId" class="java.lang.String">21008200</attribute>
				</attributes>
			</activity>
			<leg mode="car_teleported" trav_time="00:07:42">
			</leg>
			<activity type="HHmaintenance_9000" x="158545.76949111998" y="-439248.2517317235" end_time="11:55:22" >
				<attributes>
					<attribute name="initialEndTime" class="java.lang.Double">42922.088470458984</attribute>
					<attribute name="initialStartTime" class="java.lang.Double">33768.53928565979</attribute>
					<attribute name="zoneId" class="java.lang.String">21906100</attribute>
				</attributes>
			</activity>
			<leg mode="car_teleported" trav_time="00:48:18">
			</leg>
			<activity type="home_7200" x="142282.70815487028" y="-398745.8723694333" end_time="14:45:00" >
				<attributes>
					<attribute name="initialEndTime" class="java.lang.Double">53100.0</attribute>
					<attribute name="initialStartTime" class="java.lang.Double">45820.721740722656</attribute>
					<attribute name="zoneId" class="java.lang.String">20268100</attribute>
				</attributes>
			</activity>
			<leg mode="walk" trav_time="00:18:23">
			</leg>
			<activity type="eatoutlunch_2400" x="141068.67915513212" y="-399232.0916181636" max_dur="00:39:46" >
				<attributes>
					<attribute name="initialEndTime" class="java.lang.Double">56589.68680858612</attribute>
					<attribute name="initialStartTime" class="java.lang.Double">54203.131914138794</attribute>
					<attribute name="zoneId" class="java.lang.String">20263100</attribute>
				</attributes>
			</activity>
			<leg mode="walk" trav_time="00:18:23">
			</leg>
			<activity type="home_50400" x="142282.70815487028" y="-398745.8723694333" >
				<attributes>
					<attribute name="initialStartTime" class="java.lang.Double">57692.818722724915</attribute>
					<attribute name="zoneId" class="java.lang.String">20268100</attribute>
				</attributes>
			</activity>
		</plan>

	</person>

<!-- ====================================================================== -->

	<person id="6376977">
		<attributes>
			<attribute name="ESR" class="java.lang.String">1</attribute>
			<attribute name="age" class="java.lang.String">42</attribute>
			<attribute name="eduatt" class="java.lang.String">1</attribute>
			<attribute name="gender" class="java.lang.String">male</attribute>
			<attribute name="hhinc" class="java.lang.String">109160</attribute>
			<attribute name="hhnumautos" class="java.lang.String">3</attribute>
			<attribute name="hhsize" class="java.lang.String">9</attribute>
			<attribute name="householdId" class="java.lang.String">2047075</attribute>
			<attribute name="htype" class="java.lang.String">Others</attribute>
			<attribute name="race" class="java.lang.String">HP</attribute>
			<attribute name="schg" class="java.lang.String">0</attribute>
			<attribute name="subpopulation" class="java.lang.String">person</attribute>
			<attribute name="ten" class="java.lang.String">1</attribute>
			<attribute name="wkind20" class="java.lang.String">56</attribute>
			<attribute name="wkocc24" class="java.lang.String">15</attribute>
			<attribute name="worker" class="java.lang.String">employed</attribute>
		</attributes>
		<plan selected="yes">
			<activity type="home_47400" x="161114.13320886827" y="-454739.93466526427" end_time="03:00:00" >
				<attributes>
					<attribute name="initialEndTime" class="java.lang.Double">10800.0</attribute>
					<attribute name="zoneId" class="java.lang.String">21529400</attribute>
				</attributes>
			</activity>
			<leg mode="car_teleported" trav_time="00:41:40">
			</leg>
			<activity type="work_4800" x="155580.65078762107" y="-435586.06342252746" max_dur="01:15:17" >
				<attributes>
					<attribute name="initialEndTime" class="java.lang.Double">17818.55601787567</attribute>
					<attribute name="initialStartTime" class="java.lang.Double">13300.614395141602</attribute>
					<attribute name="zoneId" class="java.lang.String">20987200</attribute>
				</attributes>
			</activity>
			<leg mode="car_teleported" trav_time="00:34:11">
			</leg>
			<activity type="visiting_3600" x="139460.27739427096" y="-443244.3216228201" max_dur="00:57:58" >
				<attributes>
					<attribute name="initialEndTime" class="java.lang.Double">23348.955698013302</attribute>
					<attribute name="initialStartTime" class="java.lang.Double">19869.990496635437</attribute>
					<attribute name="zoneId" class="java.lang.String">20749100</attribute>
				</attributes>
			</activity>
			<leg mode="car_teleported" trav_time="00:02:35">
			</leg>
			<activity type="discretionary_5400" x="140357.33150092547" y="-443364.34701266105" max_dur="01:29:00" >
				<attributes>
					<attribute name="initialEndTime" class="java.lang.Double">28844.628345966335</attribute>
					<attribute name="initialStartTime" class="java.lang.Double">23504.399251937863</attribute>
					<attribute name="zoneId" class="java.lang.String">20762400</attribute>
				</attributes>
			</activity>
			<leg mode="car_teleported" trav_time="00:01:53">
			</leg>
			<activity type="eatoutlunch_5400" x="139950.843404097" y="-443621.5461266631" max_dur="01:29:30" >
				<attributes>
					<attribute name="initialEndTime" class="java.lang.Double">34328.45253944396</attribute>
					<attribute name="initialStartTime" class="java.lang.Double">28958.206565380093</attribute>
					<attribute name="zoneId" class="java.lang.String">20754100</attribute>
				</attributes>
			</activity>
			<leg mode="car_teleported" trav_time="00:01:47">
			</leg>
			<activity type="business_6600" x="139176.8255161647" y="-443564.2751927708" max_dur="01:46:07" >
				<attributes>
					<attribute name="initialEndTime" class="java.lang.Double">40803.87722492218</attribute>
					<attribute name="initialStartTime" class="java.lang.Double">34436.125793457024</attribute>
					<attribute name="zoneId" class="java.lang.String">20749300</attribute>
				</attributes>
			</activity>
			<leg mode="car_teleported" trav_time="00:15:03">
			</leg>
			<activity type="business_7200" x="148894.8988791301" y="-447620.49393537384" end_time="13:35:34" >
				<attributes>
					<attribute name="initialEndTime" class="java.lang.Double">48934.63268280029</attribute>
					<attribute name="initialStartTime" class="java.lang.Double">41707.43736743927</attribute>
					<attribute name="zoneId" class="java.lang.String">21142100</attribute>
				</attributes>
			</activity>
			<leg mode="car_teleported" trav_time="00:18:24">
			</leg>
			<activity type="home_47400" x="161114.13320886827" y="-454739.93466526427" >
				<attributes>
					<attribute name="initialStartTime" class="java.lang.Double">50039.09008026123</attribute>
					<attribute name="zoneId" class="java.lang.String">21529400</attribute>
				</attributes>
			</activity>
		</plan>

	</person>

<!-- ====================================================================== -->

	<person id="6566292">
		<attributes>
			<attribute name="ESR" class="java.lang.String">1</attribute>
			<attribute name="age" class="java.lang.String">89</attribute>
			<attribute name="eduatt" class="java.lang.String">4</attribute>
			<attribute name="gender" class="java.lang.String">male</attribute>
			<attribute name="hhinc" class="java.lang.String">113800</attribute>
			<attribute name="hhnumautos" class="java.lang.String">2</attribute>
			<attribute name="hhsize" class="java.lang.String">2</attribute>
			<attribute name="householdId" class="java.lang.String">2107678</attribute>
			<attribute name="htype" class="java.lang.String">SFD</attribute>
			<attribute name="race" class="java.lang.String">NHW</attribute>
			<attribute name="schg" class="java.lang.String">0</attribute>
			<attribute name="subpopulation" class="java.lang.String">person</attribute>
			<attribute name="ten" class="java.lang.String">2</attribute>
			<attribute name="wkind20" class="java.lang.String">61</attribute>
			<attribute name="wkocc24" class="java.lang.String">9</attribute>
			<attribute name="worker" class="java.lang.String">employed</attribute>
		</attributes>
		<plan selected="yes">
			<activity type="home_56400" x="150135.81350365153" y="-465720.66563158407" end_time="03:30:00" >
				<attributes>
					<attribute name="initialEndTime" class="java.lang.Double">12600.0</attribute>
					<attribute name="zoneId" class="java.lang.String">21255500</attribute>
				</attributes>
			</activity>
			<leg mode="car_teleported" trav_time="00:07:25">
			</leg>
			<activity type="work_9600" x="154604.44776133483" y="-466514.50563566876" end_time="06:16:38" >
				<attributes>
					<attribute name="initialEndTime" class="java.lang.Double">22598.869047164917</attribute>
					<attribute name="initialStartTime" class="java.lang.Double">13045.09108543396</attribute>
					<attribute name="zoneId" class="java.lang.String">21281200</attribute>
				</attributes>
			</activity>
			<leg mode="car_teleported" trav_time="00:33:54">
			</leg>
			<activity type="HHmaintenance_6000" x="163960.05849526485" y="-447839.7806446703" max_dur="01:42:15" >
				<attributes>
					<attribute name="initialEndTime" class="java.lang.Double">30769.247884750363</attribute>
					<attribute name="initialStartTime" class="java.lang.Double">24633.462629318237</attribute>
					<attribute name="zoneId" class="java.lang.String">21584100</attribute>
				</attributes>
			</activity>
			<leg mode="car_teleported" trav_time="00:05:33">
			</leg>
			<activity type="HHmaintenance_9000" x="166333.76820264623" y="-447168.7516497163" end_time="11:06:01" >
				<attributes>
					<attribute name="initialEndTime" class="java.lang.Double">39961.43943786621</attribute>
					<attribute name="initialStartTime" class="java.lang.Double">31102.474346160885</attribute>
					<attribute name="zoneId" class="java.lang.String">21660100</attribute>
				</attributes>
			</activity>
			<leg mode="car_teleported" trav_time="00:40:48">
			</leg>
			<activity type="home_56400" x="150135.81350365153" y="-465720.66563158407" >
				<attributes>
					<attribute name="initialStartTime" class="java.lang.Double">42409.74792480469</attribute>
					<attribute name="zoneId" class="java.lang.String">21255500</attribute>
				</attributes>
			</activity>
		</plan>

	</person>

<!-- ====================================================================== -->

	<person id="6568211">
		<attributes>
			<attribute name="ESR" class="java.lang.String">1</attribute>
			<attribute name="age" class="java.lang.String">32</attribute>
			<attribute name="eduatt" class="java.lang.String">4</attribute>
			<attribute name="gender" class="java.lang.String">male</attribute>
			<attribute name="hhinc" class="java.lang.String">51567</attribute>
			<attribute name="hhnumautos" class="java.lang.String">2</attribute>
			<attribute name="hhsize" class="java.lang.String">2</attribute>
			<attribute name="householdId" class="java.lang.String">2108443</attribute>
			<attribute name="htype" class="java.lang.String">Multiple</attribute>
			<attribute name="race" class="java.lang.String">NHW</attribute>
			<attribute name="schg" class="java.lang.String">0</attribute>
			<attribute name="subpopulation" class="java.lang.String">person</attribute>
			<attribute name="ten" class="java.lang.String">3</attribute>
			<attribute name="wkind20" class="java.lang.String">72</attribute>
			<attribute name="wkocc24" class="java.lang.String">14</attribute>
			<attribute name="worker" class="java.lang.String">employed</attribute>
		</attributes>
		<plan selected="yes">
			<activity type="home_28800" x="148358.44486526697" y="-442476.76062040543" end_time="05:45:00" >
				<attributes>
					<attribute name="initialEndTime" class="java.lang.Double">20700.0</attribute>
					<attribute name="zoneId" class="java.lang.String">20882300</attribute>
				</attributes>
			</activity>
			<leg mode="pt" trav_time="00:25:16">
			</leg>
			<activity type="business_26400" x="139130.84015194076" y="-443142.6288996141" end_time="13:31:40" >
				<attributes>
					<attribute name="initialEndTime" class="java.lang.Double">48700.78142166138</attribute>
					<attribute name="initialStartTime" class="java.lang.Double">22216.00617170334</attribute>
					<attribute name="zoneId" class="java.lang.String">20749100</attribute>
				</attributes>
			</activity>
			<leg mode="pt" trav_time="00:25:16">
			</leg>
			<activity type="home_1200" x="148358.44486526697" y="-442476.76062040543" max_dur="00:18:03" >
				<attributes>
					<attribute name="initialEndTime" class="java.lang.Double">51300.0</attribute>
					<attribute name="initialStartTime" class="java.lang.Double">50216.787593364716</attribute>
					<attribute name="zoneId" class="java.lang.String">20882300</attribute>
				</attributes>
			</activity>
			<leg mode="car_teleported" trav_time="00:15:21">
			</leg>
			<activity type="business_5400" x="142099.37052526552" y="-439603.58167720557" max_dur="01:28:01" >
				<attributes>
					<attribute name="initialEndTime" class="java.lang.Double">57503.014125823975</attribute>
					<attribute name="initialStartTime" class="java.lang.Double">52221.47249221802</attribute>
					<attribute name="zoneId" class="java.lang.String">20786100</attribute>
				</attributes>
			</activity>
			<leg mode="car_teleported" trav_time="00:13:16">
			</leg>
			<activity type="work_6000" x="147879.1911443035" y="-438856.02008676704" max_dur="01:42:38" >
				<attributes>
					<attribute name="initialEndTime" class="java.lang.Double">64458.0583190918</attribute>
					<attribute name="initialStartTime" class="java.lang.Double">58299.790534973145</attribute>
					<attribute name="zoneId" class="java.lang.String">20874200</attribute>
				</attributes>
			</activity>
			<leg mode="car_teleported" trav_time="00:38:06">
			</leg>
			<activity type="business_4200" x="154034.1487312991" y="-423622.39952546975" max_dur="01:13:14" >
				<attributes>
					<attribute name="initialEndTime" class="java.lang.Double">71139.43891525269</attribute>
					<attribute name="initialStartTime" class="java.lang.Double">66744.9934387207</attribute>
					<attribute name="zoneId" class="java.lang.String">20632400</attribute>
				</attributes>
			</activity>
			<leg mode="car_teleported" trav_time="00:28:58">
			</leg>
			<activity type="business_4800" x="150019.53162881648" y="-435746.0990754763" max_dur="01:20:28" >
				<attributes>
					<attribute name="initialEndTime" class="java.lang.Double">77706.3147354126</attribute>
					<attribute name="initialStartTime" class="java.lang.Double">72877.62010574341</attribute>
					<attribute name="zoneId" class="java.lang.String">20899100</attribute>
				</attributes>
			</activity>
			<leg mode="car_teleported" trav_time="00:14:25">
			</leg>
			<activity type="home_28800" x="148358.44486526697" y="-442476.76062040543" >
				<attributes>
					<attribute name="initialStartTime" class="java.lang.Double">78571.58294677734</attribute>
					<attribute name="zoneId" class="java.lang.String">20882300</attribute>
				</attributes>
			</activity>
		</plan>

	</person>

<!-- ====================================================================== -->

	<person id="6572295">
		<attributes>
			<attribute name="ESR" class="java.lang.String">1</attribute>
			<attribute name="age" class="java.lang.String">33</attribute>
			<attribute name="eduatt" class="java.lang.String">1</attribute>
			<attribute name="gender" class="java.lang.String">male</attribute>
			<attribute name="hhinc" class="java.lang.String">111095</attribute>
			<attribute name="hhnumautos" class="java.lang.String">4</attribute>
			<attribute name="hhsize" class="java.lang.String">9</attribute>
			<attribute name="householdId" class="java.lang.String">2109523</attribute>
			<attribute name="htype" class="java.lang.String">SFD</attribute>
			<attribute name="race" class="java.lang.String">HP</attribute>
			<attribute name="schg" class="java.lang.String">0</attribute>
			<attribute name="subpopulation" class="java.lang.String">person</attribute>
			<attribute name="ten" class="java.lang.String">1</attribute>
			<attribute name="wkind20" class="java.lang.String">23</attribute>
			<attribute name="wkocc24" class="java.lang.String">20</attribute>
			<attribute name="worker" class="java.lang.String">employed</attribute>
		</attributes>
		<plan selected="yes">
			<activity type="home_54600" x="163202.4744356133" y="-451585.81886743434" end_time="09:30:00" >
				<attributes>
					<attribute name="initialEndTime" class="java.lang.Double">34200.0</attribute>
					<attribute name="zoneId" class="java.lang.String">21573200</attribute>
				</attributes>
			</activity>
			<leg mode="car_teleported" trav_time="00:13:56">
			</leg>
			<activity type="work_14400" x="155447.38424842941" y="-453129.4558994772" end_time="13:46:28" >
				<attributes>
					<attribute name="initialEndTime" class="java.lang.Double">49588.518505096436</attribute>
					<attribute name="initialStartTime" class="java.lang.Double">35036.73402786255</attribute>
					<attribute name="zoneId" class="java.lang.String">21224300</attribute>
				</attributes>
			</activity>
			<leg mode="car_teleported" trav_time="00:13:52">
			</leg>
			<activity type="home_1800" x="163202.4744356133" y="-451585.81886743434" max_dur="00:29:38" >
				<attributes>
					<attribute name="initialEndTime" class="java.lang.Double">52200.0</attribute>
					<attribute name="initialStartTime" class="java.lang.Double">50421.321029663086</attribute>
					<attribute name="zoneId" class="java.lang.String">21573200</attribute>
				</attributes>
			</activity>
			<leg mode="car_teleported" trav_time="00:20:58">
			</leg>
			<activity type="eatout_4800" x="156701.44514737706" y="-444378.0444214297" max_dur="01:18:08" >
				<attributes>
					<attribute name="initialEndTime" class="java.lang.Double">58147.08251953125</attribute>
					<attribute name="initialStartTime" class="java.lang.Double">53458.41499328613</attribute>
					<attribute name="zoneId" class="java.lang.String">21043200</attribute>
				</attributes>
			</activity>
			<leg mode="car_teleported" trav_time="00:20:43">
			</leg>
			<activity type="discretionary_5400" x="166339.63568069134" y="-439031.7647160382" max_dur="01:27:39" >
				<attributes>
					<attribute name="initialEndTime" class="java.lang.Double">64649.546699523926</attribute>
					<attribute name="initialStartTime" class="java.lang.Double">59390.20545959473</attribute>
					<attribute name="zoneId" class="java.lang.String">21652100</attribute>
				</attributes>
			</activity>
			<leg mode="car_teleported" trav_time="00:23:28">
			</leg>
			<activity type="home_54600" x="163202.4744356133" y="-451585.81886743434" >
				<attributes>
					<attribute name="initialStartTime" class="java.lang.Double">66057.78774261475</attribute>
					<attribute name="zoneId" class="java.lang.String">21573200</attribute>
				</attributes>
			</activity>
		</plan>

	</person>

<!-- ====================================================================== -->

	<person id="6586180">
		<attributes>
			<attribute name="ESR" class="java.lang.String">0</attribute>
			<attribute name="age" class="java.lang.String">4</attribute>
			<attribute name="eduatt" class="java.lang.String">1</attribute>
			<attribute name="gender" class="java.lang.String">female</attribute>
			<attribute name="hhinc" class="java.lang.String">56255</attribute>
			<attribute name="hhnumautos" class="java.lang.String">2</attribute>
			<attribute name="hhsize" class="java.lang.String">4</attribute>
			<attribute name="householdId" class="java.lang.String">2113434</attribute>
			<attribute name="htype" class="java.lang.String">Multiple</attribute>
			<attribute name="race" class="java.lang.String">HP</attribute>
			<attribute name="schg" class="java.lang.String">1</attribute>
			<attribute name="subpopulation" class="java.lang.String">person</attribute>
			<attribute name="ten" class="java.lang.String">3</attribute>
			<attribute name="wkind20" class="java.lang.String">0</attribute>
			<attribute name="wkocc24" class="java.lang.String">0</attribute>
			<attribute name="worker" class="java.lang.String">unemployed</attribute>
		</attributes>
		<plan selected="yes">
			<activity type="home_44400" x="153523.4439396393" y="-452864.42527992756" end_time="04:15:00" >
				<attributes>
					<attribute name="initialEndTime" class="java.lang.Double">15300.0</attribute>
					<attribute name="zoneId" class="java.lang.String">21199100</attribute>
				</attributes>
			</activity>
			<leg mode="ride" trav_time="00:01:54">
			</leg>
			<activity type="school_36600" x="153806.36443065494" y="-452184.7404156769" end_time="14:28:22" >
				<attributes>
					<attribute name="initialEndTime" class="java.lang.Double">52102.82186508179</attribute>
					<attribute name="initialStartTime" class="java.lang.Double">15414.628758430481</attribute>
					<attribute name="zoneId" class="java.lang.String">21200100</attribute>
				</attributes>
			</activity>
			<leg mode="ride" trav_time="00:01:48">
			</leg>
			<activity type="home_1800" x="153523.4439396393" y="-452864.42527992756" max_dur="00:29:48" >
				<attributes>
					<attribute name="initialEndTime" class="java.lang.Double">54000.0</attribute>
					<attribute name="initialStartTime" class="java.lang.Double">52211.15881919861</attribute>
					<attribute name="zoneId" class="java.lang.String">21199100</attribute>
				</attributes>
			</activity>
			<leg mode="ride" trav_time="00:00:49">
			</leg>
			<activity type="discretionary_3600" x="153218.45037073974" y="-452793.855033361" max_dur="00:58:27" >
				<attributes>
					<attribute name="initialEndTime" class="java.lang.Double">57557.6927447319</attribute>
					<attribute name="initialStartTime" class="java.lang.Double">54049.85828876495</attribute>
					<attribute name="zoneId" class="java.lang.String">21199100</attribute>
				</attributes>
			</activity>
			<leg mode="ride" trav_time="00:00:49">
			</leg>
			<activity type="home_44400" x="153523.4439396393" y="-452864.42527992756" >
				<attributes>
					<attribute name="initialStartTime" class="java.lang.Double">57607.55103349686</attribute>
					<attribute name="zoneId" class="java.lang.String">21199100</attribute>
				</attributes>
			</activity>
		</plan>

	</person>

<!-- ====================================================================== -->

	<person id="6737960">
		<attributes>
			<attribute name="ESR" class="java.lang.String">1</attribute>
			<attribute name="age" class="java.lang.String">19</attribute>
			<attribute name="eduatt" class="java.lang.String">3</attribute>
			<attribute name="gender" class="java.lang.String">female</attribute>
			<attribute name="hhinc" class="java.lang.String">65838</attribute>
			<attribute name="hhnumautos" class="java.lang.String">4</attribute>
			<attribute name="hhsize" class="java.lang.String">6</attribute>
			<attribute name="householdId" class="java.lang.String">2164155</attribute>
			<attribute name="htype" class="java.lang.String">SFD</attribute>
			<attribute name="race" class="java.lang.String">HP</attribute>
			<attribute name="schg" class="java.lang.String">15</attribute>
			<attribute name="subpopulation" class="java.lang.String">person</attribute>
			<attribute name="ten" class="java.lang.String">1</attribute>
			<attribute name="wkind20" class="java.lang.String">71</attribute>
			<attribute name="wkocc24" class="java.lang.String">17</attribute>
			<attribute name="worker" class="java.lang.String">employed</attribute>
		</attributes>
		<plan selected="yes">
			<activity type="home_68400" x="176901.75314726902" y="-455653.848948859" end_time="08:15:00" >
				<attributes>
					<attribute name="initialEndTime" class="java.lang.Double">29700.0</attribute>
					<attribute name="zoneId" class="java.lang.String">21812200</attribute>
				</attributes>
			</activity>
			<leg mode="car_teleported" trav_time="00:05:10">
			</leg>
			<activity type="non-schoolescort_4200" x="178724.44726300775" y="-453776.26568521" max_dur="01:05:43" >
				<attributes>
					<attribute name="initialEndTime" class="java.lang.Double">33954.65655326843</attribute>
					<attribute name="initialStartTime" class="java.lang.Double">30010.910968780518</attribute>
					<attribute name="zoneId" class="java.lang.String">21853400</attribute>
				</attributes>
			</activity>
			<leg mode="car_teleported" trav_time="00:05:22">
			</leg>
			<activity type="home_1800" x="176901.75314726902" y="-455653.848948859" max_dur="00:28:42" >
				<attributes>
					<attribute name="initialEndTime" class="java.lang.Double">36000.0</attribute>
					<attribute name="initialStartTime" class="java.lang.Double">34277.45029449463</attribute>
					<attribute name="zoneId" class="java.lang.String">21812200</attribute>
				</attributes>
			</activity>
			<leg mode="walk" trav_time="00:45:19">
			</leg>
			<activity type="university_600" x="175646.3358953313" y="-457968.69077669317" max_dur="00:05:00" >
				<attributes>
					<attribute name="initialEndTime" class="java.lang.Double">37984.58677625656</attribute>
					<attribute name="initialStartTime" class="java.lang.Double">38719.08302307129</attribute>
					<attribute name="zoneId" class="java.lang.String">21805100</attribute>
				</attributes>
			</activity>
			<leg mode="walk" trav_time="00:38:08">
			</leg>
			<activity type="shop_600" x="176171.63601391003" y="-459468.83972104266" max_dur="00:05:00" >
				<attributes>
					<attribute name="initialEndTime" class="java.lang.Double">39786.72352266312</attribute>
					<attribute name="initialStartTime" class="java.lang.Double">40272.99214696884</attribute>
					<attribute name="zoneId" class="java.lang.String">21807200</attribute>
				</attributes>
			</activity>
			<leg mode="walk" trav_time="00:07:43">
			</leg>
			<activity type="shop_1800" x="176422.35613853883" y="-459959.33382269565" max_dur="00:26:54" >
				<attributes>
					<attribute name="initialEndTime" class="java.lang.Double">41865.49058246613</attribute>
					<attribute name="initialStartTime" class="java.lang.Double">40250.628594875336</attribute>
					<attribute name="zoneId" class="java.lang.String">21807200</attribute>
				</attributes>
			</activity>
			<leg mode="walk" trav_time="00:54:33">
			</leg>
			<activity type="HHmaintenance_600" x="177373.49529642178" y="-456556.28090447804" max_dur="00:05:00" >
				<attributes>
					<attribute name="initialEndTime" class="java.lang.Double">43749.75417280198</attribute>
					<attribute name="initialStartTime" class="java.lang.Double">45139.37974262238</attribute>
					<attribute name="zoneId" class="java.lang.String">21811100</attribute>
				</attributes>
			</activity>
			<leg mode="walk" trav_time="00:21:25">
			</leg>
			<activity type="HHmaintenance_1800" x="178110.6880996124" y="-455325.46211731987" max_dur="00:27:22" >
				<attributes>
					<attribute name="initialEndTime" class="java.lang.Double">46677.40871429443</attribute>
					<attribute name="initialStartTime" class="java.lang.Double">45034.927684307106</attribute>
					<attribute name="zoneId" class="java.lang.String">21836300</attribute>
				</attributes>
			</activity>
			<leg mode="walk" trav_time="00:20:25">
			</leg>
			<activity type="home_68400" x="176901.75314726902" y="-455653.848948859" >
				<attributes>
					<attribute name="initialStartTime" class="java.lang.Double">47903.3215713501</attribute>
					<attribute name="zoneId" class="java.lang.String">21812200</attribute>
				</attributes>
			</activity>
		</plan>

	</person>

<!-- ====================================================================== -->

	<person id="6795273">
		<attributes>
			<attribute name="ESR" class="java.lang.String">0</attribute>
			<attribute name="age" class="java.lang.String">10</attribute>
			<attribute name="eduatt" class="java.lang.String">1</attribute>
			<attribute name="gender" class="java.lang.String">male</attribute>
			<attribute name="hhinc" class="java.lang.String">74385</attribute>
			<attribute name="hhnumautos" class="java.lang.String">2</attribute>
			<attribute name="hhsize" class="java.lang.String">4</attribute>
			<attribute name="householdId" class="java.lang.String">2182081</attribute>
			<attribute name="htype" class="java.lang.String">SFD</attribute>
			<attribute name="race" class="java.lang.String">HP</attribute>
			<attribute name="schg" class="java.lang.String">7</attribute>
			<attribute name="subpopulation" class="java.lang.String">person</attribute>
			<attribute name="ten" class="java.lang.String">1</attribute>
			<attribute name="wkind20" class="java.lang.String">0</attribute>
			<attribute name="wkocc24" class="java.lang.String">0</attribute>
			<attribute name="worker" class="java.lang.String">unemployed</attribute>
		</attributes>
		<plan selected="yes">
			<activity type="home_58200" x="177821.91475186034" y="-455537.08145221346" end_time="04:30:00" >
				<attributes>
					<attribute name="initialEndTime" class="java.lang.Double">16200.0</attribute>
					<attribute name="zoneId" class="java.lang.String">21836300</attribute>
				</attributes>
			</activity>
			<leg mode="ride" trav_time="00:05:31">
			</leg>
			<activity type="schoolpureescort_1800" x="178349.52060433917" y="-455323.3913305085" max_dur="00:33:50" >
				<attributes>
					<attribute name="initialEndTime" class="java.lang.Double">18562.084864377975</attribute>
					<attribute name="initialStartTime" class="java.lang.Double">16531.196916103363</attribute>
					<attribute name="zoneId" class="java.lang.String">21836200</attribute>
				</attributes>
			</activity>
			<leg mode="ride" trav_time="00:24:44">
			</leg>
			<activity type="school_22800" x="177227.80872999196" y="-454393.15292962117" end_time="11:57:23" >
				<attributes>
					<attribute name="initialEndTime" class="java.lang.Double">43043.84070396423</attribute>
					<attribute name="initialStartTime" class="java.lang.Double">20046.832464933395</attribute>
					<attribute name="zoneId" class="java.lang.String">21818300</attribute>
				</attributes>
			</activity>
			<leg mode="ride" trav_time="00:26:01">
			</leg>
			<activity type="home_58200" x="177821.91475186034" y="-455537.08145221346" >
				<attributes>
					<attribute name="initialStartTime" class="java.lang.Double">44605.4336643219</attribute>
					<attribute name="zoneId" class="java.lang.String">21836300</attribute>
				</attributes>
			</activity>
		</plan>

	</person>

<!-- ====================================================================== -->

	<person id="6803328">
		<attributes>
			<attribute name="ESR" class="java.lang.String">0</attribute>
			<attribute name="age" class="java.lang.String">13</attribute>
			<attribute name="eduatt" class="java.lang.String">1</attribute>
			<attribute name="gender" class="java.lang.String">male</attribute>
			<attribute name="hhinc" class="java.lang.String">22784</attribute>
			<attribute name="hhnumautos" class="java.lang.String">1</attribute>
			<attribute name="hhsize" class="java.lang.String">4</attribute>
			<attribute name="householdId" class="java.lang.String">2184341</attribute>
			<attribute name="htype" class="java.lang.String">Multiple</attribute>
			<attribute name="race" class="java.lang.String">HP</attribute>
			<attribute name="schg" class="java.lang.String">10</attribute>
			<attribute name="subpopulation" class="java.lang.String">person</attribute>
			<attribute name="ten" class="java.lang.String">3</attribute>
			<attribute name="wkind20" class="java.lang.String">0</attribute>
			<attribute name="wkocc24" class="java.lang.String">0</attribute>
			<attribute name="worker" class="java.lang.String">unemployed</attribute>
		</attributes>
		<plan selected="yes">
			<activity type="home_45600" x="128641.68618439471" y="-420993.19093342" end_time="04:00:00" >
				<attributes>
					<attribute name="initialEndTime" class="java.lang.Double">14400.0</attribute>
					<attribute name="zoneId" class="java.lang.String">20427100</attribute>
				</attributes>
			</activity>
			<leg mode="ride" trav_time="00:15:36">
			</leg>
			<activity type="school_31200" x="128098.70525295514" y="-421628.9233046466" end_time="12:58:26" >
				<attributes>
					<attribute name="initialEndTime" class="java.lang.Double">46706.32045984268</attribute>
					<attribute name="initialStartTime" class="java.lang.Double">15336.795401573181</attribute>
					<attribute name="zoneId" class="java.lang.String">20419200</attribute>
				</attributes>
			</activity>
			<leg mode="walk" trav_time="00:15:36">
			</leg>
			<activity type="home_1200" x="128641.68618439471" y="-420993.19093342" max_dur="00:15:56" >
				<attributes>
					<attribute name="initialEndTime" class="java.lang.Double">48600.0</attribute>
					<attribute name="initialStartTime" class="java.lang.Double">47643.11586141586</attribute>
					<attribute name="zoneId" class="java.lang.String">20427100</attribute>
				</attributes>
			</activity>
			<leg mode="ride" trav_time="00:04:56">
			</leg>
			<activity type="eatoutdinner_6000" x="126545.28012332533" y="-422754.19627451204" max_dur="01:35:19" >
				<attributes>
					<attribute name="initialEndTime" class="java.lang.Double">54615.956983566284</attribute>
					<attribute name="initialStartTime" class="java.lang.Double">48896.92030906677</attribute>
					<attribute name="zoneId" class="java.lang.String">20406100</attribute>
				</attributes>
			</activity>
			<leg mode="ride" trav_time="00:04:56">
			</leg>
			<activity type="home_45600" x="128641.68618439471" y="-420993.19093342" >
				<attributes>
					<attribute name="initialStartTime" class="java.lang.Double">54912.37549781799</attribute>
					<attribute name="zoneId" class="java.lang.String">20427100</attribute>
				</attributes>
			</activity>
		</plan>

	</person>

<!-- ====================================================================== -->

	<person id="6972948">
		<attributes>
			<attribute name="ESR" class="java.lang.String">0</attribute>
			<attribute name="age" class="java.lang.String">5</attribute>
			<attribute name="eduatt" class="java.lang.String">1</attribute>
			<attribute name="gender" class="java.lang.String">male</attribute>
			<attribute name="hhinc" class="java.lang.String">20757</attribute>
			<attribute name="hhnumautos" class="java.lang.String">2</attribute>
			<attribute name="hhsize" class="java.lang.String">3</attribute>
			<attribute name="householdId" class="java.lang.String">2237351</attribute>
			<attribute name="htype" class="java.lang.String">SFD</attribute>
			<attribute name="race" class="java.lang.String">NHB</attribute>
			<attribute name="schg" class="java.lang.String">2</attribute>
			<attribute name="subpopulation" class="java.lang.String">person</attribute>
			<attribute name="ten" class="java.lang.String">1</attribute>
			<attribute name="wkind20" class="java.lang.String">0</attribute>
			<attribute name="wkocc24" class="java.lang.String">0</attribute>
			<attribute name="worker" class="java.lang.String">unemployed</attribute>
		</attributes>
		<plan selected="yes">
			<activity type="home_54000" x="165770.96912022098" y="-457972.9497808403" end_time="05:00:00" >
				<attributes>
					<attribute name="initialEndTime" class="java.lang.Double">18000.0</attribute>
					<attribute name="zoneId" class="java.lang.String">21383200</attribute>
				</attributes>
			</activity>
			<leg mode="ride" trav_time="00:40:59">
			</leg>
			<activity type="school_11400" x="166388.94563984423" y="-460711.8097572901" end_time="08:54:40" >
				<attributes>
					<attribute name="initialEndTime" class="java.lang.Double">32080.21892615727</attribute>
					<attribute name="initialStartTime" class="java.lang.Double">20459.778213500977</attribute>
					<attribute name="zoneId" class="java.lang.String">21381300</attribute>
				</attributes>
			</activity>
			<leg mode="ride" trav_time="00:39:04">
			</leg>
			<activity type="HHmaintenance_1800" x="168436.32189301477" y="-459207.42362530815" max_dur="00:31:51" >
				<attributes>
					<attribute name="initialEndTime" class="java.lang.Double">36336.508745465966</attribute>
					<attribute name="initialStartTime" class="java.lang.Double">34425.00619002751</attribute>
					<attribute name="zoneId" class="java.lang.String">21412300</attribute>
				</attributes>
			</activity>
			<leg mode="ride" trav_time="00:24:24">
			</leg>
			<activity type="HHmaintenance_3000" x="168534.7417650975" y="-460400.6235863327" max_dur="00:46:58" >
				<attributes>
					<attribute name="initialEndTime" class="java.lang.Double">40619.44631849017</attribute>
					<attribute name="initialStartTime" class="java.lang.Double">37801.416153226586</attribute>
					<attribute name="zoneId" class="java.lang.String">21408100</attribute>
				</attributes>
			</activity>
			<leg mode="ride" trav_time="00:28:51">
			</leg>
			<activity type="HHmaintenance_3000" x="166061.66495331912" y="-461583.7538196615" max_dur="00:45:23" >
				<attributes>
					<attribute name="initialEndTime" class="java.lang.Double">45074.423867634374</attribute>
					<attribute name="initialStartTime" class="java.lang.Double">42350.83126340594</attribute>
					<attribute name="zoneId" class="java.lang.String">21381300</attribute>
				</attributes>
			</activity>
			<leg mode="ride" trav_time="00:09:38">
			</leg>
			<activity type="non-schoolescort_4200" x="168826.96042638257" y="-455597.54258516274" max_dur="01:12:57" >
				<attributes>
					<attribute name="initialEndTime" class="java.lang.Double">50030.20076751709</attribute>
					<attribute name="initialStartTime" class="java.lang.Double">45652.86771910532</attribute>
					<attribute name="zoneId" class="java.lang.String">21756200</attribute>
				</attributes>
			</activity>
			<leg mode="ride" trav_time="00:06:46">
			</leg>
			<activity type="home_54000" x="165770.96912022098" y="-457972.9497808403" >
				<attributes>
					<attribute name="initialStartTime" class="java.lang.Double">50437.18236923218</attribute>
					<attribute name="zoneId" class="java.lang.String">21383200</attribute>
				</attributes>
			</activity>
		</plan>

	</person>

<!-- ====================================================================== -->

	<person id="7232329">
		<attributes>
			<attribute name="ESR" class="java.lang.String">1</attribute>
			<attribute name="age" class="java.lang.String">28</attribute>
			<attribute name="eduatt" class="java.lang.String">3</attribute>
			<attribute name="gender" class="java.lang.String">female</attribute>
			<attribute name="hhinc" class="java.lang.String">76704</attribute>
			<attribute name="hhnumautos" class="java.lang.String">0</attribute>
			<attribute name="hhsize" class="java.lang.String">2</attribute>
			<attribute name="householdId" class="java.lang.String">2321954</attribute>
			<attribute name="htype" class="java.lang.String">Multiple</attribute>
			<attribute name="race" class="java.lang.String">NHW</attribute>
			<attribute name="schg" class="java.lang.String">0</attribute>
			<attribute name="subpopulation" class="java.lang.String">person</attribute>
			<attribute name="ten" class="java.lang.String">3</attribute>
			<attribute name="wkind20" class="java.lang.String">44</attribute>
			<attribute name="wkocc24" class="java.lang.String">1</attribute>
			<attribute name="worker" class="java.lang.String">employed</attribute>
		</attributes>
		<plan selected="yes">
			<activity type="home_86400" x="150142.83918828407" y="-429129.17704699974" >
				<attributes>
					<attribute name="zoneId" class="java.lang.String">20611200</attribute>
				</attributes>
			</activity>
		</plan>

	</person>

<!-- ====================================================================== -->

	<person id="7270493">
		<attributes>
			<attribute name="ESR" class="java.lang.String">1</attribute>
			<attribute name="age" class="java.lang.String">25</attribute>
			<attribute name="eduatt" class="java.lang.String">1</attribute>
			<attribute name="gender" class="java.lang.String">female</attribute>
			<attribute name="hhinc" class="java.lang.String">70319</attribute>
			<attribute name="hhnumautos" class="java.lang.String">2</attribute>
			<attribute name="hhsize" class="java.lang.String">3</attribute>
			<attribute name="householdId" class="java.lang.String">2334861</attribute>
			<attribute name="htype" class="java.lang.String">Multiple</attribute>
			<attribute name="race" class="java.lang.String">HP</attribute>
			<attribute name="schg" class="java.lang.String">0</attribute>
			<attribute name="subpopulation" class="java.lang.String">person</attribute>
			<attribute name="ten" class="java.lang.String">3</attribute>
			<attribute name="wkind20" class="java.lang.String">72</attribute>
			<attribute name="wkocc24" class="java.lang.String">14</attribute>
			<attribute name="worker" class="java.lang.String">employed</attribute>
		</attributes>
		<plan selected="yes">
			<activity type="home_52800" x="403812.9337072032" y="-570410.9553428681" end_time="04:45:00" >
				<attributes>
					<attribute name="initialEndTime" class="java.lang.Double">17100.0</attribute>
					<attribute name="zoneId" class="java.lang.String">14010300</attribute>
				</attributes>
			</activity>
			<leg mode="car_teleported" trav_time="00:04:01">
			</leg>
			<activity type="visiting_16800" x="405486.62496450066" y="-565552.8869140676" end_time="09:25:25" >
				<attributes>
					<attribute name="initialEndTime" class="java.lang.Double">33925.971450805664</attribute>
					<attribute name="initialStartTime" class="java.lang.Double">17341.18022918701</attribute>
					<attribute name="zoneId" class="java.lang.String">14010400</attribute>
				</attributes>
			</activity>
			<leg mode="car_teleported" trav_time="00:10:43">
			</leg>
			<activity type="work_15600" x="415546.2065767852" y="-569911.0960088507" end_time="13:59:46" >
				<attributes>
					<attribute name="initialEndTime" class="java.lang.Double">50386.45826339722</attribute>
					<attribute name="initialStartTime" class="java.lang.Double">34569.503231048584</attribute>
					<attribute name="zoneId" class="java.lang.String">14033200</attribute>
				</attributes>
			</activity>
			<leg mode="car_teleported" trav_time="00:10:06">
			</leg>
			<activity type="home_52800" x="403812.9337072032" y="-570410.9553428681" >
				<attributes>
					<attribute name="initialStartTime" class="java.lang.Double">50993.02185058594</attribute>
					<attribute name="zoneId" class="java.lang.String">14010300</attribute>
				</attributes>
			</activity>
		</plan>

	</person>

<!-- ====================================================================== -->

	<person id="7400287">
		<attributes>
			<attribute name="ESR" class="java.lang.String">0</attribute>
			<attribute name="age" class="java.lang.String">14</attribute>
			<attribute name="eduatt" class="java.lang.String">1</attribute>
			<attribute name="gender" class="java.lang.String">male</attribute>
			<attribute name="hhinc" class="java.lang.String">46504</attribute>
			<attribute name="hhnumautos" class="java.lang.String">2</attribute>
			<attribute name="hhsize" class="java.lang.String">8</attribute>
			<attribute name="householdId" class="java.lang.String">2376467</attribute>
			<attribute name="htype" class="java.lang.String">SFD</attribute>
			<attribute name="race" class="java.lang.String">HP</attribute>
			<attribute name="schg" class="java.lang.String">11</attribute>
			<attribute name="subpopulation" class="java.lang.String">person</attribute>
			<attribute name="ten" class="java.lang.String">1</attribute>
			<attribute name="wkind20" class="java.lang.String">0</attribute>
			<attribute name="wkocc24" class="java.lang.String">0</attribute>
			<attribute name="worker" class="java.lang.String">unemployed</attribute>
		</attributes>
		<plan selected="yes">
			<activity type="home_52200" x="151548.62068162908" y="-441597.0164881977" end_time="05:45:00" >
				<attributes>
					<attribute name="initialEndTime" class="java.lang.Double">20700.0</attribute>
					<attribute name="zoneId" class="java.lang.String">20923200</attribute>
				</attributes>
			</activity>
			<leg mode="ride_school_bus" trav_time="00:14:02">
			</leg>
			<activity type="school_8400" x="157204.84921680362" y="-438312.2195378586" end_time="08:18:01" >
				<attributes>
					<attribute name="initialEndTime" class="java.lang.Double">29881.89929008484</attribute>
					<attribute name="initialStartTime" class="java.lang.Double">21542.107830047607</attribute>
					<attribute name="zoneId" class="java.lang.String">21050100</attribute>
				</attributes>
			</activity>
			<leg mode="ride_school_bus" trav_time="00:12:49">
			</leg>
			<activity type="personalmaintenance_9600" x="155984.60358053254" y="-444262.148347003" end_time="11:07:18" >
				<attributes>
					<attribute name="initialEndTime" class="java.lang.Double">40038.73065948486</attribute>
					<attribute name="initialStartTime" class="java.lang.Double">30651.682863235474</attribute>
					<attribute name="zoneId" class="java.lang.String">21009200</attribute>
				</attributes>
			</activity>
			<leg mode="ride_school_bus" trav_time="00:08:33">
			</leg>
			<activity type="home_10800" x="151548.62068162908" y="-441597.0164881977" end_time="14:15:00" >
				<attributes>
					<attribute name="initialEndTime" class="java.lang.Double">51300.0</attribute>
					<attribute name="initialStartTime" class="java.lang.Double">40552.60814666748</attribute>
					<attribute name="zoneId" class="java.lang.String">20923200</attribute>
				</attributes>
			</activity>
			<leg mode="bike" trav_time="00:08:13">
			</leg>
			<activity type="discretionary_3000" x="152094.25025856623" y="-443282.4462871317" max_dur="00:48:03" >
				<attributes>
					<attribute name="initialEndTime" class="java.lang.Double">54677.371859550476</attribute>
					<attribute name="initialStartTime" class="java.lang.Double">51793.65087747574</attribute>
					<attribute name="zoneId" class="java.lang.String">20927200</attribute>
				</attributes>
			</activity>
			<leg mode="bike" trav_time="00:09:16">
			</leg>
			<activity type="home_52200" x="151548.62068162908" y="-441597.0164881977" >
				<attributes>
					<attribute name="initialStartTime" class="java.lang.Double">55233.942210674286</attribute>
					<attribute name="zoneId" class="java.lang.String">20923200</attribute>
				</attributes>
			</activity>
		</plan>

	</person>

<!-- ====================================================================== -->

	<person id="7407215">
		<attributes>
			<attribute name="ESR" class="java.lang.String">6</attribute>
			<attribute name="age" class="java.lang.String">53</attribute>
			<attribute name="eduatt" class="java.lang.String">4</attribute>
			<attribute name="gender" class="java.lang.String">female</attribute>
			<attribute name="hhinc" class="java.lang.String">161009</attribute>
			<attribute name="hhnumautos" class="java.lang.String">2</attribute>
			<attribute name="hhsize" class="java.lang.String">3</attribute>
			<attribute name="householdId" class="java.lang.String">2378749</attribute>
			<attribute name="htype" class="java.lang.String">SFD</attribute>
			<attribute name="race" class="java.lang.String">NHW</attribute>
			<attribute name="schg" class="java.lang.String">0</attribute>
			<attribute name="subpopulation" class="java.lang.String">person</attribute>
			<attribute name="ten" class="java.lang.String">1</attribute>
			<attribute name="wkind20" class="java.lang.String">0</attribute>
			<attribute name="wkocc24" class="java.lang.String">0</attribute>
			<attribute name="worker" class="java.lang.String">unemployed</attribute>
		</attributes>
		<plan selected="yes">
			<activity type="home_40200" x="187961.90198303017" y="-447794.0554338634" end_time="04:30:00" >
				<attributes>
					<attribute name="initialEndTime" class="java.lang.Double">16200.0</attribute>
					<attribute name="zoneId" class="java.lang.String">21903100</attribute>
				</attributes>
			</activity>
			<leg mode="car_teleported" trav_time="00:09:33">
			</leg>
			<activity type="discretionary_7800" x="190486.08377290482" y="-451596.72525268345" end_time="06:54:08" >
				<attributes>
					<attribute name="initialEndTime" class="java.lang.Double">24848.842906951904</attribute>
					<attribute name="initialStartTime" class="java.lang.Double">16773.946838378906</attribute>
					<attribute name="zoneId" class="java.lang.String">32510100</attribute>
				</attributes>
			</activity>
			<leg mode="car_teleported" trav_time="00:07:19">
			</leg>
			<activity type="home_7200" x="187961.90198303017" y="-447794.0554338634" max_dur="01:58:31" >
				<attributes>
					<attribute name="initialEndTime" class="java.lang.Double">32400.0</attribute>
					<attribute name="initialStartTime" class="java.lang.Double">25288.23380470276</attribute>
					<attribute name="zoneId" class="java.lang.String">21903100</attribute>
				</attributes>
			</activity>
			<leg mode="ride" trav_time="00:06:53">
			</leg>
			<activity type="eatout_12000" x="189016.45373903046" y="-444572.99774381076" end_time="12:23:29" >
				<attributes>
					<attribute name="initialEndTime" class="java.lang.Double">44609.67779159546</attribute>
					<attribute name="initialStartTime" class="java.lang.Double">32813.079471588135</attribute>
					<attribute name="zoneId" class="java.lang.String">22293200</attribute>
				</attributes>
			</activity>
			<leg mode="ride" trav_time="00:07:13">
			</leg>
			<activity type="home_5400" x="187961.90198303017" y="-447794.0554338634" max_dur="01:29:16" >
				<attributes>
					<attribute name="initialEndTime" class="java.lang.Double">50400.0</attribute>
					<attribute name="initialStartTime" class="java.lang.Double">45043.45687866211</attribute>
					<attribute name="zoneId" class="java.lang.String">21903100</attribute>
				</attributes>
			</activity>
			<leg mode="car_teleported" trav_time="00:19:08">
			</leg>
			<activity type="schoolpureescort_600" x="192335.54038799027" y="-456911.2159995358" max_dur="00:05:00" >
				<attributes>
					<attribute name="initialEndTime" class="java.lang.Double">50831.79213523865</attribute>
					<attribute name="initialStartTime" class="java.lang.Double">51548.62895965576</attribute>
					<attribute name="zoneId" class="java.lang.String">32524100</attribute>
				</attributes>
			</activity>
			<leg mode="car_teleported" trav_time="00:05:03">
			</leg>
			<activity type="eatoutbreakfast_600" x="192150.63073010647" y="-460513.4843103185" max_dur="00:05:00" >
				<attributes>
					<attribute name="initialEndTime" class="java.lang.Double">51062.164278030396</attribute>
					<attribute name="initialStartTime" class="java.lang.Double">51134.928159713745</attribute>
					<attribute name="zoneId" class="java.lang.String">32609100</attribute>
				</attributes>
			</activity>
			<leg mode="car_teleported" trav_time="00:05:32">
			</leg>
			<activity type="non-schoolescort_1200" x="193261.85413814354" y="-463809.5333696232" max_dur="00:21:43" >
				<attributes>
					<attribute name="initialEndTime" class="java.lang.Double">52697.74040222168</attribute>
					<attribute name="initialStartTime" class="java.lang.Double">51394.37725067139</attribute>
					<attribute name="zoneId" class="java.lang.String">32615100</attribute>
				</attributes>
			</activity>
			<leg mode="car_teleported" trav_time="00:24:19">
			</leg>
			<activity type="home_1800" x="187961.90198303017" y="-447794.0554338634" max_dur="00:27:22" >
				<attributes>
					<attribute name="initialEndTime" class="java.lang.Double">55800.0</attribute>
					<attribute name="initialStartTime" class="java.lang.Double">54157.55401611328</attribute>
					<attribute name="zoneId" class="java.lang.String">21903100</attribute>
				</attributes>
			</activity>
			<leg mode="car_teleported" trav_time="00:44:30">
			</leg>
			<activity type="visiting_1200" x="156814.89456805369" y="-447451.9421240184" max_dur="00:17:44" >
				<attributes>
					<attribute name="initialEndTime" class="java.lang.Double">59535.45936584473</attribute>
					<attribute name="initialStartTime" class="java.lang.Double">58470.97846984863</attribute>
					<attribute name="zoneId" class="java.lang.String">21040500</attribute>
				</attributes>
			</activity>
			<leg mode="car_teleported" trav_time="00:47:52">
			</leg>
			<activity type="home_40200" x="187961.90198303017" y="-447794.0554338634" >
				<attributes>
					<attribute name="initialStartTime" class="java.lang.Double">62408.079986572266</attribute>
					<attribute name="zoneId" class="java.lang.String">21903100</attribute>
				</attributes>
			</activity>
		</plan>

	</person>

<!-- ====================================================================== -->

	<person id="7426552">
		<attributes>
			<attribute name="ESR" class="java.lang.String">1</attribute>
			<attribute name="age" class="java.lang.String">32</attribute>
			<attribute name="eduatt" class="java.lang.String">3</attribute>
			<attribute name="gender" class="java.lang.String">female</attribute>
			<attribute name="hhinc" class="java.lang.String">22361</attribute>
			<attribute name="hhnumautos" class="java.lang.String">2</attribute>
			<attribute name="hhsize" class="java.lang.String">4</attribute>
			<attribute name="householdId" class="java.lang.String">2385662</attribute>
			<attribute name="htype" class="java.lang.String">SFD</attribute>
			<attribute name="race" class="java.lang.String">HP</attribute>
			<attribute name="schg" class="java.lang.String">15</attribute>
			<attribute name="subpopulation" class="java.lang.String">person</attribute>
			<attribute name="ten" class="java.lang.String">1</attribute>
			<attribute name="wkind20" class="java.lang.String">72</attribute>
			<attribute name="wkocc24" class="java.lang.String">14</attribute>
			<attribute name="worker" class="java.lang.String">employed</attribute>
		</attributes>
		<plan selected="yes">
			<activity type="home_58800" x="164939.667323544" y="-436068.50992566725" end_time="05:45:00" >
				<attributes>
					<attribute name="initialEndTime" class="java.lang.Double">20700.0</attribute>
					<attribute name="zoneId" class="java.lang.String">22036200</attribute>
				</attributes>
			</activity>
			<leg mode="ride" trav_time="00:10:44">
			</leg>
			<activity type="maintenance_4200" x="165720.30329420388" y="-440797.96048564004" max_dur="01:05:33" >
				<attributes>
					<attribute name="initialEndTime" class="java.lang.Double">25277.775650024414</attribute>
					<attribute name="initialStartTime" class="java.lang.Double">21344.621200561523</attribute>
					<attribute name="zoneId" class="java.lang.String">21635100</attribute>
				</attributes>
			</activity>
			<leg mode="ride" trav_time="00:15:39">
			</leg>
			<activity type="maintenance_3600" x="158046.50909088147" y="-442640.10143234115" max_dur="01:03:00" >
				<attributes>
					<attribute name="initialEndTime" class="java.lang.Double">29997.68051147461</attribute>
					<attribute name="initialStartTime" class="java.lang.Double">26216.94522857666</attribute>
					<attribute name="zoneId" class="java.lang.String">21084100</attribute>
				</attributes>
			</activity>
			<leg mode="ride" trav_time="00:18:56">
			</leg>
			<activity type="maintenance_3600" x="163526.97279802768" y="-433919.8428417631" max_dur="01:00:58" >
				<attributes>
					<attribute name="initialEndTime" class="java.lang.Double">34792.748107910156</attribute>
					<attribute name="initialStartTime" class="java.lang.Double">31134.515419006348</attribute>
					<attribute name="zoneId" class="java.lang.String">22026200</attribute>
				</attributes>
			</activity>
			<leg mode="ride" trav_time="00:05:00">
			</leg>
			<activity type="home_4800" x="164939.667323544" y="-436068.50992566725" max_dur="01:15:06" >
				<attributes>
					<attribute name="initialEndTime" class="java.lang.Double">39600.0</attribute>
					<attribute name="initialStartTime" class="java.lang.Double">35093.07755470276</attribute>
					<attribute name="zoneId" class="java.lang.String">22036200</attribute>
				</attributes>
			</activity>
			<leg mode="car_teleported" trav_time="00:09:52">
			</leg>
			<activity type="discretionary_3600" x="161179.71475384998" y="-431110.4373186409" max_dur="00:56:19" >
				<attributes>
					<attribute name="initialEndTime" class="java.lang.Double">43571.913442611694</attribute>
					<attribute name="initialStartTime" class="java.lang.Double">40192.77603149414</attribute>
					<attribute name="zoneId" class="java.lang.String">22006100</attribute>
				</attributes>
			</activity>
			<leg mode="car_teleported" trav_time="00:21:01">
			</leg>
			<activity type="visiting_3000" x="157272.96280367524" y="-437406.53700215695" max_dur="00:51:04" >
				<attributes>
					<attribute name="initialEndTime" class="java.lang.Double">47897.14593887329</attribute>
					<attribute name="initialStartTime" class="java.lang.Double">44833.14345359802</attribute>
					<attribute name="zoneId" class="java.lang.String">21063200</attribute>
				</attributes>
			</activity>
			<leg mode="car_teleported" trav_time="00:16:05">
			</leg>
			<activity type="home_58800" x="164939.667323544" y="-436068.50992566725" >
				<attributes>
					<attribute name="initialStartTime" class="java.lang.Double">48862.94637680054</attribute>
					<attribute name="zoneId" class="java.lang.String">22036200</attribute>
				</attributes>
			</activity>
		</plan>

	</person>

<!-- ====================================================================== -->

	<person id="749638">
		<attributes>
			<attribute name="ESR" class="java.lang.String">1</attribute>
			<attribute name="age" class="java.lang.String">43</attribute>
			<attribute name="eduatt" class="java.lang.String">1</attribute>
			<attribute name="gender" class="java.lang.String">male</attribute>
			<attribute name="hhinc" class="java.lang.String">56994</attribute>
			<attribute name="hhnumautos" class="java.lang.String">3</attribute>
			<attribute name="hhsize" class="java.lang.String">5</attribute>
			<attribute name="householdId" class="java.lang.String">239718</attribute>
			<attribute name="htype" class="java.lang.String">SFA</attribute>
			<attribute name="race" class="java.lang.String">HP</attribute>
			<attribute name="schg" class="java.lang.String">0</attribute>
			<attribute name="subpopulation" class="java.lang.String">person</attribute>
			<attribute name="ten" class="java.lang.String">3</attribute>
			<attribute name="wkind20" class="java.lang.String">23</attribute>
			<attribute name="wkocc24" class="java.lang.String">20</attribute>
			<attribute name="worker" class="java.lang.String">employed</attribute>
		</attributes>
		<plan selected="yes">
			<activity type="home_46800" x="209251.74577845863" y="-436586.72614827385" end_time="03:30:00" >
				<attributes>
					<attribute name="initialEndTime" class="java.lang.Double">12600.0</attribute>
					<attribute name="zoneId" class="java.lang.String">22444300</attribute>
				</attributes>
			</activity>
			<leg mode="car_teleported" trav_time="00:03:23">
			</leg>
			<activity type="shop_3000" x="210730.43915828233" y="-436548.9587546614" max_dur="00:53:32" >
				<attributes>
					<attribute name="initialEndTime" class="java.lang.Double">16015.71002483368</attribute>
					<attribute name="initialStartTime" class="java.lang.Double">12803.465580940247</attribute>
					<attribute name="zoneId" class="java.lang.String">53610100</attribute>
				</attributes>
			</activity>
			<leg mode="car_teleported" trav_time="00:03:33">
			</leg>
			<activity type="home_1800" x="209251.74577845863" y="-436586.72614827385" max_dur="00:29:30" >
				<attributes>
					<attribute name="initialEndTime" class="java.lang.Double">18000.0</attribute>
					<attribute name="initialStartTime" class="java.lang.Double">16229.485573768616</attribute>
					<attribute name="zoneId" class="java.lang.String">22444300</attribute>
				</attributes>
			</activity>
			<leg mode="car_teleported" trav_time="00:10:43">
			</leg>
			<activity type="work_33000" x="204205.1138398864" y="-437692.4028257867" end_time="14:21:23" >
				<attributes>
					<attribute name="initialEndTime" class="java.lang.Double">51683.77710342407</attribute>
					<attribute name="initialStartTime" class="java.lang.Double">18643.284873962402</attribute>
					<attribute name="zoneId" class="java.lang.String">22418200</attribute>
				</attributes>
			</activity>
			<leg mode="car_teleported" trav_time="00:09:02">
			</leg>
			<activity type="home_46800" x="209251.74577845863" y="-436586.72614827385" >
				<attributes>
					<attribute name="initialStartTime" class="java.lang.Double">52225.966930389404</attribute>
					<attribute name="zoneId" class="java.lang.String">22444300</attribute>
				</attributes>
			</activity>
		</plan>

	</person>

<!-- ====================================================================== -->

	<person id="7570559">
		<attributes>
			<attribute name="ESR" class="java.lang.String">6</attribute>
			<attribute name="age" class="java.lang.String">68</attribute>
			<attribute name="eduatt" class="java.lang.String">3</attribute>
			<attribute name="gender" class="java.lang.String">male</attribute>
			<attribute name="hhinc" class="java.lang.String">85789</attribute>
			<attribute name="hhnumautos" class="java.lang.String">2</attribute>
			<attribute name="hhsize" class="java.lang.String">2</attribute>
			<attribute name="householdId" class="java.lang.String">2434033</attribute>
			<attribute name="htype" class="java.lang.String">Others</attribute>
			<attribute name="race" class="java.lang.String">NHB</attribute>
			<attribute name="schg" class="java.lang.String">0</attribute>
			<attribute name="subpopulation" class="java.lang.String">person</attribute>
			<attribute name="ten" class="java.lang.String">1</attribute>
			<attribute name="wkind20" class="java.lang.String">0</attribute>
			<attribute name="wkocc24" class="java.lang.String">0</attribute>
			<attribute name="worker" class="java.lang.String">unemployed</attribute>
		</attributes>
		<plan selected="yes">
			<activity type="home_73800" x="159598.54079779744" y="-461816.4374028747" end_time="09:30:00" >
				<attributes>
					<attribute name="initialEndTime" class="java.lang.Double">34200.0</attribute>
					<attribute name="zoneId" class="java.lang.String">21335100</attribute>
				</attributes>
			</activity>
			<leg mode="car_teleported" trav_time="00:13:38">
			</leg>
			<activity type="shop_3000" x="152428.04453884167" y="-456588.30684466945" max_dur="00:45:59" >
				<attributes>
					<attribute name="initialEndTime" class="java.lang.Double">37778.28186035156</attribute>
					<attribute name="initialStartTime" class="java.lang.Double">35018.81595611572</attribute>
					<attribute name="zoneId" class="java.lang.String">21186300</attribute>
				</attributes>
			</activity>
			<leg mode="car_teleported" trav_time="00:13:01">
			</leg>
			<activity type="home_1800" x="159598.54079779744" y="-461816.4374028747" max_dur="00:32:19" >
				<attributes>
					<attribute name="initialEndTime" class="java.lang.Double">40500.0</attribute>
					<attribute name="initialStartTime" class="java.lang.Double">38560.10009765625</attribute>
					<attribute name="zoneId" class="java.lang.String">21335100</attribute>
				</attributes>
			</activity>
			<leg mode="car_teleported" trav_time="00:14:54">
			</leg>
			<activity type="HHmaintenance_1800" x="152866.98610315108" y="-465765.6414107436" max_dur="00:31:00" >
				<attributes>
					<attribute name="initialEndTime" class="java.lang.Double">43255.33487319946</attribute>
					<attribute name="initialStartTime" class="java.lang.Double">41394.78309631348</attribute>
					<attribute name="zoneId" class="java.lang.String">21281200</attribute>
				</attributes>
			</activity>
			<leg mode="car_teleported" trav_time="00:19:53">
			</leg>
			<activity type="HHmaintenance_1800" x="164707.5735115318" y="-465421.3155570455" max_dur="00:30:09" >
				<attributes>
					<attribute name="initialEndTime" class="java.lang.Double">46258.5036277771</attribute>
					<attribute name="initialStartTime" class="java.lang.Double">44449.10722732544</attribute>
					<attribute name="zoneId" class="java.lang.String">21368100</attribute>
				</attributes>
			</activity>
			<leg mode="car_teleported" trav_time="00:10:53">
			</leg>
			<activity type="home_73800" x="159598.54079779744" y="-461816.4374028747" >
				<attributes>
					<attribute name="initialStartTime" class="java.lang.Double">46912.07084655762</attribute>
					<attribute name="zoneId" class="java.lang.String">21335100</attribute>
				</attributes>
			</activity>
		</plan>

	</person>

<!-- ====================================================================== -->

	<person id="7804495">
		<attributes>
			<attribute name="ESR" class="java.lang.String">6</attribute>
			<attribute name="age" class="java.lang.String">71</attribute>
			<attribute name="eduatt" class="java.lang.String">2</attribute>
			<attribute name="gender" class="java.lang.String">female</attribute>
			<attribute name="hhinc" class="java.lang.String">18355</attribute>
			<attribute name="hhnumautos" class="java.lang.String">2</attribute>
			<attribute name="hhsize" class="java.lang.String">2</attribute>
			<attribute name="householdId" class="java.lang.String">2512066</attribute>
			<attribute name="htype" class="java.lang.String">SFD</attribute>
			<attribute name="race" class="java.lang.String">HP</attribute>
			<attribute name="schg" class="java.lang.String">0</attribute>
			<attribute name="subpopulation" class="java.lang.String">person</attribute>
			<attribute name="ten" class="java.lang.String">1</attribute>
			<attribute name="wkind20" class="java.lang.String">0</attribute>
			<attribute name="wkocc24" class="java.lang.String">0</attribute>
			<attribute name="worker" class="java.lang.String">unemployed</attribute>
		</attributes>
		<plan selected="yes">
			<activity type="home_86400" x="165625.6488173336" y="-440351.25449329626" >
				<attributes>
					<attribute name="zoneId" class="java.lang.String">21635300</attribute>
				</attributes>
			</activity>
		</plan>

	</person>

<!-- ====================================================================== -->

	<person id="788347">
		<attributes>
			<attribute name="ESR" class="java.lang.String">0</attribute>
			<attribute name="age" class="java.lang.String">8</attribute>
			<attribute name="eduatt" class="java.lang.String">1</attribute>
			<attribute name="gender" class="java.lang.String">male</attribute>
			<attribute name="hhinc" class="java.lang.String">19321</attribute>
			<attribute name="hhnumautos" class="java.lang.String">1</attribute>
			<attribute name="hhsize" class="java.lang.String">4</attribute>
			<attribute name="householdId" class="java.lang.String">251922</attribute>
			<attribute name="htype" class="java.lang.String">Multiple</attribute>
			<attribute name="race" class="java.lang.String">HP</attribute>
			<attribute name="schg" class="java.lang.String">5</attribute>
			<attribute name="subpopulation" class="java.lang.String">person</attribute>
			<attribute name="ten" class="java.lang.String">3</attribute>
			<attribute name="wkind20" class="java.lang.String">0</attribute>
			<attribute name="wkocc24" class="java.lang.String">0</attribute>
			<attribute name="worker" class="java.lang.String">unemployed</attribute>
		</attributes>
		<plan selected="yes">
			<activity type="home_56400" x="148546.07764564626" y="-423014.36191246466" end_time="04:00:00" >
				<attributes>
					<attribute name="initialEndTime" class="java.lang.Double">14400.0</attribute>
					<attribute name="zoneId" class="java.lang.String">20591200</attribute>
				</attributes>
			</activity>
			<leg mode="ride" trav_time="00:09:51">
			</leg>
			<activity type="school_28800" x="143889.69577466906" y="-420806.6304820401" end_time="12:05:49" >
				<attributes>
					<attribute name="initialEndTime" class="java.lang.Double">43549.91729736328</attribute>
					<attribute name="initialStartTime" class="java.lang.Double">14991.988162994385</attribute>
					<attribute name="zoneId" class="java.lang.String">20554300</attribute>
				</attributes>
			</activity>
			<leg mode="ride" trav_time="00:10:11">
			</leg>
			<activity type="home_56400" x="148546.07764564626" y="-423014.36191246466" >
				<attributes>
					<attribute name="initialStartTime" class="java.lang.Double">44161.0827255249</attribute>
					<attribute name="zoneId" class="java.lang.String">20591200</attribute>
				</attributes>
			</activity>
		</plan>

	</person>

<!-- ====================================================================== -->

	<person id="7948503">
		<attributes>
			<attribute name="ESR" class="java.lang.String">0</attribute>
			<attribute name="age" class="java.lang.String">2</attribute>
			<attribute name="eduatt" class="java.lang.String">0</attribute>
			<attribute name="gender" class="java.lang.String">male</attribute>
			<attribute name="hhinc" class="java.lang.String">27588</attribute>
			<attribute name="hhnumautos" class="java.lang.String">2</attribute>
			<attribute name="hhsize" class="java.lang.String">8</attribute>
			<attribute name="householdId" class="java.lang.String">2563580</attribute>
			<attribute name="htype" class="java.lang.String">Others</attribute>
			<attribute name="race" class="java.lang.String">HP</attribute>
			<attribute name="schg" class="java.lang.String">0</attribute>
			<attribute name="subpopulation" class="java.lang.String">person</attribute>
			<attribute name="ten" class="java.lang.String">3</attribute>
			<attribute name="wkind20" class="java.lang.String">0</attribute>
			<attribute name="wkocc24" class="java.lang.String">0</attribute>
			<attribute name="worker" class="java.lang.String">unemployed</attribute>
		</attributes>
		<plan selected="yes">
			<activity type="home_44400" x="178362.59223556356" y="-381117.66694320185" end_time="04:45:00" >
				<attributes>
					<attribute name="initialEndTime" class="java.lang.Double">17100.0</attribute>
					<attribute name="zoneId" class="java.lang.String">20381200</attribute>
				</attributes>
			</activity>
			<leg mode="ride" trav_time="00:04:20">
			</leg>
			<activity type="schoolpureescort_600" x="181606.70697299295" y="-380813.4981647698" max_dur="00:14:52" >
				<attributes>
					<attribute name="initialEndTime" class="java.lang.Double">18252.793308734894</attribute>
					<attribute name="initialStartTime" class="java.lang.Double">17360.121116638184</attribute>
					<attribute name="zoneId" class="java.lang.String">20386200</attribute>
				</attributes>
			</activity>
			<leg mode="ride" trav_time="00:09:18">
			</leg>
			<activity type="schoolpureescort_600" x="174384.0383513909" y="-380794.1031906488" max_dur="00:01:29" >
				<attributes>
					<attribute name="initialEndTime" class="java.lang.Double">18900.83825397491</attribute>
					<attribute name="initialStartTime" class="java.lang.Double">18811.41107225418</attribute>
					<attribute name="zoneId" class="java.lang.String">20371200</attribute>
				</attributes>
			</activity>
			<leg mode="ride" trav_time="00:02:49">
			</leg>
			<activity type="school_12000" x="175095.9143833723" y="-380038.133076129" end_time="08:37:34" >
				<attributes>
					<attribute name="initialEndTime" class="java.lang.Double">31054.016315937046</attribute>
					<attribute name="initialStartTime" class="java.lang.Double">19070.450780868527</attribute>
					<attribute name="zoneId" class="java.lang.String">20376100</attribute>
				</attributes>
			</activity>
			<leg mode="ride" trav_time="00:02:10">
			</leg>
			<activity type="discretionary_10200" x="176749.59649553162" y="-381356.54163541546" end_time="11:28:31" >
				<attributes>
					<attribute name="initialEndTime" class="java.lang.Double">41311.04569196702</attribute>
					<attribute name="initialStartTime" class="java.lang.Double">31184.73332166672</attribute>
					<attribute name="zoneId" class="java.lang.String">20380100</attribute>
				</attributes>
			</activity>
			<leg mode="ride" trav_time="00:00:43">
			</leg>
			<activity type="visiting_11400" x="177216.63805101527" y="-381144.5463136611" end_time="14:39:49" >
				<attributes>
					<attribute name="initialEndTime" class="java.lang.Double">52789.94994163513</attribute>
					<attribute name="initialStartTime" class="java.lang.Double">41354.5691895485</attribute>
					<attribute name="zoneId" class="java.lang.String">20380100</attribute>
				</attributes>
			</activity>
			<leg mode="ride" trav_time="00:04:17">
			</leg>
			<activity type="home_3000" x="178362.59223556356" y="-381117.66694320185" max_dur="00:45:52" >
				<attributes>
					<attribute name="initialEndTime" class="java.lang.Double">55800.0</attribute>
					<attribute name="initialStartTime" class="java.lang.Double">53047.943658828735</attribute>
					<attribute name="zoneId" class="java.lang.String">20381200</attribute>
				</attributes>
			</activity>
			<leg mode="ride" trav_time="00:04:30">
			</leg>
			<activity type="eatoutdinner_3000" x="177459.86931806008" y="-379286.0082234094" max_dur="00:50:56" >
				<attributes>
					<attribute name="initialEndTime" class="java.lang.Double">59127.10973739624</attribute>
					<attribute name="initialStartTime" class="java.lang.Double">56070.37427902222</attribute>
					<attribute name="zoneId" class="java.lang.String">20377400</attribute>
				</attributes>
			</activity>
			<leg mode="ride" trav_time="00:04:14">
			</leg>
			<activity type="home_44400" x="178362.59223556356" y="-381117.66694320185" >
				<attributes>
					<attribute name="initialStartTime" class="java.lang.Double">59381.86065673828</attribute>
					<attribute name="zoneId" class="java.lang.String">20381200</attribute>
				</attributes>
			</activity>
		</plan>

	</person>

<!-- ====================================================================== -->

	<person id="8033380">
		<attributes>
			<attribute name="ESR" class="java.lang.String">1</attribute>
			<attribute name="age" class="java.lang.String">45</attribute>
			<attribute name="eduatt" class="java.lang.String">2</attribute>
			<attribute name="gender" class="java.lang.String">male</attribute>
			<attribute name="hhinc" class="java.lang.String">70521</attribute>
			<attribute name="hhnumautos" class="java.lang.String">3</attribute>
			<attribute name="hhsize" class="java.lang.String">3</attribute>
			<attribute name="householdId" class="java.lang.String">2592759</attribute>
			<attribute name="htype" class="java.lang.String">SFD</attribute>
			<attribute name="race" class="java.lang.String">HP</attribute>
			<attribute name="schg" class="java.lang.String">0</attribute>
			<attribute name="subpopulation" class="java.lang.String">person</attribute>
			<attribute name="ten" class="java.lang.String">1</attribute>
			<attribute name="wkind20" class="java.lang.String">56</attribute>
			<attribute name="wkocc24" class="java.lang.String">22</attribute>
			<attribute name="worker" class="java.lang.String">employed</attribute>
		</attributes>
		<plan selected="yes">
			<activity type="home_42000" x="189031.801138854" y="-465245.61644134985" end_time="01:30:00" >
				<attributes>
					<attribute name="initialEndTime" class="java.lang.Double">5400.0</attribute>
					<attribute name="zoneId" class="java.lang.String">32584200</attribute>
				</attributes>
			</activity>
			<leg mode="car_teleported" trav_time="00:09:46">
			</leg>
			<activity type="eatoutbreakfast_2400" x="195163.18780748613" y="-466813.94260537333" max_dur="00:40:59" >
				<attributes>
					<attribute name="initialEndTime" class="java.lang.Double">8446.162090301514</attribute>
					<attribute name="initialStartTime" class="java.lang.Double">5986.8625831604</attribute>
					<attribute name="zoneId" class="java.lang.String">32930100</attribute>
				</attributes>
			</activity>
			<leg mode="car_teleported" trav_time="00:10:02">
			</leg>
			<activity type="home_600" x="189031.801138854" y="-465245.61644134985" max_dur="00:05:00" >
				<attributes>
					<attribute name="initialEndTime" class="java.lang.Double">6300.0</attribute>
					<attribute name="initialStartTime" class="java.lang.Double">9048.209953308105</attribute>
					<attribute name="zoneId" class="java.lang.String">32584200</attribute>
				</attributes>
			</activity>
			<leg mode="car_teleported" trav_time="00:09:21">
			</leg>
			<activity type="visiting_9600" x="188544.15191674742" y="-471956.5687889291" end_time="04:38:58" >
				<attributes>
					<attribute name="initialEndTime" class="java.lang.Double">16738.75060558319</attribute>
					<attribute name="initialStartTime" class="java.lang.Double">6861.782169342041</attribute>
					<attribute name="zoneId" class="java.lang.String">32696300</attribute>
				</attributes>
			</activity>
			<leg mode="car_teleported" trav_time="00:13:00">
			</leg>
			<activity type="non-schoolescort_10200" x="197514.7994196332" y="-470744.94687304157" end_time="07:45:56" >
				<attributes>
					<attribute name="initialEndTime" class="java.lang.Double">27956.93221092224</attribute>
					<attribute name="initialStartTime" class="java.lang.Double">17519.729075431824</attribute>
					<attribute name="zoneId" class="java.lang.String">32949100</attribute>
				</attributes>
			</activity>
			<leg mode="car_teleported" trav_time="00:17:22">
			</leg>
			<activity type="work_9000" x="188807.7862127086" y="-464120.2597993027" end_time="10:36:09" >
				<attributes>
					<attribute name="initialEndTime" class="java.lang.Double">38169.14364337921</attribute>
					<attribute name="initialStartTime" class="java.lang.Double">28999.324293136597</attribute>
					<attribute name="zoneId" class="java.lang.String">32579100</attribute>
				</attributes>
			</activity>
			<leg mode="car_teleported" trav_time="00:06:06">
			</leg>
			<activity type="discretionary_10800" x="192740.8494155482" y="-465582.9941864139" end_time="13:40:31" >
				<attributes>
					<attribute name="initialEndTime" class="java.lang.Double">49231.42307281494</attribute>
					<attribute name="initialStartTime" class="java.lang.Double">38535.86181163788</attribute>
					<attribute name="zoneId" class="java.lang.String">32613100</attribute>
				</attributes>
			</activity>
			<leg mode="car_teleported" trav_time="00:05:07">
			</leg>
			<activity type="home_42000" x="189031.801138854" y="-465245.61644134985" >
				<attributes>
					<attribute name="initialStartTime" class="java.lang.Double">49538.44745635986</attribute>
					<attribute name="zoneId" class="java.lang.String">32584200</attribute>
				</attributes>
			</activity>
		</plan>

	</person>

<!-- ====================================================================== -->

	<person id="8057326">
		<attributes>
			<attribute name="ESR" class="java.lang.String">0</attribute>
			<attribute name="age" class="java.lang.String">13</attribute>
			<attribute name="eduatt" class="java.lang.String">1</attribute>
			<attribute name="gender" class="java.lang.String">male</attribute>
			<attribute name="hhinc" class="java.lang.String">11720</attribute>
			<attribute name="hhnumautos" class="java.lang.String">2</attribute>
			<attribute name="hhsize" class="java.lang.String">2</attribute>
			<attribute name="householdId" class="java.lang.String">2602177</attribute>
			<attribute name="htype" class="java.lang.String">Multiple</attribute>
			<attribute name="race" class="java.lang.String">NHW</attribute>
			<attribute name="schg" class="java.lang.String">11</attribute>
			<attribute name="subpopulation" class="java.lang.String">person</attribute>
			<attribute name="ten" class="java.lang.String">3</attribute>
			<attribute name="wkind20" class="java.lang.String">0</attribute>
			<attribute name="wkocc24" class="java.lang.String">0</attribute>
			<attribute name="worker" class="java.lang.String">unemployed</attribute>
		</attributes>
		<plan selected="yes">
			<activity type="home_40200" x="128974.52273405081" y="-425589.5845922501" end_time="03:45:00" >
				<attributes>
					<attribute name="initialEndTime" class="java.lang.Double">13500.0</attribute>
					<attribute name="zoneId" class="java.lang.String">20423100</attribute>
				</attributes>
			</activity>
			<leg mode="walk" trav_time="00:06:13">
			</leg>
			<activity type="shop_600" x="129034.06169315336" y="-426072.1450530575" max_dur="00:05:00" >
				<attributes>
					<attribute name="initialEndTime" class="java.lang.Double">13462.6801943779</attribute>
					<attribute name="initialStartTime" class="java.lang.Double">13873.198056221008</attribute>
					<attribute name="zoneId" class="java.lang.String">20423100</attribute>
				</attributes>
			</activity>
			<leg mode="walk" trav_time="00:06:13">
			</leg>
			<activity type="home_1200" x="128974.52273405081" y="-425589.5845922501" max_dur="00:24:24" >
				<attributes>
					<attribute name="initialEndTime" class="java.lang.Double">15300.0</attribute>
					<attribute name="initialStartTime" class="java.lang.Double">13835.878250598907</attribute>
					<attribute name="zoneId" class="java.lang.String">20423100</attribute>
				</attributes>
			</activity>
			<leg mode="ride_school_bus" trav_time="00:03:19">
			</leg>
			<activity type="school_20400" x="131487.76182453652" y="-425575.36948219227" end_time="09:58:42" >
				<attributes>
					<attribute name="initialEndTime" class="java.lang.Double">35922.402584552765</attribute>
					<attribute name="initialStartTime" class="java.lang.Double">15499.738883972168</attribute>
					<attribute name="zoneId" class="java.lang.String">20444100</attribute>
				</attributes>
			</activity>
			<leg mode="ride_school_bus" trav_time="00:10:16">
			</leg>
			<activity type="shop_20400" x="129912.95375707088" y="-419285.9217790478" end_time="15:50:38" >
				<attributes>
					<attribute name="initialEndTime" class="java.lang.Double">57038.52830886841</attribute>
					<attribute name="initialStartTime" class="java.lang.Double">36538.95222902298</attribute>
					<attribute name="zoneId" class="java.lang.String">20439100</attribute>
				</attributes>
			</activity>
			<leg mode="ride_school_bus" trav_time="00:10:03">
			</leg>
			<activity type="home_600" x="128974.52273405081" y="-425589.5845922501" max_dur="00:05:00" >
				<attributes>
					<attribute name="initialEndTime" class="java.lang.Double">48600.0</attribute>
					<attribute name="initialStartTime" class="java.lang.Double">57641.9722366333</attribute>
					<attribute name="zoneId" class="java.lang.String">20423100</attribute>
				</attributes>
			</activity>
			<leg mode="walk" trav_time="00:06:13">
			</leg>
			<activity type="shop_3600" x="128695.08987494047" y="-425796.2300323054" max_dur="01:03:28" >
				<attributes>
					<attribute name="initialEndTime" class="java.lang.Double">52781.340111494064</attribute>
					<attribute name="initialStartTime" class="java.lang.Double">48973.19805622101</attribute>
					<attribute name="zoneId" class="java.lang.String">20423100</attribute>
				</attributes>
			</activity>
			<leg mode="walk" trav_time="00:45:11">
			</leg>
			<activity type="shop_1800" x="128929.66585436203" y="-422610.0912272684" max_dur="00:30:35" >
				<attributes>
					<attribute name="initialEndTime" class="java.lang.Double">57328.84735107422</attribute>
					<attribute name="initialStartTime" class="java.lang.Double">55492.86688685417</attribute>
					<attribute name="zoneId" class="java.lang.String">20430200</attribute>
				</attributes>
			</activity>
			<leg mode="walk" trav_time="00:45:11">
			</leg>
			<activity type="home_40200" x="128974.52273405081" y="-425589.5845922501" >
				<attributes>
					<attribute name="initialStartTime" class="java.lang.Double">60040.37384033203</attribute>
					<attribute name="zoneId" class="java.lang.String">20423100</attribute>
				</attributes>
			</activity>
		</plan>

	</person>

<!-- ====================================================================== -->

	<person id="8125189">
		<attributes>
			<attribute name="ESR" class="java.lang.String">6</attribute>
			<attribute name="age" class="java.lang.String">77</attribute>
			<attribute name="eduatt" class="java.lang.String">3</attribute>
			<attribute name="gender" class="java.lang.String">male</attribute>
			<attribute name="hhinc" class="java.lang.String">107110</attribute>
			<attribute name="hhnumautos" class="java.lang.String">1</attribute>
			<attribute name="hhsize" class="java.lang.String">1</attribute>
			<attribute name="householdId" class="java.lang.String">2625273</attribute>
			<attribute name="htype" class="java.lang.String">SFD</attribute>
			<attribute name="race" class="java.lang.String">NHW</attribute>
			<attribute name="schg" class="java.lang.String">0</attribute>
			<attribute name="subpopulation" class="java.lang.String">person</attribute>
			<attribute name="ten" class="java.lang.String">2</attribute>
			<attribute name="wkind20" class="java.lang.String">0</attribute>
			<attribute name="wkocc24" class="java.lang.String">0</attribute>
			<attribute name="worker" class="java.lang.String">unemployed</attribute>
		</attributes>
		<plan selected="yes">
			<activity type="home_83400" x="153041.3415371773" y="-431322.56087136257" end_time="09:30:00" >
				<attributes>
					<attribute name="initialEndTime" class="java.lang.Double">34200.0</attribute>
					<attribute name="zoneId" class="java.lang.String">20944100</attribute>
				</attributes>
			</activity>
			<leg mode="ride" trav_time="00:19:39">
			</leg>
			<activity type="shop_600" x="149527.25548202568" y="-440982.8509180239" max_dur="00:10:58" >
				<attributes>
					<attribute name="initialEndTime" class="java.lang.Double">36037.132415771484</attribute>
					<attribute name="initialStartTime" class="java.lang.Double">35379.107666015625</attribute>
					<attribute name="zoneId" class="java.lang.String">20890100</attribute>
				</attributes>
			</activity>
			<leg mode="ride" trav_time="00:19:55">
			</leg>
			<activity type="home_83400" x="153041.3415371773" y="-431322.56087136257" >
				<attributes>
					<attribute name="initialStartTime" class="java.lang.Double">37232.37991333008</attribute>
					<attribute name="zoneId" class="java.lang.String">20944100</attribute>
				</attributes>
			</activity>
		</plan>

	</person>

<!-- ====================================================================== -->

	<person id="8278747">
		<attributes>
			<attribute name="ESR" class="java.lang.String">1</attribute>
			<attribute name="age" class="java.lang.String">33</attribute>
			<attribute name="eduatt" class="java.lang.String">4</attribute>
			<attribute name="gender" class="java.lang.String">female</attribute>
			<attribute name="hhinc" class="java.lang.String">66166</attribute>
			<attribute name="hhnumautos" class="java.lang.String">3</attribute>
			<attribute name="hhsize" class="java.lang.String">3</attribute>
			<attribute name="householdId" class="java.lang.String">2675632</attribute>
			<attribute name="htype" class="java.lang.String">SFD</attribute>
			<attribute name="race" class="java.lang.String">NHAS</attribute>
			<attribute name="schg" class="java.lang.String">16</attribute>
			<attribute name="subpopulation" class="java.lang.String">person</attribute>
			<attribute name="ten" class="java.lang.String">1</attribute>
			<attribute name="wkind20" class="java.lang.String">54</attribute>
			<attribute name="wkocc24" class="java.lang.String">3</attribute>
			<attribute name="worker" class="java.lang.String">employed</attribute>
		</attributes>
		<plan selected="yes">
			<activity type="home_54000" x="166132.8852231691" y="-457295.11796729587" end_time="04:30:00" >
				<attributes>
					<attribute name="initialEndTime" class="java.lang.Double">16200.0</attribute>
					<attribute name="zoneId" class="java.lang.String">21654200</attribute>
				</attributes>
			</activity>
			<leg mode="car_teleported" trav_time="00:22:25">
			</leg>
			<activity type="work_9000" x="175021.12167155373" y="-470645.81719291396" end_time="07:25:44" >
				<attributes>
					<attribute name="initialEndTime" class="java.lang.Double">26744.52160835266</attribute>
					<attribute name="initialStartTime" class="java.lang.Double">17545.036811828613</attribute>
					<attribute name="zoneId" class="java.lang.String">21480100</attribute>
				</attributes>
			</activity>
			<leg mode="car_teleported" trav_time="00:22:23">
			</leg>
			<activity type="shop_8400" x="171011.51769094056" y="-454923.2496638288" end_time="10:10:50" >
				<attributes>
					<attribute name="initialEndTime" class="java.lang.Double">36650.63982009888</attribute>
					<attribute name="initialStartTime" class="java.lang.Double">28087.555475234985</attribute>
					<attribute name="zoneId" class="java.lang.String">21764100</attribute>
				</attributes>
			</activity>
			<leg mode="car_teleported" trav_time="00:11:59">
			</leg>
			<activity type="shop_10800" x="162723.85832064852" y="-458579.61883646017" end_time="13:24:59" >
				<attributes>
					<attribute name="initialEndTime" class="java.lang.Double">48299.33020591736</attribute>
					<attribute name="initialStartTime" class="java.lang.Double">37370.25026321411</attribute>
					<attribute name="zoneId" class="java.lang.String">21595400</attribute>
				</attributes>
			</activity>
			<leg mode="car_teleported" trav_time="00:05:07">
			</leg>
			<activity type="home_54000" x="166132.8852231691" y="-457295.11796729587" >
				<attributes>
					<attribute name="initialStartTime" class="java.lang.Double">48606.84865951538</attribute>
					<attribute name="zoneId" class="java.lang.String">21654200</attribute>
				</attributes>
			</activity>
		</plan>

	</person>

<!-- ====================================================================== -->

	<person id="8318423">
		<attributes>
			<attribute name="ESR" class="java.lang.String">1</attribute>
			<attribute name="age" class="java.lang.String">21</attribute>
			<attribute name="eduatt" class="java.lang.String">2</attribute>
			<attribute name="gender" class="java.lang.String">male</attribute>
			<attribute name="hhinc" class="java.lang.String">64532</attribute>
			<attribute name="hhnumautos" class="java.lang.String">4</attribute>
			<attribute name="hhsize" class="java.lang.String">7</attribute>
			<attribute name="householdId" class="java.lang.String">2687271</attribute>
			<attribute name="htype" class="java.lang.String">SFA</attribute>
			<attribute name="race" class="java.lang.String">HP</attribute>
			<attribute name="schg" class="java.lang.String">0</attribute>
			<attribute name="subpopulation" class="java.lang.String">person</attribute>
			<attribute name="ten" class="java.lang.String">1</attribute>
			<attribute name="wkind20" class="java.lang.String">48</attribute>
			<attribute name="wkocc24" class="java.lang.String">24</attribute>
			<attribute name="worker" class="java.lang.String">employed</attribute>
		</attributes>
		<plan selected="yes">
			<activity type="home_86400" x="165046.73532661176" y="-453757.3575040342" >
				<attributes>
					<attribute name="zoneId" class="java.lang.String">21617200</attribute>
				</attributes>
			</activity>
		</plan>

	</person>

<!-- ====================================================================== -->

	<person id="8347522">
		<attributes>
			<attribute name="ESR" class="java.lang.String">3</attribute>
			<attribute name="age" class="java.lang.String">52</attribute>
			<attribute name="eduatt" class="java.lang.String">2</attribute>
			<attribute name="gender" class="java.lang.String">female</attribute>
			<attribute name="hhinc" class="java.lang.String">23398</attribute>
			<attribute name="hhnumautos" class="java.lang.String">3</attribute>
			<attribute name="hhsize" class="java.lang.String">3</attribute>
			<attribute name="householdId" class="java.lang.String">2696870</attribute>
			<attribute name="htype" class="java.lang.String">SFD</attribute>
			<attribute name="race" class="java.lang.String">NHAS</attribute>
			<attribute name="schg" class="java.lang.String">0</attribute>
			<attribute name="subpopulation" class="java.lang.String">person</attribute>
			<attribute name="ten" class="java.lang.String">1</attribute>
			<attribute name="wkind20" class="java.lang.String">0</attribute>
			<attribute name="wkocc24" class="java.lang.String">0</attribute>
			<attribute name="worker" class="java.lang.String">unemployed</attribute>
		</attributes>
		<plan selected="yes">
			<activity type="home_46200" x="200261.16652720713" y="-455011.6383224364" end_time="04:30:00" >
				<attributes>
					<attribute name="initialEndTime" class="java.lang.Double">16200.0</attribute>
					<attribute name="zoneId" class="java.lang.String">32869100</attribute>
				</attributes>
			</activity>
			<leg mode="car_teleported" trav_time="00:02:45">
			</leg>
			<activity type="schoolpureescort_600" x="198340.09271483208" y="-455840.76195674104" max_dur="00:12:09" >
				<attributes>
					<attribute name="initialEndTime" class="java.lang.Double">17094.968104362488</attribute>
					<attribute name="initialStartTime" class="java.lang.Double">16365.116815567017</attribute>
					<attribute name="zoneId" class="java.lang.String">32861100</attribute>
				</attributes>
			</activity>
			<leg mode="car_teleported" trav_time="00:04:19">
			</leg>
			<activity type="shop_600" x="195495.8386835321" y="-457536.64093597006" max_dur="00:09:58" >
				<attributes>
					<attribute name="initialEndTime" class="java.lang.Double">17953.569660186768</attribute>
					<attribute name="initialStartTime" class="java.lang.Double">17354.81387615204</attribute>
					<attribute name="zoneId" class="java.lang.String">32541100</attribute>
				</attributes>
			</activity>
			<leg mode="car_teleported" trav_time="00:04:19">
			</leg>
			<activity type="shop_1200" x="196922.02104134063" y="-458625.09193276765" max_dur="00:18:57" >
				<attributes>
					<attribute name="initialEndTime" class="java.lang.Double">19350.983848571777</attribute>
					<attribute name="initialStartTime" class="java.lang.Double">18213.532705307007</attribute>
					<attribute name="zoneId" class="java.lang.String">32859100</attribute>
				</attributes>
			</activity>
			<leg mode="car_teleported" trav_time="00:07:44">
			</leg>
			<activity type="home_22200" x="200261.16652720713" y="-455011.6383224364" end_time="11:45:00" >
				<attributes>
					<attribute name="initialEndTime" class="java.lang.Double">42300.0</attribute>
					<attribute name="initialStartTime" class="java.lang.Double">19815.645790100098</attribute>
					<attribute name="zoneId" class="java.lang.String">32869100</attribute>
				</attributes>
			</activity>
			<leg mode="car_teleported" trav_time="00:02:43">
			</leg>
			<activity type="schoolpureescort_1200" x="198402.04610459853" y="-456424.83290772" max_dur="00:24:33" >
				<attributes>
					<attribute name="initialEndTime" class="java.lang.Double">43936.874771118164</attribute>
					<attribute name="initialStartTime" class="java.lang.Double">42463.85865211487</attribute>
					<attribute name="zoneId" class="java.lang.String">32861100</attribute>
				</attributes>
			</activity>
			<leg mode="car_teleported" trav_time="00:02:44">
			</leg>
			<activity type="home_5400" x="200261.16652720713" y="-455011.6383224364" max_dur="01:29:58" >
				<attributes>
					<attribute name="initialEndTime" class="java.lang.Double">49500.0</attribute>
					<attribute name="initialStartTime" class="java.lang.Double">44101.78364753723</attribute>
					<attribute name="zoneId" class="java.lang.String">32869100</attribute>
				</attributes>
			</activity>
			<leg mode="car_teleported" trav_time="00:15:04">
			</leg>
			<activity type="shop_1800" x="188552.32020048206" y="-453660.06720552925" max_dur="00:25:05" >
				<attributes>
					<attribute name="initialEndTime" class="java.lang.Double">51910.01452445984</attribute>
					<attribute name="initialStartTime" class="java.lang.Double">50404.57597732544</attribute>
					<attribute name="zoneId" class="java.lang.String">32497100</attribute>
				</attributes>
			</activity>
			<leg mode="car_teleported" trav_time="00:04:16">
			</leg>
			<activity type="shop_3600" x="186287.95278850553" y="-453230.6185399839" max_dur="00:57:17" >
				<attributes>
					<attribute name="initialEndTime" class="java.lang.Double">55604.17167663574</attribute>
					<attribute name="initialStartTime" class="java.lang.Double">52166.57521247864</attribute>
					<attribute name="zoneId" class="java.lang.String">21901200</attribute>
				</attributes>
			</activity>
			<leg mode="car_teleported" trav_time="00:18:01">
			</leg>
			<activity type="home_46200" x="200261.16652720713" y="-455011.6383224364" >
				<attributes>
					<attribute name="initialStartTime" class="java.lang.Double">56685.7381439209</attribute>
					<attribute name="zoneId" class="java.lang.String">32869100</attribute>
				</attributes>
			</activity>
		</plan>

	</person>

<!-- ====================================================================== -->

	<person id="8384566">
		<attributes>
			<attribute name="ESR" class="java.lang.String">6</attribute>
			<attribute name="age" class="java.lang.String">79</attribute>
			<attribute name="eduatt" class="java.lang.String">3</attribute>
			<attribute name="gender" class="java.lang.String">female</attribute>
			<attribute name="hhinc" class="java.lang.String">23820</attribute>
			<attribute name="hhnumautos" class="java.lang.String">1</attribute>
			<attribute name="hhsize" class="java.lang.String">2</attribute>
			<attribute name="householdId" class="java.lang.String">2709027</attribute>
			<attribute name="htype" class="java.lang.String">SFD</attribute>
			<attribute name="race" class="java.lang.String">NHW</attribute>
			<attribute name="schg" class="java.lang.String">0</attribute>
			<attribute name="subpopulation" class="java.lang.String">person</attribute>
			<attribute name="ten" class="java.lang.String">1</attribute>
			<attribute name="wkind20" class="java.lang.String">0</attribute>
			<attribute name="wkocc24" class="java.lang.String">0</attribute>
			<attribute name="worker" class="java.lang.String">unemployed</attribute>
		</attributes>
		<plan selected="yes">
			<activity type="home_50400" x="150146.0111933199" y="-458971.74878391705" end_time="06:00:00" >
				<attributes>
					<attribute name="initialEndTime" class="java.lang.Double">21600.0</attribute>
					<attribute name="zoneId" class="java.lang.String">21153300</attribute>
				</attributes>
			</activity>
			<leg mode="car_teleported" trav_time="00:10:12">
			</leg>
			<activity type="personalmaintenance_3000" x="155166.07023221374" y="-461072.6810518626" max_dur="00:47:52" >
				<attributes>
					<attribute name="initialEndTime" class="java.lang.Double">25084.680433273315</attribute>
					<attribute name="initialStartTime" class="java.lang.Double">22212.383251190186</attribute>
					<attribute name="zoneId" class="java.lang.String">21293300</attribute>
				</attributes>
			</activity>
			<leg mode="car_teleported" trav_time="00:11:28">
			</leg>
			<activity type="non-schoolescort_3600" x="150211.9486459453" y="-463621.3022467067" max_dur="00:58:00" >
				<attributes>
					<attribute name="initialEndTime" class="java.lang.Double">29252.93128967285</attribute>
					<attribute name="initialStartTime" class="java.lang.Double">25772.776594161987</attribute>
					<attribute name="zoneId" class="java.lang.String">21149200</attribute>
				</attributes>
			</activity>
			<leg mode="car_teleported" trav_time="00:07:43">
			</leg>
			<activity type="home_600" x="150146.0111933199" y="-458971.74878391705" max_dur="00:14:43" >
				<attributes>
					<attribute name="initialEndTime" class="java.lang.Double">30600.0</attribute>
					<attribute name="initialStartTime" class="java.lang.Double">29716.445875167847</attribute>
					<attribute name="zoneId" class="java.lang.String">21153300</attribute>
				</attributes>
			</activity>
			<leg mode="ride" trav_time="00:09:23">
			</leg>
			<activity type="discretionary_1800" x="151136.73652868203" y="-453344.892665848" max_dur="00:27:11" >
				<attributes>
					<attribute name="initialEndTime" class="java.lang.Double">32795.000495910645</attribute>
					<attribute name="initialStartTime" class="java.lang.Double">31163.531341552734</attribute>
					<attribute name="zoneId" class="java.lang.String">21172100</attribute>
				</attributes>
			</activity>
			<leg mode="ride" trav_time="00:09:16">
			</leg>
			<activity type="home_10800" x="150146.0111933199" y="-458971.74878391705" end_time="12:15:00" >
				<attributes>
					<attribute name="initialEndTime" class="java.lang.Double">44100.0</attribute>
					<attribute name="initialStartTime" class="java.lang.Double">33351.5567779541</attribute>
					<attribute name="zoneId" class="java.lang.String">21153300</attribute>
				</attributes>
			</activity>
			<leg mode="walk" trav_time="00:08:37">
			</leg>
			<activity type="discretionary_9600" x="150342.27337303245" y="-458478.3136205658" end_time="14:59:08" >
				<attributes>
					<attribute name="initialEndTime" class="java.lang.Double">53948.25341820717</attribute>
					<attribute name="initialStartTime" class="java.lang.Double">44617.465817928314</attribute>
					<attribute name="zoneId" class="java.lang.String">21153100</attribute>
				</attributes>
			</activity>
			<leg mode="walk" trav_time="00:08:37">
			</leg>
			<activity type="home_600" x="150146.0111933199" y="-458971.74878391705" max_dur="00:07:14" >
				<attributes>
					<attribute name="initialEndTime" class="java.lang.Double">54900.0</attribute>
					<attribute name="initialStartTime" class="java.lang.Double">54465.71923613548</attribute>
					<attribute name="zoneId" class="java.lang.String">21153300</attribute>
				</attributes>
			</activity>
			<leg mode="car_teleported" trav_time="00:06:06">
			</leg>
			<activity type="shop_600" x="149064.37178672763" y="-455938.4170822218" max_dur="00:11:15" >
				<attributes>
					<attribute name="initialEndTime" class="java.lang.Double">55942.398318350315</attribute>
					<attribute name="initialStartTime" class="java.lang.Double">55266.876010894775</attribute>
					<attribute name="zoneId" class="java.lang.String">21141100</attribute>
				</attributes>
			</activity>
			<leg mode="car_teleported" trav_time="00:05:44">
			</leg>
			<activity type="shop_1200" x="150222.5654086466" y="-458779.160436687" max_dur="00:21:27" >
				<attributes>
					<attribute name="initialEndTime" class="java.lang.Double">57574.126709103584</attribute>
					<attribute name="initialStartTime" class="java.lang.Double">56286.66114717722</attribute>
					<attribute name="zoneId" class="java.lang.String">21153300</attribute>
				</attributes>
			</activity>
			<leg mode="car_teleported" trav_time="00:00:31">
			</leg>
			<activity type="home_50400" x="150146.0111933199" y="-458971.74878391705" >
				<attributes>
					<attribute name="initialStartTime" class="java.lang.Double">57605.17465889454</attribute>
					<attribute name="zoneId" class="java.lang.String">21153300</attribute>
				</attributes>
			</activity>
		</plan>

	</person>

<!-- ====================================================================== -->

	<person id="842032">
		<attributes>
			<attribute name="ESR" class="java.lang.String">1</attribute>
			<attribute name="age" class="java.lang.String">45</attribute>
			<attribute name="eduatt" class="java.lang.String">1</attribute>
			<attribute name="gender" class="java.lang.String">female</attribute>
			<attribute name="hhinc" class="java.lang.String">73612</attribute>
			<attribute name="hhnumautos" class="java.lang.String">4</attribute>
			<attribute name="hhsize" class="java.lang.String">8</attribute>
			<attribute name="householdId" class="java.lang.String">268735</attribute>
			<attribute name="htype" class="java.lang.String">SFA</attribute>
			<attribute name="race" class="java.lang.String">HP</attribute>
			<attribute name="schg" class="java.lang.String">0</attribute>
			<attribute name="subpopulation" class="java.lang.String">person</attribute>
			<attribute name="ten" class="java.lang.String">3</attribute>
			<attribute name="wkind20" class="java.lang.String">44</attribute>
			<attribute name="wkocc24" class="java.lang.String">17</attribute>
			<attribute name="worker" class="java.lang.String">employed</attribute>
		</attributes>
		<plan selected="yes">
			<activity type="home_64800" x="182871.73464686895" y="-438357.310874376" end_time="08:00:00" >
				<attributes>
					<attribute name="initialEndTime" class="java.lang.Double">28800.0</attribute>
					<attribute name="zoneId" class="java.lang.String">22239100</attribute>
				</attributes>
			</activity>
			<leg mode="car_teleported" trav_time="00:20:17">
			</leg>
			<activity type="work_19200" x="177336.44130720824" y="-427520.79136396846" end_time="13:41:14" >
				<attributes>
					<attribute name="initialEndTime" class="java.lang.Double">49274.756927490234</attribute>
					<attribute name="initialStartTime" class="java.lang.Double">30017.078590393066</attribute>
					<attribute name="zoneId" class="java.lang.String">22188200</attribute>
				</attributes>
			</activity>
			<leg mode="car_teleported" trav_time="00:21:45">
			</leg>
			<activity type="home_64800" x="182871.73464686895" y="-438357.310874376" >
				<attributes>
					<attribute name="initialStartTime" class="java.lang.Double">50580.65505981445</attribute>
					<attribute name="zoneId" class="java.lang.String">22239100</attribute>
				</attributes>
			</activity>
		</plan>

	</person>

<!-- ====================================================================== -->

	<person id="8837991">
		<attributes>
			<attribute name="ESR" class="java.lang.String">6</attribute>
			<attribute name="age" class="java.lang.String">65</attribute>
			<attribute name="eduatt" class="java.lang.String">2</attribute>
			<attribute name="gender" class="java.lang.String">female</attribute>
			<attribute name="hhinc" class="java.lang.String">54344</attribute>
			<attribute name="hhnumautos" class="java.lang.String">3</attribute>
			<attribute name="hhsize" class="java.lang.String">3</attribute>
			<attribute name="householdId" class="java.lang.String">2854107</attribute>
			<attribute name="htype" class="java.lang.String">SFD</attribute>
			<attribute name="race" class="java.lang.String">HP</attribute>
			<attribute name="schg" class="java.lang.String">0</attribute>
			<attribute name="subpopulation" class="java.lang.String">person</attribute>
			<attribute name="ten" class="java.lang.String">3</attribute>
			<attribute name="wkind20" class="java.lang.String">0</attribute>
			<attribute name="wkocc24" class="java.lang.String">0</attribute>
			<attribute name="worker" class="java.lang.String">unemployed</attribute>
		</attributes>
		<plan selected="yes">
			<activity type="home_63600" x="156530.03400870741" y="-464866.0575897579" end_time="05:30:00" >
				<attributes>
					<attribute name="initialEndTime" class="java.lang.Double">19800.0</attribute>
					<attribute name="zoneId" class="java.lang.String">21291200</attribute>
				</attributes>
			</activity>
			<leg mode="car_teleported" trav_time="00:24:21">
			</leg>
			<activity type="shop_4800" x="152187.87269987803" y="-446940.2916404628" max_dur="01:24:45" >
				<attributes>
					<attribute name="initialEndTime" class="java.lang.Double">26347.310485839844</attribute>
					<attribute name="initialStartTime" class="java.lang.Double">21261.323318481445</attribute>
					<attribute name="zoneId" class="java.lang.String">21180100</attribute>
				</attributes>
			</activity>
			<leg mode="car_teleported" trav_time="00:21:18">
			</leg>
			<activity type="home_8400" x="156530.03400870741" y="-464866.0575897579" end_time="10:00:00" >
				<attributes>
					<attribute name="initialEndTime" class="java.lang.Double">36000.0</attribute>
					<attribute name="initialStartTime" class="java.lang.Double">27625.567588806152</attribute>
					<attribute name="zoneId" class="java.lang.String">21291200</attribute>
				</attributes>
			</activity>
			<leg mode="car_teleported" trav_time="00:05:41">
			</leg>
			<activity type="personalmaintenance_2400" x="153538.52875264973" y="-464941.22699096013" max_dur="00:40:06" >
				<attributes>
					<attribute name="initialEndTime" class="java.lang.Double">38747.832469940186</attribute>
					<attribute name="initialStartTime" class="java.lang.Double">36341.621017456055</attribute>
					<attribute name="zoneId" class="java.lang.String">21277100</attribute>
				</attributes>
			</activity>
			<leg mode="car_teleported" trav_time="00:07:22">
			</leg>
			<activity type="shop_3000" x="154698.93680680505" y="-467380.50212344737" max_dur="00:46:39" >
				<attributes>
					<attribute name="initialEndTime" class="java.lang.Double">41990.22365570068</attribute>
					<attribute name="initialStartTime" class="java.lang.Double">39190.30757904053</attribute>
					<attribute name="zoneId" class="java.lang.String">21281100</attribute>
				</attributes>
			</activity>
			<leg mode="car_teleported" trav_time="00:06:48">
			</leg>
			<activity type="home_63600" x="156530.03400870741" y="-464866.0575897579" >
				<attributes>
					<attribute name="initialStartTime" class="java.lang.Double">42398.2922744751</attribute>
					<attribute name="zoneId" class="java.lang.String">21291200</attribute>
				</attributes>
			</activity>
		</plan>

	</person>

<!-- ====================================================================== -->

	<person id="8924715">
		<attributes>
			<attribute name="ESR" class="java.lang.String">1</attribute>
			<attribute name="age" class="java.lang.String">51</attribute>
			<attribute name="eduatt" class="java.lang.String">4</attribute>
			<attribute name="gender" class="java.lang.String">male</attribute>
			<attribute name="hhinc" class="java.lang.String">165718</attribute>
			<attribute name="hhnumautos" class="java.lang.String">1</attribute>
			<attribute name="hhsize" class="java.lang.String">1</attribute>
			<attribute name="householdId" class="java.lang.String">2883460</attribute>
			<attribute name="htype" class="java.lang.String">SFD</attribute>
			<attribute name="race" class="java.lang.String">NHW</attribute>
			<attribute name="schg" class="java.lang.String">0</attribute>
			<attribute name="subpopulation" class="java.lang.String">person</attribute>
			<attribute name="ten" class="java.lang.String">3</attribute>
			<attribute name="wkind20" class="java.lang.String">48</attribute>
			<attribute name="wkocc24" class="java.lang.String">24</attribute>
			<attribute name="worker" class="java.lang.String">employed</attribute>
		</attributes>
		<plan selected="yes">
			<activity type="home_48600" x="215775.81744109525" y="-487988.64909550897" end_time="03:45:00" >
				<attributes>
					<attribute name="initialEndTime" class="java.lang.Double">13500.0</attribute>
					<attribute name="zoneId" class="java.lang.String">33022300</attribute>
				</attributes>
			</activity>
			<leg mode="car_teleported" trav_time="00:33:24">
			</leg>
			<activity type="work_34200" x="182471.24790746748" y="-466270.56336199306" end_time="13:48:52" >
				<attributes>
					<attribute name="initialEndTime" class="java.lang.Double">49732.1369934082</attribute>
					<attribute name="initialStartTime" class="java.lang.Double">15504.829559326172</attribute>
					<attribute name="zoneId" class="java.lang.String">32463100</attribute>
				</attributes>
			</activity>
			<leg mode="car_teleported" trav_time="00:32:00">
			</leg>
			<activity type="home_48600" x="215775.81744109525" y="-487988.64909550897" >
				<attributes>
					<attribute name="initialStartTime" class="java.lang.Double">51652.36312866211</attribute>
					<attribute name="zoneId" class="java.lang.String">33022300</attribute>
				</attributes>
			</activity>
		</plan>

	</person>

<!-- ====================================================================== -->

	<person id="8959208">
		<attributes>
			<attribute name="ESR" class="java.lang.String">0</attribute>
			<attribute name="age" class="java.lang.String">12</attribute>
			<attribute name="eduatt" class="java.lang.String">1</attribute>
			<attribute name="gender" class="java.lang.String">female</attribute>
			<attribute name="hhinc" class="java.lang.String">86070</attribute>
			<attribute name="hhnumautos" class="java.lang.String">2</attribute>
			<attribute name="hhsize" class="java.lang.String">4</attribute>
			<attribute name="householdId" class="java.lang.String">2895119</attribute>
			<attribute name="htype" class="java.lang.String">SFD</attribute>
			<attribute name="race" class="java.lang.String">NHAS</attribute>
			<attribute name="schg" class="java.lang.String">8</attribute>
			<attribute name="subpopulation" class="java.lang.String">person</attribute>
			<attribute name="ten" class="java.lang.String">1</attribute>
			<attribute name="wkind20" class="java.lang.String">0</attribute>
			<attribute name="wkocc24" class="java.lang.String">0</attribute>
			<attribute name="worker" class="java.lang.String">unemployed</attribute>
		</attributes>
		<plan selected="yes">
			<activity type="home_58800" x="151003.47434662218" y="-463800.60397745017" end_time="04:15:00" >
				<attributes>
					<attribute name="initialEndTime" class="java.lang.Double">15300.0</attribute>
					<attribute name="zoneId" class="java.lang.String">21264300</attribute>
				</attributes>
			</activity>
			<leg mode="ride_school_bus" trav_time="00:04:39">
			</leg>
			<activity type="school_27600" x="151217.3682884679" y="-460917.5274891567" end_time="11:56:09" >
				<attributes>
					<attribute name="initialEndTime" class="java.lang.Double">42969.99834537506</attribute>
					<attribute name="initialStartTime" class="java.lang.Double">15579.675121307373</attribute>
					<attribute name="zoneId" class="java.lang.String">21262100</attribute>
				</attributes>
			</activity>
			<leg mode="ride_school_bus" trav_time="00:04:32">
			</leg>
			<activity type="home_58800" x="151003.47434662218" y="-463800.60397745017" >
				<attributes>
					<attribute name="initialStartTime" class="java.lang.Double">43242.34338283539</attribute>
					<attribute name="zoneId" class="java.lang.String">21264300</attribute>
				</attributes>
			</activity>
		</plan>

	</person>

<!-- ====================================================================== -->

	<person id="9097041">
		<attributes>
			<attribute name="ESR" class="java.lang.String">6</attribute>
			<attribute name="age" class="java.lang.String">86</attribute>
			<attribute name="eduatt" class="java.lang.String">1</attribute>
			<attribute name="gender" class="java.lang.String">male</attribute>
			<attribute name="hhinc" class="java.lang.String">36191</attribute>
			<attribute name="hhnumautos" class="java.lang.String">4</attribute>
			<attribute name="hhsize" class="java.lang.String">8</attribute>
			<attribute name="householdId" class="java.lang.String">2943488</attribute>
			<attribute name="htype" class="java.lang.String">SFD</attribute>
			<attribute name="race" class="java.lang.String">HP</attribute>
			<attribute name="schg" class="java.lang.String">0</attribute>
			<attribute name="subpopulation" class="java.lang.String">person</attribute>
			<attribute name="ten" class="java.lang.String">1</attribute>
			<attribute name="wkind20" class="java.lang.String">0</attribute>
			<attribute name="wkocc24" class="java.lang.String">0</attribute>
			<attribute name="worker" class="java.lang.String">unemployed</attribute>
		</attributes>
		<plan selected="yes">
			<activity type="home_64800" x="417051.4951370951" y="-572267.336996775" end_time="04:00:00" >
				<attributes>
					<attribute name="initialEndTime" class="java.lang.Double">14400.0</attribute>
					<attribute name="zoneId" class="java.lang.String">14044200</attribute>
				</attributes>
			</activity>
			<leg mode="car_teleported" trav_time="00:08:24">
			</leg>
			<activity type="visiting_5400" x="419034.5779673438" y="-576362.3408735303" max_dur="01:26:27" >
				<attributes>
					<attribute name="initialEndTime" class="java.lang.Double">20091.533432006836</attribute>
					<attribute name="initialStartTime" class="java.lang.Double">14904.396686553955</attribute>
					<attribute name="zoneId" class="java.lang.String">14063500</attribute>
				</attributes>
			</activity>
			<leg mode="car_teleported" trav_time="00:08:24">
			</leg>
			<activity type="home_1200" x="417051.4951370951" y="-572267.336996775" max_dur="00:16:43" >
				<attributes>
					<attribute name="initialEndTime" class="java.lang.Double">21600.0</attribute>
					<attribute name="initialStartTime" class="java.lang.Double">20596.40911102295</attribute>
					<attribute name="zoneId" class="java.lang.String">14044200</attribute>
				</attributes>
			</activity>
			<leg mode="car_teleported" trav_time="00:00:55">
			</leg>
			<activity type="schoolpureescort_1800" x="416770.29293085146" y="-571599.1794261461" max_dur="00:28:15" >
				<attributes>
					<attribute name="initialEndTime" class="java.lang.Double">23350.5854845047</attribute>
					<attribute name="initialStartTime" class="java.lang.Double">21655.201699733734</attribute>
					<attribute name="zoneId" class="java.lang.String">14044200</attribute>
				</attributes>
			</activity>
			<leg mode="car_teleported" trav_time="00:00:55">
			</leg>
			<activity type="home_9000" x="417051.4951370951" y="-572267.336996775" end_time="09:00:00" >
				<attributes>
					<attribute name="initialEndTime" class="java.lang.Double">32400.0</attribute>
					<attribute name="initialStartTime" class="java.lang.Double">23405.787184238434</attribute>
					<attribute name="zoneId" class="java.lang.String">14044200</attribute>
				</attributes>
			</activity>
			<leg mode="ride" trav_time="00:02:01">
			</leg>
			<activity type="personalmaintenance_600" x="417567.5203513167" y="-572244.4986676369" max_dur="00:05:00" >
				<attributes>
					<attribute name="initialEndTime" class="java.lang.Double">32284.782485961914</attribute>
					<attribute name="initialStartTime" class="java.lang.Double">32521.45803451538</attribute>
					<attribute name="zoneId" class="java.lang.String">14044100</attribute>
				</attributes>
			</activity>
			<leg mode="ride" trav_time="00:02:01">
			</leg>
			<activity type="home_600" x="417051.4951370951" y="-572267.336996775" max_dur="00:14:53" >
				<attributes>
					<attribute name="initialEndTime" class="java.lang.Double">33300.0</attribute>
					<attribute name="initialStartTime" class="java.lang.Double">32406.228132247925</attribute>
					<attribute name="zoneId" class="java.lang.String">14044200</attribute>
				</attributes>
			</activity>
			<leg mode="ride" trav_time="00:03:38">
			</leg>
			<activity type="discretionary_600" x="415778.9473466642" y="-570492.9199820613" max_dur="00:11:15" >
				<attributes>
					<attribute name="initialEndTime" class="java.lang.Double">34193.61268758774</attribute>
					<attribute name="initialStartTime" class="java.lang.Double">33518.13024044037</attribute>
					<attribute name="zoneId" class="java.lang.String">14034100</attribute>
				</attributes>
			</activity>
			<leg mode="ride" trav_time="00:01:52">
			</leg>
			<activity type="discretionary_1200" x="416365.98456464976" y="-570118.0232460662" max_dur="00:24:51" >
				<attributes>
					<attribute name="initialEndTime" class="java.lang.Double">35797.502188682556</attribute>
					<attribute name="initialStartTime" class="java.lang.Double">34306.01303815842</attribute>
					<attribute name="zoneId" class="java.lang.String">14040200</attribute>
				</attributes>
			</activity>
			<leg mode="ride" trav_time="00:03:34">
			</leg>
			<activity type="home_64800" x="417051.4951370951" y="-572267.336996775" >
				<attributes>
					<attribute name="initialStartTime" class="java.lang.Double">36012.2274684906</attribute>
					<attribute name="zoneId" class="java.lang.String">14044200</attribute>
				</attributes>
			</activity>
		</plan>

	</person>

<!-- ====================================================================== -->

	<person id="9133195">
		<attributes>
			<attribute name="ESR" class="java.lang.String">1</attribute>
			<attribute name="age" class="java.lang.String">63</attribute>
			<attribute name="eduatt" class="java.lang.String">4</attribute>
			<attribute name="gender" class="java.lang.String">female</attribute>
			<attribute name="hhinc" class="java.lang.String">149833</attribute>
			<attribute name="hhnumautos" class="java.lang.String">2</attribute>
			<attribute name="hhsize" class="java.lang.String">3</attribute>
			<attribute name="householdId" class="java.lang.String">2955886</attribute>
			<attribute name="htype" class="java.lang.String">SFD</attribute>
			<attribute name="race" class="java.lang.String">NHW</attribute>
			<attribute name="schg" class="java.lang.String">0</attribute>
			<attribute name="subpopulation" class="java.lang.String">person</attribute>
			<attribute name="ten" class="java.lang.String">2</attribute>
			<attribute name="wkind20" class="java.lang.String">56</attribute>
			<attribute name="wkocc24" class="java.lang.String">1</attribute>
			<attribute name="worker" class="java.lang.String">employed</attribute>
		</attributes>
		<plan selected="yes">
			<activity type="home_57600" x="189552.08727798777" y="-466799.0288449159" end_time="05:15:00" >
				<attributes>
					<attribute name="initialEndTime" class="java.lang.Double">18900.0</attribute>
					<attribute name="zoneId" class="java.lang.String">32583200</attribute>
				</attributes>
			</activity>
			<leg mode="car_teleported" trav_time="00:23:40">
			</leg>
			<activity type="HHmaintenance_4200" x="172741.50844932304" y="-467584.6094862771" max_dur="01:11:45" >
				<attributes>
					<attribute name="initialEndTime" class="java.lang.Double">24626.12813949585</attribute>
					<attribute name="initialStartTime" class="java.lang.Double">20320.949020385742</attribute>
					<attribute name="zoneId" class="java.lang.String">21455200</attribute>
				</attributes>
			</activity>
			<leg mode="car_teleported" trav_time="00:30:43">
			</leg>
			<activity type="discretionary_3000" x="205636.48694841174" y="-472131.5317109858" max_dur="00:51:56" >
				<attributes>
					<attribute name="initialEndTime" class="java.lang.Double">29585.412406921383</attribute>
					<attribute name="initialStartTime" class="java.lang.Double">26469.15781021118</attribute>
					<attribute name="zoneId" class="java.lang.String">33098200</attribute>
				</attributes>
			</activity>
			<leg mode="car_teleported" trav_time="00:27:03">
			</leg>
			<activity type="non-schoolescort_3600" x="183476.58996998263" y="-464815.1743907233" max_dur="00:55:28" >
				<attributes>
					<attribute name="initialEndTime" class="java.lang.Double">34536.91526412964</attribute>
					<attribute name="initialStartTime" class="java.lang.Double">31208.58276367187</attribute>
					<attribute name="zoneId" class="java.lang.String">32478200</attribute>
				</attributes>
			</activity>
			<leg mode="car_teleported" trav_time="00:09:41">
			</leg>
			<activity type="home_10800" x="189552.08727798777" y="-466799.0288449159" end_time="12:45:00" >
				<attributes>
					<attribute name="initialEndTime" class="java.lang.Double">45900.0</attribute>
					<attribute name="initialStartTime" class="java.lang.Double">35118.481521606445</attribute>
					<attribute name="zoneId" class="java.lang.String">32583200</attribute>
				</attributes>
			</activity>
			<leg mode="car_teleported" trav_time="00:03:38">
			</leg>
			<activity type="shop_600" x="187946.58735189866" y="-466571.1259350449" max_dur="00:03:24" >
				<attributes>
					<attribute name="initialEndTime" class="java.lang.Double">46323.42525482178</attribute>
					<attribute name="initialStartTime" class="java.lang.Double">46118.633522987366</attribute>
					<attribute name="zoneId" class="java.lang.String">32571100</attribute>
				</attributes>
			</activity>
			<leg mode="car_teleported" trav_time="00:08:38">
			</leg>
			<activity type="HHmaintenance_600" x="192613.18160952665" y="-465334.9298124659" max_dur="00:05:00" >
				<attributes>
					<attribute name="initialEndTime" class="java.lang.Double">46619.742727279656</attribute>
					<attribute name="initialStartTime" class="java.lang.Double">46841.8861579895</attribute>
					<attribute name="zoneId" class="java.lang.String">32613100</attribute>
				</attributes>
			</activity>
			<leg mode="car_teleported" trav_time="00:05:14">
			</leg>
			<activity type="shop_600" x="189244.79521236697" y="-463946.02779796766" max_dur="00:08:11" >
				<attributes>
					<attribute name="initialEndTime" class="java.lang.Double">47425.53013801575</attribute>
					<attribute name="initialStartTime" class="java.lang.Double">46934.32962417602</attribute>
					<attribute name="zoneId" class="java.lang.String">32579200</attribute>
				</attributes>
			</activity>
			<leg mode="car_teleported" trav_time="00:04:53">
			</leg>
			<activity type="home_57600" x="189552.08727798777" y="-466799.0288449159" >
				<attributes>
					<attribute name="initialStartTime" class="java.lang.Double">47718.79769325256</attribute>
					<attribute name="zoneId" class="java.lang.String">32583200</attribute>
				</attributes>
			</activity>
		</plan>

	</person>

<!-- ====================================================================== -->

	<person id="9165941">
		<attributes>
			<attribute name="ESR" class="java.lang.String">6</attribute>
			<attribute name="age" class="java.lang.String">40</attribute>
			<attribute name="eduatt" class="java.lang.String">1</attribute>
			<attribute name="gender" class="java.lang.String">female</attribute>
			<attribute name="hhinc" class="java.lang.String">53555</attribute>
			<attribute name="hhnumautos" class="java.lang.String">3</attribute>
			<attribute name="hhsize" class="java.lang.String">9</attribute>
			<attribute name="householdId" class="java.lang.String">2967160</attribute>
			<attribute name="htype" class="java.lang.String">SFD</attribute>
			<attribute name="race" class="java.lang.String">HP</attribute>
			<attribute name="schg" class="java.lang.String">0</attribute>
			<attribute name="subpopulation" class="java.lang.String">person</attribute>
			<attribute name="ten" class="java.lang.String">3</attribute>
			<attribute name="wkind20" class="java.lang.String">0</attribute>
			<attribute name="wkocc24" class="java.lang.String">0</attribute>
			<attribute name="worker" class="java.lang.String">unemployed</attribute>
		</attributes>
		<plan selected="yes">
			<activity type="home_60600" x="194894.08739200255" y="-474915.550480041" end_time="08:45:00" >
				<attributes>
					<attribute name="initialEndTime" class="java.lang.Double">31500.0</attribute>
					<attribute name="zoneId" class="java.lang.String">32927100</attribute>
				</attributes>
			</activity>
			<leg mode="ride" trav_time="00:15:43">
			</leg>
			<activity type="maintenance_13200" x="185391.14882699974" y="-480623.22028492886" end_time="12:43:08" >
				<attributes>
					<attribute name="initialEndTime" class="java.lang.Double">45788.61568450928</attribute>
					<attribute name="initialStartTime" class="java.lang.Double">32443.219299316406</attribute>
					<attribute name="zoneId" class="java.lang.String">32669300</attribute>
				</attributes>
			</activity>
			<leg mode="ride" trav_time="00:17:27">
			</leg>
			<activity type="home_7800" x="194894.08739200255" y="-474915.550480041" end_time="15:15:00" >
				<attributes>
					<attribute name="initialEndTime" class="java.lang.Double">54900.0</attribute>
					<attribute name="initialStartTime" class="java.lang.Double">46836.600036621094</attribute>
					<attribute name="zoneId" class="java.lang.String">32927100</attribute>
				</attributes>
			</activity>
			<leg mode="ride" trav_time="00:04:31">
			</leg>
			<activity type="discretionary_2400" x="197010.98665347646" y="-474820.1603873607" max_dur="00:37:01" >
				<attributes>
					<attribute name="initialEndTime" class="java.lang.Double">57392.86524295807</attribute>
					<attribute name="initialStartTime" class="java.lang.Double">55171.1624622345</attribute>
					<attribute name="zoneId" class="java.lang.String">32954100</attribute>
				</attributes>
			</activity>
			<leg mode="ride" trav_time="00:04:27">
			</leg>
			<activity type="home_60600" x="194894.08739200255" y="-474915.550480041" >
				<attributes>
					<attribute name="initialStartTime" class="java.lang.Double">57660.56415081024</attribute>
					<attribute name="zoneId" class="java.lang.String">32927100</attribute>
				</attributes>
			</activity>
		</plan>

	</person>

<!-- ====================================================================== -->

	<person id="9281006">
		<attributes>
			<attribute name="ESR" class="java.lang.String">6</attribute>
			<attribute name="age" class="java.lang.String">55</attribute>
			<attribute name="eduatt" class="java.lang.String">4</attribute>
			<attribute name="gender" class="java.lang.String">female</attribute>
			<attribute name="hhinc" class="java.lang.String">168765</attribute>
			<attribute name="hhnumautos" class="java.lang.String">2</attribute>
			<attribute name="hhsize" class="java.lang.String">2</attribute>
			<attribute name="householdId" class="java.lang.String">3006449</attribute>
			<attribute name="htype" class="java.lang.String">SFD</attribute>
			<attribute name="race" class="java.lang.String">NHAS</attribute>
			<attribute name="schg" class="java.lang.String">0</attribute>
			<attribute name="subpopulation" class="java.lang.String">person</attribute>
			<attribute name="ten" class="java.lang.String">1</attribute>
			<attribute name="wkind20" class="java.lang.String">0</attribute>
			<attribute name="wkocc24" class="java.lang.String">0</attribute>
			<attribute name="worker" class="java.lang.String">unemployed</attribute>
		</attributes>
		<plan selected="yes">
			<activity type="home_43800" x="154279.3645599735" y="-464483.9925543637" end_time="07:00:00" >
				<attributes>
					<attribute name="initialEndTime" class="java.lang.Double">25200.0</attribute>
					<attribute name="zoneId" class="java.lang.String">21285100</attribute>
				</attributes>
			</activity>
			<leg mode="car_teleported" trav_time="00:05:43">
			</leg>
			<activity type="HHmaintenance_1200" x="152778.5471437704" y="-462808.8257348961" max_dur="00:17:59" >
				<attributes>
					<attribute name="initialEndTime" class="java.lang.Double">26623.13404083252</attribute>
					<attribute name="initialStartTime" class="java.lang.Double">25543.27717781067</attribute>
					<attribute name="zoneId" class="java.lang.String">21274100</attribute>
				</attributes>
			</activity>
			<leg mode="car_teleported" trav_time="00:17:16">
			</leg>
			<activity type="HHmaintenance_600" x="163790.10426577926" y="-464310.99653270806" max_dur="00:05:35" >
				<attributes>
					<attribute name="initialEndTime" class="java.lang.Double">27995.82721710205</attribute>
					<attribute name="initialStartTime" class="java.lang.Double">27660.07656097412</attribute>
					<attribute name="zoneId" class="java.lang.String">21353200</attribute>
				</attributes>
			</activity>
			<leg mode="car_teleported" trav_time="00:15:18">
			</leg>
			<activity type="home_4200" x="154279.3645599735" y="-464483.9925543637" max_dur="01:13:06" >
				<attributes>
					<attribute name="initialEndTime" class="java.lang.Double">33300.0</attribute>
					<attribute name="initialStartTime" class="java.lang.Double">28913.972854614258</attribute>
					<attribute name="zoneId" class="java.lang.String">21285100</attribute>
				</attributes>
			</activity>
			<leg mode="car_teleported" trav_time="00:07:00">
			</leg>
			<activity type="personalmaintenance_12000" x="153388.05239989382" y="-465639.87056915305" end_time="12:39:26" >
				<attributes>
					<attribute name="initialEndTime" class="java.lang.Double">45566.51524543762</attribute>
					<attribute name="initialStartTime" class="java.lang.Double">33720.43647766113</attribute>
					<attribute name="zoneId" class="java.lang.String">21281200</attribute>
				</attributes>
			</activity>
			<leg mode="car_teleported" trav_time="00:06:58">
			</leg>
			<activity type="home_6000" x="154279.3645599735" y="-464483.9925543637" max_dur="01:43:34" >
				<attributes>
					<attribute name="initialEndTime" class="java.lang.Double">52200.0</attribute>
					<attribute name="initialStartTime" class="java.lang.Double">45985.293645858765</attribute>
					<attribute name="zoneId" class="java.lang.String">21285100</attribute>
				</attributes>
			</activity>
			<leg mode="ride" trav_time="00:05:48">
			</leg>
			<activity type="discretionary_10200" x="152810.10137047156" y="-462759.9884475673" end_time="17:25:16" >
				<attributes>
					<attribute name="initialEndTime" class="java.lang.Double">62716.70050621033</attribute>
					<attribute name="initialStartTime" class="java.lang.Double">52548.82201194763</attribute>
					<attribute name="zoneId" class="java.lang.String">21274100</attribute>
				</attributes>
			</activity>
			<leg mode="ride" trav_time="00:05:47">
			</leg>
			<activity type="home_1800" x="154279.3645599735" y="-464483.9925543637" max_dur="00:28:56" >
				<attributes>
					<attribute name="initialEndTime" class="java.lang.Double">64800.0</attribute>
					<attribute name="initialStartTime" class="java.lang.Double">63063.953619003296</attribute>
					<attribute name="zoneId" class="java.lang.String">21285100</attribute>
				</attributes>
			</activity>
			<leg mode="car_teleported" trav_time="00:21:08">
			</leg>
			<activity type="shop_600" x="167310.93055939037" y="-467234.3964690395" max_dur="00:05:03" >
				<attributes>
					<attribute name="initialEndTime" class="java.lang.Double">66372.2811126709</attribute>
					<attribute name="initialStartTime" class="java.lang.Double">66068.62964630127</attribute>
					<attribute name="zoneId" class="java.lang.String">21394100</attribute>
				</attributes>
			</activity>
			<leg mode="car_teleported" trav_time="00:21:05">
			</leg>
			<activity type="home_43800" x="154279.3645599735" y="-464483.9925543637" >
				<attributes>
					<attribute name="initialStartTime" class="java.lang.Double">67637.70149230957</attribute>
					<attribute name="zoneId" class="java.lang.String">21285100</attribute>
				</attributes>
			</activity>
		</plan>

	</person>

<!-- ====================================================================== -->

	<person id="9285593">
		<attributes>
			<attribute name="ESR" class="java.lang.String">0</attribute>
			<attribute name="age" class="java.lang.String">0</attribute>
			<attribute name="eduatt" class="java.lang.String">0</attribute>
			<attribute name="gender" class="java.lang.String">male</attribute>
			<attribute name="hhinc" class="java.lang.String">207439</attribute>
			<attribute name="hhnumautos" class="java.lang.String">3</attribute>
			<attribute name="hhsize" class="java.lang.String">8</attribute>
			<attribute name="householdId" class="java.lang.String">3007840</attribute>
			<attribute name="htype" class="java.lang.String">SFD</attribute>
			<attribute name="race" class="java.lang.String">NHAS</attribute>
			<attribute name="schg" class="java.lang.String">0</attribute>
			<attribute name="subpopulation" class="java.lang.String">person</attribute>
			<attribute name="ten" class="java.lang.String">1</attribute>
			<attribute name="wkind20" class="java.lang.String">0</attribute>
			<attribute name="wkocc24" class="java.lang.String">0</attribute>
			<attribute name="worker" class="java.lang.String">unemployed</attribute>
		</attributes>
		<plan selected="yes">
			<activity type="home_25800" x="167165.82640554686" y="-459866.8996896057" end_time="00:15:00" >
				<attributes>
					<attribute name="initialEndTime" class="java.lang.Double">900.0</attribute>
					<attribute name="zoneId" class="java.lang.String">21395100</attribute>
				</attributes>
			</activity>
			<leg mode="walk" trav_time="00:27:31">
			</leg>
			<activity type="personalmaintenance_1800" x="168558.70314995304" y="-459118.4866025321" max_dur="00:32:50" >
				<attributes>
					<attribute name="initialEndTime" class="java.lang.Double">4522.439696788788</attribute>
					<attribute name="initialStartTime" class="java.lang.Double">2551.549243927002</attribute>
					<attribute name="zoneId" class="java.lang.String">21412300</attribute>
				</attributes>
			</activity>
			<leg mode="walk" trav_time="00:29:34">
			</leg>
			<activity type="discretionary_2400" x="167715.3076777354" y="-457634.0841080542" max_dur="00:40:38" >
				<attributes>
					<attribute name="initialEndTime" class="java.lang.Double">8735.535249710083</attribute>
					<attribute name="initialStartTime" class="java.lang.Double">6296.775462627411</attribute>
					<attribute name="zoneId" class="java.lang.String">21414400</attribute>
				</attributes>
			</activity>
			<leg mode="walk" trav_time="00:44:04">
			</leg>
			<activity type="home_600" x="167165.82640554686" y="-459866.8996896057" max_dur="00:05:19" >
				<attributes>
					<attribute name="initialEndTime" class="java.lang.Double">11700.0</attribute>
					<attribute name="initialStartTime" class="java.lang.Double">11380.182752609253</attribute>
					<attribute name="zoneId" class="java.lang.String">21395100</attribute>
				</attributes>
			</activity>
			<leg mode="ride_taxi" trav_time="00:10:28">
			</leg>
			<activity type="eatout_600" x="162793.1117684096" y="-458553.65219338215" max_dur="00:11:59" >
				<attributes>
					<attribute name="initialEndTime" class="java.lang.Double">13047.833576202393</attribute>
					<attribute name="initialStartTime" class="java.lang.Double">12328.789672851562</attribute>
					<attribute name="zoneId" class="java.lang.String">21595400</attribute>
				</attributes>
			</activity>
			<leg mode="ride_taxi" trav_time="00:07:44">
			</leg>
			<activity type="home_43200" x="167165.82640554686" y="-459866.8996896057" end_time="15:45:00" >
				<attributes>
					<attribute name="initialEndTime" class="java.lang.Double">56700.0</attribute>
					<attribute name="initialStartTime" class="java.lang.Double">13512.093229293823</attribute>
					<attribute name="zoneId" class="java.lang.String">21395100</attribute>
				</attributes>
			</activity>
			<leg mode="ride" trav_time="00:12:32">
			</leg>
			<activity type="eatoutdinner_3600" x="176910.87681343558" y="-461455.7799212937" max_dur="01:04:30" >
				<attributes>
					<attribute name="initialEndTime" class="java.lang.Double">61323.58377456665</attribute>
					<attribute name="initialStartTime" class="java.lang.Double">57452.96705245972</attribute>
					<attribute name="zoneId" class="java.lang.String">21809200</attribute>
				</attributes>
			</activity>
			<leg mode="ride" trav_time="00:12:08">
			</leg>
			<activity type="home_25800" x="167165.82640554686" y="-459866.8996896057" >
				<attributes>
					<attribute name="initialStartTime" class="java.lang.Double">62051.97189331055</attribute>
					<attribute name="zoneId" class="java.lang.String">21395100</attribute>
				</attributes>
			</activity>
		</plan>

	</person>

<!-- ====================================================================== -->

	<person id="9342021">
		<attributes>
			<attribute name="ESR" class="java.lang.String">1</attribute>
			<attribute name="age" class="java.lang.String">33</attribute>
			<attribute name="eduatt" class="java.lang.String">3</attribute>
			<attribute name="gender" class="java.lang.String">male</attribute>
			<attribute name="hhinc" class="java.lang.String">206268</attribute>
			<attribute name="hhnumautos" class="java.lang.String">3</attribute>
			<attribute name="hhsize" class="java.lang.String">3</attribute>
			<attribute name="householdId" class="java.lang.String">3026559</attribute>
			<attribute name="htype" class="java.lang.String">SFD</attribute>
			<attribute name="race" class="java.lang.String">NHB</attribute>
			<attribute name="schg" class="java.lang.String">0</attribute>
			<attribute name="subpopulation" class="java.lang.String">person</attribute>
			<attribute name="ten" class="java.lang.String">1</attribute>
			<attribute name="wkind20" class="java.lang.String">23</attribute>
			<attribute name="wkocc24" class="java.lang.String">20</attribute>
			<attribute name="worker" class="java.lang.String">employed</attribute>
		</attributes>
		<plan selected="yes">
			<activity type="home_43200" x="169511.85161381046" y="-461069.6337922782" end_time="05:15:00" >
				<attributes>
					<attribute name="initialEndTime" class="java.lang.Double">18900.0</attribute>
					<attribute name="zoneId" class="java.lang.String">21426100</attribute>
				</attributes>
			</activity>
			<leg mode="car_teleported" trav_time="00:47:49">
			</leg>
			<activity type="work_38400" x="162023.59325679866" y="-439547.2995440164" end_time="16:42:41" >
				<attributes>
					<attribute name="initialEndTime" class="java.lang.Double">60161.24839782715</attribute>
					<attribute name="initialStartTime" class="java.lang.Double">21769.492950439453</attribute>
					<attribute name="zoneId" class="java.lang.String">21559300</attribute>
				</attributes>
			</activity>
			<leg mode="car_teleported" trav_time="00:38:32">
			</leg>
			<activity type="home_43200" x="169511.85161381046" y="-461069.6337922782" >
				<attributes>
					<attribute name="initialStartTime" class="java.lang.Double">62473.596267700195</attribute>
					<attribute name="zoneId" class="java.lang.String">21426100</attribute>
				</attributes>
			</activity>
		</plan>

	</person>

<!-- ====================================================================== -->

	<person id="9423657">
		<attributes>
			<attribute name="ESR" class="java.lang.String">1</attribute>
			<attribute name="age" class="java.lang.String">60</attribute>
			<attribute name="eduatt" class="java.lang.String">1</attribute>
			<attribute name="gender" class="java.lang.String">male</attribute>
			<attribute name="hhinc" class="java.lang.String">203455</attribute>
			<attribute name="hhnumautos" class="java.lang.String">4</attribute>
			<attribute name="hhsize" class="java.lang.String">5</attribute>
			<attribute name="householdId" class="java.lang.String">3054813</attribute>
			<attribute name="htype" class="java.lang.String">SFD</attribute>
			<attribute name="race" class="java.lang.String">NHAS</attribute>
			<attribute name="schg" class="java.lang.String">0</attribute>
			<attribute name="subpopulation" class="java.lang.String">person</attribute>
			<attribute name="ten" class="java.lang.String">1</attribute>
			<attribute name="wkind20" class="java.lang.String">31</attribute>
			<attribute name="wkocc24" class="java.lang.String">23</attribute>
			<attribute name="worker" class="java.lang.String">employed</attribute>
		</attributes>
		<plan selected="yes">
			<activity type="home_57600" x="192254.32124269044" y="-473810.9370387294" end_time="06:00:00" >
				<attributes>
					<attribute name="initialEndTime" class="java.lang.Double">21600.0</attribute>
					<attribute name="zoneId" class="java.lang.String">32912200</attribute>
				</attributes>
			</activity>
			<leg mode="car_teleported" trav_time="00:12:05">
			</leg>
			<activity type="work_27600" x="197257.71796749628" y="-468042.42424332077" end_time="13:48:08" >
				<attributes>
					<attribute name="initialEndTime" class="java.lang.Double">49688.002910614014</attribute>
					<attribute name="initialStartTime" class="java.lang.Double">22325.45991897583</attribute>
					<attribute name="zoneId" class="java.lang.String">32952100</attribute>
				</attributes>
			</activity>
			<leg mode="car_teleported" trav_time="00:12:25">
			</leg>
			<activity type="home_57600" x="192254.32124269044" y="-473810.9370387294" >
				<attributes>
					<attribute name="initialStartTime" class="java.lang.Double">50433.54778289795</attribute>
					<attribute name="zoneId" class="java.lang.String">32912200</attribute>
				</attributes>
			</activity>
		</plan>

	</person>

<!-- ====================================================================== -->

	<person id="9434918">
		<attributes>
			<attribute name="ESR" class="java.lang.String">1</attribute>
			<attribute name="age" class="java.lang.String">28</attribute>
			<attribute name="eduatt" class="java.lang.String">4</attribute>
			<attribute name="gender" class="java.lang.String">female</attribute>
			<attribute name="hhinc" class="java.lang.String">40476</attribute>
			<attribute name="hhnumautos" class="java.lang.String">2</attribute>
			<attribute name="hhsize" class="java.lang.String">2</attribute>
			<attribute name="householdId" class="java.lang.String">3058977</attribute>
			<attribute name="htype" class="java.lang.String">SFA</attribute>
			<attribute name="race" class="java.lang.String">NHAS</attribute>
			<attribute name="schg" class="java.lang.String">0</attribute>
			<attribute name="subpopulation" class="java.lang.String">person</attribute>
			<attribute name="ten" class="java.lang.String">1</attribute>
			<attribute name="wkind20" class="java.lang.String">81</attribute>
			<attribute name="wkocc24" class="java.lang.String">7</attribute>
			<attribute name="worker" class="java.lang.String">employed</attribute>
		</attributes>
		<plan selected="yes">
			<activity type="home_51000" x="155719.191842782" y="-433259.285576294" end_time="04:15:00" >
				<attributes>
					<attribute name="initialEndTime" class="java.lang.Double">15300.0</attribute>
					<attribute name="zoneId" class="java.lang.String">20989100</attribute>
				</attributes>
			</activity>
			<leg mode="car_teleported" trav_time="00:39:16">
			</leg>
			<activity type="work_7800" x="139688.04072659166" y="-443290.35207174986" end_time="07:07:49" >
				<attributes>
					<attribute name="initialEndTime" class="java.lang.Double">25669.057769775387</attribute>
					<attribute name="initialStartTime" class="java.lang.Double">17656.168899536133</attribute>
					<attribute name="zoneId" class="java.lang.String">20749200</attribute>
				</attributes>
			</activity>
			<leg mode="car_teleported" trav_time="00:16:43">
			</leg>
			<activity type="shop_10200" x="143256.06587737455" y="-436944.76907245006" end_time="10:09:33" >
				<attributes>
					<attribute name="initialEndTime" class="java.lang.Double">36573.07664871215</attribute>
					<attribute name="initialStartTime" class="java.lang.Double">26672.39059448242</attribute>
					<attribute name="zoneId" class="java.lang.String">20832100</attribute>
				</attributes>
			</activity>
			<leg mode="car_teleported" trav_time="00:24:08">
			</leg>
			<activity type="discretionary_10800" x="149410.5855029185" y="-450376.73754890583" end_time="13:33:02" >
				<attributes>
					<attribute name="initialEndTime" class="java.lang.Double">48782.13466644287</attribute>
					<attribute name="initialStartTime" class="java.lang.Double">38022.07136154174</attribute>
					<attribute name="zoneId" class="java.lang.String">21147200</attribute>
				</attributes>
			</activity>
			<leg mode="car_teleported" trav_time="00:38:08">
			</leg>
			<activity type="home_51000" x="155719.191842782" y="-433259.285576294" >
				<attributes>
					<attribute name="initialStartTime" class="java.lang.Double">51070.57033538818</attribute>
					<attribute name="zoneId" class="java.lang.String">20989100</attribute>
				</attributes>
			</activity>
		</plan>

	</person>

<!-- ====================================================================== -->

	<person id="9479692">
		<attributes>
			<attribute name="ESR" class="java.lang.String">1</attribute>
			<attribute name="age" class="java.lang.String">59</attribute>
			<attribute name="eduatt" class="java.lang.String">3</attribute>
			<attribute name="gender" class="java.lang.String">female</attribute>
			<attribute name="hhinc" class="java.lang.String">38910</attribute>
			<attribute name="hhnumautos" class="java.lang.String">1</attribute>
			<attribute name="hhsize" class="java.lang.String">1</attribute>
			<attribute name="householdId" class="java.lang.String">3074042</attribute>
			<attribute name="htype" class="java.lang.String">Multiple</attribute>
			<attribute name="race" class="java.lang.String">HP</attribute>
			<attribute name="schg" class="java.lang.String">0</attribute>
			<attribute name="subpopulation" class="java.lang.String">person</attribute>
			<attribute name="ten" class="java.lang.String">3</attribute>
			<attribute name="wkind20" class="java.lang.String">62</attribute>
			<attribute name="wkocc24" class="java.lang.String">18</attribute>
			<attribute name="worker" class="java.lang.String">employed</attribute>
		</attributes>
		<plan selected="yes">
			<activity type="home_52200" x="167560.40499911134" y="-458141.0237917661" end_time="04:45:00" >
				<attributes>
					<attribute name="initialEndTime" class="java.lang.Double">17100.0</attribute>
					<attribute name="zoneId" class="java.lang.String">21396100</attribute>
				</attributes>
			</activity>
			<leg mode="car_teleported" trav_time="00:54:14">
			</leg>
			<activity type="work_11400" x="157444.01794581872" y="-433741.90946328006" end_time="08:49:48" >
				<attributes>
					<attribute name="initialEndTime" class="java.lang.Double">31788.16912651062</attribute>
					<attribute name="initialStartTime" class="java.lang.Double">20354.193649291992</attribute>
					<attribute name="zoneId" class="java.lang.String">21060100</attribute>
				</attributes>
			</activity>
			<leg mode="car_teleported" trav_time="00:14:34">
			</leg>
			<activity type="HHmaintenance_16800" x="156347.7963396799" y="-440030.5444377269" end_time="13:41:53" >
				<attributes>
					<attribute name="initialEndTime" class="java.lang.Double">49313.07929992676</attribute>
					<attribute name="initialStartTime" class="java.lang.Double">32663.028287887573</attribute>
					<attribute name="zoneId" class="java.lang.String">21004200</attribute>
				</attributes>
			</activity>
			<leg mode="car_teleported" trav_time="00:40:00">
			</leg>
			<activity type="home_52200" x="167560.40499911134" y="-458141.0237917661" >
				<attributes>
					<attribute name="initialStartTime" class="java.lang.Double">51713.935775756836</attribute>
					<attribute name="zoneId" class="java.lang.String">21396100</attribute>
				</attributes>
			</activity>
		</plan>

	</person>

<!-- ====================================================================== -->

	<person id="9549119">
		<attributes>
			<attribute name="ESR" class="java.lang.String">1</attribute>
			<attribute name="age" class="java.lang.String">41</attribute>
			<attribute name="eduatt" class="java.lang.String">1</attribute>
			<attribute name="gender" class="java.lang.String">female</attribute>
			<attribute name="hhinc" class="java.lang.String">65170</attribute>
			<attribute name="hhnumautos" class="java.lang.String">2</attribute>
			<attribute name="hhsize" class="java.lang.String">8</attribute>
			<attribute name="householdId" class="java.lang.String">3098556</attribute>
			<attribute name="htype" class="java.lang.String">SFA</attribute>
			<attribute name="race" class="java.lang.String">HP</attribute>
			<attribute name="schg" class="java.lang.String">0</attribute>
			<attribute name="subpopulation" class="java.lang.String">person</attribute>
			<attribute name="ten" class="java.lang.String">1</attribute>
			<attribute name="wkind20" class="java.lang.String">71</attribute>
			<attribute name="wkocc24" class="java.lang.String">15</attribute>
			<attribute name="worker" class="java.lang.String">employed</attribute>
		</attributes>
		<plan selected="yes">
			<activity type="home_33000" x="156086.2533255947" y="-433476.73503278586" end_time="01:30:00" >
				<attributes>
					<attribute name="initialEndTime" class="java.lang.Double">5400.0</attribute>
					<attribute name="zoneId" class="java.lang.String">21028100</attribute>
				</attributes>
			</activity>
			<leg mode="car_teleported" trav_time="00:20:07">
			</leg>
			<activity type="eatoutbreakfast_10200" x="162111.95033605842" y="-441102.77391735156" end_time="04:44:02" >
				<attributes>
					<attribute name="initialEndTime" class="java.lang.Double">17042.732405662537</attribute>
					<attribute name="initialStartTime" class="java.lang.Double">6607.072906494141</attribute>
					<attribute name="zoneId" class="java.lang.String">21544400</attribute>
				</attributes>
			</activity>
			<leg mode="car_teleported" trav_time="01:26:14">
			</leg>
			<activity type="work_600" x="98468.76398167077" y="-424847.74942542444" max_dur="00:13:35" >
				<attributes>
					<attribute name="initialEndTime" class="java.lang.Double">23032.538595199585</attribute>
					<attribute name="initialStartTime" class="java.lang.Double">22217.277846336365</attribute>
					<attribute name="zoneId" class="java.lang.String">60169300</attribute>
				</attributes>
			</activity>
			<leg mode="car_teleported" trav_time="00:03:51">
			</leg>
			<activity type="HHmaintenance_8400" x="100141.03525226386" y="-426062.5622446688" end_time="08:44:37" >
				<attributes>
					<attribute name="initialEndTime" class="java.lang.Double">31477.075581550598</attribute>
					<attribute name="initialStartTime" class="java.lang.Double">23264.20835494995</attribute>
					<attribute name="zoneId" class="java.lang.String">60168100</attribute>
				</attributes>
			</activity>
			<leg mode="car_teleported" trav_time="00:30:26">
			</leg>
			<activity type="discretionary_5400" x="128853.5655321933" y="-423504.3175832228" max_dur="01:29:55" >
				<attributes>
					<attribute name="initialEndTime" class="java.lang.Double">38699.73976135254</attribute>
					<attribute name="initialStartTime" class="java.lang.Double">33303.98121356964</attribute>
					<attribute name="zoneId" class="java.lang.String">20429100</attribute>
				</attributes>
			</activity>
			<leg mode="car_teleported" trav_time="00:41:35">
			</leg>
			<activity type="home_5400" x="156086.2533255947" y="-433476.73503278586" max_dur="01:33:24" >
				<attributes>
					<attribute name="initialEndTime" class="java.lang.Double">46800.0</attribute>
					<attribute name="initialStartTime" class="java.lang.Double">41195.18669128418</attribute>
					<attribute name="zoneId" class="java.lang.String">21028100</attribute>
				</attributes>
			</activity>
			<leg mode="car_teleported" trav_time="00:22:31">
			</leg>
			<activity type="discretionary_4800" x="172423.7614090905" y="-428674.1776293533" max_dur="01:24:50" >
				<attributes>
					<attribute name="initialEndTime" class="java.lang.Double">53242.2668838501</attribute>
					<attribute name="initialStartTime" class="java.lang.Double">48151.99951171875</attribute>
					<attribute name="zoneId" class="java.lang.String">22133200</attribute>
				</attributes>
			</activity>
			<leg mode="car_teleported" trav_time="00:35:11">
			</leg>
			<activity type="home_1200" x="156086.2533255947" y="-433476.73503278586" max_dur="00:22:25" >
				<attributes>
					<attribute name="initialEndTime" class="java.lang.Double">56700.0</attribute>
					<attribute name="initialStartTime" class="java.lang.Double">55354.026374816895</attribute>
					<attribute name="zoneId" class="java.lang.String">21028100</attribute>
				</attributes>
			</activity>
			<leg mode="walk" trav_time="00:15:21">
			</leg>
			<activity type="discretionary_600" x="155836.15892874796" y="-433318.0025750465" max_dur="00:05:00" >
				<attributes>
					<attribute name="initialEndTime" class="java.lang.Double">57507.88177013397</attribute>
					<attribute name="initialStartTime" class="java.lang.Double">57621.18215560913</attribute>
					<attribute name="zoneId" class="java.lang.String">20989100</attribute>
				</attributes>
			</activity>
			<leg mode="walk" trav_time="00:15:21">
			</leg>
			<activity type="home_600" x="156086.2533255947" y="-433476.73503278586" max_dur="00:01:10" >
				<attributes>
					<attribute name="initialEndTime" class="java.lang.Double">58500.0</attribute>
					<attribute name="initialStartTime" class="java.lang.Double">58429.06406879425</attribute>
					<attribute name="zoneId" class="java.lang.String">21028100</attribute>
				</attributes>
			</activity>
			<leg mode="car_teleported" trav_time="00:02:38">
			</leg>
			<activity type="personalmaintenance_600" x="157493.18686716643" y="-433495.6657594395" max_dur="00:05:00" >
				<attributes>
					<attribute name="initialEndTime" class="java.lang.Double">58366.36306285858</attribute>
					<attribute name="initialStartTime" class="java.lang.Double">58658.47570896149</attribute>
					<attribute name="zoneId" class="java.lang.String">21060100</attribute>
				</attributes>
			</activity>
			<leg mode="car_teleported" trav_time="00:02:45">
			</leg>
			<activity type="home_33000" x="156086.2533255947" y="-433476.73503278586" >
				<attributes>
					<attribute name="initialStartTime" class="java.lang.Double">58532.12222099304</attribute>
					<attribute name="zoneId" class="java.lang.String">21028100</attribute>
				</attributes>
			</activity>
		</plan>

	</person>

<!-- ====================================================================== -->

	<person id="955685">
		<attributes>
			<attribute name="ESR" class="java.lang.String">6</attribute>
			<attribute name="age" class="java.lang.String">41</attribute>
			<attribute name="eduatt" class="java.lang.String">4</attribute>
			<attribute name="gender" class="java.lang.String">female</attribute>
			<attribute name="hhinc" class="java.lang.String">239641</attribute>
			<attribute name="hhnumautos" class="java.lang.String">2</attribute>
			<attribute name="hhsize" class="java.lang.String">4</attribute>
			<attribute name="householdId" class="java.lang.String">305032</attribute>
			<attribute name="htype" class="java.lang.String">SFD</attribute>
			<attribute name="race" class="java.lang.String">NHW</attribute>
			<attribute name="schg" class="java.lang.String">0</attribute>
			<attribute name="subpopulation" class="java.lang.String">person</attribute>
			<attribute name="ten" class="java.lang.String">1</attribute>
			<attribute name="wkind20" class="java.lang.String">0</attribute>
			<attribute name="wkocc24" class="java.lang.String">0</attribute>
			<attribute name="worker" class="java.lang.String">unemployed</attribute>
		</attributes>
		<plan selected="yes">
			<activity type="home_86400" x="128930.9220242535" y="-437006.82021597825" >
				<attributes>
					<attribute name="zoneId" class="java.lang.String">20221200</attribute>
				</attributes>
			</activity>
		</plan>

	</person>

<!-- ====================================================================== -->

	<person id="9714130">
		<attributes>
			<attribute name="ESR" class="java.lang.String">0</attribute>
			<attribute name="age" class="java.lang.String">11</attribute>
			<attribute name="eduatt" class="java.lang.String">1</attribute>
			<attribute name="gender" class="java.lang.String">male</attribute>
			<attribute name="hhinc" class="java.lang.String">32919</attribute>
			<attribute name="hhnumautos" class="java.lang.String">2</attribute>
			<attribute name="hhsize" class="java.lang.String">4</attribute>
			<attribute name="householdId" class="java.lang.String">3153995</attribute>
			<attribute name="htype" class="java.lang.String">SFD</attribute>
			<attribute name="race" class="java.lang.String">NHAS</attribute>
			<attribute name="schg" class="java.lang.String">8</attribute>
			<attribute name="subpopulation" class="java.lang.String">person</attribute>
			<attribute name="ten" class="java.lang.String">1</attribute>
			<attribute name="wkind20" class="java.lang.String">0</attribute>
			<attribute name="wkocc24" class="java.lang.String">0</attribute>
			<attribute name="worker" class="java.lang.String">unemployed</attribute>
		</attributes>
		<plan selected="yes">
			<activity type="home_39000" x="160351.6097119953" y="-417470.1839919312" end_time="04:45:00" >
				<attributes>
					<attribute name="initialEndTime" class="java.lang.Double">17100.0</attribute>
					<attribute name="zoneId" class="java.lang.String">21997100</attribute>
				</attributes>
			</activity>
			<leg mode="ride" trav_time="00:27:24">
			</leg>
			<activity type="school_25200" x="160793.543876024" y="-418361.878751734" end_time="12:15:17" >
				<attributes>
					<attribute name="initialEndTime" class="java.lang.Double">44117.44078159332</attribute>
					<attribute name="initialStartTime" class="java.lang.Double">18744.614839553833</attribute>
					<attribute name="zoneId" class="java.lang.String">21997200</attribute>
				</attributes>
			</activity>
			<leg mode="ride" trav_time="00:10:38">
			</leg>
			<activity type="schoolpureescort_1200" x="160589.68534614157" y="-417647.3330216038" max_dur="00:16:20" >
				<attributes>
					<attribute name="initialEndTime" class="java.lang.Double">45735.5385017395</attribute>
					<attribute name="initialStartTime" class="java.lang.Double">44755.48623561859</attribute>
					<attribute name="zoneId" class="java.lang.String">21997200</attribute>
				</attributes>
			</activity>
			<leg mode="ride" trav_time="00:27:24">
			</leg>
			<activity type="home_6000" x="160351.6097119953" y="-417470.1839919312" max_dur="01:35:19" >
				<attributes>
					<attribute name="initialEndTime" class="java.lang.Double">53100.0</attribute>
					<attribute name="initialStartTime" class="java.lang.Double">47380.15348434448</attribute>
					<attribute name="zoneId" class="java.lang.String">21997100</attribute>
				</attributes>
			</activity>
			<leg mode="ride" trav_time="01:01:00">
			</leg>
			<activity type="shop_600" x="135014.266518116" y="-406746.8938973358" max_dur="00:05:00" >
				<attributes>
					<attribute name="initialEndTime" class="java.lang.Double">53694.64738845825</attribute>
					<attribute name="initialStartTime" class="java.lang.Double">56760.95781326294</attribute>
					<attribute name="zoneId" class="java.lang.String">20245200</attribute>
				</attributes>
			</activity>
			<leg mode="ride" trav_time="00:53:17">
			</leg>
			<activity type="discretionary_600" x="134097.59807052184" y="-395905.47968656674" max_dur="00:05:00" >
				<attributes>
					<attribute name="initialEndTime" class="java.lang.Double">54410.23101806641</attribute>
					<attribute name="initialStartTime" class="java.lang.Double">56891.775703430176</attribute>
					<attribute name="zoneId" class="java.lang.String">20241100</attribute>
				</attributes>
			</activity>
			<leg mode="ride" trav_time="01:25:05">
			</leg>
			<activity type="shop_600" x="129109.10289174222" y="-404383.93864042044" max_dur="00:05:00" >
				<attributes>
					<attribute name="initialEndTime" class="java.lang.Double">57490.46424865723</attribute>
					<attribute name="initialStartTime" class="java.lang.Double">59515.79484939576</attribute>
					<attribute name="zoneId" class="java.lang.String">20227100</attribute>
				</attributes>
			</activity>
			<leg mode="ride" trav_time="02:04:07">
			</leg>
			<activity type="home_39000" x="160351.6097119953" y="-417470.1839919312" >
				<attributes>
					<attribute name="initialStartTime" class="java.lang.Double">64938.30725669861</attribute>
					<attribute name="zoneId" class="java.lang.String">21997100</attribute>
				</attributes>
			</activity>
		</plan>

	</person>

<!-- ====================================================================== -->

	<person id="975134">
		<attributes>
			<attribute name="ESR" class="java.lang.String">0</attribute>
			<attribute name="age" class="java.lang.String">9</attribute>
			<attribute name="eduatt" class="java.lang.String">1</attribute>
			<attribute name="gender" class="java.lang.String">male</attribute>
			<attribute name="hhinc" class="java.lang.String">35937</attribute>
			<attribute name="hhnumautos" class="java.lang.String">1</attribute>
			<attribute name="hhsize" class="java.lang.String">3</attribute>
			<attribute name="householdId" class="java.lang.String">311383</attribute>
			<attribute name="htype" class="java.lang.String">Multiple</attribute>
			<attribute name="race" class="java.lang.String">NHAS</attribute>
			<attribute name="schg" class="java.lang.String">5</attribute>
			<attribute name="subpopulation" class="java.lang.String">person</attribute>
			<attribute name="ten" class="java.lang.String">3</attribute>
			<attribute name="wkind20" class="java.lang.String">0</attribute>
			<attribute name="wkocc24" class="java.lang.String">0</attribute>
			<attribute name="worker" class="java.lang.String">unemployed</attribute>
		</attributes>
		<plan selected="yes">
			<activity type="home_52200" x="146489.52689394655" y="-438399.6999148732" end_time="04:45:00" >
				<attributes>
					<attribute name="initialEndTime" class="java.lang.Double">17100.0</attribute>
					<attribute name="zoneId" class="java.lang.String">20854100</attribute>
				</attributes>
			</activity>
			<leg mode="ride" trav_time="00:24:45">
			</leg>
			<activity type="school_31200" x="136999.05050248085" y="-426263.654088851" end_time="13:49:03" >
				<attributes>
					<attribute name="initialEndTime" class="java.lang.Double">49743.81694793701</attribute>
					<attribute name="initialStartTime" class="java.lang.Double">18585.17578125</attribute>
					<attribute name="zoneId" class="java.lang.String">20496100</attribute>
				</attributes>
			</activity>
			<leg mode="ride" trav_time="00:34:20">
			</leg>
			<activity type="home_52200" x="146489.52689394655" y="-438399.6999148732" >
				<attributes>
					<attribute name="initialStartTime" class="java.lang.Double">51804.38289642334</attribute>
					<attribute name="zoneId" class="java.lang.String">20854100</attribute>
				</attributes>
			</activity>
		</plan>

	</person>

<!-- ====================================================================== -->

	<person id="9817116">
		<attributes>
			<attribute name="ESR" class="java.lang.String">1</attribute>
			<attribute name="age" class="java.lang.String">25</attribute>
			<attribute name="eduatt" class="java.lang.String">3</attribute>
			<attribute name="gender" class="java.lang.String">female</attribute>
			<attribute name="hhinc" class="java.lang.String">130199</attribute>
			<attribute name="hhnumautos" class="java.lang.String">3</attribute>
			<attribute name="hhsize" class="java.lang.String">4</attribute>
			<attribute name="householdId" class="java.lang.String">3186908</attribute>
			<attribute name="htype" class="java.lang.String">SFD</attribute>
			<attribute name="race" class="java.lang.String">HP</attribute>
			<attribute name="schg" class="java.lang.String">15</attribute>
			<attribute name="subpopulation" class="java.lang.String">person</attribute>
			<attribute name="ten" class="java.lang.String">1</attribute>
			<attribute name="wkind20" class="java.lang.String">42</attribute>
			<attribute name="wkocc24" class="java.lang.String">17</attribute>
			<attribute name="worker" class="java.lang.String">employed</attribute>
		</attributes>
		<plan selected="yes">
			<activity type="home_78600" x="157586.32364150396" y="-476450.0732734385" end_time="04:15:00" >
				<attributes>
					<attribute name="initialEndTime" class="java.lang.Double">15300.0</attribute>
					<attribute name="zoneId" class="java.lang.String">21309200</attribute>
				</attributes>
			</activity>
			<leg mode="car_teleported" trav_time="00:06:06">
			</leg>
			<activity type="HHmaintenance_3000" x="158198.3212318393" y="-473157.7016118564" max_dur="00:48:44" >
				<attributes>
					<attribute name="initialEndTime" class="java.lang.Double">18591.233139038086</attribute>
					<attribute name="initialStartTime" class="java.lang.Double">15666.831521987915</attribute>
					<attribute name="zoneId" class="java.lang.String">21317100</attribute>
				</attributes>
			</activity>
			<leg mode="car_teleported" trav_time="00:05:50">
			</leg>
			<activity type="home_2400" x="157586.32364150396" y="-476450.0732734385" max_dur="00:44:18" >
				<attributes>
					<attribute name="initialEndTime" class="java.lang.Double">21600.0</attribute>
					<attribute name="initialStartTime" class="java.lang.Double">18941.928606033325</attribute>
					<attribute name="zoneId" class="java.lang.String">21309200</attribute>
				</attributes>
			</activity>
			<leg mode="car_teleported" trav_time="00:03:40">
			</leg>
			<activity type="schoolpureescort_1200" x="158481.4512640549" y="-474897.4175913027" max_dur="00:22:51" >
				<attributes>
					<attribute name="initialEndTime" class="java.lang.Double">23191.94739818573</attribute>
					<attribute name="initialStartTime" class="java.lang.Double">21820.77495574951</attribute>
					<attribute name="zoneId" class="java.lang.String">21313300</attribute>
				</attributes>
			</activity>
			<leg mode="car_teleported" trav_time="00:03:41">
			</leg>
			<activity type="home_78600" x="157586.32364150396" y="-476450.0732734385" >
				<attributes>
					<attribute name="initialStartTime" class="java.lang.Double">23413.062086105347</attribute>
					<attribute name="zoneId" class="java.lang.String">21309200</attribute>
				</attributes>
			</activity>
		</plan>

	</person>

<!-- ====================================================================== -->

	<person id="9934370">
		<attributes>
			<attribute name="ESR" class="java.lang.String">0</attribute>
			<attribute name="age" class="java.lang.String">1</attribute>
			<attribute name="eduatt" class="java.lang.String">0</attribute>
			<attribute name="gender" class="java.lang.String">male</attribute>
			<attribute name="hhinc" class="java.lang.String">58495</attribute>
			<attribute name="hhnumautos" class="java.lang.String">2</attribute>
			<attribute name="hhsize" class="java.lang.String">4</attribute>
			<attribute name="householdId" class="java.lang.String">3228180</attribute>
			<attribute name="htype" class="java.lang.String">Multiple</attribute>
			<attribute name="race" class="java.lang.String">NHW</attribute>
			<attribute name="schg" class="java.lang.String">0</attribute>
			<attribute name="subpopulation" class="java.lang.String">person</attribute>
			<attribute name="ten" class="java.lang.String">3</attribute>
			<attribute name="wkind20" class="java.lang.String">0</attribute>
			<attribute name="wkocc24" class="java.lang.String">0</attribute>
			<attribute name="worker" class="java.lang.String">unemployed</attribute>
		</attributes>
		<plan selected="yes">
			<activity type="home_86400" x="220471.42043209996" y="-480299.1906189188" >
				<attributes>
					<attribute name="zoneId" class="java.lang.String">33058300</attribute>
				</attributes>
			</activity>
		</plan>

	</person>

<!-- ====================================================================== -->

	<person id="freight_HHDT_21508000_21591000_3">
		<attributes>
			<attribute name="subpopulation" class="java.lang.String">freight</attribute>
		</attributes>
		<plan selected="yes">
			<activity type="freightStart" x="159554.0099631898" y="-446307.39012118074" end_time="10:22:28" >
				<attributes>
					<attribute name="zoneId" class="java.lang.String">21508000</attribute>
				</attributes>
			</activity>
			<leg mode="freight_teleported">
			</leg>
			<activity type="freightEnd" x="164109.6823751662" y="-438409.45083541336" >
				<attributes>
					<attribute name="zoneId" class="java.lang.String">21591000</attribute>
				</attributes>
			</activity>
		</plan>

	</person>

<!-- ====================================================================== -->

	<person id="freight_LHDT_21353000_21351000_2">
		<attributes>
			<attribute name="subpopulation" class="java.lang.String">freight</attribute>
		</attributes>
		<plan selected="yes">
			<activity type="freightStart" x="163442.35492333196" y="-465270.41601174074" end_time="12:26:04" >
				<attributes>
					<attribute name="zoneId" class="java.lang.String">21353000</attribute>
				</attributes>
			</activity>
			<leg mode="freight_teleported">
			</leg>
			<activity type="freightEnd" x="162502.21280351977" y="-462234.30080732517" >
				<attributes>
					<attribute name="zoneId" class="java.lang.String">21351000</attribute>
				</attributes>
			</activity>
		</plan>

	</person>

<!-- ====================================================================== -->

	<person id="freight_LHDT_21731000_36940000_4">
		<attributes>
			<attribute name="subpopulation" class="java.lang.String">freight</attribute>
		</attributes>
		<plan selected="yes">
			<activity type="freightStart" x="170050.14806870575" y="-446797.0621203154" end_time="12:25:42" >
				<attributes>
					<attribute name="zoneId" class="java.lang.String">21731000</attribute>
				</attributes>
			</activity>
			<leg mode="freight_teleported">
			</leg>
			<activity type="freightEnd" x="224820.2126633786" y="-511753.38166813407" >
				<attributes>
					<attribute name="zoneId" class="java.lang.String">36940000</attribute>
				</attributes>
			</activity>
		</plan>

	</person>

<!-- ====================================================================== -->

	<person id="freight_LHDT_22275000_22285000_6">
		<attributes>
			<attribute name="subpopulation" class="java.lang.String">freight</attribute>
		</attributes>
		<plan selected="yes">
			<activity type="freightStart" x="186670.14688081335" y="-440876.22389401094" end_time="20:39:31" >
				<attributes>
					<attribute name="zoneId" class="java.lang.String">22275000</attribute>
				</attributes>
			</activity>
			<leg mode="freight_teleported">
			</leg>
			<activity type="freightEnd" x="188908.01249273666" y="-441529.32152720314" >
				<attributes>
					<attribute name="zoneId" class="java.lang.String">22285000</attribute>
				</attributes>
			</activity>
		</plan>

	</person>

<!-- ====================================================================== -->

	<person id="freight_LHDT_22381000_22275000_0">
		<attributes>
			<attribute name="subpopulation" class="java.lang.String">freight</attribute>
		</attributes>
		<plan selected="yes">
			<activity type="freightStart" x="199068.95066364473" y="-442007.74081008905" end_time="07:19:57" >
				<attributes>
					<attribute name="zoneId" class="java.lang.String">22381000</attribute>
				</attributes>
			</activity>
			<leg mode="freight_teleported">
			</leg>
			<activity type="freightEnd" x="186307.70391675175" y="-441254.49998820643" >
				<attributes>
					<attribute name="zoneId" class="java.lang.String">22275000</attribute>
				</attributes>
			</activity>
		</plan>

	</person>

<!-- ====================================================================== -->

	<person id="freight_LHDT_32762000_32919000_1">
		<attributes>
			<attribute name="subpopulation" class="java.lang.String">freight</attribute>
		</attributes>
		<plan selected="yes">
			<activity type="freightStart" x="196969.8085566365" y="-478214.2131137873" end_time="07:21:16" >
				<attributes>
					<attribute name="zoneId" class="java.lang.String">32762000</attribute>
				</attributes>
			</activity>
			<leg mode="freight_teleported">
			</leg>
			<activity type="freightEnd" x="193810.38920386997" y="-477027.221123887" >
				<attributes>
					<attribute name="zoneId" class="java.lang.String">32919000</attribute>
				</attributes>
			</activity>
		</plan>

	</person>

<!-- ====================================================================== -->

	<person id="freight_MHDT_21856000_21824000_5">
		<attributes>
			<attribute name="subpopulation" class="java.lang.String">freight</attribute>
		</attributes>
		<plan selected="yes">
			<activity type="freightStart" x="180583.2195841226" y="-458748.70286080433" end_time="09:42:42" >
				<attributes>
					<attribute name="zoneId" class="java.lang.String">21856000</attribute>
				</attributes>
			</activity>
			<leg mode="freight_teleported">
			</leg>
			<activity type="freightEnd" x="177054.87942026075" y="-458586.2895412454" >
				<attributes>
					<attribute name="zoneId" class="java.lang.String">21824000</attribute>
				</attributes>
			</activity>
		</plan>

	</person>

<!-- ====================================================================== -->

</population>
